2013/2/1 下午 02:03:19	服務開始執行...	
2013/2/1 下午 02:03:19	匯入版本：20130201	
2013/2/1 下午 02:03:19	人事資料庫：HOLYHRDB	
2013/2/1 下午 02:03:19	表單資料庫：ezFlow	
2013/2/1 下午 02:03:19	測試匯入：False	
2013/2/1 下午 02:03:19	測試信箱：joumingt@gmail.com	
2013/2/1 下午 02:03:19	完整匯入：True	
2013/2/1 下午 02:03:19	密碼同步：True	
2013/2/1 下午 02:03:19	帳號前置名稱：	
2013/2/1 下午 02:03:19	部門起始匯入代碼：	
2013/2/1 下午 02:03:19	角色上層空白：False	
2013/2/1 下午 02:03:19	匯入生效日：2013/2/1	
2013/2/1 下午 02:03:19	部門階層正向：False	
2013/2/1 下午 02:03:19	修正錯誤：True	
2013/2/1 下午 02:03:19	載入所需資料...	
2013/2/1 下午 02:03:49	服務開始執行...	
2013/2/1 下午 02:03:49	匯入版本：20130201	
2013/2/1 下午 02:03:49	人事資料庫：HOLYHRDB	
2013/2/1 下午 02:03:49	表單資料庫：ezFlow	
2013/2/1 下午 02:03:49	測試匯入：False	
2013/2/1 下午 02:03:49	測試信箱：joumingt@gmail.com	
2013/2/1 下午 02:03:49	完整匯入：True	
2013/2/1 下午 02:03:49	密碼同步：True	
2013/2/1 下午 02:03:49	帳號前置名稱：	
2013/2/1 下午 02:03:49	部門起始匯入代碼：	
2013/2/1 下午 02:03:49	角色上層空白：False	
2013/2/1 下午 02:03:49	匯入生效日：2013/2/1	
2013/2/1 下午 02:03:49	部門階層正向：False	
2013/2/1 下午 02:03:49	修正錯誤：True	
2013/2/1 下午 02:03:49	載入所需資料...	
2013/2/1 下午 02:04:20	服務開始執行...	
2013/2/1 下午 02:04:21	匯入版本：20130201	
2013/2/1 下午 02:04:21	人事資料庫：HOLYHRDB	
2013/2/1 下午 02:04:21	表單資料庫：ezFlow	
2013/2/1 下午 02:04:21	測試匯入：False	
2013/2/1 下午 02:04:21	測試信箱：joumingt@gmail.com	
2013/2/1 下午 02:04:21	完整匯入：True	
2013/2/1 下午 02:04:21	密碼同步：True	
2013/2/1 下午 02:04:21	帳號前置名稱：	
2013/2/1 下午 02:04:21	部門起始匯入代碼：	
2013/2/1 下午 02:04:21	角色上層空白：False	
2013/2/1 下午 02:04:21	匯入生效日：2013/2/1	
2013/2/1 下午 02:04:21	部門階層正向：False	
2013/2/1 下午 02:04:21	修正錯誤：True	
2013/2/1 下午 02:04:21	載入所需資料...	
2013/2/1 下午 02:05:20	服務開始執行...	
2013/2/1 下午 02:05:20	匯入版本：20130201	
2013/2/1 下午 02:05:20	人事資料庫：HOLYHRDB	
2013/2/1 下午 02:05:20	表單資料庫：ezFlow	
2013/2/1 下午 02:05:20	測試匯入：False	
2013/2/1 下午 02:05:20	測試信箱：joumingt@gmail.com	
2013/2/1 下午 02:05:20	完整匯入：True	
2013/2/1 下午 02:05:20	密碼同步：True	
2013/2/1 下午 02:05:20	帳號前置名稱：	
2013/2/1 下午 02:05:20	部門起始匯入代碼：	
2013/2/1 下午 02:05:20	角色上層空白：False	
2013/2/1 下午 02:05:20	匯入生效日：2013/2/1	
2013/2/1 下午 02:05:20	部門階層正向：False	
2013/2/1 下午 02:05:20	修正錯誤：True	
2013/2/1 下午 02:05:20	載入所需資料...	
2013/2/1 下午 02:05:24	目前資料情況	
2013/2/1 下午 02:05:24	===================	
2013/2/1 下午 02:05:24	表單員工總數：937	
2013/2/1 下午 02:05:24	表單部門總數：293	
2013/2/1 下午 02:05:24	表單職稱總數：182	
2013/2/1 下午 02:05:24	===================	
2013/2/1 下午 02:05:25	應轉員工總數：909	
2013/2/1 下午 02:05:25	應轉部門總數：9	
2013/2/1 下午 02:05:25	應轉職稱總數：182	
2013/2/1 下午 02:05:25	===================	
2013/2/1 下午 02:05:25	開始匯入...	
2013/2/1 下午 02:05:25	備份表單員工資料...	
2013/2/1 下午 02:05:25	系統關閉中...	
2013/2/1 下午 02:06:02	刪除表單基本資料...	
2013/2/1 下午 02:06:03	匯入員工及角色基本資料...	
2013/2/1 下午 02:06:03	匯入部門組織及部門階層...	
2013/2/1 下午 02:06:03	匯入職稱...	
2013/2/1 下午 02:07:05	服務開始執行...	
2013/2/1 下午 02:07:05	匯入版本：20130201	
2013/2/1 下午 02:07:05	人事資料庫：HOLYHRDB	
2013/2/1 下午 02:07:05	表單資料庫：ezFlow	
2013/2/1 下午 02:07:06	測試匯入：False	
2013/2/1 下午 02:07:06	測試信箱：joumingt@gmail.com	
2013/2/1 下午 02:07:06	完整匯入：True	
2013/2/1 下午 02:07:06	密碼同步：True	
2013/2/1 下午 02:07:06	帳號前置名稱：	
2013/2/1 下午 02:07:06	部門起始匯入代碼：	
2013/2/1 下午 02:07:06	角色上層空白：False	
2013/2/1 下午 02:07:06	匯入生效日：2013/2/1	
2013/2/1 下午 02:07:06	部門階層正向：False	
2013/2/1 下午 02:07:06	修正錯誤：True	
2013/2/1 下午 02:07:06	載入所需資料...	
2013/2/1 下午 02:07:08	目前資料情況	
2013/2/1 下午 02:07:08	===================	
2013/2/1 下午 02:07:08	表單員工總數：0	
2013/2/1 下午 02:07:09	表單部門總數：0	
2013/2/1 下午 02:07:09	表單職稱總數：0	
2013/2/1 下午 02:07:09	===================	
2013/2/1 下午 02:07:09	應轉員工總數：909	
2013/2/1 下午 02:07:09	應轉部門總數：9	
2013/2/1 下午 02:07:09	應轉職稱總數：182	
2013/2/1 下午 02:07:09	===================	
2013/2/1 下午 02:07:09	開始匯入...	
2013/2/1 下午 02:07:09	備份表單員工資料...	
2013/2/1 下午 02:07:09	系統關閉中...	
2013/2/1 下午 02:07:09	刪除表單基本資料...	
2013/2/1 下午 02:07:10	匯入員工及角色基本資料...	
2013/2/1 下午 02:07:10	匯入部門組織及部門階層...	
2013/2/1 下午 02:07:10	匯入職稱...	
2013/2/1 下午 02:07:10	建立部門從屬關係與產生部門路徑...	
2013/2/1 下午 02:07:10	匯入部門所設定的主管...	
2013/2/1 下午 02:07:10	建立角色從屬關係...	
2013/2/1 下午 02:07:10	資料儲存中(需要比較久的時間)...	
2013/2/1 下午 02:08:29	修正錯誤(需要比較久的時間)...	
2013/2/1 下午 02:08:30	系統開啟中...	
2013/2/1 下午 02:08:30	結束匯入...	
2013/2/1 下午 02:08:30	服務結束執行...共花84.5868138秒	
2013/2/1 下午 02:08:30		
2013/2/1 下午 02:10:27	服務開始執行...	
2013/2/1 下午 02:10:27	匯入版本：20130201	
2013/2/1 下午 02:10:27	人事資料庫：HOLYHRDB	
2013/2/1 下午 02:10:27	表單資料庫：ezFlow	
2013/2/1 下午 02:10:28	測試匯入：False	
2013/2/1 下午 02:10:28	測試信箱：joumingt@gmail.com	
2013/2/1 下午 02:10:28	完整匯入：True	
2013/2/1 下午 02:10:28	密碼同步：True	
2013/2/1 下午 02:10:28	帳號前置名稱：	
2013/2/1 下午 02:10:28	部門起始匯入代碼：	
2013/2/1 下午 02:10:28	角色上層空白：False	
2013/2/1 下午 02:10:28	匯入生效日：2013/2/1	
2013/2/1 下午 02:10:28	部門階層正向：False	
2013/2/1 下午 02:10:28	修正錯誤：True	
2013/2/1 下午 02:10:28	載入所需資料...	
2013/2/1 下午 02:10:31	目前資料情況	
2013/2/1 下午 02:10:31	===================	
2013/2/1 下午 02:10:31	表單員工總數：909	
2013/2/1 下午 02:10:31	表單部門總數：9	
2013/2/1 下午 02:10:31	表單職稱總數：182	
2013/2/1 下午 02:10:31	===================	
2013/2/1 下午 02:10:31	應轉員工總數：909	
2013/2/1 下午 02:10:31	應轉部門總數：9	
2013/2/1 下午 02:10:31	應轉職稱總數：182	
2013/2/1 下午 02:10:31	===================	
2013/2/1 下午 02:10:31	開始匯入...	
2013/2/1 下午 02:10:31	備份表單員工資料...	
2013/2/1 下午 02:10:31	系統關閉中...	
2013/2/1 下午 02:11:08	刪除表單基本資料...	
2013/2/1 下午 02:11:08	匯入員工及角色基本資料...	
2013/2/1 下午 02:11:08	匯入部門組織及部門階層...	
2013/2/1 下午 02:11:08	匯入職稱...	
2013/2/1 下午 02:11:08	建立部門從屬關係與產生部門路徑...	
2013/2/1 下午 02:11:08	匯入部門所設定的主管...	
2013/2/1 下午 02:11:08	建立角色從屬關係...	
2013/2/1 下午 02:11:08	資料儲存中(需要比較久的時間)...	
2013/2/1 下午 02:12:19	修正錯誤(需要比較久的時間)...	
2013/2/1 下午 02:12:20	系統開啟中...	
2013/2/1 下午 02:12:20	結束匯入...	
2013/2/1 下午 02:12:20	服務結束執行...共花113.1869891秒	
2013/2/1 下午 02:12:20		
2013/2/1 下午 04:48:44	服務開始執行...	
2013/2/1 下午 04:48:44	匯入版本：20130201	
2013/2/1 下午 04:48:44	人事資料庫：HOLYHRDB	
2013/2/1 下午 04:48:44	表單資料庫：ezFlow	
2013/2/1 下午 04:48:44	測試匯入：False	
2013/2/1 下午 04:48:44	測試信箱：joumingt@gmail.com	
2013/2/1 下午 04:48:44	完整匯入：True	
2013/2/1 下午 04:48:44	密碼同步：True	
2013/2/1 下午 04:48:44	帳號前置名稱：	
2013/2/1 下午 04:48:44	部門起始匯入代碼：	
2013/2/1 下午 04:48:44	角色上層空白：False	
2013/2/1 下午 04:48:44	匯入生效日：2013/2/1	
2013/2/1 下午 04:48:44	部門階層正向：False	
2013/2/1 下午 04:48:44	修正錯誤：True	
2013/2/1 下午 04:48:44	載入所需資料...	
2013/2/1 下午 04:48:48	目前資料情況	
2013/2/1 下午 04:48:48	===================	
2013/2/1 下午 04:48:48	表單員工總數：949	
2013/2/1 下午 04:48:48	表單部門總數：313	
2013/2/1 下午 04:48:48	表單職稱總數：182	
2013/2/1 下午 04:48:48	===================	
2013/2/1 下午 04:48:48	應轉員工總數：909	
2013/2/1 下午 04:48:48	應轉部門總數：294	
2013/2/1 下午 04:48:48	應轉職稱總數：182	
2013/2/1 下午 04:48:48	===================	
2013/2/1 下午 04:48:48	開始匯入...	
2013/2/1 下午 04:48:48	備份表單員工資料...	
2013/2/1 下午 04:48:48	系統關閉中...	
2013/2/1 下午 04:48:49	刪除表單基本資料...	
2013/2/1 下午 04:48:49	匯入員工及角色基本資料...	
2013/2/1 下午 04:48:49	匯入部門組織及部門階層...	
2013/2/1 下午 04:48:49	匯入職稱...	
2013/2/1 下午 04:48:49	建立部門從屬關係與產生部門路徑...	
2013/2/1 下午 04:48:49	匯入部門所設定的主管...	
2013/2/1 下午 04:48:49	建立角色從屬關係...	
2013/2/1 下午 04:48:49	資料儲存中(需要比較久的時間)...	
2013/2/1 下午 04:50:17	修正錯誤(需要比較久的時間)...	
2013/2/1 下午 04:50:19	系統開啟中...	
2013/2/1 下午 04:50:19	結束匯入...	
2013/2/1 下午 04:50:19	服務結束執行...共花94.9544599秒	
2013/2/1 下午 04:50:19		
