2011/3/17 上午 10:55:56	開始程式	
2011/3/17 上午 10:55:56	結束程式	
2011/3/17 上午 10:56:34	開始程式	
2011/3/17 上午 10:56:34	結束程式	
2011/3/17 上午 10:56:43	開始程式	
2011/3/17 上午 10:56:43	結束程式	
2011/3/17 上午 10:57:08	開始程式	
2011/3/17 上午 10:57:08	結束程式	
2011/3/17 上午 10:58:08	開始程式	
2011/3/17 上午 10:58:08	結束程式	
2011/3/17 上午 10:59:55	開始程式	
2011/3/17 上午 11:00:18	開始程式	
2011/3/17 上午 11:00:19	結束程式	
2011/3/17 上午 11:03:47	開始程式	
2011/3/17 上午 11:03:47	結束程式	
2011/3/17 上午 11:03:59	開始程式	
2011/3/17 上午 11:03:59	結束程式	
2011/3/17 上午 11:04:19	開始程式	
2011/3/17 上午 11:05:37	開始程式	
2011/3/17 上午 11:07:03	結束程式	
2011/3/17 下午 04:53:53	開始程式	
2011/3/17 下午 04:53:53	本日出勤異常同仁共有：0	
2011/3/17 下午 04:53:53	結束程式	
2011/3/17 下午 04:54:21	開始程式	
2011/3/17 下午 04:54:21	本日出勤異常同仁共有：0	
2011/3/17 下午 04:54:21	結束程式	
2011/3/17 下午 04:55:10	開始程式	
2011/3/17 下午 04:57:34	開始程式	
2011/3/17 下午 04:57:34	本日出勤異常同仁共有：223	
2011/3/17 下午 04:57:41	寄發信件到：                                                            	
2011/3/17 下午 04:59:44	寄發信件到：                                                            	
2011/3/17 下午 05:01:15	開始程式	
2011/3/17 下午 05:01:15	本日出勤異常同仁共有：223	
2011/3/17 下午 05:01:17	寄發信件到：                                                            	
2011/3/17 下午 05:01:18	寄發信件到：                                                            	
