2011/4/14 Wと 09:26:16	}l{Α	
2011/4/14 Wと 09:26:23	HoHン臁GセHAaron.Chuang@sunriseglobalsolar.com                          ┪场:                                                            	
2011/4/14 Wと 09:26:46	HoHン臁GセH                                                             ┪场:billy.yu@sunriseglogalsor.com                               	
2011/4/14 Wと 09:31:05	}l{Α	
2011/4/14 Wと 09:31:05	HoHン臁GセHAaron.Chuang@sunriseglobalsolar.com                          ┪场:                                                            	
2011/4/14 Wと 09:31:06	HoHン臁GセH                                                             ┪场:billy.yu@sunriseglogalsor.com                               	
2011/4/14 Wと 09:31:06	HoHン臁GセH                                                             ┪场:billy.yu@sunriseglogalsor.com                               	
2011/4/14 Wと 09:31:06	HoHン臁GセHNero.Huang@sunriseglobalsolar.com                            ┪场:billy.yu@sunriseglogalsor.com                               	
2011/4/14 Wと 09:31:07	HoHン臁GセHEric.Yo@sunriseglobalsolar.com                               ┪场:                                                            	
2011/4/14 Wと 09:31:07	HoHン臁GセHAlan.Huang@sunriseglobalsolar.com                            ┪场:                                                            	
2011/4/14 Wと 09:31:08	HoHン臁GセHBrant.Hung@sunriseglobalsolar.com                            ┪场:                                                            	
2011/4/14 Wと 09:31:08	HoHン臁GセHSenyo.Tsai@sunriseglobalsolar.com                            ┪场:                                                            	
2011/4/14 Wと 09:31:08	HoHン臁GセHEdison.Hsueh@sunriseglobalsolar.com                          ┪场:                                                            	
2011/4/14 Wと 09:31:08	HoHン臁GセHChan.Tai@sunriseglobalsolar.com                              ┪场:                                                            	
2011/4/14 Wと 09:31:08	HoHン臁GセHIan.Ho@sunriseglobalsolar.com                                ┪场:                                                            	
2011/4/14 Wと 09:31:09	挡舻{Α	
2011/4/14 Wと 09:32:41	}l{Α	
2011/4/14 Wと 09:32:43	HoHン臁GセHAaron.Chuang@sunriseglobalsolar.com                          ┪场:                                                            	
2011/4/14 Wと 09:33:03	HoHン臁GセH                                                             ┪场:billy.yu@sunriseglogalsor.com                               	
2011/4/14 Wと 09:34:36	}l{Α	
2011/4/14 Wと 09:34:36		戈痞 'deptemail' ぃ妮蟾戤篇 C
    System.Data.DataRow.GetDataColumn(String columnName)
    System.Data.DataRow.get_Item(String columnName)
    waferattend.SendAttend.DoSend()  D:\c#.net\Sunrise\SunrisehrsendAttend\SendAttend.cs:  326
2011/4/14 Wと 09:34:36	挡舻{Α	
2011/4/14 Wと 09:36:34	}l{Α	
2011/4/14 Wと 09:38:37	}l{Α	
2011/4/14 Wと 09:38:38	HoHン臁GセHAaron.Chuang@sunriseglobalsolar.com                          ┪场:                                                            	
2011/4/14 Wと 09:38:38	HoHン臁GセH                                                             ┪场:billy.yu@sunriseglogalsor.com                               	
