2013/4/17 下午 03:30:34	開始程式	
2013/4/17 下午 04:02:10	開始程式	
2013/4/17 下午 04:04:10		使用者 'jb' 的登入失敗。
   於 System.Data.SqlClient.SqlInternalConnection.OnError(SqlException exception, Boolean breakConnection)
   於 System.Data.SqlClient.TdsParser.ThrowExceptionAndWarning()
   於 System.Data.SqlClient.TdsParser.Run(RunBehavior runBehavior, SqlCommand cmdHandler, SqlDataReader dataStream, BulkCopySimpleResultSet bulkCopyHandler, TdsParserStateObject stateObj)
   於 System.Data.SqlClient.SqlInternalConnectionTds.CompleteLogin(Boolean enlistOK)
   於 System.Data.SqlClient.SqlInternalConnectionTds.AttemptOneLogin(ServerInfo serverInfo, String newPassword, Boolean ignoreSniOpenTimeout, TimeoutTimer timeout, SqlConnection owningObject)
   於 System.Data.SqlClient.SqlInternalConnectionTds.LoginNoFailover(ServerInfo serverInfo, String newPassword, Boolean redirectedUserInstance, SqlConnection owningObject, SqlConnectionString connectionOptions, TimeoutTimer timeout)
   於 System.Data.SqlClient.SqlInternalConnectionTds.OpenLoginEnlist(SqlConnection owningObject, TimeoutTimer timeout, SqlConnectionString connectionOptions, String newPassword, Boolean redirectedUserInstance)
   於 System.Data.SqlClient.SqlInternalConnectionTds..ctor(DbConnectionPoolIdentity identity, SqlConnectionString connectionOptions, Object providerInfo, String newPassword, SqlConnection owningObject, Boolean redirectedUserInstance)
   於 System.Data.SqlClient.SqlConnectionFactory.CreateConnection(DbConnectionOptions options, Object poolGroupProviderInfo, DbConnectionPool pool, DbConnection owningConnection)
   於 System.Data.ProviderBase.DbConnectionFactory.CreatePooledConnection(DbConnection owningConnection, DbConnectionPool pool, DbConnectionOptions options)
   於 System.Data.ProviderBase.DbConnectionPool.CreateObject(DbConnection owningObject)
   於 System.Data.ProviderBase.DbConnectionPool.UserCreateRequest(DbConnection owningObject)
   於 System.Data.ProviderBase.DbConnectionPool.GetConnection(DbConnection owningObject)
   於 System.Data.ProviderBase.DbConnectionFactory.GetConnection(DbConnection owningConnection)
   於 System.Data.ProviderBase.DbConnectionClosed.OpenConnection(DbConnection outerConnection, DbConnectionFactory connectionFactory)
   於 System.Data.SqlClient.SqlConnection.Open()
   於 System.Data.Linq.SqlClient.SqlConnectionManager.UseConnection(IConnectionUser user)
   於 System.Data.Linq.SqlClient.SqlProvider.get_IsSqlCe()
   於 System.Data.Linq.SqlClient.SqlProvider.InitializeProviderMode()
   於 System.Data.Linq.SqlClient.SqlProvider.System.Data.Linq.Provider.IProvider.Execute(Expression query)
   於 System.Data.Linq.DataQuery`1.System.Collections.Generic.IEnumerable<T>.GetEnumerator()
   於 System.Collections.Generic.List`1..ctor(IEnumerable`1 collection)
   於 System.Linq.Enumerable.ToList[TSource](IEnumerable`1 source)
   於 Dal.Dao.Att.TransCardDao.TransCardPool(TransCardCondition oCond) 於 D:\SVNJBHRProject\Customer\HOLYSTONE\元件\Dal\Dao\Att\TransCardDao.cs: 行 635
   於 Dal.Dao.Att.TransCardDao.TransCard(String sNobrB, String sNobrE, String sDeptB, String sDeptE, DateTime dDateB, DateTime dDateE, String sKeyMan, Boolean bAttCard, Boolean bAttEnd, Boolean bEzAttCard, String sUserID, String sComp, Boolean bAdmin, Int32 ThreadCount) 於 D:\SVNJBHRProject\Customer\HOLYSTONE\元件\Dal\Dao\Att\TransCardDao.cs: 行 386
   於 sendAttendMail.SendAttend4.DoSend() 於 D:\c#.net\HOLYSTONE\HolyStoneSendAttend\SendAttend4.cs: 行 104
2013/4/17 下午 04:17:37	開始程式	
2013/4/17 下午 04:24:26	開始程式	
2013/4/17 下午 04:25:58	開始程式	
2013/4/17 下午 04:29:10	開始程式	
2013/4/17 下午 04:29:23		使用者 'jb' 的登入失敗。
   於 System.Data.SqlClient.SqlInternalConnection.OnError(SqlException exception, Boolean breakConnection)
   於 System.Data.SqlClient.TdsParser.ThrowExceptionAndWarning()
   於 System.Data.SqlClient.TdsParser.Run(RunBehavior runBehavior, SqlCommand cmdHandler, SqlDataReader dataStream, BulkCopySimpleResultSet bulkCopyHandler, TdsParserStateObject stateObj)
   於 System.Data.SqlClient.SqlInternalConnectionTds.CompleteLogin(Boolean enlistOK)
   於 System.Data.SqlClient.SqlInternalConnectionTds.AttemptOneLogin(ServerInfo serverInfo, String newPassword, Boolean ignoreSniOpenTimeout, TimeoutTimer timeout, SqlConnection owningObject)
   於 System.Data.SqlClient.SqlInternalConnectionTds.LoginNoFailover(ServerInfo serverInfo, String newPassword, Boolean redirectedUserInstance, SqlConnection owningObject, SqlConnectionString connectionOptions, TimeoutTimer timeout)
   於 System.Data.SqlClient.SqlInternalConnectionTds.OpenLoginEnlist(SqlConnection owningObject, TimeoutTimer timeout, SqlConnectionString connectionOptions, String newPassword, Boolean redirectedUserInstance)
   於 System.Data.SqlClient.SqlInternalConnectionTds..ctor(DbConnectionPoolIdentity identity, SqlConnectionString connectionOptions, Object providerInfo, String newPassword, SqlConnection owningObject, Boolean redirectedUserInstance)
   於 System.Data.SqlClient.SqlConnectionFactory.CreateConnection(DbConnectionOptions options, Object poolGroupProviderInfo, DbConnectionPool pool, DbConnection owningConnection)
   於 System.Data.ProviderBase.DbConnectionFactory.CreatePooledConnection(DbConnection owningConnection, DbConnectionPool pool, DbConnectionOptions options)
   於 System.Data.ProviderBase.DbConnectionPool.CreateObject(DbConnection owningObject)
   於 System.Data.ProviderBase.DbConnectionPool.UserCreateRequest(DbConnection owningObject)
   於 System.Data.ProviderBase.DbConnectionPool.GetConnection(DbConnection owningObject)
   於 System.Data.ProviderBase.DbConnectionFactory.GetConnection(DbConnection owningConnection)
   於 System.Data.ProviderBase.DbConnectionClosed.OpenConnection(DbConnection outerConnection, DbConnectionFactory connectionFactory)
   於 System.Data.SqlClient.SqlConnection.Open()
   於 System.Data.Linq.SqlClient.SqlConnectionManager.UseConnection(IConnectionUser user)
   於 System.Data.Linq.SqlClient.SqlProvider.get_IsSqlCe()
   於 System.Data.Linq.SqlClient.SqlProvider.InitializeProviderMode()
   於 System.Data.Linq.SqlClient.SqlProvider.System.Data.Linq.Provider.IProvider.Execute(Expression query)
   於 System.Data.Linq.DataQuery`1.System.Collections.Generic.IEnumerable<T>.GetEnumerator()
   於 System.Collections.Generic.List`1..ctor(IEnumerable`1 collection)
   於 System.Linq.Enumerable.ToList[TSource](IEnumerable`1 source)
   於 Dal.Dao.Att.TransCardDao.TransCardPools.TransCardThreadPoolCallback(Object obj) 於 D:\SVNJBHRProject\Customer\HOLYSTONE\元件\Dal\Dao\Att\TransCardDao.cs: 行 728
   於 Bll.Tools.ThreadPools.WorkItem.Execute() 於 D:\SVNJBHRProject\Standard\JbHrDll\Bll\Tools\ThreadPools.cs: 行 127
   於 Bll.Tools.ThreadPools.QueueUserWorkItem(WaitCallback callback, Object state) 於 D:\SVNJBHRProject\Standard\JbHrDll\Bll\Tools\ThreadPools.cs: 行 50
   於 Dal.Dao.Att.TransCardDao.TransCardPool(TransCardCondition oCond) 於 D:\SVNJBHRProject\Customer\HOLYSTONE\元件\Dal\Dao\Att\TransCardDao.cs: 行 687
   於 Dal.Dao.Att.TransCardDao.TransCard(String sNobrB, String sNobrE, String sDeptB, String sDeptE, DateTime dDateB, DateTime dDateE, String sKeyMan, Boolean bAttCard, Boolean bAttEnd, Boolean bEzAttCard, String sUserID, String sComp, Boolean bAdmin, Int32 ThreadCount) 於 D:\SVNJBHRProject\Customer\HOLYSTONE\元件\Dal\Dao\Att\TransCardDao.cs: 行 386
   於 sendAttendMail.SendAttend4.DoSend() 於 D:\c#.net\HOLYSTONE\HolyStoneSendAttend\SendAttend4.cs: 行 108
2013/4/17 下午 04:30:06	開始程式	
2013/4/17 下午 04:31:56	開始程式	
2013/4/17 下午 04:35:15	開始程式	
2013/4/17 下午 04:35:25		使用者 'jb' 的登入失敗。
   於 System.Data.SqlClient.SqlInternalConnection.OnError(SqlException exception, Boolean breakConnection)
   於 System.Data.SqlClient.TdsParser.ThrowExceptionAndWarning()
   於 System.Data.SqlClient.TdsParser.Run(RunBehavior runBehavior, SqlCommand cmdHandler, SqlDataReader dataStream, BulkCopySimpleResultSet bulkCopyHandler, TdsParserStateObject stateObj)
   於 System.Data.SqlClient.SqlInternalConnectionTds.CompleteLogin(Boolean enlistOK)
   於 System.Data.SqlClient.SqlInternalConnectionTds.AttemptOneLogin(ServerInfo serverInfo, String newPassword, Boolean ignoreSniOpenTimeout, TimeoutTimer timeout, SqlConnection owningObject)
   於 System.Data.SqlClient.SqlInternalConnectionTds.LoginNoFailover(ServerInfo serverInfo, String newPassword, Boolean redirectedUserInstance, SqlConnection owningObject, SqlConnectionString connectionOptions, TimeoutTimer timeout)
   於 System.Data.SqlClient.SqlInternalConnectionTds.OpenLoginEnlist(SqlConnection owningObject, TimeoutTimer timeout, SqlConnectionString connectionOptions, String newPassword, Boolean redirectedUserInstance)
   於 System.Data.SqlClient.SqlInternalConnectionTds..ctor(DbConnectionPoolIdentity identity, SqlConnectionString connectionOptions, Object providerInfo, String newPassword, SqlConnection owningObject, Boolean redirectedUserInstance)
   於 System.Data.SqlClient.SqlConnectionFactory.CreateConnection(DbConnectionOptions options, Object poolGroupProviderInfo, DbConnectionPool pool, DbConnection owningConnection)
   於 System.Data.ProviderBase.DbConnectionFactory.CreatePooledConnection(DbConnection owningConnection, DbConnectionPool pool, DbConnectionOptions options)
   於 System.Data.ProviderBase.DbConnectionPool.CreateObject(DbConnection owningObject)
   於 System.Data.ProviderBase.DbConnectionPool.UserCreateRequest(DbConnection owningObject)
   於 System.Data.ProviderBase.DbConnectionPool.GetConnection(DbConnection owningObject)
   於 System.Data.ProviderBase.DbConnectionFactory.GetConnection(DbConnection owningConnection)
   於 System.Data.ProviderBase.DbConnectionClosed.OpenConnection(DbConnection outerConnection, DbConnectionFactory connectionFactory)
   於 System.Data.SqlClient.SqlConnection.Open()
   於 System.Data.Linq.SqlClient.SqlConnectionManager.UseConnection(IConnectionUser user)
   於 System.Data.Linq.SqlClient.SqlProvider.get_IsSqlCe()
   於 System.Data.Linq.SqlClient.SqlProvider.InitializeProviderMode()
   於 System.Data.Linq.SqlClient.SqlProvider.System.Data.Linq.Provider.IProvider.Execute(Expression query)
   於 System.Data.Linq.DataQuery`1.System.Collections.Generic.IEnumerable<T>.GetEnumerator()
   於 System.Collections.Generic.List`1..ctor(IEnumerable`1 collection)
   於 System.Linq.Enumerable.ToList[TSource](IEnumerable`1 source)
   於 Dal.Dao.Att.TransCardDao.TransCardPools.TransCardThreadPoolCallback(Object obj) 於 D:\SVNJBHRProject\Customer\HOLYSTONE\元件\Dal\Dao\Att\TransCardDao.cs: 行 728
   於 Bll.Tools.ThreadPools.WorkItem.Execute() 於 D:\SVNJBHRProject\Standard\JbHrDll\Bll\Tools\ThreadPools.cs: 行 127
   於 Bll.Tools.ThreadPools.QueueUserWorkItem(WaitCallback callback, Object state) 於 D:\SVNJBHRProject\Standard\JbHrDll\Bll\Tools\ThreadPools.cs: 行 50
   於 Dal.Dao.Att.TransCardDao.TransCardPool(TransCardCondition oCond) 於 D:\SVNJBHRProject\Customer\HOLYSTONE\元件\Dal\Dao\Att\TransCardDao.cs: 行 687
   於 Dal.Dao.Att.TransCardDao.TransCard(String sNobrB, String sNobrE, String sDeptB, String sDeptE, DateTime dDateB, DateTime dDateE, String sKeyMan, Boolean bAttCard, Boolean bAttEnd, Boolean bEzAttCard, String sUserID, String sComp, Boolean bAdmin, Int32 ThreadCount) 於 D:\SVNJBHRProject\Customer\HOLYSTONE\元件\Dal\Dao\Att\TransCardDao.cs: 行 386
   於 sendAttendMail.SendAttend4.DoSend() 於 D:\c#.net\HOLYSTONE\HolyStoneSendAttend\SendAttend4.cs: 行 108
2013/4/17 下午 04:37:23	開始程式	
2013/4/17 下午 04:44:42	開始程式	
2013/4/17 下午 05:03:08	開始程式	
2013/4/17 下午 05:04:01	開始程式	
2013/4/17 下午 05:06:38	開始程式	
