2011/7/18 下午 02:16:20	開始程式	
2011/7/18 下午 02:16:22	傑報測試中	指定字串不在電子郵件地址的必要表單中。
   於 System.Net.Mime.MailBnfHelper.ReadMailAddress(String data, Int32& offset, String& displayName)
   於 System.Net.Mime.MailBnfHelper.ReadMailAddress(String data, Int32& offset)
   於 System.Net.Mail.MailAddressCollection.ParseValue(String addresses)
   於 System.Net.Mail.MailAddressCollection.Add(String addresses)
   於 System.Net.Mail.Message..ctor(String from, String to)
   於 System.Net.Mail.MailMessage..ctor(String from, String to)
   於 System.Net.Mail.MailMessage..ctor(String from, String to, String subject, String body)
   於 sendAttendMail.SendAttend2.SendMail(String to, String subject, String body) 於 D:\c#.net\Sunrise\SunrisehrsendAttend\SendAttend2.cs: 行 409
2011/7/18 下午 02:16:22	寄發信件到：測試信箱傑報測試中	
2011/7/18 下午 02:16:23	傑報測試中	指定字串不在電子郵件地址的必要表單中。
   於 System.Net.Mime.MailBnfHelper.ReadMailAddress(String data, Int32& offset, String& displayName)
   於 System.Net.Mime.MailBnfHelper.ReadMailAddress(String data, Int32& offset)
   於 System.Net.Mail.MailAddressCollection.ParseValue(String addresses)
   於 System.Net.Mail.MailAddressCollection.Add(String addresses)
   於 System.Net.Mail.Message..ctor(String from, String to)
   於 System.Net.Mail.MailMessage..ctor(String from, String to)
   於 System.Net.Mail.MailMessage..ctor(String from, String to, String subject, String body)
   於 sendAttendMail.SendAttend2.SendMail(String to, String subject, String body) 於 D:\c#.net\Sunrise\SunrisehrsendAttend\SendAttend2.cs: 行 409
2011/7/18 下午 02:16:23	寄發信件到：測試信箱傑報測試中	
2011/7/18 下午 02:16:23	傑報測試中	指定字串不在電子郵件地址的必要表單中。
   於 System.Net.Mime.MailBnfHelper.ReadMailAddress(String data, Int32& offset, String& displayName)
   於 System.Net.Mime.MailBnfHelper.ReadMailAddress(String data, Int32& offset)
   於 System.Net.Mail.MailAddressCollection.ParseValue(String addresses)
   於 System.Net.Mail.MailAddressCollection.Add(String addresses)
   於 System.Net.Mail.Message..ctor(String from, String to)
   於 System.Net.Mail.MailMessage..ctor(String from, String to)
   於 System.Net.Mail.MailMessage..ctor(String from, String to, String subject, String body)
   於 sendAttendMail.SendAttend2.SendMail(String to, String subject, String body) 於 D:\c#.net\Sunrise\SunrisehrsendAttend\SendAttend2.cs: 行 409
2011/7/18 下午 02:16:23	寄發信件到：測試信箱傑報測試中	
2011/7/18 下午 02:16:24	傑報測試中	指定字串不在電子郵件地址的必要表單中。
   於 System.Net.Mime.MailBnfHelper.ReadMailAddress(String data, Int32& offset, String& displayName)
   於 System.Net.Mime.MailBnfHelper.ReadMailAddress(String data, Int32& offset)
   於 System.Net.Mail.MailAddressCollection.ParseValue(String addresses)
   於 System.Net.Mail.MailAddressCollection.Add(String addresses)
   於 System.Net.Mail.Message..ctor(String from, String to)
   於 System.Net.Mail.MailMessage..ctor(String from, String to)
   於 System.Net.Mail.MailMessage..ctor(String from, String to, String subject, String body)
   於 sendAttendMail.SendAttend2.SendMail(String to, String subject, String body) 於 D:\c#.net\Sunrise\SunrisehrsendAttend\SendAttend2.cs: 行 409
2011/7/18 下午 02:16:24	寄發信件到：測試信箱傑報測試中	
2011/7/18 下午 02:16:24	傑報測試中	指定字串不在電子郵件地址的必要表單中。
   於 System.Net.Mime.MailBnfHelper.ReadMailAddress(String data, Int32& offset, String& displayName)
   於 System.Net.Mime.MailBnfHelper.ReadMailAddress(String data, Int32& offset)
   於 System.Net.Mail.MailAddressCollection.ParseValue(String addresses)
   於 System.Net.Mail.MailAddressCollection.Add(String addresses)
   於 System.Net.Mail.Message..ctor(String from, String to)
   於 System.Net.Mail.MailMessage..ctor(String from, String to)
   於 System.Net.Mail.MailMessage..ctor(String from, String to, String subject, String body)
   於 sendAttendMail.SendAttend2.SendMail(String to, String subject, String body) 於 D:\c#.net\Sunrise\SunrisehrsendAttend\SendAttend2.cs: 行 409
2011/7/18 下午 02:16:24	寄發信件到：測試信箱傑報測試中	
2011/7/18 下午 02:16:24	傑報測試中	指定字串不在電子郵件地址的必要表單中。
   於 System.Net.Mime.MailBnfHelper.ReadMailAddress(String data, Int32& offset, String& displayName)
   於 System.Net.Mime.MailBnfHelper.ReadMailAddress(String data, Int32& offset)
   於 System.Net.Mail.MailAddressCollection.ParseValue(String addresses)
   於 System.Net.Mail.MailAddressCollection.Add(String addresses)
   於 System.Net.Mail.Message..ctor(String from, String to)
   於 System.Net.Mail.MailMessage..ctor(String from, String to)
   於 System.Net.Mail.MailMessage..ctor(String from, String to, String subject, String body)
   於 sendAttendMail.SendAttend2.SendMail(String to, String subject, String body) 於 D:\c#.net\Sunrise\SunrisehrsendAttend\SendAttend2.cs: 行 409
2011/7/18 下午 02:16:24	寄發信件到：測試信箱傑報測試中	
2011/7/18 下午 02:16:24	結束程式	
2011/7/18 下午 02:17:49	開始程式	
2011/7/18 下午 02:19:22	傑報測試中	指定字串不在電子郵件地址的必要表單中。
   於 System.Net.Mime.MailBnfHelper.ReadMailAddress(String data, Int32& offset, String& displayName)
   於 System.Net.Mime.MailBnfHelper.ReadMailAddress(String data, Int32& offset)
   於 System.Net.Mail.MailAddressCollection.ParseValue(String addresses)
   於 System.Net.Mail.MailAddressCollection.Add(String addresses)
   於 System.Net.Mail.Message..ctor(String from, String to)
   於 System.Net.Mail.MailMessage..ctor(String from, String to)
   於 System.Net.Mail.MailMessage..ctor(String from, String to, String subject, String body)
   於 sendAttendMail.SendAttend2.SendMail(String to, String subject, String body) 於 D:\c#.net\Sunrise\SunrisehrsendAttend\SendAttend2.cs: 行 409
2011/7/18 下午 02:19:27	寄發信件到：測試信箱傑報測試中	
2011/7/18 下午 02:20:31	傑報測試中	指定字串不在電子郵件地址的必要表單中。
   於 System.Net.Mime.MailBnfHelper.ReadMailAddress(String data, Int32& offset, String& displayName)
   於 System.Net.Mime.MailBnfHelper.ReadMailAddress(String data, Int32& offset)
   於 System.Net.Mail.MailAddressCollection.ParseValue(String addresses)
   於 System.Net.Mail.MailAddressCollection.Add(String addresses)
   於 System.Net.Mail.Message..ctor(String from, String to)
   於 System.Net.Mail.MailMessage..ctor(String from, String to)
   於 System.Net.Mail.MailMessage..ctor(String from, String to, String subject, String body)
   於 sendAttendMail.SendAttend2.SendMail(String to, String subject, String body) 於 D:\c#.net\Sunrise\SunrisehrsendAttend\SendAttend2.cs: 行 409
2011/7/18 下午 02:21:30	開始程式	
2011/7/18 下午 02:21:30	寄發信件到：測試信箱say@jbjob.com.tw	
2011/7/18 下午 02:21:31	寄發信件到：測試信箱say@jbjob.com.tw	
2011/7/18 下午 02:21:32	寄發信件到：測試信箱say@jbjob.com.tw	
2011/7/18 下午 02:21:33	寄發信件到：測試信箱say@jbjob.com.tw	
2011/7/18 下午 02:21:33	寄發信件到：測試信箱say@jbjob.com.tw	
2011/7/18 下午 02:21:34	寄發信件到：測試信箱say@jbjob.com.tw	
2011/7/18 下午 02:21:34	結束程式	
2011/7/18 下午 02:29:45	開始程式	
2011/7/18 下午 02:29:46	寄發信件到：測試信箱say@jbjob.com.tw	
2011/7/18 下午 02:29:47	寄發信件到：測試信箱say@jbjob.com.tw	
2011/7/18 下午 02:29:48	寄發信件到：測試信箱say@jbjob.com.tw	
2011/7/18 下午 02:29:48	寄發信件到：測試信箱say@jbjob.com.tw	
2011/7/18 下午 02:29:48	結束程式	
2011/7/18 下午 02:32:05	開始程式	
2011/7/18 下午 02:32:05	寄發信件到：測試信箱say@jbjob.com.tw	
2011/7/18 下午 02:32:06	寄發信件到：測試信箱say@jbjob.com.tw	
2011/7/18 下午 02:32:07	寄發信件到：測試信箱say@jbjob.com.tw	
2011/7/18 下午 02:32:07	寄發信件到：測試信箱say@jbjob.com.tw	
2011/7/18 下午 02:32:08	寄發信件到：測試信箱say@jbjob.com.tw	
2011/7/18 下午 02:32:08	結束程式	
2011/7/18 下午 02:33:18	開始程式	
2011/7/18 下午 02:36:18	開始程式	
2011/7/18 下午 02:45:41	開始程式	
2011/7/18 下午 02:45:42	寄發信件到：測試信箱say@jbjob.com.tw	
2011/7/18 下午 02:45:43	寄發信件到：測試信箱say@jbjob.com.tw	
2011/7/18 下午 02:45:44	寄發信件到：測試信箱say@jbjob.com.tw	
2011/7/18 下午 02:45:44	結束程式	
2011/7/18 下午 02:46:48	開始程式	
2011/7/18 下午 02:46:49	寄發信件到：測試信箱say@jbjob.com.tw	
2011/7/18 下午 02:46:52	寄發信件到：測試信箱say@jbjob.com.tw	
2011/7/18 下午 02:46:53	寄發信件到：測試信箱say@jbjob.com.tw	
2011/7/18 下午 02:46:53	結束程式	
2011/7/18 下午 04:07:44	開始程式	
2011/7/18 下午 04:07:44	結束程式	
