2012/8/8 上午 11:27:12	開始程式	
2012/8/8 上午 11:27:13		無法開啟登入所要求的資料庫 "brborhr"。登入失敗。
使用者 'jb' 的登入失敗。
   於 System.Data.SqlClient.SqlInternalConnection.OnError(SqlException exception, Boolean breakConnection)
   於 System.Data.SqlClient.TdsParser.ThrowExceptionAndWarning(TdsParserStateObject stateObj)
   於 System.Data.SqlClient.TdsParser.Run(RunBehavior runBehavior, SqlCommand cmdHandler, SqlDataReader dataStream, BulkCopySimpleResultSet bulkCopyHandler, TdsParserStateObject stateObj)
   於 System.Data.SqlClient.SqlInternalConnectionTds.CompleteLogin(Boolean enlistOK)
   於 System.Data.SqlClient.SqlInternalConnectionTds.AttemptOneLogin(ServerInfo serverInfo, String newPassword, Boolean ignoreSniOpenTimeout, Int64 timerExpire, SqlConnection owningObject)
   於 System.Data.SqlClient.SqlInternalConnectionTds.LoginNoFailover(String host, String newPassword, Boolean redirectedUserInstance, SqlConnection owningObject, SqlConnectionString connectionOptions, Int64 timerStart)
   於 System.Data.SqlClient.SqlInternalConnectionTds.OpenLoginEnlist(SqlConnection owningObject, SqlConnectionString connectionOptions, String newPassword, Boolean redirectedUserInstance)
   於 System.Data.SqlClient.SqlInternalConnectionTds..ctor(DbConnectionPoolIdentity identity, SqlConnectionString connectionOptions, Object providerInfo, String newPassword, SqlConnection owningObject, Boolean redirectedUserInstance)
   於 System.Data.SqlClient.SqlConnectionFactory.CreateConnection(DbConnectionOptions options, Object poolGroupProviderInfo, DbConnectionPool pool, DbConnection owningConnection)
   於 System.Data.ProviderBase.DbConnectionFactory.CreatePooledConnection(DbConnection owningConnection, DbConnectionPool pool, DbConnectionOptions options)
   於 System.Data.ProviderBase.DbConnectionPool.CreateObject(DbConnection owningObject)
   於 System.Data.ProviderBase.DbConnectionPool.UserCreateRequest(DbConnection owningObject)
   於 System.Data.ProviderBase.DbConnectionPool.GetConnection(DbConnection owningObject)
   於 System.Data.ProviderBase.DbConnectionFactory.GetConnection(DbConnection owningConnection)
   於 System.Data.ProviderBase.DbConnectionClosed.OpenConnection(DbConnection outerConnection, DbConnectionFactory connectionFactory)
   於 System.Data.SqlClient.SqlConnection.Open()
   於 System.Data.Common.DbDataAdapter.QuietOpen(IDbConnection connection, ConnectionState& originalState)
   於 System.Data.Common.DbDataAdapter.FillInternal(DataSet dataset, DataTable[] datatables, Int32 startRecord, Int32 maxRecords, String srcTable, IDbCommand command, CommandBehavior behavior)
   於 System.Data.Common.DbDataAdapter.Fill(DataTable[] dataTables, Int32 startRecord, Int32 maxRecords, IDbCommand command, CommandBehavior behavior)
   於 System.Data.Common.DbDataAdapter.Fill(DataTable dataTable)
   於 waferattend.SendAttend.DoSend() 於 D:\c#.net\ARBOR\ArborhrSendAttend\SendAttend.cs: 行 93
2012/8/8 上午 11:27:13		無法開啟登入所要求的資料庫 "brborhr"。登入失敗。
使用者 'jb' 的登入失敗。
   於 System.Data.ProviderBase.DbConnectionPool.GetConnection(DbConnection owningObject)
   於 System.Data.ProviderBase.DbConnectionFactory.GetConnection(DbConnection owningConnection)
   於 System.Data.ProviderBase.DbConnectionClosed.OpenConnection(DbConnection outerConnection, DbConnectionFactory connectionFactory)
   於 System.Data.SqlClient.SqlConnection.Open()
   於 System.Data.Common.DbDataAdapter.QuietOpen(IDbConnection connection, ConnectionState& originalState)
   於 System.Data.Common.DbDataAdapter.FillInternal(DataSet dataset, DataTable[] datatables, Int32 startRecord, Int32 maxRecords, String srcTable, IDbCommand command, CommandBehavior behavior)
   於 System.Data.Common.DbDataAdapter.Fill(DataTable[] dataTables, Int32 startRecord, Int32 maxRecords, IDbCommand command, CommandBehavior behavior)
   於 System.Data.Common.DbDataAdapter.Fill(DataTable dataTable)
   於 sendAttendMail.SendAttend2.DoSend() 於 D:\c#.net\ARBOR\ArborhrSendAttend\SendAttend2.cs: 行 91
2012/8/8 上午 11:27:13	結束程式	
2012/8/8 上午 11:32:52	開始程式	
2012/8/8 上午 11:35:51	開始程式	
2012/8/8 上午 11:35:51	結束程式	
2012/8/8 上午 11:37:31	開始程式	
2012/8/8 上午 11:37:55	寄發信件到員工編號：10342     ->say@jbjob.com.tw                                                                                    	
2012/8/8 上午 11:41:15	開始程式	
2012/8/8 上午 11:41:19	寄發信件到員工編號：10926     ->say@jbjob.com.tw                                                                                    	
2012/8/8 上午 11:43:53	開始程式	
2012/8/8 上午 11:44:34	寄發信件到：測試信箱say@jbjob.com.tw	
2012/8/8 上午 11:50:12	開始程式	
2012/8/8 上午 11:50:17	寄發信件到：測試信箱say@jbjob.com.tw	
2012/8/8 上午 11:51:08	寄發信件到：測試信箱say@jbjob.com.tw	
2012/8/8 上午 11:53:07	開始程式	
2012/8/8 上午 11:53:10	寄發信件到：測試信箱say@jbjob.com.tw	
2012/8/8 上午 11:53:11	寄發信件到：測試信箱say@jbjob.com.tw	
2012/8/8 上午 11:53:13	寄發信件到：測試信箱say@jbjob.com.tw	
2012/8/8 上午 11:53:21	寄發信件到：測試信箱say@jbjob.com.tw	
2012/8/8 上午 11:53:23	寄發信件到：測試信箱say@jbjob.com.tw	
2012/8/8 上午 11:53:25	寄發信件到：測試信箱say@jbjob.com.tw	
2012/8/8 上午 11:53:25	結束程式	
2012/8/8 下午 01:37:53	開始程式	
2012/8/8 下午 01:38:18	非正常email- say@jbjob.com.tw                                                                                    	
2012/8/8 下午 01:38:21	寄發信件到：主管信箱say@jbjob.com.tw                                                                                     ADD20     	
2012/8/8 下午 01:38:38	非正常email- say@jbjob.com.tw                                                                                    	
2012/8/8 下午 01:38:40	寄發信件到：主管信箱say@jbjob.com.tw                                                                                     ADD65     	
2012/8/8 下午 01:45:22	開始程式	
2012/8/8 下午 01:45:27	寄發信件到：測試信箱say@jbjob.com.tw ADD20     	
2012/8/8 下午 01:45:34	寄發信件到：測試信箱say@jbjob.com.tw ADD65     	
2012/8/8 下午 01:45:40	寄發信件到：測試信箱say@jbjob.com.tw ADD90     	
