2012/12/3 下午 04:06:42	開始程式	
2012/12/3 下午 04:07:07	開始程式	
2012/12/3 下午 04:17:12	開始程式	
2012/12/3 下午 04:17:13	寄發信件到員工編號：10342     ->doris@arbor.com.tw	
2012/12/3 下午 04:17:14	寄發信件到員工編號：10921     ->stanleysun@arbor.com.tw	
2012/12/3 下午 04:17:14	寄發信件到員工編號：10970     ->angela@arbor.com.tw	
2012/12/3 下午 04:17:14	寄發信件到員工編號：10110     ->Tracylin@arbor.com.tw	
2012/12/3 下午 04:17:14	寄發信件到員工編號：10492     ->cindy@arbor.com.tw	
2012/12/3 下午 04:17:15	寄發信件到員工編號：10611     ->mountain@arbor.com.tw	
2012/12/3 下午 04:17:15	寄發信件到員工編號：10908     ->benson@arbor.com.tw	
2012/12/3 下午 04:17:15	寄發信件到員工編號：10972     ->hubert@arbor.com.tw	
2012/12/3 下午 04:17:15	寄發信件到員工編號：10978     ->ken@arbor.com.tw	
2012/12/3 下午 04:17:16	寄發信件到員工編號：10755     ->amyyu@arbor.com.tw	
2012/12/3 下午 04:17:16	寄發信件到員工編號：10960     ->ted@arbor.com.tw	
2012/12/3 下午 04:17:16	寄發信件到員工編號：10028     ->Jasonlin@arbor.com.tw	
2012/12/3 下午 04:17:16	寄發信件到員工編號：10182     ->amos@arbor.com.tw	
2012/12/3 下午 04:17:17	寄發信件到員工編號：10237     ->randy@arbor.com.tw	
2012/12/3 下午 04:17:17	寄發信件到員工編號：10475     ->sunny@arbor.com.tw	
2012/12/3 下午 04:17:17	寄發信件到員工編號：10797     ->rogerhsiao@arbor.com.tw	
2012/12/3 下午 04:17:17	寄發信件到員工編號：10522     ->antonio@arbor.com.tw	
2012/12/3 下午 04:17:18	寄發信件到員工編號：10653     ->chris@arbor.com.tw	
2012/12/3 下午 04:17:18	寄發信件到員工編號：10668     ->shawn@arbor.com.tw	
2012/12/3 下午 04:17:18	寄發信件到員工編號：10792     ->tomchiou@arbor.com.tw	
2012/12/3 下午 04:17:18	寄發信件到員工編號：10890     ->erichsu@arbor.com.tw	
2012/12/3 下午 04:17:19	寄發信件到員工編號：10772     ->rank@arbor.com.tw	
2012/12/3 下午 04:17:19	寄發信件到員工編號：10601     ->barton@arbor.com.tw	
2012/12/3 下午 04:17:19	寄發信件到員工編號：10636     ->vince@arbor.com.tw	
2012/12/3 下午 04:17:20	寄發信件到員工編號：10654     ->nina@arbor.com.tw	
2012/12/3 下午 04:17:20	寄發信件到員工編號：10662     ->alex@arbor.com.tw	
2012/12/3 下午 04:17:20	寄發信件到員工編號：10916     ->rocky@arbor.com.tw	
2012/12/3 下午 04:17:20	寄發信件到員工編號：10569     ->mick@arbor.com.tw	
2012/12/3 下午 04:17:21	寄發信件到員工編號：10637     ->mosti@arbor.com.tw	
2012/12/3 下午 04:17:21	寄發信件到員工編號：10801     ->seanlin@arbor.com.tw	
2012/12/3 下午 04:17:21	寄發信件到員工編號：10567     ->danny@arbor.com.tw	
2012/12/3 下午 04:17:21	寄發信件到員工編號：10621     ->andy@arbor.com.tw	
2012/12/3 下午 04:17:21	寄發信件到員工編號：10827     ->salk@arbor.com.tw	
2012/12/3 下午 04:17:22	寄發信件到員工編號：10833     ->jeffreycheng@arbor.com.tw	
2012/12/3 下午 04:17:22	寄發信件到員工編號：10799     ->dshine@arbor.com.tw	
2012/12/3 下午 04:17:22	寄發信件到員工編號：10814     ->rayson@arbor.com.tw	
2012/12/3 下午 04:17:22	寄發信件到員工編號：10831     ->jerry@arbor.com.tw	
2012/12/3 下午 04:17:23	寄發信件到員工編號：10887     ->davidlin@arbor.com.tw	
2012/12/3 下午 04:17:23	寄發信件到員工編號：10907     ->johan@arbor.com.tw	
2012/12/3 下午 04:17:23	寄發信件到員工編號：10909     ->angus@arbor.com.tw	
2012/12/3 下午 04:17:23	寄發信件到員工編號：10962     ->spencer@arbor.com.tw	
2012/12/3 下午 04:17:24	寄發信件到員工編號：10474     ->jamescheng@arbor.com.tw	
2012/12/3 下午 04:18:15	開始程式	
2012/12/3 下午 04:18:15	寄發信件到員工編號：10342     ->doris@arbor.com.tw	
2012/12/3 下午 04:18:15	寄發信件到員工編號：10921     ->stanleysun@arbor.com.tw	
2012/12/3 下午 04:18:15	寄發信件到員工編號：10970     ->angela@arbor.com.tw	
2012/12/3 下午 04:18:15	寄發信件到員工編號：10110     ->Tracylin@arbor.com.tw	
2012/12/3 下午 04:18:15	寄發信件到員工編號：10492     ->cindy@arbor.com.tw	
2012/12/3 下午 04:18:15	寄發信件到員工編號：10611     ->mountain@arbor.com.tw	
2012/12/3 下午 04:18:15	寄發信件到員工編號：10908     ->benson@arbor.com.tw	
2012/12/3 下午 04:18:15	寄發信件到員工編號：10972     ->hubert@arbor.com.tw	
2012/12/3 下午 04:18:15	寄發信件到員工編號：10978     ->ken@arbor.com.tw	
2012/12/3 下午 04:18:15	寄發信件到員工編號：10755     ->amyyu@arbor.com.tw	
2012/12/3 下午 04:18:15	寄發信件到員工編號：10960     ->ted@arbor.com.tw	
2012/12/3 下午 04:18:15	寄發信件到員工編號：10028     ->Jasonlin@arbor.com.tw	
2012/12/3 下午 04:18:15	寄發信件到員工編號：10182     ->amos@arbor.com.tw	
2012/12/3 下午 04:18:15	寄發信件到員工編號：10237     ->randy@arbor.com.tw	
2012/12/3 下午 04:18:15	寄發信件到員工編號：10475     ->sunny@arbor.com.tw	
2012/12/3 下午 04:18:15	寄發信件到員工編號：10797     ->rogerhsiao@arbor.com.tw	
2012/12/3 下午 04:18:15	寄發信件到員工編號：10522     ->antonio@arbor.com.tw	
2012/12/3 下午 04:18:15	寄發信件到員工編號：10653     ->chris@arbor.com.tw	
2012/12/3 下午 04:18:15	寄發信件到員工編號：10668     ->shawn@arbor.com.tw	
2012/12/3 下午 04:18:15	寄發信件到員工編號：10792     ->tomchiou@arbor.com.tw	
2012/12/3 下午 04:18:15	寄發信件到員工編號：10890     ->erichsu@arbor.com.tw	
2012/12/3 下午 04:18:15	寄發信件到員工編號：10772     ->rank@arbor.com.tw	
2012/12/3 下午 04:18:15	寄發信件到員工編號：10601     ->barton@arbor.com.tw	
2012/12/3 下午 04:18:15	寄發信件到員工編號：10636     ->vince@arbor.com.tw	
2012/12/3 下午 04:18:15	寄發信件到員工編號：10654     ->nina@arbor.com.tw	
2012/12/3 下午 04:18:15	寄發信件到員工編號：10662     ->alex@arbor.com.tw	
2012/12/3 下午 04:18:15	寄發信件到員工編號：10916     ->rocky@arbor.com.tw	
2012/12/3 下午 04:18:15	寄發信件到員工編號：10569     ->mick@arbor.com.tw	
2012/12/3 下午 04:18:15	寄發信件到員工編號：10637     ->mosti@arbor.com.tw	
2012/12/3 下午 04:18:15	寄發信件到員工編號：10801     ->seanlin@arbor.com.tw	
2012/12/3 下午 04:18:15	寄發信件到員工編號：10567     ->danny@arbor.com.tw	
2012/12/3 下午 04:18:15	寄發信件到員工編號：10621     ->andy@arbor.com.tw	
2012/12/3 下午 04:18:15	寄發信件到員工編號：10827     ->salk@arbor.com.tw	
2012/12/3 下午 04:18:15	寄發信件到員工編號：10833     ->jeffreycheng@arbor.com.tw	
2012/12/3 下午 04:18:15	寄發信件到員工編號：10799     ->dshine@arbor.com.tw	
2012/12/3 下午 04:18:15	寄發信件到員工編號：10814     ->rayson@arbor.com.tw	
2012/12/3 下午 04:18:15	寄發信件到員工編號：10831     ->jerry@arbor.com.tw	
2012/12/3 下午 04:18:15	寄發信件到員工編號：10887     ->davidlin@arbor.com.tw	
2012/12/3 下午 04:18:15	寄發信件到員工編號：10907     ->johan@arbor.com.tw	
2012/12/3 下午 04:18:15	寄發信件到員工編號：10909     ->angus@arbor.com.tw	
2012/12/3 下午 04:18:15	寄發信件到員工編號：10962     ->spencer@arbor.com.tw	
2012/12/3 下午 04:18:15	寄發信件到員工編號：10474     ->jamescheng@arbor.com.tw	
2012/12/3 下午 04:18:15	寄發信件到員工編號：10937     ->jack@arbor.com.tw	
2012/12/3 下午 04:18:15	寄發信件到員工編號：10938     ->harryh@arbor.com.tw	
2012/12/3 下午 04:18:15	寄發信件到員工編號：10939     ->justin@arbor.com.tw	
2012/12/3 下午 04:18:15	寄發信件到員工編號：10215     ->jonda.hsieh@arbor.com.tw	
2012/12/3 下午 04:18:15	寄發信件到員工編號：10889     ->irishsu@arbor.com.tw	
2012/12/3 下午 04:18:15	寄發信件到員工編號：10897     ->mikechen@arbor.com.tw	
2012/12/3 下午 04:18:15	寄發信件到員工編號：10958     ->charlene@arbor.com.tw	
2012/12/3 下午 04:18:16	寄發信件到員工編號：10518     ->jesselai@arbor.com.tw	
2012/12/3 下午 04:18:16	寄發信件到員工編號：10861     ->barret@arbor.com.tw	
2012/12/3 下午 04:18:16	寄發信件到員工編號：10622     ->ning@arbor.com.tw	
2012/12/3 下午 04:18:16	寄發信件到員工編號：10666     ->patrick@arbor.com.tw	
2012/12/3 下午 04:18:16	寄發信件到員工編號：10841     ->vincentchuo@arbor.com.tw	
2012/12/3 下午 04:18:16	寄發信件到員工編號：10869     ->abby@arbor.com.tw	
2012/12/3 下午 04:18:16	寄發信件到員工編號：10870     ->navi@arbor.com.tw	
2012/12/3 下午 04:18:16	寄發信件到員工編號：10873     ->kenlee@arbor.com.tw	
2012/12/3 下午 04:18:16	寄發信件到員工編號：10899     ->linda@arbor.com.tw	
2012/12/3 下午 04:18:16	寄發信件到員工編號：10905     ->kevincsliu@arbor.com.tw	
2012/12/3 下午 04:18:16	寄發信件到員工編號：10947     ->nikky@arbor.com.tw	
2012/12/3 下午 04:18:16	寄發信件到員工編號：10965     ->jane@arbor.com.tw	
2012/12/3 下午 04:18:16	寄發信件到員工編號：10968     ->seantimia@arbor.com.tw	
2012/12/3 下午 04:18:16	寄發信件到員工編號：10969     ->alexho@arbor.com.tw	
2012/12/3 下午 04:18:16	寄發信件到員工編號：10977     ->kenny@arbor.com.tw	
2012/12/3 下午 04:18:16	寄發信件到員工編號：10980     ->geritt@arbor.com.tw	
2012/12/3 下午 04:18:16	寄發信件到員工編號：10486     ->jamie@arbor.com.tw	
2012/12/3 下午 04:18:17	寄發信件到員工編號：10589     ->allen@arbor.com.tw	
2012/12/3 下午 04:18:17	寄發信件到員工編號：10670     ->melody@arbor.com.tw	
2012/12/3 下午 04:18:17	寄發信件到員工編號：10823     ->su@arbor.com.tw	
2012/12/3 下午 04:18:17	寄發信件到員工編號：10829     ->chunelle@arbor.com.tw	
2012/12/3 下午 04:18:17	寄發信件到員工編號：10473     ->wesley@arbor.com.tw	
2012/12/3 下午 04:18:17	寄發信件到員工編號：10791     ->dylan@arbor.com.tw	
2012/12/3 下午 04:18:17	寄發信件到員工編號：10793     ->jeffrey@arbor.com.tw	
2012/12/3 下午 04:18:17	寄發信件到員工編號：10884     ->jasonlee@arbor.com.tw	
2012/12/3 下午 04:18:17	寄發信件到員工編號：10952     ->owen@arbor.com.tw	
2012/12/3 下午 04:18:17	寄發信件到員工編號：10967     ->jefferylin@arbor.com.tw	
2012/12/3 下午 04:18:17	寄發信件到員工編號：10438     ->rexliao@arbor.com.tw	
2012/12/3 下午 04:18:17	寄發信件到員工編號：10453     ->fish@arbor.com.tw	
2012/12/3 下午 04:18:17	寄發信件到員工編號：10605     ->alexhsieh@arbor.com.tw	
2012/12/3 下午 04:18:17	寄發信件到員工編號：10322     ->summer@arbor.com.tw	
2012/12/3 下午 04:18:17	寄發信件到員工編號：10418     ->jackson@arbor.com.tw	
2012/12/3 下午 04:18:17	寄發信件到員工編號：10456     ->leohsu@arbor.com.tw	
2012/12/3 下午 04:18:17	寄發信件到員工編號：10539     ->fox@arbor.com.tw	
2012/12/3 下午 04:18:18	寄發信件到員工編號：10863     ->victor@arbor.com.tw	
2012/12/3 下午 04:18:18	寄發信件到員工編號：10915     ->ysc123@arbor.com.tw	
2012/12/3 下午 04:18:18	寄發信件到員工編號：10923     ->rubylee@arbor.com.tw	
2012/12/3 下午 04:18:18	寄發信件到員工編號：10135     ->san@arbor.com.tw	
2012/12/3 下午 04:18:18	寄發信件到員工編號：10526     ->larry@arbor.com.tw	
2012/12/3 下午 04:18:18	寄發信件到員工編號：10534     ->kenchen@arbor.com.tw	
2012/12/3 下午 04:18:18	寄發信件到員工編號：10945     ->syman@arbor.com.tw	
2012/12/3 下午 04:18:18	寄發信件到員工編號：10981     ->julian@arbor.com.tw	
2012/12/3 下午 04:18:18	寄發信件到員工編號：10388     ->fredw@arbor.com.tw	
2012/12/3 下午 04:18:18	寄發信件到員工編號：10409     ->annechen@arbor.com.tw	
2012/12/3 下午 04:18:18	寄發信件到員工編號：10667     ->jesus@arbor.com.tw	
2012/12/3 下午 04:18:18	寄發信件到員工編號：10885     ->amoswu@arbor.com.tw	
2012/12/3 下午 04:18:18	寄發信件到員工編號：10935     ->eden@arbor.com.tw	
2012/12/3 下午 04:18:18	寄發信件到員工編號：10920     ->peterchen@arbor.com.tw	
2012/12/3 下午 04:18:18	寄發信件到員工編號：10026     ->yu@arbor.com.tw	
2012/12/3 下午 04:18:18	寄發信件到員工編號：10739     ->ray@arbor.com.tw	
2012/12/3 下午 04:18:18	寄發信件到員工編號：10767     ->yu@arbor.com.tw	
2012/12/3 下午 04:18:18	寄發信件到員工編號：10819     ->max@arbor.com.tw	
2012/12/3 下午 04:18:19	寄發信件到員工編號：10825     ->davidchen@arbor.com.tw	
2012/12/3 下午 04:18:19	寄發信件到員工編號：10837     ->yu@arbor.com.tw	
2012/12/3 下午 04:18:19	寄發信件到員工編號：10839     ->yu@arbor.com.tw	
2012/12/3 下午 04:18:19	寄發信件到員工編號：10842     ->yu@arbor.com.tw	
2012/12/3 下午 04:18:19	寄發信件到員工編號：10845     ->yu@arbor.com.tw	
2012/12/3 下午 04:18:19	寄發信件到員工編號：10846     ->yu@arbor.com.tw	
2012/12/3 下午 04:18:19	寄發信件到員工編號：10906     ->yu@arbor.com.tw	
2012/12/3 下午 04:18:19	寄發信件到員工編號：10910     ->yu@arbor.com.tw	
2012/12/3 下午 04:18:19	寄發信件到員工編號：10911     ->yu@arbor.com.tw	
2012/12/3 下午 04:18:19	寄發信件到員工編號：10918     ->yu@arbor.com.tw	
2012/12/3 下午 04:18:19	寄發信件到員工編號：10919     ->yu@arbor.com.tw	
2012/12/3 下午 04:18:19	寄發信件到員工編號：10922     ->yu@arbor.com.tw	
2012/12/3 下午 04:18:19	寄發信件到員工編號：10924     ->yu@arbor.com.tw	
2012/12/3 下午 04:18:19	寄發信件到員工編號：10925     ->yu@arbor.com.tw	
2012/12/3 下午 04:18:19	寄發信件到員工編號：10928     ->yu@arbor.com.tw	
2012/12/3 下午 04:18:19	寄發信件到員工編號：10929     ->yu@arbor.com.tw	
2012/12/3 下午 04:18:19	寄發信件到員工編號：10943     ->yu@arbor.com.tw	
2012/12/3 下午 04:18:19	寄發信件到員工編號：10949     ->yu@arbor.com.tw	
2012/12/3 下午 04:18:19	寄發信件到員工編號：10957     ->arvin@arbor.com.tw	
2012/12/3 下午 04:18:20	寄發信件到員工編號：10963     ->yu@arbor.com.tw	
2012/12/3 下午 04:18:20	寄發信件到員工編號：10964     ->yu@arbor.com.tw	
2012/12/3 下午 04:18:20	寄發信件到員工編號：A0001     ->yu@arbor.com.tw	
2012/12/3 下午 04:18:20	寄發信件到員工編號：A0002     ->yu@arbor.com.tw	
2012/12/3 下午 04:18:20	寄發信件到員工編號：A0003     ->yu@arbor.com.tw	
2012/12/3 下午 04:18:20	寄發信件到員工編號：A0004     ->yu@arbor.com.tw	
2012/12/3 下午 04:18:20	寄發信件到員工編號：A0005     ->yu@arbor.com.tw	
2012/12/3 下午 04:18:20	寄發信件到員工編號：A0006     ->yu@arbor.com.tw	
2012/12/3 下午 04:18:20	寄發信件到員工編號：A0007     ->yu@arbor.com.tw	
2012/12/3 下午 04:18:20	寄發信件到員工編號：10900     ->andychou@arbor.com.tw	
2012/12/3 下午 04:18:20	寄發信件到員工編號：10976     ->anitalai@arbor.com.tw	
2012/12/3 下午 04:18:20	寄發信件到員工編號：10649     ->vicky@arbor.com.tw	
2012/12/3 下午 04:18:20	寄發信件到員工編號：10794     ->odyssey@arbor.com.tw	
2012/12/3 下午 04:18:20	寄發信件到員工編號：10796     ->clarkchang@arbor.com.tw	
2012/12/3 下午 04:18:20	寄發信件到員工編號：10871     ->dannyyu@arbor.com.tw	
2012/12/3 下午 04:18:20	寄發信件到員工編號：10966     ->chialun@arbor.com.tw	
2012/12/3 下午 04:18:20	寄發信件到員工編號：10435     ->winson@arbor.com.tw	
2012/12/3 下午 04:18:20	寄發信件到員工編號：10761     ->nick@arbor.com.tw	
2012/12/3 下午 04:18:20	寄發信件到員工編號：10903     ->summerchiang@arbor.com.tw	
2012/12/3 下午 04:18:20	寄發信件到員工編號：10904     ->bob@arbor.com.tw	
2012/12/3 下午 04:18:21	寄發信件到員工編號：10931     ->reg@arbor.com.tw	
2012/12/3 下午 04:18:21	寄發信件到員工編號：10633     ->ivyyang@arbor.com.tw	
2012/12/3 下午 04:18:21	寄發信件到員工編號：10860     ->maria@arbor.com.tw	
2012/12/3 下午 04:18:21	寄發信件到員工編號：10697     ->barry@arbor.com.tw	
2012/12/3 下午 04:18:21	寄發信件到員工編號：10853     ->adrienne@arbor.com.tw	
2012/12/3 下午 04:18:21	寄發信件到員工編號：10901     ->sindy@arbor.com.tw	
2012/12/3 下午 04:18:21	寄發信件到員工編號：10946     ->lillian@arbor.com.tw	
2012/12/3 下午 04:18:21	寄發信件到員工編號：10959     ->emi@arbor.com.tw	
2012/12/3 下午 04:18:21	寄發信件到員工編號：10740     ->simon@arbor.com.tw	
2012/12/3 下午 04:18:21	寄發信件到員工編號：10974     ->janice@arbor.com.tw	
2012/12/3 下午 04:18:21	寄發信件到員工編號：10848     ->thomas@arbor.com.tw	
2012/12/3 下午 04:18:21	寄發信件到員工編號：10394     ->sandy@arbor.com.tw	
2012/12/3 下午 04:18:21	寄發信件到員工編號：10876     ->samliu@arbor.com.tw	
2012/12/3 下午 04:18:21	寄發信件到員工編號：10954     ->luffy@arbor.com.tw	
2012/12/3 下午 04:18:21	寄發信件到員工編號：10973     ->lindakuo@arbor.com.tw	
2012/12/3 下午 04:18:21	寄發信件到員工編號：10690     ->pope@arbor.com.tw	
2012/12/3 下午 04:18:21	寄發信件到員工編號：10708     ->roger@arbor.com.tw	
2012/12/3 下午 04:18:21	寄發信件到員工編號：10754     ->mike@arbor.com.tw	
2012/12/3 下午 04:18:21	寄發信件到員工編號：10779     ->hardy@arbor.com.tw	
2012/12/3 下午 04:18:22	寄發信件到員工編號：10843     ->wallace@arbor.com.tw	
2012/12/3 下午 04:18:22	寄發信件到員工編號：10950     ->henryyang79@arbor.com.tw	
2012/12/3 下午 04:18:22	寄發信件到員工編號：18038     ->roger@arbor.com.tw	
2012/12/3 下午 04:18:22	寄發信件到員工編號：10202     ->dabby@arbor.com.tw	
2012/12/3 下午 04:18:22	寄發信件到員工編號：10596     ->wendy@arbor.com.tw	
2012/12/3 下午 04:18:22	寄發信件到員工編號：10603     ->mindy@arbor.com.tw	
2012/12/3 下午 04:18:22	寄發信件到員工編號：10659     ->joan@arbor.com.tw	
2012/12/3 下午 04:18:22	寄發信件到員工編號：10580     ->may@arbor.com.tw	
2012/12/3 下午 04:18:22	寄發信件到員工編號：10867     ->lulu@arbor.com.tw	
2012/12/3 下午 04:18:22	寄發信件到員工編號：10893     ->danielkao@arbor.com.tw	
2012/12/3 下午 04:18:22	寄發信件到員工編號：10936     ->monica@arbor.com.tw	
2012/12/3 下午 04:18:22	寄發信件到員工編號：10944     ->milly@arbor.com.tw	
2012/12/3 下午 04:18:22	寄發信件到員工編號：19045     ->yihuichen@arbor.com.tw	
2012/12/3 下午 04:18:22	寄發信件到員工編號：10343     ->adonis@arbor.com.tw	
2012/12/3 下午 04:18:22	寄發信件到員工編號：10516     ->sam@arbor.com.tw	
2012/12/3 下午 04:18:22	寄發信件到員工編號：10529     ->amy@arbor.com.tw	
2012/12/3 下午 04:18:22	寄發信件到員工編號：10896     ->maxwang@arbor.com.tw	
2012/12/3 下午 04:18:22	寄發信件到員工編號：10262     ->kevinhuang@arbor.com.tw	
2012/12/3 下午 04:18:23	寄發信件到員工編號：10657     ->andrew@arbor.com.tw	
2012/12/3 下午 04:18:23	寄發信件到員工編號：10786     ->alison@arbor.com.tw	
2012/12/3 下午 04:18:23	寄發信件到員工編號：10895     ->misty@arbor.com.tw	
2012/12/3 下午 04:18:23	寄發信件到員工編號：10302     ->christine@arbor.com.tw	
2012/12/3 下午 04:18:23	寄發信件到員工編號：10835     ->amanda@arbor.com.tw	
2012/12/3 下午 04:18:23	寄發信件到員工編號：10515     ->jenny@arbor.com.tw	
2012/12/3 下午 04:18:23	寄發信件到員工編號：10638     ->ivan@arbor.com.tw	
2012/12/3 下午 04:18:23	寄發信件到員工編號：10783     ->natasha@arbor.com.tw	
2012/12/3 下午 04:18:23	寄發信件到員工編號：10934     ->michelle@arbor.com.tw	
2012/12/3 下午 04:18:23	寄發信件到員工編號：10971     ->sharonhuang@arbor.com.tw	
2012/12/3 下午 04:18:23	寄發信件到員工編號：10362     ->kei@arbor.com.tw	
2012/12/3 下午 04:18:23	寄發信件到員工編號：10975     ->perry@arbor.com.tw	
2012/12/3 下午 04:18:23	寄發信件到員工編號：10687     ->anthony@arbor.com.tw	
2012/12/3 下午 04:18:23	寄發信件到員工編號：10716     ->changaaron@arbor.com.tw	
2012/12/3 下午 04:18:23	寄發信件到員工編號：10826     ->tracer@arbor.com.tw	
2012/12/3 下午 04:18:23	寄發信件到員工編號：10579     ->nathan@arbor.com.tw	
2012/12/3 下午 04:18:23	寄發信件到員工編號：10163     ->sherry@arbor.com.tw	
2012/12/3 下午 04:18:23	寄發信件到員工編號：10587     ->joyce@arbor.com.tw	
2012/12/3 下午 04:18:23	寄發信件到員工編號：10681     ->novia@arbor.com.tw	
2012/12/3 下午 04:18:23	寄發信件到員工編號：10682     ->tina@arbor.com.tw	
2012/12/3 下午 04:18:24	寄發信件到員工編號：10926     ->morris@arbor.com.tw	
2012/12/3 下午 04:18:24	寄發信件到員工編號：10941     ->seanchen@arbor.com.tw	
2012/12/3 下午 04:18:24	寄發信件到員工編號：10979     ->tedcho@arbor.com.tw	
2012/12/3 下午 04:18:47	結束程式	
2012/12/3 下午 04:32:27	開始程式	
2012/12/3 下午 04:32:27	寄發信件到員工編號：10342     ->doris@arbor.com.tw	
2012/12/3 下午 04:32:27	寄發信件到員工編號：10921     ->stanleysun@arbor.com.tw	
2012/12/3 下午 04:32:27	寄發信件到員工編號：10970     ->angela@arbor.com.tw	
2012/12/3 下午 04:32:28	寄發信件到員工編號：10110     ->Tracylin@arbor.com.tw	
2012/12/3 下午 04:32:28	寄發信件到員工編號：10492     ->cindy@arbor.com.tw	
2012/12/3 下午 04:32:28	寄發信件到員工編號：10611     ->mountain@arbor.com.tw	
2012/12/3 下午 04:32:28	寄發信件到員工編號：10908     ->benson@arbor.com.tw	
2012/12/3 下午 04:32:29	寄發信件到員工編號：10972     ->hubert@arbor.com.tw	
2012/12/3 下午 04:32:29	寄發信件到員工編號：10978     ->ken@arbor.com.tw	
2012/12/3 下午 04:32:29	寄發信件到員工編號：10755     ->amyyu@arbor.com.tw	
2012/12/3 下午 04:32:29	寄發信件到員工編號：10960     ->ted@arbor.com.tw	
2012/12/3 下午 04:32:29	寄發信件到員工編號：10028     ->Jasonlin@arbor.com.tw	
2012/12/3 下午 04:32:30	寄發信件到員工編號：10182     ->amos@arbor.com.tw	
2012/12/3 下午 04:32:30	寄發信件到員工編號：10237     ->randy@arbor.com.tw	
2012/12/3 下午 04:32:30	寄發信件到員工編號：10475     ->sunny@arbor.com.tw	
2012/12/3 下午 04:32:30	寄發信件到員工編號：10797     ->rogerhsiao@arbor.com.tw	
2012/12/3 下午 04:32:30	寄發信件到員工編號：10522     ->antonio@arbor.com.tw	
2012/12/3 下午 04:32:30	寄發信件到員工編號：10653     ->chris@arbor.com.tw	
2012/12/3 下午 04:32:31	寄發信件到員工編號：10668     ->shawn@arbor.com.tw	
2012/12/3 下午 04:32:31	寄發信件到員工編號：10792     ->tomchiou@arbor.com.tw	
2012/12/3 下午 04:32:31	寄發信件到員工編號：10890     ->erichsu@arbor.com.tw	
2012/12/3 下午 04:32:31	寄發信件到員工編號：10772     ->rank@arbor.com.tw	
2012/12/3 下午 04:32:31	寄發信件到員工編號：10601     ->barton@arbor.com.tw	
2012/12/3 下午 04:32:31	寄發信件到員工編號：10636     ->vince@arbor.com.tw	
2012/12/3 下午 04:32:32	寄發信件到員工編號：10654     ->nina@arbor.com.tw	
2012/12/3 下午 04:32:32	寄發信件到員工編號：10662     ->alex@arbor.com.tw	
2012/12/3 下午 04:32:32	寄發信件到員工編號：10916     ->rocky@arbor.com.tw	
2012/12/3 下午 04:32:32	寄發信件到員工編號：10569     ->mick@arbor.com.tw	
2012/12/3 下午 04:32:32	寄發信件到員工編號：10637     ->mosti@arbor.com.tw	
2012/12/3 下午 04:32:32	寄發信件到員工編號：10801     ->seanlin@arbor.com.tw	
2012/12/3 下午 04:32:33	寄發信件到員工編號：10567     ->danny@arbor.com.tw	
2012/12/3 下午 04:32:33	寄發信件到員工編號：10621     ->andy@arbor.com.tw	
2012/12/3 下午 04:32:33	寄發信件到員工編號：10827     ->salk@arbor.com.tw	
2012/12/3 下午 04:32:33	寄發信件到員工編號：10833     ->jeffreycheng@arbor.com.tw	
2012/12/3 下午 04:32:33	寄發信件到員工編號：10799     ->dshine@arbor.com.tw	
2012/12/3 下午 04:32:33	寄發信件到員工編號：10814     ->rayson@arbor.com.tw	
2012/12/3 下午 04:32:33	寄發信件到員工編號：10831     ->jerry@arbor.com.tw	
2012/12/3 下午 04:32:34	寄發信件到員工編號：10887     ->davidlin@arbor.com.tw	
2012/12/3 下午 04:32:34	寄發信件到員工編號：10907     ->johan@arbor.com.tw	
2012/12/3 下午 04:32:34	寄發信件到員工編號：10909     ->angus@arbor.com.tw	
2012/12/3 下午 04:32:34	寄發信件到員工編號：10962     ->spencer@arbor.com.tw	
2012/12/3 下午 04:32:34	寄發信件到員工編號：10474     ->jamescheng@arbor.com.tw	
2012/12/3 下午 04:32:34	寄發信件到員工編號：10937     ->jack@arbor.com.tw	
2012/12/3 下午 04:32:35	寄發信件到員工編號：10938     ->harryh@arbor.com.tw	
2012/12/3 下午 04:32:35	寄發信件到員工編號：10939     ->justin@arbor.com.tw	
2012/12/3 下午 04:32:35	寄發信件到員工編號：10215     ->jonda.hsieh@arbor.com.tw	
2012/12/3 下午 04:32:35	寄發信件到員工編號：10889     ->irishsu@arbor.com.tw	
2012/12/3 下午 04:32:35	寄發信件到員工編號：10897     ->mikechen@arbor.com.tw	
2012/12/3 下午 04:32:35	寄發信件到員工編號：10958     ->charlene@arbor.com.tw	
2012/12/3 下午 04:32:35	寄發信件到員工編號：10518     ->jesselai@arbor.com.tw	
2012/12/3 下午 04:32:36	寄發信件到員工編號：10861     ->barret@arbor.com.tw	
2012/12/3 下午 04:32:36	寄發信件到員工編號：10622     ->ning@arbor.com.tw	
2012/12/3 下午 04:32:36	寄發信件到員工編號：10666     ->patrick@arbor.com.tw	
2012/12/3 下午 04:32:36	寄發信件到員工編號：10841     ->vincentchuo@arbor.com.tw	
2012/12/3 下午 04:32:36	寄發信件到員工編號：10869     ->abby@arbor.com.tw	
2012/12/3 下午 04:32:37	寄發信件到員工編號：10870     ->navi@arbor.com.tw	
2012/12/3 下午 04:32:37	寄發信件到員工編號：10873     ->kenlee@arbor.com.tw	
2012/12/3 下午 04:32:37	寄發信件到員工編號：10899     ->linda@arbor.com.tw	
2012/12/3 下午 04:32:37	寄發信件到員工編號：10905     ->kevincsliu@arbor.com.tw	
2012/12/3 下午 04:32:37	寄發信件到員工編號：10947     ->nikky@arbor.com.tw	
2012/12/3 下午 04:32:37	寄發信件到員工編號：10965     ->jane@arbor.com.tw	
2012/12/3 下午 04:32:38	寄發信件到員工編號：10968     ->seantimia@arbor.com.tw	
2012/12/3 下午 04:32:38	寄發信件到員工編號：10969     ->alexho@arbor.com.tw	
2012/12/3 下午 04:32:38	寄發信件到員工編號：10977     ->kenny@arbor.com.tw	
2012/12/3 下午 04:32:38	寄發信件到員工編號：10980     ->geritt@arbor.com.tw	
2012/12/3 下午 04:32:38	寄發信件到員工編號：10486     ->jamie@arbor.com.tw	
2012/12/3 下午 04:33:28	開始程式	
2012/12/3 下午 04:33:28	寄發信件到員工編號：10342     ->doris@arbor.com.tw	
2012/12/3 下午 04:33:28	寄發信件到員工編號：10921     ->stanleysun@arbor.com.tw	
2012/12/3 下午 04:33:28	寄發信件到員工編號：10970     ->angela@arbor.com.tw	
2012/12/3 下午 04:33:28	寄發信件到員工編號：10110     ->Tracylin@arbor.com.tw	
2012/12/3 下午 04:33:28	寄發信件到員工編號：10492     ->cindy@arbor.com.tw	
2012/12/3 下午 04:33:28	寄發信件到員工編號：10611     ->mountain@arbor.com.tw	
2012/12/3 下午 04:33:28	寄發信件到員工編號：10908     ->benson@arbor.com.tw	
2012/12/3 下午 04:33:28	寄發信件到員工編號：10972     ->hubert@arbor.com.tw	
2012/12/3 下午 04:33:28	寄發信件到員工編號：10978     ->ken@arbor.com.tw	
2012/12/3 下午 04:33:28	寄發信件到員工編號：10755     ->amyyu@arbor.com.tw	
2012/12/3 下午 04:33:28	寄發信件到員工編號：10960     ->ted@arbor.com.tw	
2012/12/3 下午 04:33:28	寄發信件到員工編號：10028     ->Jasonlin@arbor.com.tw	
2012/12/3 下午 04:33:28	寄發信件到員工編號：10182     ->amos@arbor.com.tw	
2012/12/3 下午 04:33:28	寄發信件到員工編號：10237     ->randy@arbor.com.tw	
2012/12/3 下午 04:33:28	寄發信件到員工編號：10475     ->sunny@arbor.com.tw	
2012/12/3 下午 04:33:28	寄發信件到員工編號：10797     ->rogerhsiao@arbor.com.tw	
2012/12/3 下午 04:33:28	寄發信件到員工編號：10522     ->antonio@arbor.com.tw	
2012/12/3 下午 04:33:29	寄發信件到員工編號：10653     ->chris@arbor.com.tw	
2012/12/3 下午 04:33:29	寄發信件到員工編號：10668     ->shawn@arbor.com.tw	
2012/12/3 下午 04:33:29	寄發信件到員工編號：10792     ->tomchiou@arbor.com.tw	
2012/12/3 下午 04:33:29	寄發信件到員工編號：10890     ->erichsu@arbor.com.tw	
2012/12/3 下午 04:33:29	寄發信件到員工編號：10772     ->rank@arbor.com.tw	
2012/12/3 下午 04:33:29	寄發信件到員工編號：10601     ->barton@arbor.com.tw	
2012/12/3 下午 04:33:29	寄發信件到員工編號：10636     ->vince@arbor.com.tw	
2012/12/3 下午 04:33:29	寄發信件到員工編號：10654     ->nina@arbor.com.tw	
2012/12/3 下午 04:33:29	寄發信件到員工編號：10662     ->alex@arbor.com.tw	
2012/12/3 下午 04:33:29	寄發信件到員工編號：10916     ->rocky@arbor.com.tw	
2012/12/3 下午 04:33:29	寄發信件到員工編號：10569     ->mick@arbor.com.tw	
2012/12/3 下午 04:33:29	寄發信件到員工編號：10637     ->mosti@arbor.com.tw	
2012/12/3 下午 04:33:29	寄發信件到員工編號：10801     ->seanlin@arbor.com.tw	
2012/12/3 下午 04:33:29	寄發信件到員工編號：10567     ->danny@arbor.com.tw	
2012/12/3 下午 04:33:29	寄發信件到員工編號：10621     ->andy@arbor.com.tw	
2012/12/3 下午 04:33:29	寄發信件到員工編號：10827     ->salk@arbor.com.tw	
2012/12/3 下午 04:33:29	寄發信件到員工編號：10833     ->jeffreycheng@arbor.com.tw	
2012/12/3 下午 04:33:29	寄發信件到員工編號：10799     ->dshine@arbor.com.tw	
2012/12/3 下午 04:33:29	寄發信件到員工編號：10814     ->rayson@arbor.com.tw	
2012/12/3 下午 04:33:29	寄發信件到員工編號：10831     ->jerry@arbor.com.tw	
2012/12/3 下午 04:33:29	寄發信件到員工編號：10887     ->davidlin@arbor.com.tw	
2012/12/3 下午 04:33:29	寄發信件到員工編號：10907     ->johan@arbor.com.tw	
2012/12/3 下午 04:33:29	寄發信件到員工編號：10909     ->angus@arbor.com.tw	
2012/12/3 下午 04:33:29	寄發信件到員工編號：10962     ->spencer@arbor.com.tw	
2012/12/3 下午 04:33:29	寄發信件到員工編號：10474     ->jamescheng@arbor.com.tw	
2012/12/3 下午 04:33:29	寄發信件到員工編號：10937     ->jack@arbor.com.tw	
2012/12/3 下午 04:33:29	寄發信件到員工編號：10938     ->harryh@arbor.com.tw	
2012/12/3 下午 04:33:29	寄發信件到員工編號：10939     ->justin@arbor.com.tw	
2012/12/3 下午 04:33:29	寄發信件到員工編號：10215     ->jonda.hsieh@arbor.com.tw	
2012/12/3 下午 04:33:29	寄發信件到員工編號：10889     ->irishsu@arbor.com.tw	
2012/12/3 下午 04:33:29	寄發信件到員工編號：10897     ->mikechen@arbor.com.tw	
2012/12/3 下午 04:33:29	寄發信件到員工編號：10958     ->charlene@arbor.com.tw	
2012/12/3 下午 04:33:29	寄發信件到員工編號：10518     ->jesselai@arbor.com.tw	
2012/12/3 下午 04:33:29	寄發信件到員工編號：10861     ->barret@arbor.com.tw	
2012/12/3 下午 04:33:29	寄發信件到員工編號：10622     ->ning@arbor.com.tw	
2012/12/3 下午 04:33:29	寄發信件到員工編號：10666     ->patrick@arbor.com.tw	
2012/12/3 下午 04:33:29	寄發信件到員工編號：10841     ->vincentchuo@arbor.com.tw	
2012/12/3 下午 04:33:29	寄發信件到員工編號：10869     ->abby@arbor.com.tw	
2012/12/3 下午 04:33:29	寄發信件到員工編號：10870     ->navi@arbor.com.tw	
2012/12/3 下午 04:33:29	寄發信件到員工編號：10873     ->kenlee@arbor.com.tw	
2012/12/3 下午 04:33:29	寄發信件到員工編號：10899     ->linda@arbor.com.tw	
2012/12/3 下午 04:33:29	寄發信件到員工編號：10905     ->kevincsliu@arbor.com.tw	
2012/12/3 下午 04:33:29	寄發信件到員工編號：10947     ->nikky@arbor.com.tw	
2012/12/3 下午 04:33:29	寄發信件到員工編號：10965     ->jane@arbor.com.tw	
2012/12/3 下午 04:33:29	寄發信件到員工編號：10968     ->seantimia@arbor.com.tw	
2012/12/3 下午 04:33:29	寄發信件到員工編號：10969     ->alexho@arbor.com.tw	
2012/12/3 下午 04:33:29	寄發信件到員工編號：10977     ->kenny@arbor.com.tw	
2012/12/3 下午 04:33:29	寄發信件到員工編號：10980     ->geritt@arbor.com.tw	
2012/12/3 下午 04:33:29	寄發信件到員工編號：10486     ->jamie@arbor.com.tw	
2012/12/3 下午 04:33:29	寄發信件到員工編號：10589     ->allen@arbor.com.tw	
2012/12/3 下午 04:33:29	寄發信件到員工編號：10670     ->melody@arbor.com.tw	
2012/12/3 下午 04:33:29	寄發信件到員工編號：10823     ->su@arbor.com.tw	
2012/12/3 下午 04:33:29	寄發信件到員工編號：10829     ->chunelle@arbor.com.tw	
2012/12/3 下午 04:33:29	寄發信件到員工編號：10473     ->wesley@arbor.com.tw	
2012/12/3 下午 04:33:29	寄發信件到員工編號：10791     ->dylan@arbor.com.tw	
2012/12/3 下午 04:33:29	寄發信件到員工編號：10793     ->jeffrey@arbor.com.tw	
2012/12/3 下午 04:33:29	寄發信件到員工編號：10884     ->jasonlee@arbor.com.tw	
2012/12/3 下午 04:33:29	寄發信件到員工編號：10952     ->owen@arbor.com.tw	
2012/12/3 下午 04:33:29	寄發信件到員工編號：10967     ->jefferylin@arbor.com.tw	
2012/12/3 下午 04:33:29	寄發信件到員工編號：10438     ->rexliao@arbor.com.tw	
2012/12/3 下午 04:33:29	寄發信件到員工編號：10453     ->fish@arbor.com.tw	
2012/12/3 下午 04:33:29	寄發信件到員工編號：10605     ->alexhsieh@arbor.com.tw	
2012/12/3 下午 04:33:29	寄發信件到員工編號：10322     ->summer@arbor.com.tw	
2012/12/3 下午 04:33:29	寄發信件到員工編號：10418     ->jackson@arbor.com.tw	
2012/12/3 下午 04:33:29	寄發信件到員工編號：10456     ->leohsu@arbor.com.tw	
2012/12/3 下午 04:33:29	寄發信件到員工編號：10539     ->fox@arbor.com.tw	
2012/12/3 下午 04:33:29	寄發信件到員工編號：10863     ->victor@arbor.com.tw	
2012/12/3 下午 04:33:29	寄發信件到員工編號：10915     ->ysc123@arbor.com.tw	
2012/12/3 下午 04:33:29	寄發信件到員工編號：10923     ->rubylee@arbor.com.tw	
2012/12/3 下午 04:33:29	寄發信件到員工編號：10135     ->san@arbor.com.tw	
2012/12/3 下午 04:33:29	寄發信件到員工編號：10526     ->larry@arbor.com.tw	
2012/12/3 下午 04:33:29	寄發信件到員工編號：10534     ->kenchen@arbor.com.tw	
2012/12/3 下午 04:33:29	寄發信件到員工編號：10945     ->syman@arbor.com.tw	
2012/12/3 下午 04:33:29	寄發信件到員工編號：10981     ->julian@arbor.com.tw	
2012/12/3 下午 04:33:29	寄發信件到員工編號：10388     ->fredw@arbor.com.tw	
2012/12/3 下午 04:33:29	寄發信件到員工編號：10409     ->annechen@arbor.com.tw	
2012/12/3 下午 04:33:29	寄發信件到員工編號：10667     ->jesus@arbor.com.tw	
2012/12/3 下午 04:33:29	寄發信件到員工編號：10885     ->amoswu@arbor.com.tw	
2012/12/3 下午 04:33:29	寄發信件到員工編號：10935     ->eden@arbor.com.tw	
2012/12/3 下午 04:33:29	寄發信件到員工編號：10920     ->peterchen@arbor.com.tw	
2012/12/3 下午 04:33:29	寄發信件到員工編號：10026     ->yu@arbor.com.tw	
2012/12/3 下午 04:33:29	寄發信件到員工編號：10739     ->ray@arbor.com.tw	
2012/12/3 下午 04:33:29	寄發信件到員工編號：10767     ->yu@arbor.com.tw	
2012/12/3 下午 04:33:29	寄發信件到員工編號：10819     ->max@arbor.com.tw	
2012/12/3 下午 04:33:29	寄發信件到員工編號：10825     ->davidchen@arbor.com.tw	
2012/12/3 下午 04:33:29	寄發信件到員工編號：10837     ->yu@arbor.com.tw	
2012/12/3 下午 04:33:29	寄發信件到員工編號：10839     ->yu@arbor.com.tw	
2012/12/3 下午 04:33:29	寄發信件到員工編號：10842     ->yu@arbor.com.tw	
2012/12/3 下午 04:33:29	寄發信件到員工編號：10845     ->yu@arbor.com.tw	
2012/12/3 下午 04:33:29	寄發信件到員工編號：10846     ->yu@arbor.com.tw	
2012/12/3 下午 04:33:29	寄發信件到員工編號：10906     ->yu@arbor.com.tw	
2012/12/3 下午 04:33:29	寄發信件到員工編號：10910     ->yu@arbor.com.tw	
2012/12/3 下午 04:33:29	寄發信件到員工編號：10911     ->yu@arbor.com.tw	
2012/12/3 下午 04:33:29	寄發信件到員工編號：10918     ->yu@arbor.com.tw	
2012/12/3 下午 04:33:29	寄發信件到員工編號：10919     ->yu@arbor.com.tw	
2012/12/3 下午 04:33:29	寄發信件到員工編號：10922     ->yu@arbor.com.tw	
2012/12/3 下午 04:33:29	寄發信件到員工編號：10924     ->yu@arbor.com.tw	
2012/12/3 下午 04:33:29	寄發信件到員工編號：10925     ->yu@arbor.com.tw	
2012/12/3 下午 04:33:29	寄發信件到員工編號：10928     ->yu@arbor.com.tw	
2012/12/3 下午 04:33:29	寄發信件到員工編號：10929     ->yu@arbor.com.tw	
2012/12/3 下午 04:33:29	寄發信件到員工編號：10943     ->yu@arbor.com.tw	
2012/12/3 下午 04:33:29	寄發信件到員工編號：10949     ->yu@arbor.com.tw	
2012/12/3 下午 04:33:29	寄發信件到員工編號：10957     ->arvin@arbor.com.tw	
2012/12/3 下午 04:33:29	寄發信件到員工編號：10963     ->yu@arbor.com.tw	
2012/12/3 下午 04:33:29	寄發信件到員工編號：10964     ->yu@arbor.com.tw	
2012/12/3 下午 04:33:29	寄發信件到員工編號：A0001     ->yu@arbor.com.tw	
2012/12/3 下午 04:33:29	寄發信件到員工編號：A0002     ->yu@arbor.com.tw	
2012/12/3 下午 04:33:29	寄發信件到員工編號：A0003     ->yu@arbor.com.tw	
2012/12/3 下午 04:33:29	寄發信件到員工編號：A0004     ->yu@arbor.com.tw	
2012/12/3 下午 04:33:29	寄發信件到員工編號：A0005     ->yu@arbor.com.tw	
2012/12/3 下午 04:33:29	寄發信件到員工編號：A0006     ->yu@arbor.com.tw	
2012/12/3 下午 04:33:29	寄發信件到員工編號：A0007     ->yu@arbor.com.tw	
2012/12/3 下午 04:33:29	寄發信件到員工編號：10900     ->andychou@arbor.com.tw	
2012/12/3 下午 04:33:29	寄發信件到員工編號：10976     ->anitalai@arbor.com.tw	
2012/12/3 下午 04:33:29	寄發信件到員工編號：10649     ->vicky@arbor.com.tw	
2012/12/3 下午 04:33:29	寄發信件到員工編號：10794     ->odyssey@arbor.com.tw	
2012/12/3 下午 04:33:29	寄發信件到員工編號：10796     ->clarkchang@arbor.com.tw	
2012/12/3 下午 04:33:29	寄發信件到員工編號：10871     ->dannyyu@arbor.com.tw	
2012/12/3 下午 04:33:29	寄發信件到員工編號：10966     ->chialun@arbor.com.tw	
2012/12/3 下午 04:33:29	寄發信件到員工編號：10435     ->winson@arbor.com.tw	
2012/12/3 下午 04:33:29	寄發信件到員工編號：10761     ->nick@arbor.com.tw	
2012/12/3 下午 04:33:29	寄發信件到員工編號：10903     ->summerchiang@arbor.com.tw	
2012/12/3 下午 04:33:29	寄發信件到員工編號：10904     ->bob@arbor.com.tw	
2012/12/3 下午 04:33:29	寄發信件到員工編號：10931     ->reg@arbor.com.tw	
2012/12/3 下午 04:33:29	寄發信件到員工編號：10633     ->ivyyang@arbor.com.tw	
2012/12/3 下午 04:33:29	寄發信件到員工編號：10860     ->maria@arbor.com.tw	
2012/12/3 下午 04:33:29	寄發信件到員工編號：10697     ->barry@arbor.com.tw	
2012/12/3 下午 04:33:29	寄發信件到員工編號：10853     ->adrienne@arbor.com.tw	
2012/12/3 下午 04:33:29	寄發信件到員工編號：10901     ->sindy@arbor.com.tw	
2012/12/3 下午 04:33:29	寄發信件到員工編號：10946     ->lillian@arbor.com.tw	
2012/12/3 下午 04:33:29	寄發信件到員工編號：10959     ->emi@arbor.com.tw	
2012/12/3 下午 04:33:29	寄發信件到員工編號：10740     ->simon@arbor.com.tw	
2012/12/3 下午 04:33:29	寄發信件到員工編號：10974     ->janice@arbor.com.tw	
2012/12/3 下午 04:33:29	寄發信件到員工編號：10848     ->thomas@arbor.com.tw	
2012/12/3 下午 04:33:29	寄發信件到員工編號：10394     ->sandy@arbor.com.tw	
2012/12/3 下午 04:33:29	寄發信件到員工編號：10876     ->samliu@arbor.com.tw	
2012/12/3 下午 04:33:29	寄發信件到員工編號：10954     ->luffy@arbor.com.tw	
2012/12/3 下午 04:33:29	寄發信件到員工編號：10973     ->lindakuo@arbor.com.tw	
2012/12/3 下午 04:33:29	寄發信件到員工編號：10690     ->pope@arbor.com.tw	
2012/12/3 下午 04:33:29	寄發信件到員工編號：10708     ->roger@arbor.com.tw	
2012/12/3 下午 04:33:29	寄發信件到員工編號：10754     ->mike@arbor.com.tw	
2012/12/3 下午 04:33:29	寄發信件到員工編號：10779     ->hardy@arbor.com.tw	
2012/12/3 下午 04:33:29	寄發信件到員工編號：10843     ->wallace@arbor.com.tw	
2012/12/3 下午 04:33:29	寄發信件到員工編號：10950     ->henryyang79@arbor.com.tw	
2012/12/3 下午 04:33:29	寄發信件到員工編號：18038     ->roger@arbor.com.tw	
2012/12/3 下午 04:33:29	寄發信件到員工編號：10202     ->dabby@arbor.com.tw	
2012/12/3 下午 04:33:29	寄發信件到員工編號：10596     ->wendy@arbor.com.tw	
2012/12/3 下午 04:33:29	寄發信件到員工編號：10603     ->mindy@arbor.com.tw	
2012/12/3 下午 04:33:29	寄發信件到員工編號：10659     ->joan@arbor.com.tw	
2012/12/3 下午 04:33:29	寄發信件到員工編號：10580     ->may@arbor.com.tw	
2012/12/3 下午 04:33:29	寄發信件到員工編號：10867     ->lulu@arbor.com.tw	
2012/12/3 下午 04:33:29	寄發信件到員工編號：10893     ->danielkao@arbor.com.tw	
2012/12/3 下午 04:33:29	寄發信件到員工編號：10936     ->monica@arbor.com.tw	
2012/12/3 下午 04:33:29	寄發信件到員工編號：10944     ->milly@arbor.com.tw	
2012/12/3 下午 04:33:29	寄發信件到員工編號：19045     ->yihuichen@arbor.com.tw	
2012/12/3 下午 04:33:29	寄發信件到員工編號：10343     ->adonis@arbor.com.tw	
2012/12/3 下午 04:33:30	寄發信件到員工編號：10516     ->sam@arbor.com.tw	
2012/12/3 下午 04:33:30	寄發信件到員工編號：10529     ->amy@arbor.com.tw	
2012/12/3 下午 04:33:30	寄發信件到員工編號：10896     ->maxwang@arbor.com.tw	
2012/12/3 下午 04:33:30	寄發信件到員工編號：10262     ->kevinhuang@arbor.com.tw	
2012/12/3 下午 04:33:30	寄發信件到員工編號：10657     ->andrew@arbor.com.tw	
2012/12/3 下午 04:33:30	寄發信件到員工編號：10786     ->alison@arbor.com.tw	
2012/12/3 下午 04:33:30	寄發信件到員工編號：10895     ->misty@arbor.com.tw	
2012/12/3 下午 04:33:30	寄發信件到員工編號：10302     ->christine@arbor.com.tw	
2012/12/3 下午 04:33:30	寄發信件到員工編號：10835     ->amanda@arbor.com.tw	
2012/12/3 下午 04:33:30	寄發信件到員工編號：10515     ->jenny@arbor.com.tw	
2012/12/3 下午 04:33:30	寄發信件到員工編號：10638     ->ivan@arbor.com.tw	
2012/12/3 下午 04:33:30	寄發信件到員工編號：10783     ->natasha@arbor.com.tw	
2012/12/3 下午 04:33:30	寄發信件到員工編號：10934     ->michelle@arbor.com.tw	
2012/12/3 下午 04:33:30	寄發信件到員工編號：10971     ->sharonhuang@arbor.com.tw	
2012/12/3 下午 04:33:30	寄發信件到員工編號：10362     ->kei@arbor.com.tw	
2012/12/3 下午 04:33:30	寄發信件到員工編號：10975     ->perry@arbor.com.tw	
2012/12/3 下午 04:33:30	寄發信件到員工編號：10687     ->anthony@arbor.com.tw	
2012/12/3 下午 04:33:30	寄發信件到員工編號：10716     ->changaaron@arbor.com.tw	
2012/12/3 下午 04:33:30	寄發信件到員工編號：10826     ->tracer@arbor.com.tw	
2012/12/3 下午 04:33:30	寄發信件到員工編號：10579     ->nathan@arbor.com.tw	
2012/12/3 下午 04:33:30	寄發信件到員工編號：10163     ->sherry@arbor.com.tw	
2012/12/3 下午 04:33:30	寄發信件到員工編號：10587     ->joyce@arbor.com.tw	
2012/12/3 下午 04:33:30	寄發信件到員工編號：10681     ->novia@arbor.com.tw	
2012/12/3 下午 04:33:30	寄發信件到員工編號：10682     ->tina@arbor.com.tw	
2012/12/3 下午 04:33:30	寄發信件到員工編號：10926     ->morris@arbor.com.tw	
2012/12/3 下午 04:33:30	寄發信件到員工編號：10941     ->seanchen@arbor.com.tw	
2012/12/3 下午 04:33:30	寄發信件到員工編號：10979     ->tedcho@arbor.com.tw	
