2011/5/30 Wと 09:36:04	}l{Α	
2011/5/30 Wと 09:36:05	挡舻{Α	
2011/5/30 Wと 09:36:32	}l{Α	
2011/5/30 Wと 10:01:50	}l{Α	
2011/5/30 Wと 10:05:36	}l{Α	
2011/5/30 Wと 10:11:40	}l{Α	
2011/5/30 Wと 10:33:37	}l{Α	
2011/5/30 Wと 10:34:10	say@jbjob.com.tw	Lkq肚块s钡弄戈: net_io_connectionclosedC
    System.Net.Mail.SmtpReplyReaderFactory.ProcessRead(Byte[] buffer, Int32 offset, Int32 read, Boolean readLine)
    System.Net.Mail.SmtpReplyReaderFactory.ReadLines(SmtpReplyReader caller, Boolean oneLine)
    System.Net.Mail.SmtpReplyReaderFactory.ReadLine(SmtpReplyReader caller)
    System.Net.Mail.CheckCommand.Send(SmtpConnection conn, String& response)
    System.Net.Mail.MailCommand.Send(SmtpConnection conn, Byte[] command, String from)
    System.Net.Mail.SmtpTransport.SendMail(MailAddress sender, MailAddressCollection recipients, String deliveryNotify, SmtpFailedRecipientException& exception)
    System.Net.Mail.SmtpClient.Send(MailMessage message)
2011/5/30 Wと 10:34:10	HoHン臁GセHAaron.Chuang@sunriseglobalsolar.com                          ┪场:ming                                                        	
2011/5/30 Wと 10:36:23	}l{Α	
2011/5/30 Wと 10:36:44	}l{Α	
2011/5/30 Wと 10:36:53	}l{Α	
2011/5/30 Wと 10:37:34	}l{Α	
2011/5/30 Wと 10:37:41	}l{Α	
2011/5/30 Wと 11:07:28	}l{Α	
2011/5/30 Wと 11:07:31	HoHン臁GセHAaron.Chuang@sunriseglobalsolar.com                          ┪场:ming                                                        	
2011/5/30 Wと 11:07:41	HoHン臁GセHRuby.Huang@sunriseglobalsolar.com                            ┪场:billy.yu@sunriseglogalsor.com                               	
2011/5/30 Wと 11:07:42	HoHン臁GセH                                                             ┪场:billy.yu@sunriseglogalsor.com                               	
2011/5/30 Wと 11:07:43	HoHン臁GセH                                                             ┪场:billy.yu@sunriseglogalsor.com                               	
2011/5/30 Wと 11:07:43	HoHン臁GセH                                                             ┪场:billy.yu@sunriseglogalsor.com                               	
2011/5/30 Wと 11:07:44	HoHン臁GセHHawk.Lin@sunriseglobalsolar.com                              ┪场:billy.yu@sunriseglogalsor.com                               	
2011/5/30 Wと 11:09:03	}l{Α	
2011/5/30 Wと 11:09:06	HoHン臁GセHAaron.Chuang@sunriseglobalsolar.com                          ┪场:ming                                                        	
2011/5/30 Wと 11:09:07	HoHン臁GセHRuby.Huang@sunriseglobalsolar.com                            ┪场:billy.yu@sunriseglogalsor.com                               	
2011/5/30 Wと 11:20:01	}l{Α	
2011/5/30 Wと 11:20:27	HoHン飙us腹GA00064     Aaron.Chuang@sunriseglobalsolar.com                          ┪场:ming                                                        	
2011/5/30 Wと 11:34:33	}l{Α	
2011/5/30 Wと 11:34:36	HoHン飙us腹GA00064    ->Aaron.Chuang@sunriseglobalsolar.com                          ┪场:ming                                                        	
2011/5/30 Wと 11:40:16	}l{Α	
2011/5/30 Wと 11:40:42	}l{Α	
2011/5/30 Wと 11:43:11	}l{Α	
2011/5/30 Wと 11:43:46	}l{Α	
2011/5/30 Wと 11:44:37	}l{Α	
2011/5/30 Wと 11:46:07	}l{Α	
2011/5/30 Wと 11:46:34	}l{Α	
2011/5/30 Wと 11:46:35	挡舻{Α	
2011/5/30 Wと 11:47:04	}l{Α	
2011/5/30 Wと 11:50:22	}l{Α	
2011/5/30 Wと 11:54:16	}l{Α	
2011/5/30 Wと 11:54:21		r辚汲Q侩{唉钞莫 BooleanC
    System.Boolean.Parse(String value)
    waferattend.SendAttend.SendMail(String to, String subject, String body)  D:\c#.net\Sunrise\SunrisehrsendAttend\SendAttend.cs:  420
    waferattend.SendAttend.DoSend()  D:\c#.net\Sunrise\SunrisehrsendAttend\SendAttend.cs:  356
2011/5/30 Wと 11:57:15	}l{Α	
2011/5/30 Wと 11:57:57	}l{Α	
2011/5/30 Wと 11:58:02		r辚汲Q侩{唉钞莫 BooleanC
    System.Boolean.Parse(String value)
    System.Convert.ToBoolean(String value)
    waferattend.SendAttend.SendMail(String to, String subject, String body)  D:\c#.net\Sunrise\SunrisehrsendAttend\SendAttend.cs:  420
    waferattend.SendAttend.DoSend()  D:\c#.net\Sunrise\SunrisehrsendAttend\SendAttend.cs:  356
2011/5/30 Wと 11:58:53	}l{Α	
2011/5/30 Uと 12:00:24	}l{Α	
