2013/5/6 下午 01:45:55	開始程式	
2013/5/6 下午 01:45:55		ConnectionString 屬性尚未初始化。
   於 System.Data.SqlClient.SqlConnection.PermissionDemand()
   於 System.Data.SqlClient.SqlConnectionFactory.PermissionDemand(DbConnection outerConnection)
   於 System.Data.ProviderBase.DbConnectionClosed.OpenConnection(DbConnection outerConnection, DbConnectionFactory connectionFactory)
   於 System.Data.SqlClient.SqlConnection.Open()
   於 System.Data.Common.DbDataAdapter.FillInternal(DataSet dataset, DataTable[] datatables, Int32 startRecord, Int32 maxRecords, String srcTable, IDbCommand command, CommandBehavior behavior)
   於 System.Data.Common.DbDataAdapter.Fill(DataTable[] dataTables, Int32 startRecord, Int32 maxRecords, IDbCommand command, CommandBehavior behavior)
   於 System.Data.Common.DbDataAdapter.Fill(DataTable dataTable)
   於 waferattend.SendAttend.DoSend() 於 D:\SVNJBHRProject\Customer\SCHMID\工具程式\SchmidSendAttend\SendAttend.cs: 行 69
2013/5/6 下午 01:45:55	結束程式	
2013/5/6 下午 01:46:19	開始程式	
2013/5/6 下午 01:46:19		ConnectionString 屬性尚未初始化。
   於 System.Data.SqlClient.SqlConnection.PermissionDemand()
   於 System.Data.SqlClient.SqlConnectionFactory.PermissionDemand(DbConnection outerConnection)
   於 System.Data.ProviderBase.DbConnectionClosed.OpenConnection(DbConnection outerConnection, DbConnectionFactory connectionFactory)
   於 System.Data.SqlClient.SqlConnection.Open()
   於 System.Data.Common.DbDataAdapter.FillInternal(DataSet dataset, DataTable[] datatables, Int32 startRecord, Int32 maxRecords, String srcTable, IDbCommand command, CommandBehavior behavior)
   於 System.Data.Common.DbDataAdapter.Fill(DataTable[] dataTables, Int32 startRecord, Int32 maxRecords, IDbCommand command, CommandBehavior behavior)
   於 System.Data.Common.DbDataAdapter.Fill(DataTable dataTable)
   於 waferattend.SendAttend.DoSend() 於 D:\SVNJBHRProject\Customer\SCHMID\工具程式\SchmidSendAttend\SendAttend.cs: 行 69
2013/5/6 下午 01:46:19	結束程式	
2013/5/6 下午 01:50:16	開始程式	
2013/5/6 下午 01:50:17		使用者 'jb' 的登入失敗。
   於 System.Data.SqlClient.SqlInternalConnection.OnError(SqlException exception, Boolean breakConnection)
   於 System.Data.SqlClient.TdsParser.ThrowExceptionAndWarning()
   於 System.Data.SqlClient.TdsParser.Run(RunBehavior runBehavior, SqlCommand cmdHandler, SqlDataReader dataStream, BulkCopySimpleResultSet bulkCopyHandler, TdsParserStateObject stateObj)
   於 System.Data.SqlClient.SqlInternalConnectionTds.CompleteLogin(Boolean enlistOK)
   於 System.Data.SqlClient.SqlInternalConnectionTds.AttemptOneLogin(ServerInfo serverInfo, String newPassword, Boolean ignoreSniOpenTimeout, TimeoutTimer timeout, SqlConnection owningObject)
   於 System.Data.SqlClient.SqlInternalConnectionTds.LoginNoFailover(ServerInfo serverInfo, String newPassword, Boolean redirectedUserInstance, SqlConnection owningObject, SqlConnectionString connectionOptions, TimeoutTimer timeout)
   於 System.Data.SqlClient.SqlInternalConnectionTds.OpenLoginEnlist(SqlConnection owningObject, TimeoutTimer timeout, SqlConnectionString connectionOptions, String newPassword, Boolean redirectedUserInstance)
   於 System.Data.SqlClient.SqlInternalConnectionTds..ctor(DbConnectionPoolIdentity identity, SqlConnectionString connectionOptions, Object providerInfo, String newPassword, SqlConnection owningObject, Boolean redirectedUserInstance)
   於 System.Data.SqlClient.SqlConnectionFactory.CreateConnection(DbConnectionOptions options, Object poolGroupProviderInfo, DbConnectionPool pool, DbConnection owningConnection)
   於 System.Data.ProviderBase.DbConnectionFactory.CreatePooledConnection(DbConnection owningConnection, DbConnectionPool pool, DbConnectionOptions options)
   於 System.Data.ProviderBase.DbConnectionPool.CreateObject(DbConnection owningObject)
   於 System.Data.ProviderBase.DbConnectionPool.UserCreateRequest(DbConnection owningObject)
   於 System.Data.ProviderBase.DbConnectionPool.GetConnection(DbConnection owningObject)
   於 System.Data.ProviderBase.DbConnectionFactory.GetConnection(DbConnection owningConnection)
   於 System.Data.ProviderBase.DbConnectionClosed.OpenConnection(DbConnection outerConnection, DbConnectionFactory connectionFactory)
   於 System.Data.SqlClient.SqlConnection.Open()
   於 System.Data.Common.DbDataAdapter.FillInternal(DataSet dataset, DataTable[] datatables, Int32 startRecord, Int32 maxRecords, String srcTable, IDbCommand command, CommandBehavior behavior)
   於 System.Data.Common.DbDataAdapter.Fill(DataTable[] dataTables, Int32 startRecord, Int32 maxRecords, IDbCommand command, CommandBehavior behavior)
   於 System.Data.Common.DbDataAdapter.Fill(DataTable dataTable)
   於 waferattend.SendAttend.DoSend() 於 D:\SVNJBHRProject\Customer\SCHMID\工具程式\SchmidSendAttend\SendAttend.cs: 行 69
2013/5/6 下午 01:50:17	結束程式	
2013/5/6 下午 01:50:35	開始程式	
2013/5/6 下午 01:52:01	開始程式	
2013/5/6 下午 01:54:02	開始程式	
2013/5/6 下午 01:54:43		資料行 'name_c' 不屬於資料表 。
   於 System.Data.DataRow.GetDataColumn(String columnName)
   於 System.Data.DataRow.get_Item(String columnName)
   於 waferattend.SendAttend.DoSend() 於 D:\SVNJBHRProject\Customer\SCHMID\工具程式\SchmidSendAttend\SendAttend.cs: 行 324
2013/5/6 下午 01:54:43		資料行 'name_c' 不屬於資料表 。
   於 System.Data.DataRow.GetDataColumn(String columnName)
   於 System.Data.DataRow.get_Item(String columnName)
   於 waferattend.SendAttend.DoSend() 於 D:\SVNJBHRProject\Customer\SCHMID\工具程式\SchmidSendAttend\SendAttend.cs: 行 324
2013/5/6 下午 01:54:43		資料行 'name_c' 不屬於資料表 。
   於 System.Data.DataRow.GetDataColumn(String columnName)
   於 System.Data.DataRow.get_Item(String columnName)
   於 waferattend.SendAttend.DoSend() 於 D:\SVNJBHRProject\Customer\SCHMID\工具程式\SchmidSendAttend\SendAttend.cs: 行 324
2013/5/6 下午 01:54:44		資料行 'name_c' 不屬於資料表 。
   於 System.Data.DataRow.GetDataColumn(String columnName)
   於 System.Data.DataRow.get_Item(String columnName)
   於 waferattend.SendAttend.DoSend() 於 D:\SVNJBHRProject\Customer\SCHMID\工具程式\SchmidSendAttend\SendAttend.cs: 行 324
2013/5/6 下午 01:54:44		資料行 'name_c' 不屬於資料表 。
   於 System.Data.DataRow.GetDataColumn(String columnName)
   於 System.Data.DataRow.get_Item(String columnName)
   於 waferattend.SendAttend.DoSend() 於 D:\SVNJBHRProject\Customer\SCHMID\工具程式\SchmidSendAttend\SendAttend.cs: 行 324
2013/5/6 下午 01:54:44		資料行 'name_c' 不屬於資料表 。
   於 System.Data.DataRow.GetDataColumn(String columnName)
   於 System.Data.DataRow.get_Item(String columnName)
   於 waferattend.SendAttend.DoSend() 於 D:\SVNJBHRProject\Customer\SCHMID\工具程式\SchmidSendAttend\SendAttend.cs: 行 324
2013/5/6 下午 01:54:44		資料行 'name_c' 不屬於資料表 。
   於 System.Data.DataRow.GetDataColumn(String columnName)
   於 System.Data.DataRow.get_Item(String columnName)
   於 waferattend.SendAttend.DoSend() 於 D:\SVNJBHRProject\Customer\SCHMID\工具程式\SchmidSendAttend\SendAttend.cs: 行 324
2013/5/6 下午 01:54:44		資料行 'name_c' 不屬於資料表 。
   於 System.Data.DataRow.GetDataColumn(String columnName)
   於 System.Data.DataRow.get_Item(String columnName)
   於 waferattend.SendAttend.DoSend() 於 D:\SVNJBHRProject\Customer\SCHMID\工具程式\SchmidSendAttend\SendAttend.cs: 行 324
2013/5/6 下午 01:54:44		資料行 'name_c' 不屬於資料表 。
   於 System.Data.DataRow.GetDataColumn(String columnName)
   於 System.Data.DataRow.get_Item(String columnName)
   於 waferattend.SendAttend.DoSend() 於 D:\SVNJBHRProject\Customer\SCHMID\工具程式\SchmidSendAttend\SendAttend.cs: 行 324
2013/5/6 下午 01:54:44		資料行 'name_c' 不屬於資料表 。
   於 System.Data.DataRow.GetDataColumn(String columnName)
   於 System.Data.DataRow.get_Item(String columnName)
   於 waferattend.SendAttend.DoSend() 於 D:\SVNJBHRProject\Customer\SCHMID\工具程式\SchmidSendAttend\SendAttend.cs: 行 324
2013/5/6 下午 01:54:44		資料行 'name_c' 不屬於資料表 。
   於 System.Data.DataRow.GetDataColumn(String columnName)
   於 System.Data.DataRow.get_Item(String columnName)
   於 waferattend.SendAttend.DoSend() 於 D:\SVNJBHRProject\Customer\SCHMID\工具程式\SchmidSendAttend\SendAttend.cs: 行 324
2013/5/6 下午 01:54:44		資料行 'name_c' 不屬於資料表 。
   於 System.Data.DataRow.GetDataColumn(String columnName)
   於 System.Data.DataRow.get_Item(String columnName)
   於 waferattend.SendAttend.DoSend() 於 D:\SVNJBHRProject\Customer\SCHMID\工具程式\SchmidSendAttend\SendAttend.cs: 行 324
2013/5/6 下午 01:54:44		資料行 'name_c' 不屬於資料表 。
   於 System.Data.DataRow.GetDataColumn(String columnName)
   於 System.Data.DataRow.get_Item(String columnName)
   於 waferattend.SendAttend.DoSend() 於 D:\SVNJBHRProject\Customer\SCHMID\工具程式\SchmidSendAttend\SendAttend.cs: 行 324
2013/5/6 下午 01:54:44		資料行 'name_c' 不屬於資料表 。
   於 System.Data.DataRow.GetDataColumn(String columnName)
   於 System.Data.DataRow.get_Item(String columnName)
   於 waferattend.SendAttend.DoSend() 於 D:\SVNJBHRProject\Customer\SCHMID\工具程式\SchmidSendAttend\SendAttend.cs: 行 324
2013/5/6 下午 01:54:44		資料行 'name_c' 不屬於資料表 。
   於 System.Data.DataRow.GetDataColumn(String columnName)
   於 System.Data.DataRow.get_Item(String columnName)
   於 waferattend.SendAttend.DoSend() 於 D:\SVNJBHRProject\Customer\SCHMID\工具程式\SchmidSendAttend\SendAttend.cs: 行 324
2013/5/6 下午 01:54:44		資料行 'name_c' 不屬於資料表 。
   於 System.Data.DataRow.GetDataColumn(String columnName)
   於 System.Data.DataRow.get_Item(String columnName)
   於 waferattend.SendAttend.DoSend() 於 D:\SVNJBHRProject\Customer\SCHMID\工具程式\SchmidSendAttend\SendAttend.cs: 行 324
2013/5/6 下午 01:54:44		資料行 'name_c' 不屬於資料表 。
   於 System.Data.DataRow.GetDataColumn(String columnName)
   於 System.Data.DataRow.get_Item(String columnName)
   於 waferattend.SendAttend.DoSend() 於 D:\SVNJBHRProject\Customer\SCHMID\工具程式\SchmidSendAttend\SendAttend.cs: 行 324
2013/5/6 下午 01:54:44		資料行 'name_c' 不屬於資料表 。
   於 System.Data.DataRow.GetDataColumn(String columnName)
   於 System.Data.DataRow.get_Item(String columnName)
   於 waferattend.SendAttend.DoSend() 於 D:\SVNJBHRProject\Customer\SCHMID\工具程式\SchmidSendAttend\SendAttend.cs: 行 324
2013/5/6 下午 01:54:44		資料行 'name_c' 不屬於資料表 。
   於 System.Data.DataRow.GetDataColumn(String columnName)
   於 System.Data.DataRow.get_Item(String columnName)
   於 waferattend.SendAttend.DoSend() 於 D:\SVNJBHRProject\Customer\SCHMID\工具程式\SchmidSendAttend\SendAttend.cs: 行 324
2013/5/6 下午 01:54:45		資料行 'name_c' 不屬於資料表 。
   於 System.Data.DataRow.GetDataColumn(String columnName)
   於 System.Data.DataRow.get_Item(String columnName)
   於 waferattend.SendAttend.DoSend() 於 D:\SVNJBHRProject\Customer\SCHMID\工具程式\SchmidSendAttend\SendAttend.cs: 行 324
2013/5/6 下午 01:54:45		資料行 'name_c' 不屬於資料表 。
   於 System.Data.DataRow.GetDataColumn(String columnName)
   於 System.Data.DataRow.get_Item(String columnName)
   於 waferattend.SendAttend.DoSend() 於 D:\SVNJBHRProject\Customer\SCHMID\工具程式\SchmidSendAttend\SendAttend.cs: 行 324
2013/5/6 下午 01:54:45		資料行 'name_c' 不屬於資料表 。
   於 System.Data.DataRow.GetDataColumn(String columnName)
   於 System.Data.DataRow.get_Item(String columnName)
   於 waferattend.SendAttend.DoSend() 於 D:\SVNJBHRProject\Customer\SCHMID\工具程式\SchmidSendAttend\SendAttend.cs: 行 324
2013/5/6 下午 01:54:45		資料行 'name_c' 不屬於資料表 。
   於 System.Data.DataRow.GetDataColumn(String columnName)
   於 System.Data.DataRow.get_Item(String columnName)
   於 waferattend.SendAttend.DoSend() 於 D:\SVNJBHRProject\Customer\SCHMID\工具程式\SchmidSendAttend\SendAttend.cs: 行 324
2013/5/6 下午 01:54:45		資料行 'name_c' 不屬於資料表 。
   於 System.Data.DataRow.GetDataColumn(String columnName)
   於 System.Data.DataRow.get_Item(String columnName)
   於 waferattend.SendAttend.DoSend() 於 D:\SVNJBHRProject\Customer\SCHMID\工具程式\SchmidSendAttend\SendAttend.cs: 行 324
2013/5/6 下午 01:54:45		資料行 'name_c' 不屬於資料表 。
   於 System.Data.DataRow.GetDataColumn(String columnName)
   於 System.Data.DataRow.get_Item(String columnName)
   於 waferattend.SendAttend.DoSend() 於 D:\SVNJBHRProject\Customer\SCHMID\工具程式\SchmidSendAttend\SendAttend.cs: 行 324
2013/5/6 下午 01:54:45		資料行 'name_c' 不屬於資料表 。
   於 System.Data.DataRow.GetDataColumn(String columnName)
   於 System.Data.DataRow.get_Item(String columnName)
   於 waferattend.SendAttend.DoSend() 於 D:\SVNJBHRProject\Customer\SCHMID\工具程式\SchmidSendAttend\SendAttend.cs: 行 324
2013/5/6 下午 01:54:45		資料行 'name_c' 不屬於資料表 。
   於 System.Data.DataRow.GetDataColumn(String columnName)
   於 System.Data.DataRow.get_Item(String columnName)
   於 waferattend.SendAttend.DoSend() 於 D:\SVNJBHRProject\Customer\SCHMID\工具程式\SchmidSendAttend\SendAttend.cs: 行 324
2013/5/6 下午 01:54:45		資料行 'name_c' 不屬於資料表 。
   於 System.Data.DataRow.GetDataColumn(String columnName)
   於 System.Data.DataRow.get_Item(String columnName)
   於 waferattend.SendAttend.DoSend() 於 D:\SVNJBHRProject\Customer\SCHMID\工具程式\SchmidSendAttend\SendAttend.cs: 行 324
2013/5/6 下午 01:54:45		資料行 'name_c' 不屬於資料表 。
   於 System.Data.DataRow.GetDataColumn(String columnName)
   於 System.Data.DataRow.get_Item(String columnName)
   於 waferattend.SendAttend.DoSend() 於 D:\SVNJBHRProject\Customer\SCHMID\工具程式\SchmidSendAttend\SendAttend.cs: 行 324
2013/5/6 下午 01:54:45		資料行 'name_c' 不屬於資料表 。
   於 System.Data.DataRow.GetDataColumn(String columnName)
   於 System.Data.DataRow.get_Item(String columnName)
   於 waferattend.SendAttend.DoSend() 於 D:\SVNJBHRProject\Customer\SCHMID\工具程式\SchmidSendAttend\SendAttend.cs: 行 324
2013/5/6 下午 01:54:45		資料行 'name_c' 不屬於資料表 。
   於 System.Data.DataRow.GetDataColumn(String columnName)
   於 System.Data.DataRow.get_Item(String columnName)
   於 waferattend.SendAttend.DoSend() 於 D:\SVNJBHRProject\Customer\SCHMID\工具程式\SchmidSendAttend\SendAttend.cs: 行 324
2013/5/6 下午 01:54:45		資料行 'name_c' 不屬於資料表 。
   於 System.Data.DataRow.GetDataColumn(String columnName)
   於 System.Data.DataRow.get_Item(String columnName)
   於 waferattend.SendAttend.DoSend() 於 D:\SVNJBHRProject\Customer\SCHMID\工具程式\SchmidSendAttend\SendAttend.cs: 行 324
2013/5/6 下午 01:54:45		資料行 'name_c' 不屬於資料表 。
   於 System.Data.DataRow.GetDataColumn(String columnName)
   於 System.Data.DataRow.get_Item(String columnName)
   於 waferattend.SendAttend.DoSend() 於 D:\SVNJBHRProject\Customer\SCHMID\工具程式\SchmidSendAttend\SendAttend.cs: 行 324
2013/5/6 下午 01:54:45		資料行 'name_c' 不屬於資料表 。
   於 System.Data.DataRow.GetDataColumn(String columnName)
   於 System.Data.DataRow.get_Item(String columnName)
   於 waferattend.SendAttend.DoSend() 於 D:\SVNJBHRProject\Customer\SCHMID\工具程式\SchmidSendAttend\SendAttend.cs: 行 324
2013/5/6 下午 01:54:45		資料行 'name_c' 不屬於資料表 。
   於 System.Data.DataRow.GetDataColumn(String columnName)
   於 System.Data.DataRow.get_Item(String columnName)
   於 waferattend.SendAttend.DoSend() 於 D:\SVNJBHRProject\Customer\SCHMID\工具程式\SchmidSendAttend\SendAttend.cs: 行 324
2013/5/6 下午 01:54:46		資料行 'name_c' 不屬於資料表 。
   於 System.Data.DataRow.GetDataColumn(String columnName)
   於 System.Data.DataRow.get_Item(String columnName)
   於 waferattend.SendAttend.DoSend() 於 D:\SVNJBHRProject\Customer\SCHMID\工具程式\SchmidSendAttend\SendAttend.cs: 行 324
2013/5/6 下午 01:54:46		資料行 'name_c' 不屬於資料表 。
   於 System.Data.DataRow.GetDataColumn(String columnName)
   於 System.Data.DataRow.get_Item(String columnName)
   於 waferattend.SendAttend.DoSend() 於 D:\SVNJBHRProject\Customer\SCHMID\工具程式\SchmidSendAttend\SendAttend.cs: 行 324
2013/5/6 下午 01:54:46		資料行 'name_c' 不屬於資料表 。
   於 System.Data.DataRow.GetDataColumn(String columnName)
   於 System.Data.DataRow.get_Item(String columnName)
   於 waferattend.SendAttend.DoSend() 於 D:\SVNJBHRProject\Customer\SCHMID\工具程式\SchmidSendAttend\SendAttend.cs: 行 324
2013/5/6 下午 01:54:46		資料行 'name_c' 不屬於資料表 。
   於 System.Data.DataRow.GetDataColumn(String columnName)
   於 System.Data.DataRow.get_Item(String columnName)
   於 waferattend.SendAttend.DoSend() 於 D:\SVNJBHRProject\Customer\SCHMID\工具程式\SchmidSendAttend\SendAttend.cs: 行 324
2013/5/6 下午 01:54:46		資料行 'name_c' 不屬於資料表 。
   於 System.Data.DataRow.GetDataColumn(String columnName)
   於 System.Data.DataRow.get_Item(String columnName)
   於 waferattend.SendAttend.DoSend() 於 D:\SVNJBHRProject\Customer\SCHMID\工具程式\SchmidSendAttend\SendAttend.cs: 行 324
2013/5/6 下午 01:54:46		資料行 'name_c' 不屬於資料表 。
   於 System.Data.DataRow.GetDataColumn(String columnName)
   於 System.Data.DataRow.get_Item(String columnName)
   於 waferattend.SendAttend.DoSend() 於 D:\SVNJBHRProject\Customer\SCHMID\工具程式\SchmidSendAttend\SendAttend.cs: 行 324
2013/5/6 下午 01:54:46		資料行 'name_c' 不屬於資料表 。
   於 System.Data.DataRow.GetDataColumn(String columnName)
   於 System.Data.DataRow.get_Item(String columnName)
   於 waferattend.SendAttend.DoSend() 於 D:\SVNJBHRProject\Customer\SCHMID\工具程式\SchmidSendAttend\SendAttend.cs: 行 324
2013/5/6 下午 01:54:46		資料行 'name_c' 不屬於資料表 。
   於 System.Data.DataRow.GetDataColumn(String columnName)
   於 System.Data.DataRow.get_Item(String columnName)
   於 waferattend.SendAttend.DoSend() 於 D:\SVNJBHRProject\Customer\SCHMID\工具程式\SchmidSendAttend\SendAttend.cs: 行 324
2013/5/6 下午 01:54:46		資料行 'name_c' 不屬於資料表 。
   於 System.Data.DataRow.GetDataColumn(String columnName)
   於 System.Data.DataRow.get_Item(String columnName)
   於 waferattend.SendAttend.DoSend() 於 D:\SVNJBHRProject\Customer\SCHMID\工具程式\SchmidSendAttend\SendAttend.cs: 行 324
2013/5/6 下午 01:54:46		資料行 'name_c' 不屬於資料表 。
   於 System.Data.DataRow.GetDataColumn(String columnName)
   於 System.Data.DataRow.get_Item(String columnName)
   於 waferattend.SendAttend.DoSend() 於 D:\SVNJBHRProject\Customer\SCHMID\工具程式\SchmidSendAttend\SendAttend.cs: 行 324
2013/5/6 下午 01:54:46		資料行 'name_c' 不屬於資料表 。
   於 System.Data.DataRow.GetDataColumn(String columnName)
   於 System.Data.DataRow.get_Item(String columnName)
   於 waferattend.SendAttend.DoSend() 於 D:\SVNJBHRProject\Customer\SCHMID\工具程式\SchmidSendAttend\SendAttend.cs: 行 324
2013/5/6 下午 01:54:46		資料行 'name_c' 不屬於資料表 。
   於 System.Data.DataRow.GetDataColumn(String columnName)
   於 System.Data.DataRow.get_Item(String columnName)
   於 waferattend.SendAttend.DoSend() 於 D:\SVNJBHRProject\Customer\SCHMID\工具程式\SchmidSendAttend\SendAttend.cs: 行 324
2013/5/6 下午 01:54:46		資料行 'name_c' 不屬於資料表 。
   於 System.Data.DataRow.GetDataColumn(String columnName)
   於 System.Data.DataRow.get_Item(String columnName)
   於 waferattend.SendAttend.DoSend() 於 D:\SVNJBHRProject\Customer\SCHMID\工具程式\SchmidSendAttend\SendAttend.cs: 行 324
2013/5/6 下午 01:54:46		資料行 'name_c' 不屬於資料表 。
   於 System.Data.DataRow.GetDataColumn(String columnName)
   於 System.Data.DataRow.get_Item(String columnName)
   於 waferattend.SendAttend.DoSend() 於 D:\SVNJBHRProject\Customer\SCHMID\工具程式\SchmidSendAttend\SendAttend.cs: 行 324
2013/5/6 下午 01:54:47		資料行 'name_c' 不屬於資料表 。
   於 System.Data.DataRow.GetDataColumn(String columnName)
   於 System.Data.DataRow.get_Item(String columnName)
   於 waferattend.SendAttend.DoSend() 於 D:\SVNJBHRProject\Customer\SCHMID\工具程式\SchmidSendAttend\SendAttend.cs: 行 324
2013/5/6 下午 01:54:47		資料行 'name_c' 不屬於資料表 。
   於 System.Data.DataRow.GetDataColumn(String columnName)
   於 System.Data.DataRow.get_Item(String columnName)
   於 waferattend.SendAttend.DoSend() 於 D:\SVNJBHRProject\Customer\SCHMID\工具程式\SchmidSendAttend\SendAttend.cs: 行 324
2013/5/6 下午 01:54:47		資料行 'name_c' 不屬於資料表 。
   於 System.Data.DataRow.GetDataColumn(String columnName)
   於 System.Data.DataRow.get_Item(String columnName)
   於 waferattend.SendAttend.DoSend() 於 D:\SVNJBHRProject\Customer\SCHMID\工具程式\SchmidSendAttend\SendAttend.cs: 行 324
2013/5/6 下午 01:54:47		資料行 'name_c' 不屬於資料表 。
   於 System.Data.DataRow.GetDataColumn(String columnName)
   於 System.Data.DataRow.get_Item(String columnName)
   於 waferattend.SendAttend.DoSend() 於 D:\SVNJBHRProject\Customer\SCHMID\工具程式\SchmidSendAttend\SendAttend.cs: 行 324
2013/5/6 下午 01:54:47		資料行 'name_c' 不屬於資料表 。
   於 System.Data.DataRow.GetDataColumn(String columnName)
   於 System.Data.DataRow.get_Item(String columnName)
   於 waferattend.SendAttend.DoSend() 於 D:\SVNJBHRProject\Customer\SCHMID\工具程式\SchmidSendAttend\SendAttend.cs: 行 324
2013/5/6 下午 01:54:47		資料行 'name_c' 不屬於資料表 。
   於 System.Data.DataRow.GetDataColumn(String columnName)
   於 System.Data.DataRow.get_Item(String columnName)
   於 waferattend.SendAttend.DoSend() 於 D:\SVNJBHRProject\Customer\SCHMID\工具程式\SchmidSendAttend\SendAttend.cs: 行 324
2013/5/6 下午 01:54:47		資料行 'name_c' 不屬於資料表 。
   於 System.Data.DataRow.GetDataColumn(String columnName)
   於 System.Data.DataRow.get_Item(String columnName)
   於 waferattend.SendAttend.DoSend() 於 D:\SVNJBHRProject\Customer\SCHMID\工具程式\SchmidSendAttend\SendAttend.cs: 行 324
2013/5/6 下午 01:54:47		資料行 'name_c' 不屬於資料表 。
   於 System.Data.DataRow.GetDataColumn(String columnName)
   於 System.Data.DataRow.get_Item(String columnName)
   於 waferattend.SendAttend.DoSend() 於 D:\SVNJBHRProject\Customer\SCHMID\工具程式\SchmidSendAttend\SendAttend.cs: 行 324
2013/5/6 下午 01:54:47		資料行 'name_c' 不屬於資料表 。
   於 System.Data.DataRow.GetDataColumn(String columnName)
   於 System.Data.DataRow.get_Item(String columnName)
   於 waferattend.SendAttend.DoSend() 於 D:\SVNJBHRProject\Customer\SCHMID\工具程式\SchmidSendAttend\SendAttend.cs: 行 324
2013/5/6 下午 01:54:47		資料行 'name_c' 不屬於資料表 。
   於 System.Data.DataRow.GetDataColumn(String columnName)
   於 System.Data.DataRow.get_Item(String columnName)
   於 waferattend.SendAttend.DoSend() 於 D:\SVNJBHRProject\Customer\SCHMID\工具程式\SchmidSendAttend\SendAttend.cs: 行 324
2013/5/6 下午 01:54:47		資料行 'name_c' 不屬於資料表 。
   於 System.Data.DataRow.GetDataColumn(String columnName)
   於 System.Data.DataRow.get_Item(String columnName)
   於 waferattend.SendAttend.DoSend() 於 D:\SVNJBHRProject\Customer\SCHMID\工具程式\SchmidSendAttend\SendAttend.cs: 行 324
2013/5/6 下午 01:54:47		資料行 'name_c' 不屬於資料表 。
   於 System.Data.DataRow.GetDataColumn(String columnName)
   於 System.Data.DataRow.get_Item(String columnName)
   於 waferattend.SendAttend.DoSend() 於 D:\SVNJBHRProject\Customer\SCHMID\工具程式\SchmidSendAttend\SendAttend.cs: 行 324
2013/5/6 下午 01:54:47		資料行 'name_c' 不屬於資料表 。
   於 System.Data.DataRow.GetDataColumn(String columnName)
   於 System.Data.DataRow.get_Item(String columnName)
   於 waferattend.SendAttend.DoSend() 於 D:\SVNJBHRProject\Customer\SCHMID\工具程式\SchmidSendAttend\SendAttend.cs: 行 324
2013/5/6 下午 01:54:48		資料行 'name_c' 不屬於資料表 。
   於 System.Data.DataRow.GetDataColumn(String columnName)
   於 System.Data.DataRow.get_Item(String columnName)
   於 waferattend.SendAttend.DoSend() 於 D:\SVNJBHRProject\Customer\SCHMID\工具程式\SchmidSendAttend\SendAttend.cs: 行 324
2013/5/6 下午 01:54:48		資料行 'name_c' 不屬於資料表 。
   於 System.Data.DataRow.GetDataColumn(String columnName)
   於 System.Data.DataRow.get_Item(String columnName)
   於 waferattend.SendAttend.DoSend() 於 D:\SVNJBHRProject\Customer\SCHMID\工具程式\SchmidSendAttend\SendAttend.cs: 行 324
2013/5/6 下午 01:54:48		資料行 'name_c' 不屬於資料表 。
   於 System.Data.DataRow.GetDataColumn(String columnName)
   於 System.Data.DataRow.get_Item(String columnName)
   於 waferattend.SendAttend.DoSend() 於 D:\SVNJBHRProject\Customer\SCHMID\工具程式\SchmidSendAttend\SendAttend.cs: 行 324
2013/5/6 下午 01:54:48		資料行 'name_c' 不屬於資料表 。
   於 System.Data.DataRow.GetDataColumn(String columnName)
   於 System.Data.DataRow.get_Item(String columnName)
   於 waferattend.SendAttend.DoSend() 於 D:\SVNJBHRProject\Customer\SCHMID\工具程式\SchmidSendAttend\SendAttend.cs: 行 324
2013/5/6 下午 01:54:48		資料行 'name_c' 不屬於資料表 。
   於 System.Data.DataRow.GetDataColumn(String columnName)
   於 System.Data.DataRow.get_Item(String columnName)
   於 waferattend.SendAttend.DoSend() 於 D:\SVNJBHRProject\Customer\SCHMID\工具程式\SchmidSendAttend\SendAttend.cs: 行 324
2013/5/6 下午 01:54:48		資料行 'name_c' 不屬於資料表 。
   於 System.Data.DataRow.GetDataColumn(String columnName)
   於 System.Data.DataRow.get_Item(String columnName)
   於 waferattend.SendAttend.DoSend() 於 D:\SVNJBHRProject\Customer\SCHMID\工具程式\SchmidSendAttend\SendAttend.cs: 行 324
2013/5/6 下午 01:54:48		資料行 'name_c' 不屬於資料表 。
   於 System.Data.DataRow.GetDataColumn(String columnName)
   於 System.Data.DataRow.get_Item(String columnName)
   於 waferattend.SendAttend.DoSend() 於 D:\SVNJBHRProject\Customer\SCHMID\工具程式\SchmidSendAttend\SendAttend.cs: 行 324
2013/5/6 下午 01:54:48		資料行 'name_c' 不屬於資料表 。
   於 System.Data.DataRow.GetDataColumn(String columnName)
   於 System.Data.DataRow.get_Item(String columnName)
   於 waferattend.SendAttend.DoSend() 於 D:\SVNJBHRProject\Customer\SCHMID\工具程式\SchmidSendAttend\SendAttend.cs: 行 324
2013/5/6 下午 01:54:48		資料行 'name_c' 不屬於資料表 。
   於 System.Data.DataRow.GetDataColumn(String columnName)
   於 System.Data.DataRow.get_Item(String columnName)
   於 waferattend.SendAttend.DoSend() 於 D:\SVNJBHRProject\Customer\SCHMID\工具程式\SchmidSendAttend\SendAttend.cs: 行 324
2013/5/6 下午 01:54:48		資料行 'name_c' 不屬於資料表 。
   於 System.Data.DataRow.GetDataColumn(String columnName)
   於 System.Data.DataRow.get_Item(String columnName)
   於 waferattend.SendAttend.DoSend() 於 D:\SVNJBHRProject\Customer\SCHMID\工具程式\SchmidSendAttend\SendAttend.cs: 行 324
2013/5/6 下午 01:54:48		資料行 'name_c' 不屬於資料表 。
   於 System.Data.DataRow.GetDataColumn(String columnName)
   於 System.Data.DataRow.get_Item(String columnName)
   於 waferattend.SendAttend.DoSend() 於 D:\SVNJBHRProject\Customer\SCHMID\工具程式\SchmidSendAttend\SendAttend.cs: 行 324
2013/5/6 下午 01:54:48		資料行 'name_c' 不屬於資料表 。
   於 System.Data.DataRow.GetDataColumn(String columnName)
   於 System.Data.DataRow.get_Item(String columnName)
   於 waferattend.SendAttend.DoSend() 於 D:\SVNJBHRProject\Customer\SCHMID\工具程式\SchmidSendAttend\SendAttend.cs: 行 324
2013/5/6 下午 01:54:48		資料行 'name_c' 不屬於資料表 。
   於 System.Data.DataRow.GetDataColumn(String columnName)
   於 System.Data.DataRow.get_Item(String columnName)
   於 waferattend.SendAttend.DoSend() 於 D:\SVNJBHRProject\Customer\SCHMID\工具程式\SchmidSendAttend\SendAttend.cs: 行 324
2013/5/6 下午 01:54:49		資料行 'name_c' 不屬於資料表 。
   於 System.Data.DataRow.GetDataColumn(String columnName)
   於 System.Data.DataRow.get_Item(String columnName)
   於 waferattend.SendAttend.DoSend() 於 D:\SVNJBHRProject\Customer\SCHMID\工具程式\SchmidSendAttend\SendAttend.cs: 行 324
2013/5/6 下午 01:54:49		資料行 'name_c' 不屬於資料表 。
   於 System.Data.DataRow.GetDataColumn(String columnName)
   於 System.Data.DataRow.get_Item(String columnName)
   於 waferattend.SendAttend.DoSend() 於 D:\SVNJBHRProject\Customer\SCHMID\工具程式\SchmidSendAttend\SendAttend.cs: 行 324
2013/5/6 下午 01:54:49		資料行 'name_c' 不屬於資料表 。
   於 System.Data.DataRow.GetDataColumn(String columnName)
   於 System.Data.DataRow.get_Item(String columnName)
   於 waferattend.SendAttend.DoSend() 於 D:\SVNJBHRProject\Customer\SCHMID\工具程式\SchmidSendAttend\SendAttend.cs: 行 324
2013/5/6 下午 01:54:49		資料行 'name_c' 不屬於資料表 。
   於 System.Data.DataRow.GetDataColumn(String columnName)
   於 System.Data.DataRow.get_Item(String columnName)
   於 waferattend.SendAttend.DoSend() 於 D:\SVNJBHRProject\Customer\SCHMID\工具程式\SchmidSendAttend\SendAttend.cs: 行 324
2013/5/6 下午 01:54:49		資料行 'name_c' 不屬於資料表 。
   於 System.Data.DataRow.GetDataColumn(String columnName)
   於 System.Data.DataRow.get_Item(String columnName)
   於 waferattend.SendAttend.DoSend() 於 D:\SVNJBHRProject\Customer\SCHMID\工具程式\SchmidSendAttend\SendAttend.cs: 行 324
2013/5/6 下午 01:54:49		資料行 'name_c' 不屬於資料表 。
   於 System.Data.DataRow.GetDataColumn(String columnName)
   於 System.Data.DataRow.get_Item(String columnName)
   於 waferattend.SendAttend.DoSend() 於 D:\SVNJBHRProject\Customer\SCHMID\工具程式\SchmidSendAttend\SendAttend.cs: 行 324
2013/5/6 下午 01:54:49		資料行 'name_c' 不屬於資料表 。
   於 System.Data.DataRow.GetDataColumn(String columnName)
   於 System.Data.DataRow.get_Item(String columnName)
   於 waferattend.SendAttend.DoSend() 於 D:\SVNJBHRProject\Customer\SCHMID\工具程式\SchmidSendAttend\SendAttend.cs: 行 324
2013/5/6 下午 01:54:49		資料行 'name_c' 不屬於資料表 。
   於 System.Data.DataRow.GetDataColumn(String columnName)
   於 System.Data.DataRow.get_Item(String columnName)
   於 waferattend.SendAttend.DoSend() 於 D:\SVNJBHRProject\Customer\SCHMID\工具程式\SchmidSendAttend\SendAttend.cs: 行 324
2013/5/6 下午 01:54:49		資料行 'name_c' 不屬於資料表 。
   於 System.Data.DataRow.GetDataColumn(String columnName)
   於 System.Data.DataRow.get_Item(String columnName)
   於 waferattend.SendAttend.DoSend() 於 D:\SVNJBHRProject\Customer\SCHMID\工具程式\SchmidSendAttend\SendAttend.cs: 行 324
2013/5/6 下午 01:54:49		資料行 'name_c' 不屬於資料表 。
   於 System.Data.DataRow.GetDataColumn(String columnName)
   於 System.Data.DataRow.get_Item(String columnName)
   於 waferattend.SendAttend.DoSend() 於 D:\SVNJBHRProject\Customer\SCHMID\工具程式\SchmidSendAttend\SendAttend.cs: 行 324
2013/5/6 下午 01:54:49		資料行 'name_c' 不屬於資料表 。
   於 System.Data.DataRow.GetDataColumn(String columnName)
   於 System.Data.DataRow.get_Item(String columnName)
   於 waferattend.SendAttend.DoSend() 於 D:\SVNJBHRProject\Customer\SCHMID\工具程式\SchmidSendAttend\SendAttend.cs: 行 324
2013/5/6 下午 01:54:49		資料行 'name_c' 不屬於資料表 。
   於 System.Data.DataRow.GetDataColumn(String columnName)
   於 System.Data.DataRow.get_Item(String columnName)
   於 waferattend.SendAttend.DoSend() 於 D:\SVNJBHRProject\Customer\SCHMID\工具程式\SchmidSendAttend\SendAttend.cs: 行 324
2013/5/6 下午 01:54:49		資料行 'name_c' 不屬於資料表 。
   於 System.Data.DataRow.GetDataColumn(String columnName)
   於 System.Data.DataRow.get_Item(String columnName)
   於 waferattend.SendAttend.DoSend() 於 D:\SVNJBHRProject\Customer\SCHMID\工具程式\SchmidSendAttend\SendAttend.cs: 行 324
2013/5/6 下午 01:54:49		資料行 'name_c' 不屬於資料表 。
   於 System.Data.DataRow.GetDataColumn(String columnName)
   於 System.Data.DataRow.get_Item(String columnName)
   於 waferattend.SendAttend.DoSend() 於 D:\SVNJBHRProject\Customer\SCHMID\工具程式\SchmidSendAttend\SendAttend.cs: 行 324
2013/5/6 下午 01:54:50		資料行 'name_c' 不屬於資料表 。
   於 System.Data.DataRow.GetDataColumn(String columnName)
   於 System.Data.DataRow.get_Item(String columnName)
   於 waferattend.SendAttend.DoSend() 於 D:\SVNJBHRProject\Customer\SCHMID\工具程式\SchmidSendAttend\SendAttend.cs: 行 324
2013/5/6 下午 01:54:50		資料行 'name_c' 不屬於資料表 。
   於 System.Data.DataRow.GetDataColumn(String columnName)
   於 System.Data.DataRow.get_Item(String columnName)
   於 waferattend.SendAttend.DoSend() 於 D:\SVNJBHRProject\Customer\SCHMID\工具程式\SchmidSendAttend\SendAttend.cs: 行 324
2013/5/6 下午 01:54:50		資料行 'name_c' 不屬於資料表 。
   於 System.Data.DataRow.GetDataColumn(String columnName)
   於 System.Data.DataRow.get_Item(String columnName)
   於 waferattend.SendAttend.DoSend() 於 D:\SVNJBHRProject\Customer\SCHMID\工具程式\SchmidSendAttend\SendAttend.cs: 行 324
2013/5/6 下午 01:54:50		資料行 'name_c' 不屬於資料表 。
   於 System.Data.DataRow.GetDataColumn(String columnName)
   於 System.Data.DataRow.get_Item(String columnName)
   於 waferattend.SendAttend.DoSend() 於 D:\SVNJBHRProject\Customer\SCHMID\工具程式\SchmidSendAttend\SendAttend.cs: 行 324
2013/5/6 下午 01:54:50		資料行 'name_c' 不屬於資料表 。
   於 System.Data.DataRow.GetDataColumn(String columnName)
   於 System.Data.DataRow.get_Item(String columnName)
   於 waferattend.SendAttend.DoSend() 於 D:\SVNJBHRProject\Customer\SCHMID\工具程式\SchmidSendAttend\SendAttend.cs: 行 324
2013/5/6 下午 01:54:50		資料行 'name_c' 不屬於資料表 。
   於 System.Data.DataRow.GetDataColumn(String columnName)
   於 System.Data.DataRow.get_Item(String columnName)
   於 waferattend.SendAttend.DoSend() 於 D:\SVNJBHRProject\Customer\SCHMID\工具程式\SchmidSendAttend\SendAttend.cs: 行 324
2013/5/6 下午 01:54:50		資料行 'name_c' 不屬於資料表 。
   於 System.Data.DataRow.GetDataColumn(String columnName)
   於 System.Data.DataRow.get_Item(String columnName)
   於 waferattend.SendAttend.DoSend() 於 D:\SVNJBHRProject\Customer\SCHMID\工具程式\SchmidSendAttend\SendAttend.cs: 行 324
2013/5/6 下午 01:54:50		資料行 'name_c' 不屬於資料表 。
   於 System.Data.DataRow.GetDataColumn(String columnName)
   於 System.Data.DataRow.get_Item(String columnName)
   於 waferattend.SendAttend.DoSend() 於 D:\SVNJBHRProject\Customer\SCHMID\工具程式\SchmidSendAttend\SendAttend.cs: 行 324
2013/5/6 下午 01:54:50		資料行 'name_c' 不屬於資料表 。
   於 System.Data.DataRow.GetDataColumn(String columnName)
   於 System.Data.DataRow.get_Item(String columnName)
   於 waferattend.SendAttend.DoSend() 於 D:\SVNJBHRProject\Customer\SCHMID\工具程式\SchmidSendAttend\SendAttend.cs: 行 324
2013/5/6 下午 01:54:50		資料行 'name_c' 不屬於資料表 。
   於 System.Data.DataRow.GetDataColumn(String columnName)
   於 System.Data.DataRow.get_Item(String columnName)
   於 waferattend.SendAttend.DoSend() 於 D:\SVNJBHRProject\Customer\SCHMID\工具程式\SchmidSendAttend\SendAttend.cs: 行 324
2013/5/6 下午 01:54:50		資料行 'name_c' 不屬於資料表 。
   於 System.Data.DataRow.GetDataColumn(String columnName)
   於 System.Data.DataRow.get_Item(String columnName)
   於 waferattend.SendAttend.DoSend() 於 D:\SVNJBHRProject\Customer\SCHMID\工具程式\SchmidSendAttend\SendAttend.cs: 行 324
2013/5/6 下午 01:54:50		資料行 'name_c' 不屬於資料表 。
   於 System.Data.DataRow.GetDataColumn(String columnName)
   於 System.Data.DataRow.get_Item(String columnName)
   於 waferattend.SendAttend.DoSend() 於 D:\SVNJBHRProject\Customer\SCHMID\工具程式\SchmidSendAttend\SendAttend.cs: 行 324
2013/5/6 下午 01:54:50		資料行 'name_c' 不屬於資料表 。
   於 System.Data.DataRow.GetDataColumn(String columnName)
   於 System.Data.DataRow.get_Item(String columnName)
   於 waferattend.SendAttend.DoSend() 於 D:\SVNJBHRProject\Customer\SCHMID\工具程式\SchmidSendAttend\SendAttend.cs: 行 324
2013/5/6 下午 01:54:51		資料行 'name_c' 不屬於資料表 。
   於 System.Data.DataRow.GetDataColumn(String columnName)
   於 System.Data.DataRow.get_Item(String columnName)
   於 waferattend.SendAttend.DoSend() 於 D:\SVNJBHRProject\Customer\SCHMID\工具程式\SchmidSendAttend\SendAttend.cs: 行 324
2013/5/6 下午 01:54:51		資料行 'name_c' 不屬於資料表 。
   於 System.Data.DataRow.GetDataColumn(String columnName)
   於 System.Data.DataRow.get_Item(String columnName)
   於 waferattend.SendAttend.DoSend() 於 D:\SVNJBHRProject\Customer\SCHMID\工具程式\SchmidSendAttend\SendAttend.cs: 行 324
2013/5/6 下午 01:54:51		資料行 'name_c' 不屬於資料表 。
   於 System.Data.DataRow.GetDataColumn(String columnName)
   於 System.Data.DataRow.get_Item(String columnName)
   於 waferattend.SendAttend.DoSend() 於 D:\SVNJBHRProject\Customer\SCHMID\工具程式\SchmidSendAttend\SendAttend.cs: 行 324
2013/5/6 下午 01:54:51		資料行 'name_c' 不屬於資料表 。
   於 System.Data.DataRow.GetDataColumn(String columnName)
   於 System.Data.DataRow.get_Item(String columnName)
   於 waferattend.SendAttend.DoSend() 於 D:\SVNJBHRProject\Customer\SCHMID\工具程式\SchmidSendAttend\SendAttend.cs: 行 324
2013/5/6 下午 01:54:51		資料行 'name_c' 不屬於資料表 。
   於 System.Data.DataRow.GetDataColumn(String columnName)
   於 System.Data.DataRow.get_Item(String columnName)
   於 waferattend.SendAttend.DoSend() 於 D:\SVNJBHRProject\Customer\SCHMID\工具程式\SchmidSendAttend\SendAttend.cs: 行 324
2013/5/6 下午 01:54:51		資料行 'name_c' 不屬於資料表 。
   於 System.Data.DataRow.GetDataColumn(String columnName)
   於 System.Data.DataRow.get_Item(String columnName)
   於 waferattend.SendAttend.DoSend() 於 D:\SVNJBHRProject\Customer\SCHMID\工具程式\SchmidSendAttend\SendAttend.cs: 行 324
2013/5/6 下午 01:54:51		資料行 'name_c' 不屬於資料表 。
   於 System.Data.DataRow.GetDataColumn(String columnName)
   於 System.Data.DataRow.get_Item(String columnName)
   於 waferattend.SendAttend.DoSend() 於 D:\SVNJBHRProject\Customer\SCHMID\工具程式\SchmidSendAttend\SendAttend.cs: 行 324
2013/5/6 下午 01:54:51		資料行 'name_c' 不屬於資料表 。
   於 System.Data.DataRow.GetDataColumn(String columnName)
   於 System.Data.DataRow.get_Item(String columnName)
   於 waferattend.SendAttend.DoSend() 於 D:\SVNJBHRProject\Customer\SCHMID\工具程式\SchmidSendAttend\SendAttend.cs: 行 324
2013/5/6 下午 01:54:51		資料行 'name_c' 不屬於資料表 。
   於 System.Data.DataRow.GetDataColumn(String columnName)
   於 System.Data.DataRow.get_Item(String columnName)
   於 waferattend.SendAttend.DoSend() 於 D:\SVNJBHRProject\Customer\SCHMID\工具程式\SchmidSendAttend\SendAttend.cs: 行 324
2013/5/6 下午 01:54:51		資料行 'name_c' 不屬於資料表 。
   於 System.Data.DataRow.GetDataColumn(String columnName)
   於 System.Data.DataRow.get_Item(String columnName)
   於 waferattend.SendAttend.DoSend() 於 D:\SVNJBHRProject\Customer\SCHMID\工具程式\SchmidSendAttend\SendAttend.cs: 行 324
2013/5/6 下午 01:54:51		資料行 'name_c' 不屬於資料表 。
   於 System.Data.DataRow.GetDataColumn(String columnName)
   於 System.Data.DataRow.get_Item(String columnName)
   於 waferattend.SendAttend.DoSend() 於 D:\SVNJBHRProject\Customer\SCHMID\工具程式\SchmidSendAttend\SendAttend.cs: 行 324
2013/5/6 下午 01:54:51		資料行 'name_c' 不屬於資料表 。
   於 System.Data.DataRow.GetDataColumn(String columnName)
   於 System.Data.DataRow.get_Item(String columnName)
   於 waferattend.SendAttend.DoSend() 於 D:\SVNJBHRProject\Customer\SCHMID\工具程式\SchmidSendAttend\SendAttend.cs: 行 324
2013/5/6 下午 01:54:51		資料行 'name_c' 不屬於資料表 。
   於 System.Data.DataRow.GetDataColumn(String columnName)
   於 System.Data.DataRow.get_Item(String columnName)
   於 waferattend.SendAttend.DoSend() 於 D:\SVNJBHRProject\Customer\SCHMID\工具程式\SchmidSendAttend\SendAttend.cs: 行 324
2013/5/6 下午 01:54:52		資料行 'name_c' 不屬於資料表 。
   於 System.Data.DataRow.GetDataColumn(String columnName)
   於 System.Data.DataRow.get_Item(String columnName)
   於 waferattend.SendAttend.DoSend() 於 D:\SVNJBHRProject\Customer\SCHMID\工具程式\SchmidSendAttend\SendAttend.cs: 行 324
2013/5/6 下午 01:54:52		資料行 'name_c' 不屬於資料表 。
   於 System.Data.DataRow.GetDataColumn(String columnName)
   於 System.Data.DataRow.get_Item(String columnName)
   於 waferattend.SendAttend.DoSend() 於 D:\SVNJBHRProject\Customer\SCHMID\工具程式\SchmidSendAttend\SendAttend.cs: 行 324
2013/5/6 下午 01:54:52		資料行 'name_c' 不屬於資料表 。
   於 System.Data.DataRow.GetDataColumn(String columnName)
   於 System.Data.DataRow.get_Item(String columnName)
   於 waferattend.SendAttend.DoSend() 於 D:\SVNJBHRProject\Customer\SCHMID\工具程式\SchmidSendAttend\SendAttend.cs: 行 324
2013/5/6 下午 01:54:52		資料行 'name_c' 不屬於資料表 。
   於 System.Data.DataRow.GetDataColumn(String columnName)
   於 System.Data.DataRow.get_Item(String columnName)
   於 waferattend.SendAttend.DoSend() 於 D:\SVNJBHRProject\Customer\SCHMID\工具程式\SchmidSendAttend\SendAttend.cs: 行 324
2013/5/6 下午 01:54:52		資料行 'name_c' 不屬於資料表 。
   於 System.Data.DataRow.GetDataColumn(String columnName)
   於 System.Data.DataRow.get_Item(String columnName)
   於 waferattend.SendAttend.DoSend() 於 D:\SVNJBHRProject\Customer\SCHMID\工具程式\SchmidSendAttend\SendAttend.cs: 行 324
2013/5/6 下午 01:54:52		資料行 'name_c' 不屬於資料表 。
   於 System.Data.DataRow.GetDataColumn(String columnName)
   於 System.Data.DataRow.get_Item(String columnName)
   於 waferattend.SendAttend.DoSend() 於 D:\SVNJBHRProject\Customer\SCHMID\工具程式\SchmidSendAttend\SendAttend.cs: 行 324
2013/5/6 下午 01:54:52		資料行 'name_c' 不屬於資料表 。
   於 System.Data.DataRow.GetDataColumn(String columnName)
   於 System.Data.DataRow.get_Item(String columnName)
   於 waferattend.SendAttend.DoSend() 於 D:\SVNJBHRProject\Customer\SCHMID\工具程式\SchmidSendAttend\SendAttend.cs: 行 324
2013/5/6 下午 01:54:52		資料行 'name_c' 不屬於資料表 。
   於 System.Data.DataRow.GetDataColumn(String columnName)
   於 System.Data.DataRow.get_Item(String columnName)
   於 waferattend.SendAttend.DoSend() 於 D:\SVNJBHRProject\Customer\SCHMID\工具程式\SchmidSendAttend\SendAttend.cs: 行 324
2013/5/6 下午 01:54:52		資料行 'name_c' 不屬於資料表 。
   於 System.Data.DataRow.GetDataColumn(String columnName)
   於 System.Data.DataRow.get_Item(String columnName)
   於 waferattend.SendAttend.DoSend() 於 D:\SVNJBHRProject\Customer\SCHMID\工具程式\SchmidSendAttend\SendAttend.cs: 行 324
2013/5/6 下午 01:54:52		資料行 'name_c' 不屬於資料表 。
   於 System.Data.DataRow.GetDataColumn(String columnName)
   於 System.Data.DataRow.get_Item(String columnName)
   於 waferattend.SendAttend.DoSend() 於 D:\SVNJBHRProject\Customer\SCHMID\工具程式\SchmidSendAttend\SendAttend.cs: 行 324
2013/5/6 下午 01:54:53		資料行 'name_c' 不屬於資料表 。
   於 System.Data.DataRow.GetDataColumn(String columnName)
   於 System.Data.DataRow.get_Item(String columnName)
   於 waferattend.SendAttend.DoSend() 於 D:\SVNJBHRProject\Customer\SCHMID\工具程式\SchmidSendAttend\SendAttend.cs: 行 324
2013/5/6 下午 01:54:53		資料行 'name_c' 不屬於資料表 。
   於 System.Data.DataRow.GetDataColumn(String columnName)
   於 System.Data.DataRow.get_Item(String columnName)
   於 waferattend.SendAttend.DoSend() 於 D:\SVNJBHRProject\Customer\SCHMID\工具程式\SchmidSendAttend\SendAttend.cs: 行 324
2013/5/6 下午 01:54:53		資料行 'name_c' 不屬於資料表 。
   於 System.Data.DataRow.GetDataColumn(String columnName)
   於 System.Data.DataRow.get_Item(String columnName)
   於 waferattend.SendAttend.DoSend() 於 D:\SVNJBHRProject\Customer\SCHMID\工具程式\SchmidSendAttend\SendAttend.cs: 行 324
2013/5/6 下午 01:54:53		資料行 'name_c' 不屬於資料表 。
   於 System.Data.DataRow.GetDataColumn(String columnName)
   於 System.Data.DataRow.get_Item(String columnName)
   於 waferattend.SendAttend.DoSend() 於 D:\SVNJBHRProject\Customer\SCHMID\工具程式\SchmidSendAttend\SendAttend.cs: 行 324
2013/5/6 下午 01:54:53		資料行 'name_c' 不屬於資料表 。
   於 System.Data.DataRow.GetDataColumn(String columnName)
   於 System.Data.DataRow.get_Item(String columnName)
   於 waferattend.SendAttend.DoSend() 於 D:\SVNJBHRProject\Customer\SCHMID\工具程式\SchmidSendAttend\SendAttend.cs: 行 324
2013/5/6 下午 01:54:53		資料行 'name_c' 不屬於資料表 。
   於 System.Data.DataRow.GetDataColumn(String columnName)
   於 System.Data.DataRow.get_Item(String columnName)
   於 waferattend.SendAttend.DoSend() 於 D:\SVNJBHRProject\Customer\SCHMID\工具程式\SchmidSendAttend\SendAttend.cs: 行 324
2013/5/6 下午 01:54:53		資料行 'name_c' 不屬於資料表 。
   於 System.Data.DataRow.GetDataColumn(String columnName)
   於 System.Data.DataRow.get_Item(String columnName)
   於 waferattend.SendAttend.DoSend() 於 D:\SVNJBHRProject\Customer\SCHMID\工具程式\SchmidSendAttend\SendAttend.cs: 行 324
2013/5/6 下午 01:54:53	結束程式	
2013/5/6 下午 01:58:39	開始程式	
2013/5/6 下午 02:01:12	開始程式	
2013/5/6 下午 02:01:37	寄發信件到員工編號：0037->Wang.Ju@schmid-group.com	
2013/5/6 下午 02:06:59	開始程式	
2013/5/6 下午 02:07:04	寄發信件到：主管信箱8517b061-973a-40d8-bf4e-35eb892e0f9a	
