2013/5/24 下午 02:06:16	傳送郵件到TSENG.CA@schmid-group.com(TSENG.CA@schmid-group.com)	
2013/5/24 下午 02:06:35	傳送郵件到CHIU.LA@schmid-group.com(CHIU.LA@schmid-group.com)	
2013/5/24 下午 02:06:35	傳送郵件到LIN.DV@schmid-group.com(LIN.DV@schmid-group.com)	
2013/5/24 下午 02:06:36	傳送郵件到LIN.FO@schmid-group.com(LIN.FO@schmid-group.com)	
2013/5/24 下午 02:06:36	傳送郵件到LIU.DA@schmid-group.com(LIU.DA@schmid-group.com)	
2013/5/24 下午 02:06:36	傳送郵件到SUN.JI@schmid-group.com(SUN.JI@schmid-group.com)	
2013/5/24 下午 02:06:37	傳送郵件到LIN.FO@schmid-group.com(LIN.FO@schmid-group.com)	
2013/5/24 下午 02:06:37	傳送郵件到LIN.DV@schmid-group.com(LIN.DV@schmid-group.com)	
2013/5/24 下午 02:06:37	傳送郵件到YU.PE@schmid-group.com(YU.PE@schmid-group.com)	
2013/5/24 下午 02:06:37	傳送郵件到HUANG.KE@schmid-group.com(HUANG.KE@schmid-group.com)	
2013/5/24 下午 02:06:38	傳送郵件到WU.SA@schmid-group.com(WU.SA@schmid-group.com)	
2013/5/24 下午 02:06:38	傳送郵件到HUANG.TO@schmid-group.com(HUANG.TO@schmid-group.com)	
2013/5/24 下午 02:06:38	傳送郵件到TANG.EI@schmid-group.com(TANG.EI@schmid-group.com)	
2013/5/24 下午 02:06:39	傳送郵件到YU.PE@schmid-group.com(YU.PE@schmid-group.com)	
2013/5/24 下午 02:06:39	傳送郵件到CHEN.KW@schmid-group.com(CHEN.KW@schmid-group.com)	
2013/5/24 下午 02:06:39	傳送郵件到TING.MI@schmid-group.com(TING.MI@schmid-group.com)	
2013/5/24 下午 02:06:40	傳送郵件到LI.ER@schmid-group.com(LI.ER@schmid-group.com)	
2013/5/24 下午 02:06:40	傳送郵件到HSU.NI@schmid-group.com(HSU.NI@schmid-group.com)	
2013/5/24 下午 02:06:40	傳送郵件到YU.PE@schmid-group.com(YU.PE@schmid-group.com)	
2013/5/24 下午 02:06:40	傳送郵件到YU.PE@schmid-group.com(YU.PE@schmid-group.com)	
2013/5/24 下午 02:06:41	傳送郵件到TSENG.WI@schmid-group.com(TSENG.WI@schmid-group.com)	
2013/5/24 下午 02:06:41	傳送郵件到KAO.RA@schmid-group.com(KAO.RA@schmid-group.com)	
2013/5/24 下午 02:06:41	傳送郵件到TSENG.WI@schmid-group.com(TSENG.WI@schmid-group.com)	
2013/5/24 下午 02:06:41	傳送郵件到LEE.BE@schmid-group.com(LEE.BE@schmid-group.com)	
2013/5/24 下午 02:06:42	傳送郵件到LIN.PE@schmid-group.com(LIN.PE@schmid-group.com)	
2013/5/24 下午 02:06:42	傳送郵件到TSENG.WI@schmid-group.com(TSENG.WI@schmid-group.com)	
2013/5/24 下午 02:06:42	傳送郵件到LIN.PE@schmid-group.com(LIN.PE@schmid-group.com)	
2013/5/24 下午 02:06:43	傳送郵件到TSENG.WI@schmid-group.com(TSENG.WI@schmid-group.com)	
2013/5/24 下午 02:06:43	傳送郵件到KAO.RA@schmid-group.com(KAO.RA@schmid-group.com)	
2013/5/24 下午 02:06:43	傳送郵件到LIN.PE@schmid-group.com(LIN.PE@schmid-group.com)	
2013/5/24 下午 02:06:43	傳送郵件到LAI.YU@schmid-group.com(LAI.YU@schmid-group.com)	
2013/5/24 下午 02:06:44	傳送郵件到LI.LE@schmid-group.com(LI.LE@schmid-group.com)	
2013/5/24 下午 02:06:44	傳送郵件到WANG.MI@schmid-group.com(WANG.MI@schmid-group.com)	
2013/5/24 下午 02:06:44	傳送郵件到HSIEH.CH@schmid-group.com(HSIEH.CH@schmid-group.com)	
2013/5/24 下午 02:06:45	傳送郵件到LIU.DY@schmid-group.com(LIU.DY@schmid-group.com)	
2013/5/24 下午 02:06:45	傳送郵件到WANG.MI@schmid-group.com(WANG.MI@schmid-group.com)	
2013/5/24 下午 02:06:45	傳送郵件到TSENG.WI@schmid-group.com(TSENG.WI@schmid-group.com)	
2013/5/24 下午 02:06:45	傳送郵件到LAN.LA@schmid-group.com(LAN.LA@schmid-group.com)	
2013/5/24 下午 02:06:46	傳送郵件到TSENG.CA@schmid-group.com(TSENG.CA@schmid-group.com)	
2013/5/24 下午 02:06:46	傳送郵件到WANG.SE@schmid-group.com(WANG.SE@schmid-group.com)	
2013/5/24 下午 02:06:46	傳送郵件到HUANG.AN@schmid-group.com(HUANG.AN@schmid-group.com)	
2013/5/24 下午 02:06:47	傳送郵件到LIN.FO@schmid-group.com(LIN.FO@schmid-group.com)	
2013/5/24 下午 02:06:47	傳送郵件到LU.MO@schmid-group.com(LU.MO@schmid-group.com)	
2013/5/24 下午 02:06:47	傳送郵件到YANG.JA@schmid-group.com(YANG.JA@schmid-group.com)	
2013/5/24 下午 02:06:48	傳送郵件到WU.CO@schmid-group.com(WU.CO@schmid-group.com)	
2013/5/24 下午 02:06:48	傳送郵件到LIANG.ST@schmid-group.com(LIANG.ST@schmid-group.com)	
2013/5/24 下午 02:06:48	傳送郵件到WU.JE@schmid-group.com(WU.JE@schmid-group.com)	
2013/5/24 下午 02:06:48	傳送郵件到HUANG.JF@schmid-group.com(HUANG.JF@schmid-group.com)	
2013/5/24 下午 02:06:49	傳送郵件到CHANG.NA@schmid-group.com(CHANG.NA@schmid-group.com)	
2013/5/24 下午 02:06:49	傳送郵件到TSENG.CA@schmid-group.com(TSENG.CA@schmid-group.com)	
2013/5/24 下午 02:06:49	傳送郵件到CHIU.LA@schmid-group.com(CHIU.LA@schmid-group.com)	
2013/5/24 下午 02:06:50	傳送郵件到TSENG.CA@schmid-group.com(TSENG.CA@schmid-group.com)	
2013/5/24 下午 02:06:50	傳送郵件到YANG.TS@schmid-group.com(YANG.TS@schmid-group.com)	
2013/5/24 下午 02:06:50	傳送郵件到LIU.IV@schmid-group.com(LIU.IV@schmid-group.com)	
2013/5/24 下午 02:06:51	傳送郵件到YU.JO@schmid-group.com(YU.JO@schmid-group.com)	
2013/5/24 下午 02:06:51	傳送郵件到HSIEH.AP@schmid-group.com(HSIEH.AP@schmid-group.com)	
2013/5/24 下午 02:06:51	傳送郵件到CHOU.AL@schmid-group.com(CHOU.AL@schmid-group.com)	
2013/5/24 下午 02:06:52	傳送郵件到HSU.AL@schmid-group.com(HSU.AL@schmid-group.com)	
2013/5/24 下午 02:06:52	傳送郵件到CHIANG.BO@schmid-group.com(CHIANG.BO@schmid-group.com)	
2013/5/24 下午 02:06:52	傳送郵件到LIN.GR@schmid-group.com(LIN.GR@schmid-group.com)	
2013/5/24 下午 02:06:52	傳送郵件到CHU.JO@schmid-group.com(CHU.JO@schmid-group.com)	
2013/5/24 下午 02:06:53	傳送郵件到CHIANG.JO@schmid-group.com(CHIANG.JO@schmid-group.com)	
2013/5/24 下午 02:06:53	傳送郵件到TSENG.CA@schmid-group.com(TSENG.CA@schmid-group.com)	
2013/5/24 下午 02:06:53	傳送郵件到CHO.CH@schmid-group.com(CHO.CH@schmid-group.com)	
