2010/9/14 上午 10:04:13	Error:傳送郵件失敗。	   於 System.Net.Mime.HeaderCollection.Set(String name, String value)
   於 System.Net.Mail.Message.PrepareHeaders(Boolean sendEnvelope)
   於 System.Net.Mail.Message.Send(BaseWriter writer, Boolean sendEnvelope)
   於 System.Net.Mail.MailMessage.Send(BaseWriter writer, Boolean sendEnvelope)
   於 System.Net.Mail.SmtpClient.Send(MailMessage message)	
2010/9/14 上午 10:10:45	Error:傳送郵件失敗。	   於 System.Net.Mime.HeaderCollection.Set(String name, String value)
   於 System.Net.Mail.Message.PrepareHeaders(Boolean sendEnvelope)
   於 System.Net.Mail.Message.Send(BaseWriter writer, Boolean sendEnvelope)
   於 System.Net.Mail.MailMessage.Send(BaseWriter writer, Boolean sendEnvelope)
   於 System.Net.Mail.SmtpClient.Send(MailMessage message)	
2010/9/14 上午 10:15:11	Error:傳送郵件失敗。	   於 System.Net.Mime.HeaderCollection.Set(String name, String value)
   於 System.Net.Mail.Message.PrepareHeaders(Boolean sendEnvelope)
   於 System.Net.Mail.Message.Send(BaseWriter writer, Boolean sendEnvelope)
   於 System.Net.Mail.MailMessage.Send(BaseWriter writer, Boolean sendEnvelope)
   於 System.Net.Mail.SmtpClient.Send(MailMessage message)	
2010/9/14 上午 10:15:51	Error:傳送郵件失敗。	   於 System.Net.Mime.HeaderCollection.Set(String name, String value)
   於 System.Net.Mail.Message.PrepareHeaders(Boolean sendEnvelope)
   於 System.Net.Mail.Message.Send(BaseWriter writer, Boolean sendEnvelope)
   於 System.Net.Mail.MailMessage.Send(BaseWriter writer, Boolean sendEnvelope)
   於 System.Net.Mail.SmtpClient.Send(MailMessage message)	
2010/9/14 上午 10:33:27	Error:傳送郵件失敗。	   於 System.Net.Mime.HeaderCollection.Set(String name, String value)
   於 System.Net.Mail.Message.PrepareHeaders(Boolean sendEnvelope)
   於 System.Net.Mail.Message.Send(BaseWriter writer, Boolean sendEnvelope)
   於 System.Net.Mail.MailMessage.Send(BaseWriter writer, Boolean sendEnvelope)
   於 System.Net.Mail.SmtpClient.Send(MailMessage message)	
2010/9/14 上午 10:33:33	Error:傳送郵件失敗。	   於 System.Net.Mime.HeaderCollection.Set(String name, String value)
   於 System.Net.Mail.Message.PrepareHeaders(Boolean sendEnvelope)
   於 System.Net.Mail.Message.Send(BaseWriter writer, Boolean sendEnvelope)
   於 System.Net.Mail.MailMessage.Send(BaseWriter writer, Boolean sendEnvelope)
   於 System.Net.Mail.SmtpClient.Send(MailMessage message)	
2010/9/14 上午 10:33:43	Error:傳送郵件失敗。	   於 System.Net.Mime.HeaderCollection.Set(String name, String value)
   於 System.Net.Mail.Message.PrepareHeaders(Boolean sendEnvelope)
   於 System.Net.Mail.Message.Send(BaseWriter writer, Boolean sendEnvelope)
   於 System.Net.Mail.MailMessage.Send(BaseWriter writer, Boolean sendEnvelope)
   於 System.Net.Mail.SmtpClient.Send(MailMessage message)	
2010/9/14 上午 10:33:53	Error:傳送郵件失敗。	   於 System.Net.Mime.HeaderCollection.Set(String name, String value)
   於 System.Net.Mail.Message.PrepareHeaders(Boolean sendEnvelope)
   於 System.Net.Mail.Message.Send(BaseWriter writer, Boolean sendEnvelope)
   於 System.Net.Mail.MailMessage.Send(BaseWriter writer, Boolean sendEnvelope)
   於 System.Net.Mail.SmtpClient.Send(MailMessage message)	
2010/9/14 上午 10:33:58	Error:傳送郵件失敗。	   於 System.Net.Mime.HeaderCollection.Set(String name, String value)
   於 System.Net.Mail.Message.PrepareHeaders(Boolean sendEnvelope)
   於 System.Net.Mail.Message.Send(BaseWriter writer, Boolean sendEnvelope)
   於 System.Net.Mail.MailMessage.Send(BaseWriter writer, Boolean sendEnvelope)
   於 System.Net.Mail.SmtpClient.Send(MailMessage message)	
2010/9/14 上午 10:34:02	Error:傳送郵件失敗。	   於 System.Net.Mime.HeaderCollection.Set(String name, String value)
   於 System.Net.Mail.Message.PrepareHeaders(Boolean sendEnvelope)
   於 System.Net.Mail.Message.Send(BaseWriter writer, Boolean sendEnvelope)
   於 System.Net.Mail.MailMessage.Send(BaseWriter writer, Boolean sendEnvelope)
   於 System.Net.Mail.SmtpClient.Send(MailMessage message)	
2010/9/14 上午 10:34:05	Error:傳送郵件失敗。	   於 System.Net.Mime.HeaderCollection.Set(String name, String value)
   於 System.Net.Mail.Message.PrepareHeaders(Boolean sendEnvelope)
   於 System.Net.Mail.Message.Send(BaseWriter writer, Boolean sendEnvelope)
   於 System.Net.Mail.MailMessage.Send(BaseWriter writer, Boolean sendEnvelope)
   於 System.Net.Mail.SmtpClient.Send(MailMessage message)	
2010/9/14 上午 10:34:09	Error:傳送郵件失敗。	   於 System.Net.Mime.HeaderCollection.Set(String name, String value)
   於 System.Net.Mail.Message.PrepareHeaders(Boolean sendEnvelope)
   於 System.Net.Mail.Message.Send(BaseWriter writer, Boolean sendEnvelope)
   於 System.Net.Mail.MailMessage.Send(BaseWriter writer, Boolean sendEnvelope)
   於 System.Net.Mail.SmtpClient.Send(MailMessage message)	
2010/9/14 上午 10:34:23	Error:傳送郵件失敗。	   於 System.Net.Mime.HeaderCollection.Set(String name, String value)
   於 System.Net.Mail.Message.PrepareHeaders(Boolean sendEnvelope)
   於 System.Net.Mail.Message.Send(BaseWriter writer, Boolean sendEnvelope)
   於 System.Net.Mail.MailMessage.Send(BaseWriter writer, Boolean sendEnvelope)
   於 System.Net.Mail.SmtpClient.Send(MailMessage message)	
2010/9/14 上午 10:35:57	Error:傳送郵件失敗。	   於 System.Net.Mime.HeaderCollection.Set(String name, String value)
   於 System.Net.Mail.Message.PrepareHeaders(Boolean sendEnvelope)
   於 System.Net.Mail.Message.Send(BaseWriter writer, Boolean sendEnvelope)
   於 System.Net.Mail.MailMessage.Send(BaseWriter writer, Boolean sendEnvelope)
   於 System.Net.Mail.SmtpClient.Send(MailMessage message)	
2010/9/14 上午 10:36:03	Error:傳送郵件失敗。	   於 System.Net.Mime.HeaderCollection.Set(String name, String value)
   於 System.Net.Mail.Message.PrepareHeaders(Boolean sendEnvelope)
   於 System.Net.Mail.Message.Send(BaseWriter writer, Boolean sendEnvelope)
   於 System.Net.Mail.MailMessage.Send(BaseWriter writer, Boolean sendEnvelope)
   於 System.Net.Mail.SmtpClient.Send(MailMessage message)	
2010/9/14 上午 10:36:09	Error:傳送郵件失敗。	   於 System.Net.Mime.HeaderCollection.Set(String name, String value)
   於 System.Net.Mail.Message.PrepareHeaders(Boolean sendEnvelope)
   於 System.Net.Mail.Message.Send(BaseWriter writer, Boolean sendEnvelope)
   於 System.Net.Mail.MailMessage.Send(BaseWriter writer, Boolean sendEnvelope)
   於 System.Net.Mail.SmtpClient.Send(MailMessage message)	
2010/9/14 上午 10:36:13	Error:傳送郵件失敗。	   於 System.Net.Mime.HeaderCollection.Set(String name, String value)
   於 System.Net.Mail.Message.PrepareHeaders(Boolean sendEnvelope)
   於 System.Net.Mail.Message.Send(BaseWriter writer, Boolean sendEnvelope)
   於 System.Net.Mail.MailMessage.Send(BaseWriter writer, Boolean sendEnvelope)
   於 System.Net.Mail.SmtpClient.Send(MailMessage message)	
2010/9/14 上午 10:36:16	Error:傳送郵件失敗。	   於 System.Net.Mime.HeaderCollection.Set(String name, String value)
   於 System.Net.Mail.Message.PrepareHeaders(Boolean sendEnvelope)
   於 System.Net.Mail.Message.Send(BaseWriter writer, Boolean sendEnvelope)
   於 System.Net.Mail.MailMessage.Send(BaseWriter writer, Boolean sendEnvelope)
   於 System.Net.Mail.SmtpClient.Send(MailMessage message)	
2010/9/14 上午 10:47:24	Error:傳送郵件失敗。	   於 System.Net.Mime.HeaderCollection.Set(String name, String value)
   於 System.Net.Mail.Message.PrepareHeaders(Boolean sendEnvelope)
   於 System.Net.Mail.Message.Send(BaseWriter writer, Boolean sendEnvelope)
   於 System.Net.Mail.MailMessage.Send(BaseWriter writer, Boolean sendEnvelope)
   於 System.Net.Mail.SmtpClient.Send(MailMessage message)	
2010/9/14 下午 06:09:49	Error:並未將物件參考設定為物件的執行個體	   於 JBModule.Message.Mail.SendMail(String from_mail, String to_mail, String subject, String body) 於 D:\webroot\Nt2Root\ezFlow\WinApp\ezSendMail_net35\JBModule.Message\Mail.cs: 行 167
   於 ezSendMail.Form1.SendMail(String toAddress, String toName, String subject, String body) 於 D:\webroot\Nt2Root\ezFlow\WinApp\ezSendMail_net35\ezSendMail\Form1.cs: 行 477	
2010/9/14 下午 06:25:11	Error:並未將物件參考設定為物件的執行個體	   於 JBModule.Message.Mail.SendMail(String from_mail, String to_mail, String subject, String body) 於 D:\webroot\Nt2Root\ezFlow\WinApp\ezSendMail_net35\JBModule.Message\Mail.cs: 行 167
   於 ezSendMail.Form1.SendMail(String toAddress, String toName, String subject, String body) 於 D:\webroot\Nt2Root\ezFlow\WinApp\ezSendMail_net35\ezSendMail\Form1.cs: 行 477	
