2012/3/29 上午 01:36:01	傳送郵件到richard@jbjob.com.tw()	
2012/3/29 上午 07:16:04	傳送郵件到rita@jbjob.com.tw()	
2012/3/29 上午 10:36:06	傳送郵件到Angel@jbjob.com.tw()	
2012/3/29 上午 10:46:06	傳送郵件到Grace@jbjob.com.tw()	
2012/3/29 下午 12:36:07	傳送郵件到Angel@jbjob.com.tw()	
2012/3/29 下午 12:46:08	傳送郵件到Grace@jbjob.com.tw()	
2012/3/29 下午 01:56:09	傳送郵件到clinton@jbjob.com.tw()	
2012/3/29 下午 02:36:10	傳送郵件到Angel@jbjob.com.tw()	
2012/3/29 下午 02:46:10	傳送郵件到Grace@jbjob.com.tw()	
2012/3/29 下午 03:56:11	傳送郵件到clinton@jbjob.com.tw()	
2012/3/29 下午 04:36:12	傳送郵件到Jessica@jbjob.com.tw()	
2012/3/29 下午 05:46:14	傳送郵件到Tiffany@jbjob.com.tw()	
2012/3/29 下午 05:56:15	傳送郵件到clinton@jbjob.com.tw()	
2012/3/29 下午 06:16:15	傳送郵件到Angel@jbjob.com.tw()	
2012/3/29 下午 07:46:16	傳送郵件到Tiffany@jbjob.com.tw()	
2012/3/29 下午 08:16:17	傳送郵件到Angel@jbjob.com.tw()	
2012/3/29 下午 09:16:18	傳送郵件到richard@jbjob.com.tw()	
2012/3/29 下午 09:46:18	傳送郵件到Tiffany@jbjob.com.tw()	
2012/3/29 下午 10:16:19	傳送郵件到Angel@jbjob.com.tw()	
2012/3/29 下午 11:16:20	傳送郵件到richard@jbjob.com.tw()	
