2011/7/5 上午 07:11:56	傳送郵件到clinton@jbjob.com.tw()	
2011/7/5 上午 09:11:58	傳送郵件到clinton@jbjob.com.tw()	
2011/7/5 上午 09:41:59	傳送郵件到Amy@jbjob.com.tw()	
2011/7/5 上午 09:41:59	傳送郵件到victor@jbjob.com.tw()	
2011/7/5 上午 11:12:01	傳送郵件到clinton@jbjob.com.tw()	
2011/7/5 上午 11:42:01	傳送郵件到Amy@jbjob.com.tw()	
2011/7/5 上午 11:42:02	傳送郵件到victor@jbjob.com.tw()	
2011/7/5 下午 12:42:03	傳送郵件到Tina@jbjob.com.tw()	
2011/7/5 下午 01:12:05	傳送郵件到Alex@jbjob.com.tw()	
2011/7/5 下午 01:42:06	傳送郵件到Amy@jbjob.com.tw()	
2011/7/5 下午 01:42:07	傳送郵件到victor@jbjob.com.tw()	
2011/7/5 下午 04:02:09	傳送郵件到Jimmy@jbjob.com.tw()	
2011/7/5 下午 04:42:09	傳送郵件到Alex@jbjob.com.tw()	
2011/7/5 下午 05:42:13	傳送郵件到richard@jbjob.com.tw()	
2011/7/5 下午 05:52:14	傳送郵件到Paul@jbjob.com.tw()	
2011/7/5 下午 05:52:15	傳送郵件到wilson@jbjob.com.tw()	
2011/7/5 下午 06:12:15	傳送郵件到Tiffany@jbjob.com.tw()	
2011/7/5 下午 06:42:17	傳送郵件到Alex@jbjob.com.tw()	
2011/7/5 下午 08:13:04	傳送郵件到Tiffany@jbjob.com.tw()	
2011/7/5 下午 08:43:04	傳送郵件到Alex@jbjob.com.tw()	
2011/7/5 下午 09:53:06	傳送郵件到Paul@jbjob.com.tw()	
2011/7/5 下午 09:53:06	傳送郵件到wilson@jbjob.com.tw()	
2011/7/5 下午 10:13:08	傳送郵件到Tiffany@jbjob.com.tw()	
