2012/5/15 上午 12:02:36	傳送郵件到clinton@jbjob.com.tw()	
2012/5/15 上午 12:02:36	傳送郵件到Angel@jbjob.com.tw()	
2012/5/15 上午 12:17:37	傳送郵件到jju@jbjob.com.tw()	
2012/5/15 上午 02:02:38	傳送郵件到Tiffany@jbjob.com.tw()	
2012/5/15 上午 04:02:38	傳送郵件到clinton@jbjob.com.tw()	
2012/5/15 上午 04:02:39	傳送郵件到Angel@jbjob.com.tw()	
2012/5/15 上午 08:02:40	傳送郵件到clinton@jbjob.com.tw()	
2012/5/15 上午 08:02:41	傳送郵件到Angel@jbjob.com.tw()	
2012/5/15 上午 08:47:41	傳送郵件到kelly@jbjob.com.tw()	
2012/5/15 上午 09:02:42	傳送郵件到richard@jbjob.com.tw()	
2012/5/15 上午 11:32:43	傳送郵件到cjs@jbjob.com.tw()	
2012/5/15 下午 01:47:44	傳送郵件到Paul@jbjob.com.tw()	
2012/5/15 下午 02:17:44	傳送郵件到Angel@jbjob.com.tw()	
2012/5/15 下午 03:32:45	傳送郵件到Tina@jbjob.com.tw()	
2012/5/15 下午 03:32:47	傳送郵件到cjs@jbjob.com.tw()	
2012/5/15 下午 04:59:40	傳送郵件到Tiffany@jbjob.com.tw()	
2012/5/15 下午 05:14:40	傳送郵件到richard@jbjob.com.tw()	
2012/5/15 下午 07:32:49	傳送郵件到Tina@jbjob.com.tw()	
2012/5/15 下午 07:32:49	傳送郵件到cjs@jbjob.com.tw()	
2012/5/15 下午 08:59:42	傳送郵件到Tiffany@jbjob.com.tw()	
2012/5/15 下午 11:32:50	傳送郵件到Tina@jbjob.com.tw()	
