2012/5/28 上午 09:06:15	傳送郵件到clinton@jbjob.com.tw()	
2012/5/28 上午 09:06:16	傳送郵件到rita@jbjob.com.tw()	
2012/5/28 上午 09:06:17	傳送郵件到cjs@jbjob.com.tw()	
2012/5/28 上午 09:06:17	傳送郵件到Jimmy@jbjob.com.tw()	
2012/5/28 上午 09:06:18	傳送郵件到kelly@jbjob.com.tw()	
2012/5/28 上午 09:06:18	傳送郵件到richard@jbjob.com.tw()	
2012/5/28 上午 09:21:19	傳送郵件到Angel@jbjob.com.tw()	
2012/5/28 上午 10:51:21	傳送郵件到Tina@jbjob.com.tw()	
2012/5/28 上午 11:51:22	傳送郵件到Paul@jbjob.com.tw()	
2012/5/28 下午 01:06:22	傳送郵件到clinton@jbjob.com.tw()	
2012/5/28 下午 01:06:23	傳送郵件到Jimmy@jbjob.com.tw()	
2012/5/28 下午 01:21:23	傳送郵件到cjs@jbjob.com.tw()	
2012/5/28 下午 01:51:24	傳送郵件到kelly@jbjob.com.tw()	
2012/5/28 下午 02:21:24	傳送郵件到Angel@jbjob.com.tw()	
2012/5/28 下午 02:21:25	傳送郵件到richard@jbjob.com.tw()	
2012/5/28 下午 02:51:25	傳送郵件到Tina@jbjob.com.tw()	
2012/5/28 下午 03:51:29	傳送郵件到jju@jbjob.com.tw()	
2012/5/28 下午 05:36:30	傳送郵件到cjs@jbjob.com.tw()	
2012/5/28 下午 05:36:30	傳送郵件到Jimmy@jbjob.com.tw()	
2012/5/28 下午 05:51:31	傳送郵件到Tiffany@jbjob.com.tw()	
2012/5/28 下午 06:51:31	傳送郵件到Tina@jbjob.com.tw()	
2012/5/28 下午 07:51:32	傳送郵件到jju@jbjob.com.tw()	
2012/5/28 下午 09:21:33	傳送郵件到Angel@jbjob.com.tw()	
2012/5/28 下午 09:36:34	傳送郵件到cjs@jbjob.com.tw()	
2012/5/28 下午 09:36:34	傳送郵件到Jimmy@jbjob.com.tw()	
2012/5/28 下午 09:51:34	傳送郵件到Tiffany@jbjob.com.tw()	
2012/5/28 下午 11:51:35	傳送郵件到jju@jbjob.com.tw()	
