2012/10/22 上午 08:20:29	傳送郵件到rita@jbjob.com.tw()	
2012/10/22 上午 08:35:29	傳送郵件到kelly@jbjob.com.tw()	
2012/10/22 上午 08:50:30	傳送郵件到cjs@jbjob.com.tw()	
2012/10/22 上午 09:20:30	傳送郵件到clinton@jbjob.com.tw()	
2012/10/22 上午 11:20:13	傳送郵件到Jessica@jbjob.com.tw()	
2012/10/22 上午 11:50:14	傳送郵件到Lilian@jbjob.com.tw()	
2012/10/22 下午 12:35:15	傳送郵件到Tina@jbjob.com.tw()	
2012/10/22 下午 01:50:16	傳送郵件到kelly@jbjob.com.tw()	
2012/10/22 下午 02:35:16	傳送郵件到Angel@jbjob.com.tw()	
2012/10/22 下午 02:35:17	傳送郵件到wilson@jbjob.com.tw()	
2012/10/22 下午 02:35:18	傳送郵件到richard@jbjob.com.tw()	
2012/10/22 下午 03:35:18	傳送郵件到clinton@jbjob.com.tw()	
2012/10/22 下午 04:05:19	傳送郵件到cjs@jbjob.com.tw()	
2012/10/22 下午 04:35:21	傳送郵件到Tina@jbjob.com.tw()	
2012/10/22 下午 04:35:22	傳送郵件到Lilian@jbjob.com.tw()	
2012/10/22 下午 06:35:23	傳送郵件到Grace@jbjob.com.tw()	
2012/10/22 下午 06:35:24	傳送郵件到rita@jbjob.com.tw()	
2012/10/22 下午 06:35:24	傳送郵件到Angel@jbjob.com.tw()	
2012/10/22 下午 06:35:25	傳送郵件到wilson@jbjob.com.tw()	
2012/10/22 下午 06:50:25	傳送郵件到richard@jbjob.com.tw()	
2012/10/22 下午 08:35:26	傳送郵件到Tina@jbjob.com.tw()	
2012/10/22 下午 10:35:27	傳送郵件到Grace@jbjob.com.tw()	
2012/10/22 下午 10:35:28	傳送郵件到rita@jbjob.com.tw()	
2012/10/22 下午 10:50:28	傳送郵件到richard@jbjob.com.tw()	
