2011/11/28 上午 09:09:44	傳送郵件到Jimmy@jbjob.com.tw()	
2011/11/28 上午 09:09:44	傳送郵件到richard@jbjob.com.tw()	
2011/11/28 上午 10:09:46	傳送郵件到clinton@jbjob.com.tw()	
2011/11/28 上午 10:19:47	傳送郵件到cjs@jbjob.com.tw()	
2011/11/28 上午 11:09:47	傳送郵件到Jimmy@jbjob.com.tw()	
2011/11/28 上午 11:19:48	傳送郵件到Tina@jbjob.com.tw()	
2011/11/28 下午 12:09:49	傳送郵件到clinton@jbjob.com.tw()	
2011/11/28 下午 01:09:50	傳送郵件到Jimmy@jbjob.com.tw()	
2011/11/28 下午 01:49:50	傳送郵件到Angel@jbjob.com.tw()	
2011/11/28 下午 01:59:51	傳送郵件到Tiffany@jbjob.com.tw()	
2011/11/28 下午 02:20:12	傳送郵件到clinton@jbjob.com.tw()	
2011/11/28 下午 02:59:54	傳送郵件到Tina@jbjob.com.tw()	
2011/11/28 下午 03:59:56	傳送郵件到Tiffany@jbjob.com.tw()	
2011/11/28 下午 04:20:13	傳送郵件到clinton@jbjob.com.tw()	
2011/11/28 下午 04:59:57	傳送郵件到Angel@jbjob.com.tw()	
2011/11/28 下午 05:39:58	傳送郵件到richard@jbjob.com.tw()	
2011/11/28 下午 05:59:58	傳送郵件到Tiffany@jbjob.com.tw()	
2011/11/28 下午 06:59:59	傳送郵件到Angel@jbjob.com.tw()	
2011/11/28 下午 06:59:59	傳送郵件到wilson@jbjob.com.tw()	
2011/11/28 下午 07:40:00	傳送郵件到richard@jbjob.com.tw()	
2011/11/28 下午 09:00:01	傳送郵件到wilson@jbjob.com.tw()	
2011/11/28 下午 09:40:02	傳送郵件到richard@jbjob.com.tw()	
2011/11/28 下午 11:00:02	傳送郵件到wilson@jbjob.com.tw()	
