2011/4/8 上午 09:53:55	傳送郵件到Grace@jbjob.com.tw()	
2011/4/8 上午 09:53:55	傳送郵件到clinton@jbjob.com.tw()	
2011/4/8 上午 09:53:56	傳送郵件到Paul@jbjob.com.tw()	
2011/4/8 上午 09:53:57	傳送郵件到Tina@jbjob.com.tw()	
2011/4/8 上午 09:53:57	傳送郵件到Amy@jbjob.com.tw()	
2011/4/8 上午 09:53:57	傳送郵件到Tiffany@jbjob.com.tw()	
2011/4/8 上午 09:53:58	傳送郵件到daphne@jbjob.com.tw()	
2011/4/8 上午 09:53:58	傳送郵件到richard@jbjob.com.tw()	
2011/4/8 上午 10:03:59	傳送郵件到Alex@jbjob.com.tw()	
2011/4/8 下午 04:10:11	傳送郵件到Grace@jbjob.com.tw()	
2011/4/8 下午 04:10:12	傳送郵件到clinton@jbjob.com.tw()	
2011/4/8 下午 04:10:12	傳送郵件到Paul@jbjob.com.tw()	
2011/4/8 下午 04:10:12	傳送郵件到Tina@jbjob.com.tw()	
2011/4/8 下午 04:10:13	傳送郵件到Amy@jbjob.com.tw()	
2011/4/8 下午 04:10:13	傳送郵件到Tiffany@jbjob.com.tw()	
2011/4/8 下午 05:20:14	傳送郵件到daphne@jbjob.com.tw()	
2011/4/8 下午 06:10:15	傳送郵件到Grace@jbjob.com.tw()	
2011/4/8 下午 06:10:16	傳送郵件到clinton@jbjob.com.tw()	
2011/4/8 下午 06:10:16	傳送郵件到Tina@jbjob.com.tw()	
2011/4/8 下午 06:20:17	傳送郵件到Alex@jbjob.com.tw()	
2011/4/8 下午 07:03:33	傳送郵件到Amy@jbjob.com.tw()	
2011/4/8 下午 09:03:36	傳送郵件到clinton@jbjob.com.tw()	
2011/4/8 下午 09:03:36	傳送郵件到Amy@jbjob.com.tw()	
2011/4/8 下午 09:13:37	傳送郵件到Alex@jbjob.com.tw()	
2011/4/8 下午 09:23:37	傳送郵件到Tina@jbjob.com.tw()	
2011/4/8 下午 11:03:38	傳送郵件到clinton@jbjob.com.tw()	
2011/4/8 下午 11:03:39	傳送郵件到Amy@jbjob.com.tw()	
2011/4/8 下午 11:13:41	傳送郵件到Alex@jbjob.com.tw()	
2011/4/8 下午 11:23:41	傳送郵件到Tina@jbjob.com.tw()	
