2012/2/20 上午 09:06:07	傳送郵件到clinton@jbjob.com.tw()	
2012/2/20 上午 09:56:07	傳送郵件到kelly@jbjob.com.tw()	
2012/2/20 上午 09:56:07	傳送郵件到kelly@jbjob.com.tw()	
2012/2/20 上午 10:16:10	傳送郵件到richard@jbjob.com.tw()	
2012/2/20 上午 11:06:12	傳送郵件到clinton@jbjob.com.tw()	
2012/2/20 上午 11:26:13	傳送郵件到Angel@jbjob.com.tw()	
2012/2/20 上午 11:56:15	傳送郵件到Paul@jbjob.com.tw()	
2012/2/20 下午 12:46:17	傳送郵件到richard@jbjob.com.tw()	
2012/2/20 下午 01:26:18	傳送郵件到Angel@jbjob.com.tw()	
2012/2/20 下午 01:36:19	傳送郵件到cjs@jbjob.com.tw()	
2012/2/20 下午 01:56:20	傳送郵件到Paul@jbjob.com.tw()	
2012/2/20 下午 02:06:20	傳送郵件到jju@jbjob.com.tw()	
2012/2/20 下午 03:26:25	傳送郵件到Angel@jbjob.com.tw()	
2012/2/20 下午 03:56:27	傳送郵件到Paul@jbjob.com.tw()	
2012/2/20 下午 04:06:29	傳送郵件到jju@jbjob.com.tw()	
2012/2/20 下午 05:26:32	傳送郵件到richard@jbjob.com.tw()	
2012/2/20 下午 05:36:33	傳送郵件到Angel@jbjob.com.tw()	
2012/2/20 下午 06:06:33	傳送郵件到jju@jbjob.com.tw()	
2012/2/20 下午 07:06:34	傳送郵件到Tiffany@jbjob.com.tw()	
2012/2/20 下午 07:36:35	傳送郵件到Angel@jbjob.com.tw()	
2012/2/20 下午 09:06:36	傳送郵件到Tiffany@jbjob.com.tw()	
2012/2/20 下午 09:36:37	傳送郵件到Angel@jbjob.com.tw()	
