2012/4/20 上午 08:46:31	傳送郵件到richard@jbjob.com.tw()	
2012/4/20 上午 09:36:31	傳送郵件到Grace@jbjob.com.tw()	
2012/4/20 上午 09:36:32	傳送郵件到clinton@jbjob.com.tw()	
2012/4/20 上午 10:46:33	傳送郵件到richard@jbjob.com.tw()	
2012/4/20 上午 11:36:34	傳送郵件到Grace@jbjob.com.tw()	
2012/4/20 上午 11:36:34	傳送郵件到clinton@jbjob.com.tw()	
2012/4/20 上午 11:36:34	傳送郵件到Paul@jbjob.com.tw()	
2012/4/20 上午 11:36:35	傳送郵件到Jessica@jbjob.com.tw()	
2012/4/20 下午 12:56:36	傳送郵件到richard@jbjob.com.tw()	
2012/4/20 下午 01:36:37	傳送郵件到Grace@jbjob.com.tw()	
2012/4/20 下午 01:36:38	傳送郵件到Paul@jbjob.com.tw()	
2012/4/20 下午 01:36:38	傳送郵件到Jessica@jbjob.com.tw()	
2012/4/20 下午 03:36:40	傳送郵件到Paul@jbjob.com.tw()	
2012/4/20 下午 03:36:40	傳送郵件到Jessica@jbjob.com.tw()	
2012/4/20 下午 04:46:41	傳送郵件到richard@jbjob.com.tw()	
2012/4/20 下午 05:16:42	傳送郵件到cjs@jbjob.com.tw()	
2012/4/20 下午 05:46:43	傳送郵件到Tiffany@jbjob.com.tw()	
2012/4/20 下午 06:46:44	傳送郵件到richard@jbjob.com.tw()	
2012/4/20 下午 07:46:44	傳送郵件到Tiffany@jbjob.com.tw()	
2012/4/20 下午 07:56:45	傳送郵件到cjs@jbjob.com.tw()	
2012/4/20 下午 08:46:46	傳送郵件到richard@jbjob.com.tw()	
2012/4/20 下午 09:46:47	傳送郵件到Tiffany@jbjob.com.tw()	
2012/4/20 下午 09:56:47	傳送郵件到cjs@jbjob.com.tw()	
2012/4/20 下午 11:56:49	傳送郵件到cjs@jbjob.com.tw()	
