2012/6/20 上午 09:07:05	傳送郵件到Grace@jbjob.com.tw()	
2012/6/20 上午 09:07:05	傳送郵件到clinton@jbjob.com.tw()	
2012/6/20 上午 09:07:06	傳送郵件到Paul@jbjob.com.tw()	
2012/6/20 上午 09:07:06	傳送郵件到Tina@jbjob.com.tw()	
2012/6/20 上午 09:07:07	傳送郵件到rita@jbjob.com.tw()	
2012/6/20 上午 09:07:07	傳送郵件到cjs@jbjob.com.tw()	
2012/6/20 上午 09:07:07	傳送郵件到Lilian@jbjob.com.tw()	
2012/6/20 下午 01:07:09	傳送郵件到Grace@jbjob.com.tw()	
2012/6/20 下午 01:07:10	傳送郵件到Paul@jbjob.com.tw()	
2012/6/20 下午 01:07:10	傳送郵件到Tina@jbjob.com.tw()	
2012/6/20 下午 01:07:10	傳送郵件到Lilian@jbjob.com.tw()	
2012/6/20 下午 01:07:11	傳送郵件到Angel@jbjob.com.tw()	
2012/6/20 下午 01:22:11	傳送郵件到cjs@jbjob.com.tw()	
2012/6/20 下午 01:22:12	傳送郵件到richard@jbjob.com.tw()	
2012/6/20 下午 03:22:13	傳送郵件到clinton@jbjob.com.tw()	
2012/6/20 下午 04:07:15	傳送郵件到Tiffany@jbjob.com.tw()	
2012/6/20 下午 05:07:16	傳送郵件到Grace@jbjob.com.tw()	
2012/6/20 下午 05:07:16	傳送郵件到Angel@jbjob.com.tw()	
2012/6/20 下午 05:37:17	傳送郵件到Tina@jbjob.com.tw()	
2012/6/20 下午 05:52:18	傳送郵件到richard@jbjob.com.tw()	
2012/6/20 下午 08:07:20	傳送郵件到Tiffany@jbjob.com.tw()	
2012/6/20 下午 09:37:21	傳送郵件到Tina@jbjob.com.tw()	
