2011/11/11 上午 08:50:15	傳送郵件到richard@jbjob.com.tw()	
2011/11/11 上午 09:20:17	傳送郵件到Paul@jbjob.com.tw()	
2011/11/11 上午 09:30:18	傳送郵件到Angel@jbjob.com.tw()	
2011/11/11 上午 10:10:18	傳送郵件到cjs@jbjob.com.tw()	
2011/11/11 上午 11:10:19	傳送郵件到Tiffany@jbjob.com.tw()	
2011/11/11 上午 11:20:20	傳送郵件到Paul@jbjob.com.tw()	
2011/11/11 上午 11:30:21	傳送郵件到Angel@jbjob.com.tw()	
2011/11/11 上午 11:30:21	傳送郵件到richard@jbjob.com.tw()	
2011/11/11 下午 01:20:22	傳送郵件到Paul@jbjob.com.tw()	
2011/11/11 下午 01:30:23	傳送郵件到richard@jbjob.com.tw()	
2011/11/11 下午 03:10:24	傳送郵件到Tina@jbjob.com.tw()	
2011/11/11 下午 03:30:24	傳送郵件到richard@jbjob.com.tw()	
2011/11/11 下午 04:20:25	傳送郵件到Jimmy@jbjob.com.tw()	
2011/11/11 下午 04:30:26	傳送郵件到cjs@jbjob.com.tw()	
2011/11/11 下午 05:10:26	傳送郵件到Tina@jbjob.com.tw()	
2011/11/11 下午 06:10:27	傳送郵件到Angel@jbjob.com.tw()	
2011/11/11 下午 06:20:28	傳送郵件到richard@jbjob.com.tw()	
2011/11/11 下午 07:00:28	傳送郵件到cjs@jbjob.com.tw()	
2011/11/11 下午 07:10:29	傳送郵件到Tina@jbjob.com.tw()	
2011/11/11 下午 08:20:30	傳送郵件到richard@jbjob.com.tw()	
2011/11/11 下午 09:40:30	傳送郵件到Angel@jbjob.com.tw()	
2011/11/11 下午 09:50:31	傳送郵件到Tiffany@jbjob.com.tw()	
2011/11/11 下午 10:20:31	傳送郵件到richard@jbjob.com.tw()	
2011/11/11 下午 11:40:32	傳送郵件到Angel@jbjob.com.tw()	
2011/11/11 下午 11:50:33	傳送郵件到Tiffany@jbjob.com.tw()	
