2011/12/29 上午 12:16:45	傳送郵件到kelly@jbjob.com.tw()	
2011/12/29 上午 09:16:49	傳送郵件到wilson@jbjob.com.tw()	
2011/12/29 上午 10:16:50	傳送郵件到richard@jbjob.com.tw()	
2011/12/29 上午 10:46:53	傳送郵件到Paul@jbjob.com.tw()	
2011/12/29 上午 10:46:57	傳送郵件到cjs@jbjob.com.tw()	
2011/12/29 上午 11:27:08	傳送郵件到debbie@jbjob.com.tw()	
2011/12/29 下午 12:17:09	傳送郵件到richard@jbjob.com.tw()	
2011/12/29 下午 12:47:10	傳送郵件到Paul@jbjob.com.tw()	
2011/12/29 下午 12:47:10	傳送郵件到Angel@jbjob.com.tw()	
2011/12/29 下午 02:17:12	傳送郵件到richard@jbjob.com.tw()	
2011/12/29 下午 03:17:12	傳送郵件到Angel@jbjob.com.tw()	
2011/12/29 下午 04:37:21	傳送郵件到Jimmy@jbjob.com.tw()	
2011/12/29 下午 04:37:23	傳送郵件到kelly@jbjob.com.tw()	
2011/12/29 下午 05:07:24	傳送郵件到Tina@jbjob.com.tw()	
2011/12/29 下午 05:17:24	傳送郵件到Angel@jbjob.com.tw()	
2011/12/29 下午 06:07:25	傳送郵件到cjs@jbjob.com.tw()	
2011/12/29 下午 06:17:25	傳送郵件到clinton@jbjob.com.tw()	
2011/12/29 下午 06:37:26	傳送郵件到kelly@jbjob.com.tw()	
2011/12/29 下午 07:07:27	傳送郵件到Tina@jbjob.com.tw()	
2011/12/29 下午 08:17:28	傳送郵件到clinton@jbjob.com.tw()	
2011/12/29 下午 08:37:28	傳送郵件到kelly@jbjob.com.tw()	
2011/12/29 下午 10:17:29	傳送郵件到clinton@jbjob.com.tw()	
2011/12/29 下午 11:37:30	傳送郵件到Angel@jbjob.com.tw()	
