2012/9/12 上午 01:10:01	傳送郵件到kelly@jbjob.com.tw()	
2012/9/12 上午 01:25:02	傳送郵件到richard@jbjob.com.tw()	
2012/9/12 上午 08:10:04	傳送郵件到Grace@jbjob.com.tw()	
2012/9/12 上午 08:25:04	傳送郵件到Angel@jbjob.com.tw()	
2012/9/12 上午 10:40:06	傳送郵件到cjs@jbjob.com.tw()	
2012/9/12 下午 12:10:07	傳送郵件到Grace@jbjob.com.tw()	
2012/9/12 下午 12:10:08	傳送郵件到wilson@jbjob.com.tw()	
2012/9/12 下午 12:25:08	傳送郵件到Amy@jbjob.com.tw()	
2012/9/12 下午 02:25:09	傳送郵件到richard@jbjob.com.tw()	
2012/9/12 下午 04:10:10	傳送郵件到Grace@jbjob.com.tw()	
2012/9/12 下午 04:25:11	傳送郵件到Amy@jbjob.com.tw()	
2012/9/12 下午 05:10:12	傳送郵件到kelly@jbjob.com.tw()	
2012/9/12 下午 05:25:13	傳送郵件到Angel@jbjob.com.tw()	
2012/9/12 下午 05:25:14	傳送郵件到wilson@jbjob.com.tw()	
2012/9/12 下午 06:10:15	傳送郵件到Tiffany@jbjob.com.tw()	
2012/9/12 下午 06:25:16	傳送郵件到richard@jbjob.com.tw()	
2012/9/12 下午 08:25:17	傳送郵件到Amy@jbjob.com.tw()	
2012/9/12 下午 09:25:18	傳送郵件到wilson@jbjob.com.tw()	
2012/9/12 下午 10:10:19	傳送郵件到Tiffany@jbjob.com.tw()	
2012/9/12 下午 10:25:20	傳送郵件到richard@jbjob.com.tw()	
