2011/1/26 上午 12:10:55	傳送郵件到Lee@jbjob.com.tw()	
2011/1/26 上午 09:16:03	傳送郵件到cjs@jbjob.com.tw()	
2011/1/26 上午 09:51:04	傳送郵件到clinton@jbjob.com.tw()	
2011/1/26 上午 10:16:05	傳送郵件到Amy@jbjob.com.tw()	
2011/1/26 上午 11:51:07	傳送郵件到clinton@jbjob.com.tw()	
2011/1/26 下午 01:01:09	傳送郵件到richard@jbjob.com.tw()	
2011/1/26 下午 02:06:11	傳送郵件到Amy@jbjob.com.tw()	
2011/1/26 下午 02:06:11	傳送郵件到wilson@jbjob.com.tw()	
2011/1/26 下午 02:51:13	傳送郵件到jju@jbjob.com.tw()	
2011/1/26 下午 03:26:14	傳送郵件到richard@jbjob.com.tw()	
2011/1/26 下午 04:06:15	傳送郵件到Amy@jbjob.com.tw()	
2011/1/26 下午 04:06:15	傳送郵件到wilson@jbjob.com.tw()	
2011/1/26 下午 04:21:16	傳送郵件到rurujion@jbjob.com.tw()	
2011/1/26 下午 04:51:17	傳送郵件到Tiffany@jbjob.com.tw()	
2011/1/26 下午 04:51:18	傳送郵件到jju@jbjob.com.tw()	
2011/1/26 下午 04:56:18	傳送郵件到clinton@jbjob.com.tw()	
2011/1/26 下午 05:26:22	傳送郵件到richard@jbjob.com.tw()	
2011/1/26 下午 05:46:22	傳送郵件到Lee@jbjob.com.tw()	
2011/1/26 下午 06:06:23	傳送郵件到Amy@jbjob.com.tw()	
2011/1/26 下午 06:51:24	傳送郵件到Tiffany@jbjob.com.tw()	
2011/1/26 下午 06:51:25	傳送郵件到jju@jbjob.com.tw()	
2011/1/26 下午 07:36:26	傳送郵件到richard@jbjob.com.tw()	
2011/1/26 下午 07:46:27	傳送郵件到Lee@jbjob.com.tw()	
2011/1/26 下午 07:51:27	傳送郵件到clinton@jbjob.com.tw()	
2011/1/26 下午 08:51:29	傳送郵件到Tiffany@jbjob.com.tw()	
2011/1/26 下午 09:36:30	傳送郵件到richard@jbjob.com.tw()	
2011/1/26 下午 09:46:30	傳送郵件到Lee@jbjob.com.tw()	
2011/1/26 下午 09:51:32	傳送郵件到clinton@jbjob.com.tw()	
2011/1/26 下午 11:36:34	傳送郵件到richard@jbjob.com.tw()	
