2011/10/14 上午 12:10:45	傳送郵件到Tina@jbjob.com.tw()	
2011/10/14 上午 02:10:48	傳送郵件到Tina@jbjob.com.tw()	
2011/10/14 上午 04:10:52	傳送郵件到Tina@jbjob.com.tw()	
2011/10/14 上午 09:10:57	傳送郵件到jju@jbjob.com.tw()	
2011/10/14 上午 10:40:58	傳送郵件到Paul@jbjob.com.tw()	
2011/10/14 上午 10:40:59	傳送郵件到Tiffany@jbjob.com.tw()	
2011/10/14 上午 11:11:00	傳送郵件到jju@jbjob.com.tw()	
2011/10/14 上午 11:11:00	傳送郵件到richard@jbjob.com.tw()	
2011/10/14 上午 11:31:02	傳送郵件到Angel@jbjob.com.tw()	
2011/10/14 下午 12:41:03	傳送郵件到Paul@jbjob.com.tw()	
2011/10/14 下午 12:51:03	傳送郵件到cjs@jbjob.com.tw()	
2011/10/14 下午 01:11:04	傳送郵件到jju@jbjob.com.tw()	
2011/10/14 下午 01:41:04	傳送郵件到Angel@jbjob.com.tw()	
2011/10/14 下午 02:41:08	傳送郵件到Paul@jbjob.com.tw()	
2011/10/14 下午 03:41:08	傳送郵件到Angel@jbjob.com.tw()	
2011/10/14 下午 05:11:09	傳送郵件到rita@jbjob.com.tw()	
2011/10/14 下午 05:21:10	傳送郵件到richard@jbjob.com.tw()	
2011/10/14 下午 05:51:11	傳送郵件到wilson@jbjob.com.tw()	
2011/10/14 下午 07:01:12	傳送郵件到Angel@jbjob.com.tw()	
2011/10/14 下午 07:21:18	傳送郵件到richard@jbjob.com.tw()	
2011/10/14 下午 07:51:19	傳送郵件到wilson@jbjob.com.tw()	
2011/10/14 下午 09:01:20	傳送郵件到Angel@jbjob.com.tw()	
2011/10/14 下午 09:21:21	傳送郵件到richard@jbjob.com.tw()	
2011/10/14 下午 09:51:21	傳送郵件到wilson@jbjob.com.tw()	
2011/10/14 下午 11:01:22	傳送郵件到Angel@jbjob.com.tw()	
