2012/9/4 上午 02:39:38	傳送郵件到richard@jbjob.com.tw()	
2012/9/4 上午 08:09:39	傳送郵件到Angel@jbjob.com.tw()	
2012/9/4 上午 08:39:39	傳送郵件到kelly@jbjob.com.tw()	
2012/9/4 上午 08:54:40	傳送郵件到Tiffany@jbjob.com.tw()	
2012/9/4 上午 09:24:41	傳送郵件到Jessica@jbjob.com.tw()	
2012/9/4 上午 09:24:41	傳送郵件到wilson@jbjob.com.tw()	
2012/9/4 下午 12:24:42	傳送郵件到rita@jbjob.com.tw()	
2012/9/4 下午 12:39:43	傳送郵件到kelly@jbjob.com.tw()	
2012/9/4 下午 01:24:44	傳送郵件到Angel@jbjob.com.tw()	
2012/9/4 下午 01:24:44	傳送郵件到wilson@jbjob.com.tw()	
2012/9/4 下午 02:39:45	傳送郵件到richard@jbjob.com.tw()	
2012/9/4 下午 02:54:45	傳送郵件到Paul@jbjob.com.tw()	
2012/9/4 下午 02:54:46	傳送郵件到yunrong@jbjob.com.tw()	
2012/9/4 下午 03:09:46	傳送郵件到Tina@jbjob.com.tw()	
2012/9/4 下午 05:24:47	傳送郵件到wilson@jbjob.com.tw()	
2012/9/4 下午 05:39:47	傳送郵件到Angel@jbjob.com.tw()	
2012/9/4 下午 06:39:48	傳送郵件到kelly@jbjob.com.tw()	
2012/9/4 下午 06:54:49	傳送郵件到Paul@jbjob.com.tw()	
2012/9/4 下午 06:54:49	傳送郵件到Lilian@jbjob.com.tw()	
2012/9/4 下午 06:54:49	傳送郵件到richard@jbjob.com.tw()	
2012/9/4 下午 07:09:51	傳送郵件到Tina@jbjob.com.tw()	
2012/9/4 下午 10:54:54	傳送郵件到Paul@jbjob.com.tw()	
2012/9/4 下午 10:54:56	傳送郵件到Lilian@jbjob.com.tw()	
2012/9/4 下午 10:54:58	傳送郵件到richard@jbjob.com.tw()	
2012/9/4 下午 11:09:59	傳送郵件到Tina@jbjob.com.tw()	
2012/9/4 下午 11:24:59	傳送郵件到Angel@jbjob.com.tw()	
