2012/5/7 上午 09:51:30	傳送郵件到Grace@jbjob.com.tw()	
2012/5/7 上午 09:51:30	傳送郵件到clinton@jbjob.com.tw()	
2012/5/7 上午 09:51:31	傳送郵件到Paul@jbjob.com.tw()	
2012/5/7 上午 09:51:31	傳送郵件到Tina@jbjob.com.tw()	
2012/5/7 上午 09:51:32	傳送郵件到rita@jbjob.com.tw()	
2012/5/7 上午 09:51:32	傳送郵件到Angel@jbjob.com.tw()	
2012/5/7 上午 09:51:33	傳送郵件到kelly@jbjob.com.tw()	
2012/5/7 上午 09:51:34	傳送郵件到jju@jbjob.com.tw()	
2012/5/7 上午 10:31:34	傳送郵件到richard@jbjob.com.tw()	
2012/5/7 上午 11:51:34	傳送郵件到Grace@jbjob.com.tw()	
2012/5/7 上午 11:51:35	傳送郵件到Tina@jbjob.com.tw()	
2012/5/7 上午 11:51:36	傳送郵件到Angel@jbjob.com.tw()	
2012/5/7 上午 11:51:37	傳送郵件到kelly@jbjob.com.tw()	
2012/5/7 上午 11:51:38	傳送郵件到jju@jbjob.com.tw()	
2012/5/7 下午 12:31:38	傳送郵件到richard@jbjob.com.tw()	
2012/5/7 下午 12:51:39	傳送郵件到Paul@jbjob.com.tw()	
2012/5/7 下午 01:51:40	傳送郵件到Grace@jbjob.com.tw()	
2012/5/7 下午 01:51:40	傳送郵件到Tina@jbjob.com.tw()	
2012/5/7 下午 01:51:41	傳送郵件到kelly@jbjob.com.tw()	
2012/5/7 下午 02:01:43	傳送郵件到jju@jbjob.com.tw()	
2012/5/7 下午 02:51:46	傳送郵件到Angel@jbjob.com.tw()	
2012/5/7 下午 04:01:47	傳送郵件到jju@jbjob.com.tw()	
2012/5/7 下午 04:11:47	傳送郵件到cjs@jbjob.com.tw()	
2012/5/7 下午 04:51:48	傳送郵件到clinton@jbjob.com.tw()	
2012/5/7 下午 04:51:48	傳送郵件到Angel@jbjob.com.tw()	
2012/5/7 下午 06:11:50	傳送郵件到jju@jbjob.com.tw()	
2012/5/7 下午 06:51:50	傳送郵件到Angel@jbjob.com.tw()	
2012/5/7 下午 08:11:51	傳送郵件到jju@jbjob.com.tw()	
2012/5/7 下午 10:11:52	傳送郵件到jju@jbjob.com.tw()	
2012/5/7 下午 10:11:53	傳送郵件到richard@jbjob.com.tw()	
