2012/4/26 上午 01:39:21	傳送郵件到wilson@jbjob.com.tw()	
2012/4/26 上午 03:39:22	傳送郵件到wilson@jbjob.com.tw()	
2012/4/26 上午 09:09:24	傳送郵件到clinton@jbjob.com.tw()	
2012/4/26 上午 09:59:26	傳送郵件到kelly@jbjob.com.tw()	
2012/4/26 上午 10:59:27	傳送郵件到Paul@jbjob.com.tw()	
2012/4/26 上午 11:29:28	傳送郵件到Tina@jbjob.com.tw()	
2012/4/26 上午 11:59:28	傳送郵件到kelly@jbjob.com.tw()	
2012/4/26 下午 12:09:29	傳送郵件到Tiffany@jbjob.com.tw()	
2012/4/26 下午 01:29:30	傳送郵件到Tina@jbjob.com.tw()	
2012/4/26 下午 01:59:31	傳送郵件到kelly@jbjob.com.tw()	
2012/4/26 下午 02:09:31	傳送郵件到Tiffany@jbjob.com.tw()	
2012/4/26 下午 02:19:32	傳送郵件到cjs@jbjob.com.tw()	
2012/4/26 下午 02:49:32	傳送郵件到richard@jbjob.com.tw()	
2012/4/26 下午 03:29:34	傳送郵件到Tina@jbjob.com.tw()	
2012/4/26 下午 04:09:35	傳送郵件到Tiffany@jbjob.com.tw()	
2012/4/26 下午 04:19:35	傳送郵件到cjs@jbjob.com.tw()	
2012/4/26 下午 04:59:36	傳送郵件到richard@jbjob.com.tw()	
2012/4/26 下午 05:09:37	傳送郵件到Angel@jbjob.com.tw()	
2012/4/26 下午 06:19:38	傳送郵件到cjs@jbjob.com.tw()	
2012/4/26 下午 07:09:38	傳送郵件到Angel@jbjob.com.tw()	
2012/4/26 下午 09:09:39	傳送郵件到Angel@jbjob.com.tw()	
2012/4/26 下午 11:09:41	傳送郵件到richard@jbjob.com.tw()	
