2011/10/12 上午 08:59:25	傳送郵件到Grace@jbjob.com.tw()	
2011/10/12 上午 08:59:25	傳送郵件到Tina@jbjob.com.tw()	
2011/10/12 上午 08:59:26	傳送郵件到Angel@jbjob.com.tw()	
2011/10/12 上午 08:59:26	傳送郵件到wilson@jbjob.com.tw()	
2011/10/12 上午 08:59:27	傳送郵件到jju@jbjob.com.tw()	
2011/10/12 上午 08:59:27	傳送郵件到richard@jbjob.com.tw()	
2011/10/12 上午 09:49:29	傳送郵件到Jimmy@jbjob.com.tw()	
2011/10/12 上午 10:59:30	傳送郵件到Grace@jbjob.com.tw()	
2011/10/12 上午 10:59:31	傳送郵件到Tina@jbjob.com.tw()	
2011/10/12 上午 10:59:31	傳送郵件到cjs@jbjob.com.tw()	
2011/10/12 上午 10:59:32	傳送郵件到Angel@jbjob.com.tw()	
2011/10/12 上午 10:59:32	傳送郵件到jju@jbjob.com.tw()	
2011/10/12 上午 11:19:33	傳送郵件到wilson@jbjob.com.tw()	
2011/10/12 下午 12:59:35	傳送郵件到Grace@jbjob.com.tw()	
2011/10/12 下午 12:59:35	傳送郵件到Tina@jbjob.com.tw()	
2011/10/12 下午 12:59:35	傳送郵件到Angel@jbjob.com.tw()	
2011/10/12 下午 12:59:36	傳送郵件到jju@jbjob.com.tw()	
2011/10/12 下午 01:19:36	傳送郵件到wilson@jbjob.com.tw()	
2011/10/12 下午 01:39:37	傳送郵件到clinton@jbjob.com.tw()	
2011/10/12 下午 01:39:37	傳送郵件到Tiffany@jbjob.com.tw()	
2011/10/12 下午 03:19:39	傳送郵件到wilson@jbjob.com.tw()	
2011/10/12 下午 03:39:39	傳送郵件到clinton@jbjob.com.tw()	
2011/10/12 下午 03:39:40	傳送郵件到Tiffany@jbjob.com.tw()	
2011/10/12 下午 03:49:40	傳送郵件到Tina@jbjob.com.tw()	
2011/10/12 下午 05:09:41	傳送郵件到Angel@jbjob.com.tw()	
2011/10/12 下午 05:49:42	傳送郵件到Tiffany@jbjob.com.tw()	
2011/10/12 下午 06:09:42	傳送郵件到Grace@jbjob.com.tw()	
2011/10/12 下午 07:09:43	傳送郵件到Tina@jbjob.com.tw()	
2011/10/12 下午 07:49:44	傳送郵件到Tiffany@jbjob.com.tw()	
2011/10/12 下午 08:09:44	傳送郵件到Grace@jbjob.com.tw()	
2011/10/12 下午 09:09:45	傳送郵件到Tina@jbjob.com.tw()	
2011/10/12 下午 09:49:46	傳送郵件到Tiffany@jbjob.com.tw()	
2011/10/12 下午 10:09:47	傳送郵件到Grace@jbjob.com.tw()	
2011/10/12 下午 11:09:49	傳送郵件到Tina@jbjob.com.tw()	
