2012/10/2 上午 12:22:40	傳送郵件到richard@jbjob.com.tw()	
2012/10/2 上午 12:37:40	傳送郵件到Paul@jbjob.com.tw()	
2012/10/2 上午 03:37:41	傳送郵件到Angel@jbjob.com.tw()	
2012/10/2 上午 04:22:42	傳送郵件到richard@jbjob.com.tw()	
2012/10/2 上午 04:37:42	傳送郵件到Tina@jbjob.com.tw()	
2012/10/2 上午 07:37:44	傳送郵件到Angel@jbjob.com.tw()	
2012/10/2 上午 08:37:45	傳送郵件到Tina@jbjob.com.tw()	
2012/10/2 上午 09:25:29	傳送郵件到kelly@jbjob.com.tw()	
2012/10/2 上午 11:10:31	傳送郵件到clinton@jbjob.com.tw()	
2012/10/2 下午 01:10:31	傳送郵件到richard@jbjob.com.tw()	
2012/10/2 下午 02:40:32	傳送郵件到Angel@jbjob.com.tw()	
2012/10/2 下午 03:10:33	傳送郵件到Tina@jbjob.com.tw()	
2012/10/2 下午 03:10:33	傳送郵件到wilson@jbjob.com.tw()	
2012/10/2 下午 04:25:34	傳送郵件到clinton@jbjob.com.tw()	
2012/10/2 下午 07:10:35	傳送郵件到Tina@jbjob.com.tw()	
2012/10/2 下午 07:10:35	傳送郵件到wilson@jbjob.com.tw()	
2012/10/2 下午 07:25:35	傳送郵件到Tiffany@jbjob.com.tw()	
2012/10/2 下午 08:10:36	傳送郵件到Angel@jbjob.com.tw()	
2012/10/2 下午 11:10:37	傳送郵件到wilson@jbjob.com.tw()	
2012/10/2 下午 11:25:38	傳送郵件到clinton@jbjob.com.tw()	
2012/10/2 下午 11:25:38	傳送郵件到Tiffany@jbjob.com.tw()	
