2011/1/24 上午 09:21:18	傳送郵件到rita@jbjob.com.tw()	
2011/1/24 上午 09:56:19	傳送郵件到Tiffany@jbjob.com.tw()	
2011/1/24 上午 10:11:20	傳送郵件到rurujion@jbjob.com.tw()	
2011/1/24 上午 10:16:22	傳送郵件到cjs@jbjob.com.tw()	
2011/1/24 上午 10:28:21	傳送郵件到Alex@jbjob.com.tw()	
2011/1/24 上午 10:28:22	傳送郵件到clinton@jbjob.com.tw()	
2011/1/24 上午 10:28:23	傳送郵件到Paul@jbjob.com.tw()	
2011/1/24 上午 10:28:23	傳送郵件到Tina@jbjob.com.tw()	
2011/1/24 上午 10:28:24	傳送郵件到cjs@jbjob.com.tw()	
2011/1/24 上午 10:28:25	傳送郵件到Sandy@jbjob.com.tw()	
2011/1/24 上午 10:28:26	傳送郵件到Lilian@jbjob.com.tw()	
2011/1/24 上午 10:28:27	傳送郵件到Tiffany@jbjob.com.tw()	
2011/1/24 上午 10:28:28	傳送郵件到rurujion@jbjob.com.tw()	
2011/1/24 上午 10:28:28	傳送郵件到jju@jbjob.com.tw()	
2011/1/24 上午 10:28:29	傳送郵件到Candy@jbjob.com.tw()	
2011/1/24 上午 10:29:03	傳送郵件到Alex@jbjob.com.tw()	
2011/1/24 上午 10:29:04	傳送郵件到clinton@jbjob.com.tw()	
2011/1/24 上午 10:29:05	傳送郵件到Paul@jbjob.com.tw()	
2011/1/24 上午 10:29:06	傳送郵件到Tina@jbjob.com.tw()	
2011/1/24 上午 10:29:08	傳送郵件到cjs@jbjob.com.tw()	
2011/1/24 上午 10:29:09	傳送郵件到Sandy@jbjob.com.tw()	
2011/1/24 上午 10:29:10	傳送郵件到Lilian@jbjob.com.tw()	
2011/1/24 上午 10:29:11	傳送郵件到Tiffany@jbjob.com.tw()	
2011/1/24 上午 10:29:12	傳送郵件到rurujion@jbjob.com.tw()	
2011/1/24 上午 10:29:12	傳送郵件到jju@jbjob.com.tw()	
2011/1/24 上午 10:29:16	傳送郵件到Candy@jbjob.com.tw()	
2011/1/24 上午 10:29:24	傳送郵件到shingolin@gmail.com()	
2011/1/24 上午 10:59:19	傳送郵件到Lee@jbjob.com.tw()	
2011/1/24 上午 11:39:22	傳送郵件到wilson@jbjob.com.tw()	
2011/1/24 下午 12:24:24	傳送郵件到victor@jbjob.com.tw()	
2011/1/24 下午 12:29:25	傳送郵件到Alex@jbjob.com.tw()	
2011/1/24 下午 12:29:27	傳送郵件到clinton@jbjob.com.tw()	
2011/1/24 下午 12:29:28	傳送郵件到Paul@jbjob.com.tw()	
2011/1/24 下午 12:29:30	傳送郵件到Tina@jbjob.com.tw()	
2011/1/24 下午 12:29:31	傳送郵件到cjs@jbjob.com.tw()	
2011/1/24 下午 12:29:33	傳送郵件到Lilian@jbjob.com.tw()	
2011/1/24 下午 12:29:34	傳送郵件到Tiffany@jbjob.com.tw()	
2011/1/24 下午 12:29:35	傳送郵件到jju@jbjob.com.tw()	
2011/1/24 下午 12:29:37	傳送郵件到Candy@jbjob.com.tw()	
2011/1/24 下午 12:59:39	傳送郵件到rurujion@jbjob.com.tw()	
2011/1/24 下午 02:24:45	傳送郵件到Lee@jbjob.com.tw()	
2011/1/24 下午 02:29:45	傳送郵件到Alex@jbjob.com.tw()	
2011/1/24 下午 02:29:46	傳送郵件到clinton@jbjob.com.tw()	
2011/1/24 下午 02:29:46	傳送郵件到Paul@jbjob.com.tw()	
2011/1/24 下午 02:29:47	傳送郵件到Lilian@jbjob.com.tw()	
2011/1/24 下午 02:29:47	傳送郵件到Tiffany@jbjob.com.tw()	
2011/1/24 下午 02:29:48	傳送郵件到jju@jbjob.com.tw()	
2011/1/24 下午 02:29:48	傳送郵件到Candy@jbjob.com.tw()	
2011/1/24 下午 03:04:50	傳送郵件到wilson@jbjob.com.tw()	
2011/1/24 下午 03:14:51	傳送郵件到rita@jbjob.com.tw()	
2011/1/24 下午 03:34:52	傳送郵件到Tina@jbjob.com.tw()	
2011/1/24 下午 04:24:53	傳送郵件到Lee@jbjob.com.tw()	
2011/1/24 下午 05:04:54	傳送郵件到wilson@jbjob.com.tw()	
2011/1/24 下午 05:14:57	傳送郵件到rita@jbjob.com.tw()	
2011/1/24 下午 05:19:57	傳送郵件到Jimmy@jbjob.com.tw()	
2011/1/24 下午 05:34:58	傳送郵件到Tina@jbjob.com.tw()	
2011/1/24 下午 06:25:00	傳送郵件到Lee@jbjob.com.tw()	
2011/1/24 下午 07:05:01	傳送郵件到wilson@jbjob.com.tw()	
2011/1/24 下午 07:15:01	傳送郵件到rita@jbjob.com.tw()	
2011/1/24 下午 07:35:02	傳送郵件到Tina@jbjob.com.tw()	
