2012/10/26 上午 12:02:11	傳送郵件到Tina@jbjob.com.tw()	
2012/10/26 上午 01:02:12	傳送郵件到Angel@jbjob.com.tw()	
2012/10/26 上午 05:02:12	傳送郵件到Angel@jbjob.com.tw()	
2012/10/26 上午 08:32:13	傳送郵件到kelly@jbjob.com.tw()	
2012/10/26 上午 09:02:14	傳送郵件到Tiffany@jbjob.com.tw()	
2012/10/26 上午 09:17:14	傳送郵件到wilson@jbjob.com.tw()	
2012/10/26 上午 11:17:15	傳送郵件到Jessica@jbjob.com.tw()	
2012/10/26 下午 12:47:16	傳送郵件到richard@jbjob.com.tw()	
2012/10/26 下午 01:02:16	傳送郵件到Tiffany@jbjob.com.tw()	
2012/10/26 下午 01:17:17	傳送郵件到Lilian@jbjob.com.tw()	
2012/10/26 下午 02:02:17	傳送郵件到kelly@jbjob.com.tw()	
2012/10/26 下午 02:17:18	傳送郵件到cjs@jbjob.com.tw()	
2012/10/26 下午 05:02:19	傳送郵件到Tiffany@jbjob.com.tw()	
2012/10/26 下午 05:17:19	傳送郵件到Lilian@jbjob.com.tw()	
2012/10/26 下午 05:17:20	傳送郵件到richard@jbjob.com.tw()	
2012/10/26 下午 05:47:21	傳送郵件到Grace@jbjob.com.tw()	
2012/10/26 下午 08:17:22	傳送郵件到Angel@jbjob.com.tw()	
2012/10/26 下午 09:17:23	傳送郵件到Lilian@jbjob.com.tw()	
2012/10/26 下午 09:32:24	傳送郵件到richard@jbjob.com.tw()	
2012/10/26 下午 09:47:25	傳送郵件到Grace@jbjob.com.tw()	
2012/10/26 下午 09:47:25	傳送郵件到Tiffany@jbjob.com.tw()	
