2012/4/5 上午 08:04:01	傳送郵件到Angel@jbjob.com.tw()	
2012/4/5 上午 08:54:02	傳送郵件到rita@jbjob.com.tw()	
2012/4/5 上午 09:44:03	傳送郵件到cjs@jbjob.com.tw()	
2012/4/5 上午 10:04:03	傳送郵件到Angel@jbjob.com.tw()	
2012/4/5 上午 10:54:04	傳送郵件到wilson@jbjob.com.tw()	
2012/4/5 上午 11:04:05	傳送郵件到richard@jbjob.com.tw()	
2012/4/5 上午 11:04:49	傳送郵件到Tiffany@jbjob.com.tw()	
2012/4/5 上午 11:54:05	傳送郵件到cjs@jbjob.com.tw()	
2012/4/5 下午 12:44:06	傳送郵件到clinton@jbjob.com.tw()	
2012/4/5 下午 01:04:07	傳送郵件到Angel@jbjob.com.tw()	
2012/4/5 下午 01:04:51	傳送郵件到Tiffany@jbjob.com.tw()	
2012/4/5 下午 01:14:08	傳送郵件到richard@jbjob.com.tw()	
2012/4/5 下午 02:44:09	傳送郵件到clinton@jbjob.com.tw()	
2012/4/5 下午 03:04:10	傳送郵件到Angel@jbjob.com.tw()	
2012/4/5 下午 03:04:52	傳送郵件到Tiffany@jbjob.com.tw()	
2012/4/5 下午 04:44:11	傳送郵件到clinton@jbjob.com.tw()	
2012/4/5 下午 04:44:11	傳送郵件到richard@jbjob.com.tw()	
2012/4/5 下午 05:24:12	傳送郵件到Grace@jbjob.com.tw()	
2012/4/5 下午 06:24:13	傳送郵件到wilson@jbjob.com.tw()	
2012/4/5 下午 06:44:13	傳送郵件到richard@jbjob.com.tw()	
2012/4/5 下午 07:24:14	傳送郵件到Grace@jbjob.com.tw()	
2012/4/5 下午 08:24:15	傳送郵件到wilson@jbjob.com.tw()	
2012/4/5 下午 08:44:16	傳送郵件到richard@jbjob.com.tw()	
2012/4/5 下午 09:24:16	傳送郵件到Grace@jbjob.com.tw()	
2012/4/5 下午 10:24:17	傳送郵件到wilson@jbjob.com.tw()	
