2010/10/28 下午 03:17:02	傳送郵件到Grace@jbjob.com.tw()	
2010/10/28 下午 03:17:02	傳送郵件到clinton@jbjob.com.tw()	
2010/10/28 下午 03:17:03	傳送郵件到Paul@jbjob.com.tw()	
2010/10/28 下午 03:17:06	傳送郵件到Tina@jbjob.com.tw()	
2010/10/28 下午 03:17:07	傳送郵件到cjs@jbjob.com.tw()	
2010/10/28 下午 03:17:07	傳送郵件到Amy@jbjob.com.tw()	
2010/10/28 下午 03:17:07	傳送郵件到Sandy@jbjob.com.tw()	
2010/10/28 下午 03:17:08	傳送郵件到Tiffany@jbjob.com.tw()	
2010/10/28 下午 03:17:08	傳送郵件到rurujion@jbjob.com.tw()	
2010/10/28 下午 03:17:09	傳送郵件到wilson@jbjob.com.tw()	
2010/10/28 下午 03:17:10	傳送郵件到daphne@jbjob.com.tw()	
2010/10/28 下午 03:17:11	傳送郵件到jju@jbjob.com.tw()	
2010/10/28 下午 03:17:14	傳送郵件到richard@jbjob.com.tw()	
2010/10/28 下午 03:17:16	傳送郵件到Erwinuy@jbjob.com.tw()	
2010/10/28 下午 03:17:16	傳送郵件到Candy@jbjob.com.tw()	
2010/10/28 下午 04:32:19	傳送郵件到Lee@jbjob.com.tw()	
2010/10/28 下午 05:17:22	傳送郵件到Grace@jbjob.com.tw()	
2010/10/28 下午 05:17:23	傳送郵件到clinton@jbjob.com.tw()	
2010/10/28 下午 05:17:23	傳送郵件到Paul@jbjob.com.tw()	
2010/10/28 下午 05:17:24	傳送郵件到Tina@jbjob.com.tw()	
2010/10/28 下午 05:17:24	傳送郵件到Amy@jbjob.com.tw()	
2010/10/28 下午 05:17:25	傳送郵件到Sandy@jbjob.com.tw()	
2010/10/28 下午 05:17:25	傳送郵件到Tiffany@jbjob.com.tw()	
2010/10/28 下午 05:17:26	傳送郵件到wilson@jbjob.com.tw()	
2010/10/28 下午 05:17:27	傳送郵件到daphne@jbjob.com.tw()	
2010/10/28 下午 05:17:27	傳送郵件到jju@jbjob.com.tw()	
2010/10/28 下午 05:17:28	傳送郵件到Erwinuy@jbjob.com.tw()	
2010/10/28 下午 05:17:29	傳送郵件到Candy@jbjob.com.tw()	
2010/10/28 下午 06:27:31	傳送郵件到Lilian@jbjob.com.tw()	
2010/10/28 下午 06:27:31	傳送郵件到richard@jbjob.com.tw()	
2010/10/28 下午 06:32:32	傳送郵件到cjs@jbjob.com.tw()	
2010/10/28 下午 06:47:33	傳送郵件到rita@jbjob.com.tw()	
2010/10/28 下午 07:17:34	傳送郵件到Grace@jbjob.com.tw()	
2010/10/28 下午 07:17:34	傳送郵件到Paul@jbjob.com.tw()	
2010/10/28 下午 07:17:34	傳送郵件到Tina@jbjob.com.tw()	
2010/10/28 下午 07:17:35	傳送郵件到Amy@jbjob.com.tw()	
2010/10/28 下午 07:17:35	傳送郵件到Tiffany@jbjob.com.tw()	
2010/10/28 下午 07:17:35	傳送郵件到wilson@jbjob.com.tw()	
2010/10/28 下午 07:17:36	傳送郵件到jju@jbjob.com.tw()	
2010/10/28 下午 07:17:36	傳送郵件到Erwinuy@jbjob.com.tw()	
2010/10/28 下午 07:17:37	傳送郵件到Candy@jbjob.com.tw()	
2010/10/28 下午 07:32:37	傳送郵件到Lee@jbjob.com.tw()	
2010/10/28 下午 08:27:39	傳送郵件到clinton@jbjob.com.tw()	
2010/10/28 下午 08:27:40	傳送郵件到Lilian@jbjob.com.tw()	
2010/10/28 下午 08:27:40	傳送郵件到richard@jbjob.com.tw()	
2010/10/28 下午 08:32:41	傳送郵件到cjs@jbjob.com.tw()	
2010/10/28 下午 08:47:42	傳送郵件到rita@jbjob.com.tw()	
2010/10/28 下午 09:32:43	傳送郵件到Lee@jbjob.com.tw()	
2010/10/28 下午 10:27:45	傳送郵件到clinton@jbjob.com.tw()	
2010/10/28 下午 10:27:46	傳送郵件到Lilian@jbjob.com.tw()	
2010/10/28 下午 10:27:46	傳送郵件到richard@jbjob.com.tw()	
2010/10/28 下午 10:32:47	傳送郵件到cjs@jbjob.com.tw()	
2010/10/28 下午 11:32:49	傳送郵件到Lee@jbjob.com.tw()	
