2010/11/8 上午 08:38:56	傳送郵件到Lee@jbjob.com.tw()	
2010/11/8 上午 08:43:57	傳送郵件到clinton@jbjob.com.tw()	
2010/11/8 上午 08:58:57	傳送郵件到cjs@jbjob.com.tw()	
2010/11/8 上午 08:58:58	傳送郵件到victor@jbjob.com.tw()	
2010/11/8 上午 10:14:00	傳送郵件到richard@jbjob.com.tw()	
2010/11/8 上午 10:44:01	傳送郵件到clinton@jbjob.com.tw()	
2010/11/8 上午 10:59:02	傳送郵件到cjs@jbjob.com.tw()	
2010/11/8 上午 10:59:02	傳送郵件到victor@jbjob.com.tw()	
2010/11/8 上午 11:54:04	傳送郵件到rurujion@jbjob.com.tw()	
2010/11/8 下午 12:39:05	傳送郵件到rita@jbjob.com.tw()	
2010/11/8 下午 12:59:06	傳送郵件到cjs@jbjob.com.tw()	
2010/11/8 下午 12:59:07	傳送郵件到victor@jbjob.com.tw()	
2010/11/8 下午 01:44:07	傳送郵件到Tiffany@jbjob.com.tw()	
2010/11/8 下午 01:49:08	傳送郵件到richard@jbjob.com.tw()	
2010/11/8 下午 01:54:09	傳送郵件到Lee@jbjob.com.tw()	
2010/11/8 下午 02:09:10	傳送郵件到rurujion@jbjob.com.tw()	
2010/11/8 下午 02:39:11	傳送郵件到rita@jbjob.com.tw()	
2010/11/8 下午 03:44:12	傳送郵件到Tiffany@jbjob.com.tw()	
2010/11/8 下午 04:39:13	傳送郵件到rita@jbjob.com.tw()	
2010/11/8 下午 04:39:13	傳送郵件到richard@jbjob.com.tw()	
2010/11/8 下午 04:54:14	傳送郵件到Paul@jbjob.com.tw()	
2010/11/8 下午 05:39:15	傳送郵件到Lee@jbjob.com.tw()	
2010/11/8 下午 05:44:16	傳送郵件到Tiffany@jbjob.com.tw()	
2010/11/8 下午 06:39:17	傳送郵件到richard@jbjob.com.tw()	
2010/11/8 下午 06:54:18	傳送郵件到Paul@jbjob.com.tw()	
2010/11/8 下午 07:39:19	傳送郵件到Lee@jbjob.com.tw()	
2010/11/8 下午 08:39:21	傳送郵件到richard@jbjob.com.tw()	
2010/11/8 下午 08:54:21	傳送郵件到Paul@jbjob.com.tw()	
2010/11/8 下午 09:39:22	傳送郵件到Lee@jbjob.com.tw()	
