2010/8/31 上午 12:57:28	傳送郵件到rita@jbjob.com.tw(許名瑤)	
2010/8/31 上午 08:17:34	傳送郵件到Lee@jbjob.com.tw(李素英)	
2010/8/31 上午 08:52:35	傳送郵件到Tiffany@jbjob.com.tw(張鈴涓)	
2010/8/31 上午 10:17:37	傳送郵件到Lee@jbjob.com.tw(李素英)	
2010/8/31 上午 10:52:37	傳送郵件到Tiffany@jbjob.com.tw(張鈴涓)	
2010/8/31 上午 11:02:38	傳送郵件到clinton@jbjob.com.tw(陳欽碧)	
2010/8/31 上午 11:37:39	傳送郵件到rita@jbjob.com.tw(許名瑤)	
2010/8/31 下午 12:52:41	傳送郵件到Tiffany@jbjob.com.tw(張鈴涓)	
2010/8/31 下午 01:59:47	傳送郵件到Amy@jbjob.com.tw(許月英)	
2010/8/31 下午 02:04:47	傳送郵件到Lee@jbjob.com.tw(李素英)	
2010/8/31 下午 02:14:48	傳送郵件到Tina@jbjob.com.tw(夏玉萍)	
2010/8/31 下午 03:55:14	傳送郵件到cjs@jbjob.com.tw(程進昇)	
2010/8/31 下午 04:00:15	傳送郵件到Amy@jbjob.com.tw(許月英)	
2010/8/31 下午 05:19:07	傳送郵件到richard@jbjob.com.tw(高景星)	
2010/8/31 下午 05:34:08	傳送郵件到Lee@jbjob.com.tw(李素英)	
2010/8/31 下午 05:54:09	傳送郵件到rurujion@jbjob.com.tw(徐玉如)	
2010/8/31 下午 06:00:17	傳送郵件到Amy@jbjob.com.tw(許月英)	
2010/8/31 下午 06:24:09	傳送郵件到wilson@jbjob.com.tw(吳宗偉)	
2010/8/31 下午 07:19:11	傳送郵件到richard@jbjob.com.tw(高景星)	
2010/8/31 下午 07:54:12	傳送郵件到rurujion@jbjob.com.tw(徐玉如)	
2010/8/31 下午 08:24:13	傳送郵件到wilson@jbjob.com.tw(吳宗偉)	
2010/8/31 下午 08:59:14	傳送郵件到clinton@jbjob.com.tw(陳欽碧)	
2010/8/31 下午 09:19:14	傳送郵件到richard@jbjob.com.tw(高景星)	
2010/8/31 下午 09:54:16	傳送郵件到rurujion@jbjob.com.tw(徐玉如)	
2010/8/31 下午 10:24:17	傳送郵件到wilson@jbjob.com.tw(吳宗偉)	
2010/8/31 下午 10:59:17	傳送郵件到clinton@jbjob.com.tw(陳欽碧)	
