2012/6/5 上午 12:34:21	傳送郵件到Tiffany@jbjob.com.tw()	
2012/6/5 上午 01:19:22	傳送郵件到clinton@jbjob.com.tw()	
2012/6/5 上午 02:49:23	傳送郵件到Tina@jbjob.com.tw()	
2012/6/5 上午 03:04:23	傳送郵件到richard@jbjob.com.tw()	
2012/6/5 上午 04:34:24	傳送郵件到Tiffany@jbjob.com.tw()	
2012/6/5 上午 09:24:22	傳送郵件到kelly@jbjob.com.tw()	
2012/6/5 上午 09:54:25	傳送郵件到Grace@jbjob.com.tw()	
2012/6/5 上午 10:09:26	傳送郵件到Paul@jbjob.com.tw()	
2012/6/5 下午 12:54:27	傳送郵件到Angel@jbjob.com.tw()	
2012/6/5 下午 01:09:28	傳送郵件到richard@jbjob.com.tw()	
2012/6/5 下午 01:54:29	傳送郵件到Grace@jbjob.com.tw()	
2012/6/5 下午 02:39:28	傳送郵件到Tina@jbjob.com.tw()	
2012/6/5 下午 04:24:28	傳送郵件到kelly@jbjob.com.tw()	
2012/6/5 下午 04:54:29	傳送郵件到Angel@jbjob.com.tw()	
2012/6/5 下午 04:54:30	傳送郵件到jju@jbjob.com.tw()	
2012/6/5 下午 05:54:31	傳送郵件到Grace@jbjob.com.tw()	
2012/6/5 下午 06:39:31	傳送郵件到Tina@jbjob.com.tw()	
2012/6/5 下午 08:54:33	傳送郵件到Angel@jbjob.com.tw()	
2012/6/5 下午 08:54:33	傳送郵件到jju@jbjob.com.tw()	
2012/6/5 下午 10:39:34	傳送郵件到Tina@jbjob.com.tw()	
