2011/1/5 上午 09:49:50	傳送郵件到cjs@jbjob.com.tw()	
2011/1/5 上午 10:54:52	傳送郵件到Sandy@jbjob.com.tw()	
2011/1/5 上午 11:09:53	傳送郵件到Lee@jbjob.com.tw()	
2011/1/5 下午 12:34:55	傳送郵件到rita@jbjob.com.tw()	
2011/1/5 下午 12:54:55	傳送郵件到Sandy@jbjob.com.tw()	
2011/1/5 下午 01:09:56	傳送郵件到Lee@jbjob.com.tw()	
2011/1/5 下午 01:59:57	傳送郵件到rurujion@jbjob.com.tw()	
2011/1/5 下午 01:59:58	傳送郵件到richard@jbjob.com.tw()	
2011/1/5 下午 02:39:59	傳送郵件到Tiffany@jbjob.com.tw()	
2011/1/5 下午 02:54:59	傳送郵件到Sandy@jbjob.com.tw()	
2011/1/5 下午 03:10:00	傳送郵件到Lee@jbjob.com.tw()	
2011/1/5 下午 04:30:02	傳送郵件到wilson@jbjob.com.tw()	
2011/1/5 下午 04:40:02	傳送郵件到Tiffany@jbjob.com.tw()	
2011/1/5 下午 04:55:03	傳送郵件到Paul@jbjob.com.tw()	
2011/1/5 下午 04:55:03	傳送郵件到Amy@jbjob.com.tw()	
2011/1/5 下午 06:30:05	傳送郵件到wilson@jbjob.com.tw()	
2011/1/5 下午 06:50:06	傳送郵件到Tiffany@jbjob.com.tw()	
2011/1/5 下午 06:55:07	傳送郵件到Paul@jbjob.com.tw()	
2011/1/5 下午 06:55:07	傳送郵件到Amy@jbjob.com.tw()	
2011/1/5 下午 08:30:09	傳送郵件到wilson@jbjob.com.tw()	
2011/1/5 下午 08:50:10	傳送郵件到Tiffany@jbjob.com.tw()	
2011/1/5 下午 08:55:11	傳送郵件到Paul@jbjob.com.tw()	
2011/1/5 下午 08:55:11	傳送郵件到Amy@jbjob.com.tw()	
2011/1/5 下午 10:50:13	傳送郵件到Tiffany@jbjob.com.tw()	
