2011/7/4 上午 08:31:24	傳送郵件到rita@jbjob.com.tw()	
2011/7/4 上午 09:01:25	傳送郵件到richard@jbjob.com.tw()	
2011/7/4 上午 11:01:27	傳送郵件到richard@jbjob.com.tw()	
2011/7/4 下午 12:11:32	傳送郵件到wilson@jbjob.com.tw()	
2011/7/4 下午 12:21:33	傳送郵件到Alex@jbjob.com.tw()	
2011/7/4 下午 01:11:34	傳送郵件到Tiffany@jbjob.com.tw()	
2011/7/4 下午 02:01:35	傳送郵件到Amy@jbjob.com.tw()	
2011/7/4 下午 02:01:35	傳送郵件到daphne@jbjob.com.tw()	
2011/7/4 下午 02:11:36	傳送郵件到wilson@jbjob.com.tw()	
2011/7/4 下午 02:21:36	傳送郵件到Alex@jbjob.com.tw()	
2011/7/4 下午 02:31:37	傳送郵件到Grace@jbjob.com.tw()	
2011/7/4 下午 02:31:38	傳送郵件到Paul@jbjob.com.tw()	
2011/7/4 下午 04:01:39	傳送郵件到Amy@jbjob.com.tw()	
2011/7/4 下午 04:11:39	傳送郵件到Tiffany@jbjob.com.tw()	
2011/7/4 下午 04:11:40	傳送郵件到wilson@jbjob.com.tw()	
2011/7/4 下午 04:31:40	傳送郵件到Grace@jbjob.com.tw()	
2011/7/4 下午 04:31:41	傳送郵件到Paul@jbjob.com.tw()	
2011/7/4 下午 05:41:45	傳送郵件到Jimmy@jbjob.com.tw()	
2011/7/4 下午 06:01:47	傳送郵件到Amy@jbjob.com.tw()	
2011/7/4 下午 06:11:48	傳送郵件到Tiffany@jbjob.com.tw()	
2011/7/4 下午 06:31:48	傳送郵件到Grace@jbjob.com.tw()	
2011/7/4 下午 06:31:49	傳送郵件到Paul@jbjob.com.tw()	
2011/7/4 下午 08:11:50	傳送郵件到Tiffany@jbjob.com.tw()	
