2011/5/19 上午 08:52:51	傳送郵件到Akai@jbjob.com.tw()	
2011/5/19 上午 09:22:15	傳送郵件到cjs@jbjob.com.tw()	
2011/5/19 上午 10:12:15	傳送郵件到victor@jbjob.com.tw()	
2011/5/19 上午 11:22:17	傳送郵件到cjs@jbjob.com.tw()	
2011/5/19 下午 12:12:17	傳送郵件到victor@jbjob.com.tw()	
2011/5/19 下午 01:12:18	傳送郵件到Grace@jbjob.com.tw()	
2011/5/19 下午 01:22:19	傳送郵件到cjs@jbjob.com.tw()	
2011/5/19 下午 02:12:20	傳送郵件到victor@jbjob.com.tw()	
2011/5/19 下午 03:12:21	傳送郵件到Alex@jbjob.com.tw()	
2011/5/19 下午 03:12:21	傳送郵件到Grace@jbjob.com.tw()	
2011/5/19 下午 03:42:23	傳送郵件到richard@jbjob.com.tw()	
2011/5/19 下午 04:22:27	傳送郵件到Amy@jbjob.com.tw()	
2011/5/19 下午 05:12:27	傳送郵件到Grace@jbjob.com.tw()	
2011/5/19 下午 05:42:28	傳送郵件到richard@jbjob.com.tw()	
2011/5/19 下午 06:22:29	傳送郵件到Amy@jbjob.com.tw()	
2011/5/19 下午 06:22:29	傳送郵件到Tiffany@jbjob.com.tw()	
2011/5/19 下午 07:44:44	傳送郵件到richard@jbjob.com.tw()	
2011/5/19 下午 08:25:35	傳送郵件到Amy@jbjob.com.tw()	
2011/5/19 下午 08:25:35	傳送郵件到Tiffany@jbjob.com.tw()	
2011/5/19 下午 10:25:38	傳送郵件到Tiffany@jbjob.com.tw()	
2011/5/19 下午 11:15:39	傳送郵件到wilson@jbjob.com.tw()	
