2012/3/13 上午 12:19:40	傳送郵件到Angel@jbjob.com.tw()	
2012/3/13 上午 02:19:41	傳送郵件到Angel@jbjob.com.tw()	
2012/3/13 上午 09:09:43	傳送郵件到clinton@jbjob.com.tw()	
2012/3/13 上午 09:19:45	傳送郵件到rita@jbjob.com.tw()	
2012/3/13 上午 09:39:47	傳送郵件到kelly@jbjob.com.tw()	
2012/3/13 上午 10:19:48	傳送郵件到richard@jbjob.com.tw()	
2012/3/13 上午 11:09:50	傳送郵件到clinton@jbjob.com.tw()	
2012/3/13 上午 11:19:51	傳送郵件到wilson@jbjob.com.tw()	
2012/3/13 上午 11:39:52	傳送郵件到rita@jbjob.com.tw()	
2012/3/13 下午 01:09:53	傳送郵件到clinton@jbjob.com.tw()	
2012/3/13 下午 01:19:55	傳送郵件到cjs@jbjob.com.tw()	
2012/3/13 下午 01:19:58	傳送郵件到richard@jbjob.com.tw()	
2012/3/13 下午 01:50:00	傳送郵件到rita@jbjob.com.tw()	
2012/3/13 下午 01:50:07	傳送郵件到Tiffany@jbjob.com.tw()	
2012/3/13 下午 02:40:08	傳送郵件到Tina@jbjob.com.tw()	
2012/3/13 下午 03:10:09	傳送郵件到wilson@jbjob.com.tw()	
2012/3/13 下午 03:50:11	傳送郵件到rita@jbjob.com.tw()	
2012/3/13 下午 03:50:11	傳送郵件到Tiffany@jbjob.com.tw()	
2012/3/13 下午 04:10:12	傳送郵件到kelly@jbjob.com.tw()	
2012/3/13 下午 04:50:12	傳送郵件到richard@jbjob.com.tw()	
2012/3/13 下午 05:50:14	傳送郵件到rita@jbjob.com.tw()	
2012/3/13 下午 05:50:14	傳送郵件到Tiffany@jbjob.com.tw()	
2012/3/13 下午 06:20:15	傳送郵件到kelly@jbjob.com.tw()	
2012/3/13 下午 07:10:16	傳送郵件到richard@jbjob.com.tw()	
2012/3/13 下午 08:20:17	傳送郵件到kelly@jbjob.com.tw()	
2012/3/13 下午 09:10:18	傳送郵件到richard@jbjob.com.tw()	
2012/3/13 下午 10:20:20	傳送郵件到kelly@jbjob.com.tw()	
2012/3/13 下午 11:10:21	傳送郵件到richard@jbjob.com.tw()	
