2011/12/9 上午 08:49:22	傳送郵件到clinton@jbjob.com.tw()	
2011/12/9 上午 09:59:23	傳送郵件到Paul@jbjob.com.tw()	
2011/12/9 上午 09:59:24	傳送郵件到Tina@jbjob.com.tw()	
2011/12/9 上午 09:59:24	傳送郵件到richard@jbjob.com.tw()	
2011/12/9 上午 10:29:25	傳送郵件到Angel@jbjob.com.tw()	
2011/12/9 上午 10:49:25	傳送郵件到clinton@jbjob.com.tw()	
2011/12/9 上午 11:59:26	傳送郵件到Paul@jbjob.com.tw()	
2011/12/9 下午 12:09:27	傳送郵件到jju@jbjob.com.tw()	
2011/12/9 下午 12:29:27	傳送郵件到Angel@jbjob.com.tw()	
2011/12/9 下午 12:29:27	傳送郵件到richard@jbjob.com.tw()	
2011/12/9 下午 01:09:28	傳送郵件到kelly@jbjob.com.tw()	
2011/12/9 下午 01:29:29	傳送郵件到cjs@jbjob.com.tw()	
2011/12/9 下午 01:59:29	傳送郵件到Paul@jbjob.com.tw()	
2011/12/9 下午 02:09:30	傳送郵件到jju@jbjob.com.tw()	
2011/12/9 下午 02:29:34	傳送郵件到richard@jbjob.com.tw()	
2011/12/9 下午 03:09:35	傳送郵件到Tina@jbjob.com.tw()	
2011/12/9 下午 03:39:35	傳送郵件到Jessica@jbjob.com.tw()	
2011/12/9 下午 04:09:36	傳送郵件到jju@jbjob.com.tw()	
2011/12/9 下午 04:29:37	傳送郵件到richard@jbjob.com.tw()	
2011/12/9 下午 04:59:38	傳送郵件到cjs@jbjob.com.tw()	
2011/12/9 下午 05:19:39	傳送郵件到kelly@jbjob.com.tw()	
2011/12/9 下午 05:59:40	傳送郵件到Angel@jbjob.com.tw()	
2011/12/9 下午 07:19:41	傳送郵件到kelly@jbjob.com.tw()	
2011/12/9 下午 07:59:42	傳送郵件到Angel@jbjob.com.tw()	
2011/12/9 下午 09:19:43	傳送郵件到kelly@jbjob.com.tw()	
2011/12/9 下午 09:59:47	傳送郵件到Angel@jbjob.com.tw()	
