2010/11/15 上午 08:58:13	傳送郵件到rurujion@jbjob.com.tw()	
2010/11/15 上午 08:58:14	傳送郵件到victor@jbjob.com.tw()	
2010/11/15 上午 09:59:08	傳送郵件到Grace@jbjob.com.tw()	
2010/11/15 上午 09:59:09	傳送郵件到Tina@jbjob.com.tw()	
2010/11/15 上午 09:59:11	傳送郵件到rita@jbjob.com.tw()	
2010/11/15 上午 09:59:11	傳送郵件到cjs@jbjob.com.tw()	
2010/11/15 上午 09:59:12	傳送郵件到Amy@jbjob.com.tw()	
2010/11/15 上午 09:59:13	傳送郵件到Lee@jbjob.com.tw()	
2010/11/15 上午 09:59:14	傳送郵件到Lilian@jbjob.com.tw()	
2010/11/15 上午 09:59:15	傳送郵件到victor@jbjob.com.tw()	
2010/11/15 上午 09:59:16	傳送郵件到wilson@jbjob.com.tw()	
2010/11/15 上午 09:59:16	傳送郵件到jju@jbjob.com.tw()	
2010/11/15 上午 09:59:17	傳送郵件到Erwinuy@jbjob.com.tw()	
2010/11/15 上午 09:59:18	傳送郵件到Candy@jbjob.com.tw()	
2010/11/15 上午 10:04:19	傳送郵件到richard@jbjob.com.tw()	
2010/11/15 上午 11:59:21	傳送郵件到Tina@jbjob.com.tw()	
2010/11/15 上午 11:59:22	傳送郵件到cjs@jbjob.com.tw()	
2010/11/15 上午 11:59:22	傳送郵件到Amy@jbjob.com.tw()	
2010/11/15 上午 11:59:22	傳送郵件到Lee@jbjob.com.tw()	
2010/11/15 上午 11:59:23	傳送郵件到Lilian@jbjob.com.tw()	
2010/11/15 上午 11:59:23	傳送郵件到victor@jbjob.com.tw()	
2010/11/15 上午 11:59:24	傳送郵件到wilson@jbjob.com.tw()	
2010/11/15 上午 11:59:24	傳送郵件到jju@jbjob.com.tw()	
2010/11/15 上午 11:59:24	傳送郵件到Erwinuy@jbjob.com.tw()	
2010/11/15 上午 11:59:25	傳送郵件到Candy@jbjob.com.tw()	
2010/11/15 下午 01:44:27	傳送郵件到Jimmy@jbjob.com.tw()	
2010/11/15 下午 01:59:28	傳送郵件到Tina@jbjob.com.tw()	
2010/11/15 下午 01:59:28	傳送郵件到cjs@jbjob.com.tw()	
2010/11/15 下午 01:59:29	傳送郵件到Lee@jbjob.com.tw()	
2010/11/15 下午 01:59:29	傳送郵件到Lilian@jbjob.com.tw()	
2010/11/15 下午 01:59:29	傳送郵件到wilson@jbjob.com.tw()	
2010/11/15 下午 01:59:30	傳送郵件到jju@jbjob.com.tw()	
2010/11/15 下午 01:59:30	傳送郵件到Erwinuy@jbjob.com.tw()	
2010/11/15 下午 01:59:31	傳送郵件到Candy@jbjob.com.tw()	
2010/11/15 下午 03:44:33	傳送郵件到Jimmy@jbjob.com.tw()	
2010/11/15 下午 03:49:35	傳送郵件到Amy@jbjob.com.tw()	
2010/11/15 下午 04:09:37	傳送郵件到rurujion@jbjob.com.tw()	
2010/11/15 下午 05:04:38	傳送郵件到Grace@jbjob.com.tw()	
2010/11/15 下午 05:14:39	傳送郵件到Lee@jbjob.com.tw()	
2010/11/15 下午 05:24:39	傳送郵件到richard@jbjob.com.tw()	
2010/11/15 下午 05:44:40	傳送郵件到Jimmy@jbjob.com.tw()	
2010/11/15 下午 05:49:41	傳送郵件到Amy@jbjob.com.tw()	
2010/11/15 下午 07:04:43	傳送郵件到Grace@jbjob.com.tw()	
2010/11/15 下午 07:14:47	傳送郵件到Lee@jbjob.com.tw()	
2010/11/15 下午 07:24:47	傳送郵件到richard@jbjob.com.tw()	
2010/11/15 下午 07:49:48	傳送郵件到Amy@jbjob.com.tw()	
2010/11/15 下午 09:04:50	傳送郵件到Grace@jbjob.com.tw()	
2010/11/15 下午 09:14:51	傳送郵件到Lee@jbjob.com.tw()	
2010/11/15 下午 09:24:51	傳送郵件到richard@jbjob.com.tw()	
