2012/8/23 上午 09:59:13	傳送郵件到Paul@jbjob.com.tw()	
2012/8/23 上午 09:59:13	傳送郵件到Tina@jbjob.com.tw()	
2012/8/23 上午 09:59:14	傳送郵件到Angel@jbjob.com.tw()	
2012/8/23 上午 09:59:14	傳送郵件到Demi@jbjob.com.tw()	
2012/8/23 上午 09:59:15	傳送郵件到kelly@jbjob.com.tw()	
2012/8/23 上午 09:59:15	傳送郵件到wilson@jbjob.com.tw()	
2012/8/23 上午 09:59:16	傳送郵件到richard@jbjob.com.tw()	
2012/8/23 上午 10:44:17	傳送郵件到cjs@jbjob.com.tw()	
2012/8/23 下午 01:59:20	傳送郵件到Tina@jbjob.com.tw()	
2012/8/23 下午 01:59:20	傳送郵件到Angel@jbjob.com.tw()	
2012/8/23 下午 01:59:21	傳送郵件到Demi@jbjob.com.tw()	
2012/8/23 下午 03:14:23	傳送郵件到cjs@jbjob.com.tw()	
2012/8/23 下午 03:29:24	傳送郵件到Tiffany@jbjob.com.tw()	
2012/8/23 下午 04:59:26	傳送郵件到rita@jbjob.com.tw()	
2012/8/23 下午 05:59:27	傳送郵件到Tina@jbjob.com.tw()	
2012/8/23 下午 05:59:27	傳送郵件到Angel@jbjob.com.tw()	
2012/8/23 下午 05:59:28	傳送郵件到Demi@jbjob.com.tw()	
2012/8/23 下午 06:14:28	傳送郵件到richard@jbjob.com.tw()	
2012/8/23 下午 07:29:29	傳送郵件到Tiffany@jbjob.com.tw()	
2012/8/23 下午 10:14:32	傳送郵件到richard@jbjob.com.tw()	
2012/8/23 下午 11:29:33	傳送郵件到Tiffany@jbjob.com.tw()	
