2011/6/8 上午 12:22:38	傳送郵件到rita@jbjob.com.tw()	
2011/6/8 上午 02:22:39	傳送郵件到rita@jbjob.com.tw()	
2011/6/8 上午 09:42:43	傳送郵件到daphne@jbjob.com.tw()	
2011/6/8 上午 10:42:44	傳送郵件到cjs@jbjob.com.tw()	
2011/6/8 上午 10:52:48	傳送郵件到Alex@jbjob.com.tw()	
2011/6/8 上午 11:42:54	傳送郵件到Amy@jbjob.com.tw()	
2011/6/8 上午 11:42:57	傳送郵件到daphne@jbjob.com.tw()	
2011/6/8 下午 12:42:58	傳送郵件到cjs@jbjob.com.tw()	
2011/6/8 下午 01:22:59	傳送郵件到Alex@jbjob.com.tw()	
2011/6/8 下午 01:53:04	傳送郵件到Jimmy@jbjob.com.tw()	
2011/6/8 下午 02:23:06	傳送郵件到wilson@jbjob.com.tw()	
2011/6/8 下午 02:43:08	傳送郵件到cjs@jbjob.com.tw()	
2011/6/8 下午 02:53:10	傳送郵件到clinton@jbjob.com.tw()	
2011/6/8 下午 03:23:11	傳送郵件到Alex@jbjob.com.tw()	
2011/6/8 下午 03:43:20	傳送郵件到daphne@jbjob.com.tw()	
2011/6/8 下午 03:53:21	傳送郵件到Jimmy@jbjob.com.tw()	
2011/6/8 下午 04:23:22	傳送郵件到wilson@jbjob.com.tw()	
2011/6/8 下午 04:53:23	傳送郵件到clinton@jbjob.com.tw()	
2011/6/8 下午 05:43:24	傳送郵件到Alex@jbjob.com.tw()	
2011/6/8 下午 06:13:25	傳送郵件到Amy@jbjob.com.tw()	
2011/6/8 下午 06:23:25	傳送郵件到wilson@jbjob.com.tw()	
2011/6/8 下午 06:53:26	傳送郵件到clinton@jbjob.com.tw()	
2011/6/8 下午 07:43:26	傳送郵件到rita@jbjob.com.tw()	
2011/6/8 下午 08:13:27	傳送郵件到Amy@jbjob.com.tw()	
2011/6/8 下午 09:43:28	傳送郵件到rita@jbjob.com.tw()	
2011/6/8 下午 10:13:28	傳送郵件到Amy@jbjob.com.tw()	
2011/6/8 下午 11:43:29	傳送郵件到rita@jbjob.com.tw()	
