2012/5/3 上午 09:06:53	傳送郵件到Grace@jbjob.com.tw()	
2012/5/3 上午 09:06:54	傳送郵件到Tina@jbjob.com.tw()	
2012/5/3 上午 09:06:54	傳送郵件到rita@jbjob.com.tw()	
2012/5/3 上午 09:06:54	傳送郵件到Tiffany@jbjob.com.tw()	
2012/5/3 上午 09:06:55	傳送郵件到wilson@jbjob.com.tw()	
2012/5/3 上午 09:16:55	傳送郵件到jju@jbjob.com.tw()	
2012/5/3 上午 10:56:56	傳送郵件到Angel@jbjob.com.tw()	
2012/5/3 上午 11:07:02	傳送郵件到Grace@jbjob.com.tw()	
2012/5/3 上午 11:07:04	傳送郵件到Tina@jbjob.com.tw()	
2012/5/3 上午 11:07:05	傳送郵件到Tiffany@jbjob.com.tw()	
2012/5/3 上午 11:07:07	傳送郵件到wilson@jbjob.com.tw()	
2012/5/3 上午 11:17:07	傳送郵件到jju@jbjob.com.tw()	
2012/5/3 下午 12:57:09	傳送郵件到Angel@jbjob.com.tw()	
2012/5/3 下午 01:07:10	傳送郵件到Tina@jbjob.com.tw()	
2012/5/3 下午 01:07:10	傳送郵件到Tiffany@jbjob.com.tw()	
2012/5/3 下午 01:07:11	傳送郵件到wilson@jbjob.com.tw()	
2012/5/3 下午 01:17:11	傳送郵件到jju@jbjob.com.tw()	
2012/5/3 下午 01:47:12	傳送郵件到richard@jbjob.com.tw()	
2012/5/3 下午 02:17:14	傳送郵件到clinton@jbjob.com.tw()	
2012/5/3 下午 02:47:14	傳送郵件到Grace@jbjob.com.tw()	
2012/5/3 下午 02:57:16	傳送郵件到Angel@jbjob.com.tw()	
2012/5/3 下午 04:17:16	傳送郵件到clinton@jbjob.com.tw()	
2012/5/3 下午 04:17:17	傳送郵件到richard@jbjob.com.tw()	
2012/5/3 下午 04:37:17	傳送郵件到Tina@jbjob.com.tw()	
2012/5/3 下午 04:47:18	傳送郵件到Grace@jbjob.com.tw()	
2012/5/3 下午 06:17:18	傳送郵件到clinton@jbjob.com.tw()	
2012/5/3 下午 06:37:19	傳送郵件到Tina@jbjob.com.tw()	
2012/5/3 下午 06:37:20	傳送郵件到Tiffany@jbjob.com.tw()	
2012/5/3 下午 06:47:20	傳送郵件到Grace@jbjob.com.tw()	
2012/5/3 下午 07:17:21	傳送郵件到wilson@jbjob.com.tw()	
2012/5/3 下午 08:37:21	傳送郵件到Tina@jbjob.com.tw()	
2012/5/3 下午 08:37:22	傳送郵件到Tiffany@jbjob.com.tw()	
2012/5/3 下午 09:17:22	傳送郵件到wilson@jbjob.com.tw()	
2012/5/3 下午 10:37:24	傳送郵件到Tiffany@jbjob.com.tw()	
2012/5/3 下午 11:17:24	傳送郵件到wilson@jbjob.com.tw()	
