2010/12/13 上午 08:20:40	傳送郵件到richard@jbjob.com.tw()	
2010/12/13 上午 08:40:41	傳送郵件到Lee@jbjob.com.tw()	
2010/12/13 上午 09:05:42	傳送郵件到victor@jbjob.com.tw()	
2010/12/13 上午 09:40:44	傳送郵件到rita@jbjob.com.tw()	
2010/12/13 上午 10:15:49	傳送郵件到wilson@jbjob.com.tw()	
2010/12/13 上午 10:35:50	傳送郵件到Jimmy@jbjob.com.tw()	
2010/12/13 上午 10:40:51	傳送郵件到Lee@jbjob.com.tw()	
2010/12/13 上午 11:05:57	傳送郵件到victor@jbjob.com.tw()	
2010/12/13 上午 11:25:57	傳送郵件到clinton@jbjob.com.tw()	
2010/12/13 下午 12:15:59	傳送郵件到wilson@jbjob.com.tw()	
2010/12/13 下午 12:41:00	傳送郵件到Lee@jbjob.com.tw()	
2010/12/13 下午 03:16:04	傳送郵件到jju@jbjob.com.tw()	
2010/12/13 下午 03:31:05	傳送郵件到wilson@jbjob.com.tw()	
2010/12/13 下午 04:21:06	傳送郵件到Tina@jbjob.com.tw()	
2010/12/13 下午 05:01:07	傳送郵件到clinton@jbjob.com.tw()	
2010/12/13 下午 05:16:08	傳送郵件到jju@jbjob.com.tw()	
2010/12/13 下午 05:31:09	傳送郵件到wilson@jbjob.com.tw()	
2010/12/13 下午 06:21:11	傳送郵件到Tina@jbjob.com.tw()	
2010/12/13 下午 07:01:13	傳送郵件到clinton@jbjob.com.tw()	
2010/12/13 下午 07:11:13	傳送郵件到Lee@jbjob.com.tw()	
2010/12/13 下午 07:16:14	傳送郵件到jju@jbjob.com.tw()	
2010/12/13 下午 07:31:15	傳送郵件到wilson@jbjob.com.tw()	
2010/12/13 下午 08:21:16	傳送郵件到Tina@jbjob.com.tw()	
2010/12/13 下午 09:01:17	傳送郵件到clinton@jbjob.com.tw()	
2010/12/13 下午 09:11:18	傳送郵件到Lee@jbjob.com.tw()	
2010/12/13 下午 11:11:20	傳送郵件到Lee@jbjob.com.tw()	
