2011/8/23 上午 08:19:11	傳送郵件到Grace@jbjob.com.tw()	
2011/8/23 上午 10:19:33	傳送郵件到Grace@jbjob.com.tw()	
2011/8/23 上午 10:39:33	傳送郵件到cjs@jbjob.com.tw()	
2011/8/23 上午 11:39:34	傳送郵件到Alex@jbjob.com.tw()	
2011/8/23 上午 11:39:35	傳送郵件到Amy@jbjob.com.tw()	
2011/8/23 上午 11:59:36	傳送郵件到richard@jbjob.com.tw()	
2011/8/23 下午 12:19:36	傳送郵件到Grace@jbjob.com.tw()	
2011/8/23 下午 12:39:37	傳送郵件到cjs@jbjob.com.tw()	
2011/8/23 下午 01:09:37	傳送郵件到rita@jbjob.com.tw()	
2011/8/23 下午 01:39:38	傳送郵件到Amy@jbjob.com.tw()	
2011/8/23 下午 01:49:39	傳送郵件到Alex@jbjob.com.tw()	
2011/8/23 下午 01:59:39	傳送郵件到richard@jbjob.com.tw()	
2011/8/23 下午 02:49:40	傳送郵件到cjs@jbjob.com.tw()	
2011/8/23 下午 03:29:40	傳送郵件到rita@jbjob.com.tw()	
2011/8/23 下午 03:39:41	傳送郵件到Amy@jbjob.com.tw()	
2011/8/23 下午 03:59:42	傳送郵件到richard@jbjob.com.tw()	
2011/8/23 下午 05:19:43	傳送郵件到cjs@jbjob.com.tw()	
2011/8/23 下午 07:09:44	傳送郵件到Tiffany@jbjob.com.tw()	
2011/8/23 下午 09:09:45	傳送郵件到Tiffany@jbjob.com.tw()	
2011/8/23 下午 11:09:47	傳送郵件到Tiffany@jbjob.com.tw()	
