2011/12/5 上午 09:07:44	傳送郵件到Tina@jbjob.com.tw()	
2011/12/5 上午 09:57:44	傳送郵件到rita@jbjob.com.tw()	
2011/12/5 上午 10:17:46	傳送郵件到richard@jbjob.com.tw()	
2011/12/5 上午 10:47:46	傳送郵件到kelly@jbjob.com.tw()	
2011/12/5 上午 11:07:47	傳送郵件到akai@jbjob.com.tw()	
2011/12/5 上午 11:57:48	傳送郵件到Paul@jbjob.com.tw()	
2011/12/5 上午 11:57:48	傳送郵件到rita@jbjob.com.tw()	
2011/12/5 下午 01:57:49	傳送郵件到Paul@jbjob.com.tw()	
2011/12/5 下午 02:17:49	傳送郵件到richard@jbjob.com.tw()	
2011/12/5 下午 02:27:50	傳送郵件到Angel@jbjob.com.tw()	
2011/12/5 下午 03:57:51	傳送郵件到Paul@jbjob.com.tw()	
2011/12/5 下午 04:07:55	傳送郵件到rita@jbjob.com.tw()	
2011/12/5 下午 04:27:55	傳送郵件到Angel@jbjob.com.tw()	
2011/12/5 下午 04:47:56	傳送郵件到richard@jbjob.com.tw()	
2011/12/5 下午 04:57:57	傳送郵件到clinton@jbjob.com.tw()	
2011/12/5 下午 04:57:57	傳送郵件到kelly@jbjob.com.tw()	
2011/12/5 下午 05:17:58	傳送郵件到Tiffany@jbjob.com.tw()	
2011/12/5 下午 06:27:59	傳送郵件到Grace@jbjob.com.tw()	
2011/12/5 下午 06:57:59	傳送郵件到clinton@jbjob.com.tw()	
2011/12/5 下午 07:18:00	傳送郵件到Tiffany@jbjob.com.tw()	
2011/12/5 下午 08:28:01	傳送郵件到Grace@jbjob.com.tw()	
2011/12/5 下午 08:48:01	傳送郵件到Angel@jbjob.com.tw()	
2011/12/5 下午 08:48:02	傳送郵件到richard@jbjob.com.tw()	
2011/12/5 下午 09:18:02	傳送郵件到Tiffany@jbjob.com.tw()	
2011/12/5 下午 10:28:08	傳送郵件到Grace@jbjob.com.tw()	
