2010/12/20 上午 10:04:47	傳送郵件到clinton@jbjob.com.tw()	
2010/12/20 上午 10:04:48	傳送郵件到Lee@jbjob.com.tw()	
2010/12/20 上午 10:04:48	傳送郵件到Jimmy@jbjob.com.tw()	
2010/12/20 上午 10:04:49	傳送郵件到Tiffany@jbjob.com.tw()	
2010/12/20 上午 10:04:50	傳送郵件到rurujion@jbjob.com.tw()	
2010/12/20 上午 10:04:51	傳送郵件到victor@jbjob.com.tw()	
2010/12/20 上午 10:04:51	傳送郵件到wilson@jbjob.com.tw()	
2010/12/20 上午 10:04:52	傳送郵件到jju@jbjob.com.tw()	
2010/12/20 上午 10:04:52	傳送郵件到richard@jbjob.com.tw()	
2010/12/20 下午 12:04:56	傳送郵件到clinton@jbjob.com.tw()	
2010/12/20 下午 12:04:56	傳送郵件到Lee@jbjob.com.tw()	
2010/12/20 下午 12:04:57	傳送郵件到Jimmy@jbjob.com.tw()	
2010/12/20 下午 12:04:58	傳送郵件到Tiffany@jbjob.com.tw()	
2010/12/20 下午 12:04:59	傳送郵件到victor@jbjob.com.tw()	
2010/12/20 下午 12:05:01	傳送郵件到wilson@jbjob.com.tw()	
2010/12/20 下午 02:05:04	傳送郵件到clinton@jbjob.com.tw()	
2010/12/20 下午 02:05:04	傳送郵件到Lee@jbjob.com.tw()	
2010/12/20 下午 02:05:05	傳送郵件到Tiffany@jbjob.com.tw()	
2010/12/20 下午 02:05:06	傳送郵件到victor@jbjob.com.tw()	
2010/12/20 下午 02:05:06	傳送郵件到wilson@jbjob.com.tw()	
2010/12/20 下午 04:30:10	傳送郵件到Amy@jbjob.com.tw()	
2010/12/20 下午 04:50:10	傳送郵件到Jimmy@jbjob.com.tw()	
2010/12/20 下午 05:15:11	傳送郵件到Tina@jbjob.com.tw()	
2010/12/20 下午 05:30:13	傳送郵件到Mina@jbjob.com.tw()	
2010/12/20 下午 06:30:15	傳送郵件到Amy@jbjob.com.tw()	
2010/12/20 下午 07:15:16	傳送郵件到Tina@jbjob.com.tw()	
2010/12/20 下午 07:30:17	傳送郵件到Mina@jbjob.com.tw()	
2010/12/20 下午 08:30:20	傳送郵件到Amy@jbjob.com.tw()	
2010/12/20 下午 09:15:21	傳送郵件到Tina@jbjob.com.tw()	
2010/12/20 下午 09:30:22	傳送郵件到Mina@jbjob.com.tw()	
