2011/9/30 上午 08:48:17	傳送郵件到clinton@jbjob.com.tw()	
2011/9/30 上午 08:48:18	傳送郵件到Sandy@jbjob.com.tw()	
2011/9/30 上午 09:08:19	傳送郵件到jju@jbjob.com.tw()	
2011/9/30 上午 09:38:19	傳送郵件到Tiffany@jbjob.com.tw()	
2011/9/30 上午 10:18:21	傳送郵件到Amy@jbjob.com.tw()	
2011/9/30 上午 11:08:22	傳送郵件到jju@jbjob.com.tw()	
2011/9/30 上午 11:18:23	傳送郵件到clinton@jbjob.com.tw()	
2011/9/30 上午 11:38:24	傳送郵件到Tiffany@jbjob.com.tw()	
2011/9/30 上午 11:58:25	傳送郵件到Angel@jbjob.com.tw()	
2011/9/30 下午 12:18:25	傳送郵件到Amy@jbjob.com.tw()	
2011/9/30 下午 01:08:27	傳送郵件到jju@jbjob.com.tw()	
2011/9/30 下午 01:38:27	傳送郵件到Tiffany@jbjob.com.tw()	
2011/9/30 下午 01:58:30	傳送郵件到Angel@jbjob.com.tw()	
2011/9/30 下午 02:18:31	傳送郵件到Amy@jbjob.com.tw()	
2011/9/30 下午 02:38:31	傳送郵件到Sandy@jbjob.com.tw()	
2011/9/30 下午 03:28:32	傳送郵件到Grace@jbjob.com.tw()	
2011/9/30 下午 04:18:33	傳送郵件到richard@jbjob.com.tw()	
2011/9/30 下午 04:38:34	傳送郵件到Sandy@jbjob.com.tw()	
2011/9/30 下午 05:28:36	傳送郵件到Grace@jbjob.com.tw()	
2011/9/30 下午 05:48:37	傳送郵件到clinton@jbjob.com.tw()	
2011/9/30 下午 07:28:39	傳送郵件到Grace@jbjob.com.tw()	
2011/9/30 下午 07:48:41	傳送郵件到clinton@jbjob.com.tw()	
2011/9/30 下午 07:48:41	傳送郵件到Angel@jbjob.com.tw()	
2011/9/30 下午 07:48:41	傳送郵件到wilson@jbjob.com.tw()	
2011/9/30 下午 09:48:45	傳送郵件到clinton@jbjob.com.tw()	
2011/9/30 下午 09:48:46	傳送郵件到wilson@jbjob.com.tw()	
2011/9/30 下午 11:48:49	傳送郵件到wilson@jbjob.com.tw()	
