2012/6/22 上午 02:53:07	傳送郵件到Tina@jbjob.com.tw()	
2012/6/22 上午 06:53:08	傳送郵件到Tina@jbjob.com.tw()	
2012/6/22 上午 08:23:08	傳送郵件到kelly@jbjob.com.tw()	
2012/6/22 上午 08:38:09	傳送郵件到richard@jbjob.com.tw()	
2012/6/22 上午 09:08:09	傳送郵件到Tiffany@jbjob.com.tw()	
2012/6/22 上午 09:08:10	傳送郵件到Angel@jbjob.com.tw()	
2012/6/22 上午 09:53:13	傳送郵件到Lilian@jbjob.com.tw()	
2012/6/22 下午 01:08:14	傳送郵件到Tiffany@jbjob.com.tw()	
2012/6/22 下午 01:38:15	傳送郵件到rita@jbjob.com.tw()	
2012/6/22 下午 02:08:15	傳送郵件到Grace@jbjob.com.tw()	
2012/6/22 下午 02:08:16	傳送郵件到cjs@jbjob.com.tw()	
2012/6/22 下午 02:53:17	傳送郵件到richard@jbjob.com.tw()	
2012/6/22 下午 03:08:17	傳送郵件到Lilian@jbjob.com.tw()	
2012/6/22 下午 03:23:21	傳送郵件到Angel@jbjob.com.tw()	
2012/6/22 下午 04:08:21	傳送郵件到kelly@jbjob.com.tw()	
2012/6/22 下午 05:08:22	傳送郵件到Tiffany@jbjob.com.tw()	
2012/6/22 下午 05:38:22	傳送郵件到rita@jbjob.com.tw()	
2012/6/22 下午 05:53:23	傳送郵件到patty@jbjob.com.tw()	
2012/6/22 下午 06:08:24	傳送郵件到Grace@jbjob.com.tw()	
2012/6/22 下午 07:23:25	傳送郵件到Lilian@jbjob.com.tw()	
2012/6/22 下午 07:23:25	傳送郵件到Angel@jbjob.com.tw()	
2012/6/22 下午 08:08:26	傳送郵件到cjs@jbjob.com.tw()	
2012/6/22 下午 09:08:27	傳送郵件到clinton@jbjob.com.tw()	
2012/6/22 下午 09:38:27	傳送郵件到rita@jbjob.com.tw()	
2012/6/22 下午 09:53:28	傳送郵件到patty@jbjob.com.tw()	
2012/6/22 下午 10:08:28	傳送郵件到Grace@jbjob.com.tw()	
2012/6/22 下午 11:23:29	傳送郵件到Lilian@jbjob.com.tw()	
