2011/1/27 上午 01:26:36	傳送郵件到Tina@jbjob.com.tw()	
2011/1/27 上午 03:26:39	傳送郵件到Tina@jbjob.com.tw()	
2011/1/27 上午 05:26:41	傳送郵件到Tina@jbjob.com.tw()	
2011/1/27 上午 09:36:46	傳送郵件到rita@jbjob.com.tw()	
2011/1/27 上午 10:11:47	傳送郵件到wilson@jbjob.com.tw()	
2011/1/27 下午 12:01:51	傳送郵件到cjs@jbjob.com.tw()	
2011/1/27 下午 12:11:52	傳送郵件到wilson@jbjob.com.tw()	
2011/1/27 下午 01:41:54	傳送郵件到rita@jbjob.com.tw()	
2011/1/27 下午 01:52:00	傳送郵件到rurujion@jbjob.com.tw()	
2011/1/27 下午 02:02:00	傳送郵件到cjs@jbjob.com.tw()	
2011/1/27 下午 02:12:01	傳送郵件到wilson@jbjob.com.tw()	
2011/1/27 下午 03:17:02	傳送郵件到Lee@jbjob.com.tw()	
2011/1/27 下午 03:42:03	傳送郵件到rita@jbjob.com.tw()	
2011/1/27 下午 05:42:06	傳送郵件到rita@jbjob.com.tw()	
2011/1/27 下午 05:47:07	傳送郵件到rurujion@jbjob.com.tw()	
2011/1/27 下午 06:37:08	傳送郵件到cjs@jbjob.com.tw()	
2011/1/27 下午 07:47:09	傳送郵件到rurujion@jbjob.com.tw()	
2011/1/27 下午 08:37:13	傳送郵件到cjs@jbjob.com.tw()	
2011/1/27 下午 09:47:17	傳送郵件到Amy@jbjob.com.tw()	
2011/1/27 下午 10:37:19	傳送郵件到cjs@jbjob.com.tw()	
2011/1/27 下午 11:47:21	傳送郵件到Amy@jbjob.com.tw()	
