2012/5/9 上午 08:32:23	傳送郵件到cjs@jbjob.com.tw()	
2012/5/9 上午 08:51:51	傳送郵件到Jessica@jbjob.com.tw()	
2012/5/9 上午 08:51:52	傳送郵件到Angel@jbjob.com.tw()	
2012/5/9 上午 09:11:52	傳送郵件到clinton@jbjob.com.tw()	
2012/5/9 上午 09:51:53	傳送郵件到kelly@jbjob.com.tw()	
2012/5/9 上午 10:11:55	傳送郵件到jju@jbjob.com.tw()	
2012/5/9 上午 10:51:58	傳送郵件到Jessica@jbjob.com.tw()	
2012/5/9 上午 11:11:58	傳送郵件到clinton@jbjob.com.tw()	
2012/5/9 上午 11:11:59	傳送郵件到Angel@jbjob.com.tw()	
2012/5/9 下午 12:11:59	傳送郵件到jju@jbjob.com.tw()	
2012/5/9 下午 12:32:00	傳送郵件到kelly@jbjob.com.tw()	
2012/5/9 下午 12:52:00	傳送郵件到Jessica@jbjob.com.tw()	
2012/5/9 下午 01:12:01	傳送郵件到clinton@jbjob.com.tw()	
2012/5/9 下午 01:12:02	傳送郵件到Angel@jbjob.com.tw()	
2012/5/9 下午 02:12:03	傳送郵件到jju@jbjob.com.tw()	
2012/5/9 下午 02:22:03	傳送郵件到Jimmy@jbjob.com.tw()	
2012/5/9 下午 02:42:04	傳送郵件到Tina@jbjob.com.tw()	
2012/5/9 下午 03:32:06	傳送郵件到Grace@jbjob.com.tw()	
2012/5/9 下午 04:22:10	傳送郵件到Jimmy@jbjob.com.tw()	
2012/5/9 下午 04:22:10	傳送郵件到kelly@jbjob.com.tw()	
2012/5/9 下午 04:42:11	傳送郵件到Tina@jbjob.com.tw()	
2012/5/9 下午 05:32:11	傳送郵件到Grace@jbjob.com.tw()	
2012/5/9 下午 05:42:12	傳送郵件到Tiffany@jbjob.com.tw()	
2012/5/9 下午 06:12:13	傳送郵件到Angel@jbjob.com.tw()	
2012/5/9 下午 06:22:13	傳送郵件到Jimmy@jbjob.com.tw()	
2012/5/9 下午 06:42:14	傳送郵件到Tina@jbjob.com.tw()	
2012/5/9 下午 07:32:15	傳送郵件到Grace@jbjob.com.tw()	
2012/5/9 下午 07:42:15	傳送郵件到Tiffany@jbjob.com.tw()	
2012/5/9 下午 09:42:16	傳送郵件到Tiffany@jbjob.com.tw()	
