2010/10/15 上午 08:18:16	傳送郵件到Paul@jbjob.com.tw()	
2010/10/15 上午 08:18:17	傳送郵件到Jessica@jbjob.com.tw()	
2010/10/15 上午 08:18:17	傳送郵件到Angel@jbjob.com.tw()	
2010/10/15 上午 08:43:18	傳送郵件到Tiffany@jbjob.com.tw()	
2010/10/15 上午 09:23:19	傳送郵件到victor@jbjob.com.tw()	
2010/10/15 上午 10:13:20	傳送郵件到clinton@jbjob.com.tw()	
2010/10/15 上午 10:18:21	傳送郵件到Paul@jbjob.com.tw()	
2010/10/15 上午 10:18:22	傳送郵件到Angel@jbjob.com.tw()	
2010/10/15 上午 10:58:23	傳送郵件到Tiffany@jbjob.com.tw()	
2010/10/15 上午 11:23:24	傳送郵件到Lee@jbjob.com.tw()	
2010/10/15 上午 11:23:24	傳送郵件到victor@jbjob.com.tw()	
2010/10/15 下午 12:13:25	傳送郵件到clinton@jbjob.com.tw()	
2010/10/15 下午 12:18:26	傳送郵件到Paul@jbjob.com.tw()	
2010/10/15 下午 12:18:29	傳送郵件到Angel@jbjob.com.tw()	
2010/10/15 下午 12:58:31	傳送郵件到Tiffany@jbjob.com.tw()	
2010/10/15 下午 01:23:32	傳送郵件到Lee@jbjob.com.tw()	
2010/10/15 下午 01:23:32	傳送郵件到victor@jbjob.com.tw()	
2010/10/15 下午 02:13:33	傳送郵件到clinton@jbjob.com.tw()	
2010/10/15 下午 02:23:34	傳送郵件到Lilian@jbjob.com.tw()	
2010/10/15 下午 02:58:35	傳送郵件到Tiffany@jbjob.com.tw()	
2010/10/15 下午 04:23:37	傳送郵件到clinton@jbjob.com.tw()	
2010/10/15 下午 04:23:38	傳送郵件到Lilian@jbjob.com.tw()	
2010/10/15 下午 04:48:39	傳送郵件到Lee@jbjob.com.tw()	
2010/10/15 下午 06:23:41	傳送郵件到Lilian@jbjob.com.tw()	
