2011/11/14 上午 09:00:56	傳送郵件到Tina@jbjob.com.tw()	
2011/11/14 上午 10:20:57	傳送郵件到Angel@jbjob.com.tw()	
2011/11/14 上午 11:00:58	傳送郵件到Tina@jbjob.com.tw()	
2011/11/14 上午 11:10:59	傳送郵件到Tiffany@jbjob.com.tw()	
2011/11/14 下午 12:21:00	傳送郵件到Angel@jbjob.com.tw()	
2011/11/14 下午 01:01:02	傳送郵件到Tina@jbjob.com.tw()	
2011/11/14 下午 01:11:03	傳送郵件到Tiffany@jbjob.com.tw()	
2011/11/14 下午 02:21:04	傳送郵件到Angel@jbjob.com.tw()	
2011/11/14 下午 02:41:05	傳送郵件到richard@jbjob.com.tw()	
2011/11/14 下午 03:11:06	傳送郵件到Tiffany@jbjob.com.tw()	
2011/11/14 下午 04:41:08	傳送郵件到rita@jbjob.com.tw()	
2011/11/14 下午 05:01:11	傳送郵件到richard@jbjob.com.tw()	
2011/11/14 下午 05:51:12	傳送郵件到Jimmy@jbjob.com.tw()	
2011/11/14 下午 06:41:13	傳送郵件到rita@jbjob.com.tw()	
2011/11/14 下午 07:31:15	傳送郵件到richard@jbjob.com.tw()	
2011/11/14 下午 08:41:16	傳送郵件到rita@jbjob.com.tw()	
2011/11/14 下午 09:11:17	傳送郵件到Tiffany@jbjob.com.tw()	
2011/11/14 下午 09:31:17	傳送郵件到richard@jbjob.com.tw()	
2011/11/14 下午 11:11:19	傳送郵件到Tiffany@jbjob.com.tw()	
2011/11/14 下午 11:31:19	傳送郵件到richard@jbjob.com.tw()	
