2011/10/13 上午 08:09:54	傳送郵件到rita@jbjob.com.tw()	
2011/10/13 上午 08:29:54	傳送郵件到clinton@jbjob.com.tw()	
2011/10/13 上午 09:59:55	傳送郵件到cjs@jbjob.com.tw()	
2011/10/13 上午 09:59:56	傳送郵件到Jimmy@jbjob.com.tw()	
2011/10/13 上午 10:29:58	傳送郵件到clinton@jbjob.com.tw()	
2011/10/13 上午 10:29:59	傳送郵件到Paul@jbjob.com.tw()	
2011/10/13 上午 10:30:00	傳送郵件到rita@jbjob.com.tw()	
2011/10/13 上午 10:30:00	傳送郵件到Angel@jbjob.com.tw()	
2011/10/13 上午 10:50:01	傳送郵件到Tiffany@jbjob.com.tw()	
2011/10/13 上午 10:50:02	傳送郵件到wilson@jbjob.com.tw()	
2011/10/13 上午 10:50:02	傳送郵件到Tina@jbjob.com.tw()	
2011/10/13 下午 12:00:04	傳送郵件到Jimmy@jbjob.com.tw()	
2011/10/13 下午 12:30:04	傳送郵件到Paul@jbjob.com.tw()	
2011/10/13 下午 12:40:05	傳送郵件到rita@jbjob.com.tw()	
2011/10/13 下午 12:50:06	傳送郵件到Tiffany@jbjob.com.tw()	
2011/10/13 下午 12:50:06	傳送郵件到Angel@jbjob.com.tw()	
2011/10/13 下午 01:30:07	傳送郵件到clinton@jbjob.com.tw()	
2011/10/13 下午 01:30:07	傳送郵件到Tina@jbjob.com.tw()	
2011/10/13 下午 01:40:08	傳送郵件到richard@jbjob.com.tw()	
2011/10/13 下午 02:30:09	傳送郵件到Paul@jbjob.com.tw()	
2011/10/13 下午 02:50:12	傳送郵件到Tiffany@jbjob.com.tw()	
2011/10/13 下午 02:50:13	傳送郵件到Angel@jbjob.com.tw()	
2011/10/13 下午 03:30:16	傳送郵件到clinton@jbjob.com.tw()	
2011/10/13 下午 03:30:20	傳送郵件到Tina@jbjob.com.tw()	
2011/10/13 下午 03:30:22	傳送郵件到Jimmy@jbjob.com.tw()	
2011/10/13 下午 03:40:26	傳送郵件到richard@jbjob.com.tw()	
2011/10/13 下午 03:50:27	傳送郵件到cjs@jbjob.com.tw()	
2011/10/13 下午 04:50:28	傳送郵件到rita@jbjob.com.tw()	
2011/10/13 下午 04:50:29	傳送郵件到Angel@jbjob.com.tw()	
2011/10/13 下午 05:30:30	傳送郵件到clinton@jbjob.com.tw()	
2011/10/13 下午 05:30:30	傳送郵件到Tina@jbjob.com.tw()	
2011/10/13 下午 05:30:31	傳送郵件到Jimmy@jbjob.com.tw()	
2011/10/13 下午 06:10:32	傳送郵件到richard@jbjob.com.tw()	
2011/10/13 下午 06:30:33	傳送郵件到Tiffany@jbjob.com.tw()	
2011/10/13 下午 07:00:34	傳送郵件到rita@jbjob.com.tw()	
2011/10/13 下午 07:30:35	傳送郵件到Jimmy@jbjob.com.tw()	
2011/10/13 下午 08:10:36	傳送郵件到richard@jbjob.com.tw()	
2011/10/13 下午 08:30:37	傳送郵件到Tiffany@jbjob.com.tw()	
2011/10/13 下午 09:00:38	傳送郵件到rita@jbjob.com.tw()	
2011/10/13 下午 10:10:40	傳送郵件到richard@jbjob.com.tw()	
2011/10/13 下午 10:30:41	傳送郵件到Tiffany@jbjob.com.tw()	
2011/10/13 下午 11:00:42	傳送郵件到rita@jbjob.com.tw()	
