2011/3/1 上午 10:01:32	傳送郵件到Sandy@jbjob.com.tw()	
2011/3/1 上午 10:01:34	傳送郵件到rurujion@jbjob.com.tw()	
2011/3/1 上午 10:26:38	傳送郵件到akai@jbjob.com.tw()	
2011/3/1 上午 11:46:41	傳送郵件到akai@jbjob.com.tw()	
2011/3/1 上午 11:46:42	傳送郵件到akai@jbjob.com.tw()	
2011/3/1 上午 11:56:46	傳送郵件到cjs@jbjob.com.tw()	
2011/3/1 下午 12:51:48	傳送郵件到richard@jbjob.com.tw()	
2011/3/1 下午 01:06:50	傳送郵件到clinton@jbjob.com.tw()	
2011/3/1 下午 01:21:51	傳送郵件到akai@jbjob.com.tw()	
2011/3/1 下午 01:56:51	傳送郵件到cjs@jbjob.com.tw()	
2011/3/1 下午 02:46:52	傳送郵件到Alex@jbjob.com.tw()	
2011/3/1 下午 02:46:53	傳送郵件到Paul@jbjob.com.tw()	
2011/3/1 下午 02:49:41	傳送郵件到Akai@jbjob.com.tw()	
2011/3/1 下午 03:06:53	傳送郵件到clinton@jbjob.com.tw()	
2011/3/1 下午 04:46:54	傳送郵件到Alex@jbjob.com.tw()	
2011/3/1 下午 04:46:55	傳送郵件到Paul@jbjob.com.tw()	
2011/3/1 下午 04:46:55	傳送郵件到jju@jbjob.com.tw()	
2011/3/1 下午 06:46:56	傳送郵件到clinton@jbjob.com.tw()	
2011/3/1 下午 06:46:57	傳送郵件到jju@jbjob.com.tw()	
2011/3/1 下午 08:46:58	傳送郵件到jju@jbjob.com.tw()	
