2012/1/20 上午 01:19:47	傳送郵件到clinton@jbjob.com.tw()	
2012/1/20 上午 03:19:49	傳送郵件到clinton@jbjob.com.tw()	
2012/1/20 上午 05:19:50	傳送郵件到clinton@jbjob.com.tw()	
2012/1/20 上午 10:46:29	傳送郵件到Paul@jbjob.com.tw()	
2012/1/20 上午 11:47:09	傳送郵件到clinton@jbjob.com.tw()	
2012/1/20 上午 11:57:10	傳送郵件到kelly@jbjob.com.tw()	
2012/1/20 下午 12:27:10	傳送郵件到richard@jbjob.com.tw()	
2012/1/20 下午 12:47:11	傳送郵件到Angel@jbjob.com.tw()	
2012/1/20 下午 01:57:12	傳送郵件到Paul@jbjob.com.tw()	
2012/1/20 下午 03:27:13	傳送郵件到rita@jbjob.com.tw()	
2012/1/20 下午 03:57:13	傳送郵件到Paul@jbjob.com.tw()	
2012/1/20 下午 04:57:14	傳送郵件到Grace@jbjob.com.tw()	
2012/1/20 下午 05:57:15	傳送郵件到Paul@jbjob.com.tw()	
2012/1/20 下午 06:17:15	傳送郵件到clinton@jbjob.com.tw()	
2012/1/20 下午 06:17:16	傳送郵件到Angel@jbjob.com.tw()	
2012/1/20 下午 06:27:16	傳送郵件到cjs@jbjob.com.tw()	
2012/1/20 下午 08:17:17	傳送郵件到clinton@jbjob.com.tw()	
2012/1/20 下午 08:17:18	傳送郵件到Angel@jbjob.com.tw()	
2012/1/20 下午 08:27:18	傳送郵件到cjs@jbjob.com.tw()	
2012/1/20 下午 10:17:21	傳送郵件到clinton@jbjob.com.tw()	
2012/1/20 下午 10:17:22	傳送郵件到Angel@jbjob.com.tw()	
2012/1/20 下午 10:27:22	傳送郵件到cjs@jbjob.com.tw()	
