2011/10/20 上午 08:33:06	傳送郵件到richard@jbjob.com.tw()	
2011/10/20 上午 08:53:08	傳送郵件到Jimmy@jbjob.com.tw()	
2011/10/20 上午 09:03:08	傳送郵件到Angel@jbjob.com.tw()	
2011/10/20 上午 09:43:09	傳送郵件到cjs@jbjob.com.tw()	
2011/10/20 上午 10:53:10	傳送郵件到Tina@jbjob.com.tw()	
2011/10/20 上午 10:53:10	傳送郵件到Jimmy@jbjob.com.tw()	
2011/10/20 上午 11:43:11	傳送郵件到cjs@jbjob.com.tw()	
2011/10/20 下午 12:53:12	傳送郵件到Tina@jbjob.com.tw()	
2011/10/20 下午 12:53:13	傳送郵件到Jimmy@jbjob.com.tw()	
2011/10/20 下午 01:03:13	傳送郵件到Tiffany@jbjob.com.tw()	
2011/10/20 下午 01:48:24	傳送郵件到Grace@jbjob.com.tw()	
2011/10/20 下午 02:08:25	傳送郵件到cjs@jbjob.com.tw()	
2011/10/20 下午 02:28:25	傳送郵件到Angel@jbjob.com.tw()	
2011/10/20 下午 02:28:26	傳送郵件到richard@jbjob.com.tw()	
2011/10/20 下午 02:58:29	傳送郵件到Tina@jbjob.com.tw()	
2011/10/20 下午 03:08:30	傳送郵件到Tiffany@jbjob.com.tw()	
2011/10/20 下午 03:18:30	傳送郵件到jju@jbjob.com.tw()	
2011/10/20 下午 03:48:31	傳送郵件到Grace@jbjob.com.tw()	
2011/10/20 下午 04:08:32	傳送郵件到cjs@jbjob.com.tw()	
2011/10/20 下午 04:48:33	傳送郵件到richard@jbjob.com.tw()	
2011/10/20 下午 05:08:33	傳送郵件到Tiffany@jbjob.com.tw()	
2011/10/20 下午 05:18:34	傳送郵件到clinton@jbjob.com.tw()	
2011/10/20 下午 05:18:34	傳送郵件到Angel@jbjob.com.tw()	
2011/10/20 下午 05:18:34	傳送郵件到jju@jbjob.com.tw()	
2011/10/20 下午 05:48:35	傳送郵件到Grace@jbjob.com.tw()	
2011/10/20 下午 06:18:36	傳送郵件到wilson@jbjob.com.tw()	
2011/10/20 下午 06:48:36	傳送郵件到richard@jbjob.com.tw()	
2011/10/20 下午 07:18:37	傳送郵件到clinton@jbjob.com.tw()	
2011/10/20 下午 07:18:38	傳送郵件到jju@jbjob.com.tw()	
2011/10/20 下午 08:18:39	傳送郵件到wilson@jbjob.com.tw()	
2011/10/20 下午 08:48:40	傳送郵件到Angel@jbjob.com.tw()	
2011/10/20 下午 08:48:41	傳送郵件到richard@jbjob.com.tw()	
2011/10/20 下午 09:18:42	傳送郵件到clinton@jbjob.com.tw()	
2011/10/20 下午 10:18:43	傳送郵件到wilson@jbjob.com.tw()	
2011/10/20 下午 10:48:44	傳送郵件到Angel@jbjob.com.tw()	
