2011/3/11 上午 08:52:33	傳送郵件到clinton@jbjob.com.tw()	
2011/3/11 上午 10:52:35	傳送郵件到clinton@jbjob.com.tw()	
2011/3/11 下午 12:08:22	傳送郵件到Alex@jbjob.com.tw()	
2011/3/11 下午 12:08:22	傳送郵件到Grace@jbjob.com.tw()	
2011/3/11 下午 12:08:22	傳送郵件到clinton@jbjob.com.tw()	
2011/3/11 下午 12:08:23	傳送郵件到Tiffany@jbjob.com.tw()	
2011/3/11 下午 12:08:23	傳送郵件到wilson@jbjob.com.tw()	
2011/3/11 下午 12:08:23	傳送郵件到daphne@jbjob.com.tw()	
2011/3/11 下午 12:08:24	傳送郵件到jju@jbjob.com.tw()	
2011/3/11 下午 12:53:25	傳送郵件到Paul@jbjob.com.tw()	
2011/3/11 下午 01:18:26	傳送郵件到rita@jbjob.com.tw()	
2011/3/11 下午 02:08:29	傳送郵件到Grace@jbjob.com.tw()	
2011/3/11 下午 02:08:31	傳送郵件到Tiffany@jbjob.com.tw()	
2011/3/11 下午 02:08:32	傳送郵件到daphne@jbjob.com.tw()	
2011/3/11 下午 02:33:32	傳送郵件到Alex@jbjob.com.tw()	
2011/3/11 下午 03:08:34	傳送郵件到clinton@jbjob.com.tw()	
2011/3/11 下午 04:08:35	傳送郵件到Tiffany@jbjob.com.tw()	
2011/3/11 下午 04:08:36	傳送郵件到daphne@jbjob.com.tw()	
2011/3/11 下午 04:38:37	傳送郵件到Paul@jbjob.com.tw()	
2011/3/11 下午 04:43:37	傳送郵件到Alex@jbjob.com.tw()	
2011/3/11 下午 06:38:39	傳送郵件到Paul@jbjob.com.tw()	
2011/3/11 下午 06:48:39	傳送郵件到jju@jbjob.com.tw()	
2011/3/11 下午 08:38:41	傳送郵件到Paul@jbjob.com.tw()	
2011/3/11 下午 08:48:41	傳送郵件到jju@jbjob.com.tw()	
2011/3/11 下午 10:48:43	傳送郵件到jju@jbjob.com.tw()	
