2011/9/28 上午 12:06:37	傳送郵件到Sandy@jbjob.com.tw()	
2011/9/28 上午 02:06:39	傳送郵件到Sandy@jbjob.com.tw()	
2011/9/28 上午 04:06:41	傳送郵件到Sandy@jbjob.com.tw()	
2011/9/28 上午 07:56:43	傳送郵件到Grace@jbjob.com.tw()	
2011/9/28 上午 07:56:43	傳送郵件到maryann@jbjob.com.tw()	
2011/9/28 上午 08:46:44	傳送郵件到clinton@jbjob.com.tw()	
2011/9/28 上午 08:56:45	傳送郵件到cjs@jbjob.com.tw()	
2011/9/28 上午 08:56:45	傳送郵件到cjs@jbjob.com.tw()	
2011/9/28 上午 09:36:46	傳送郵件到jju@jbjob.com.tw()	
2011/9/28 上午 09:46:46	傳送郵件到Amy@jbjob.com.tw()	
2011/9/28 上午 09:56:47	傳送郵件到Grace@jbjob.com.tw()	
2011/9/28 上午 09:56:47	傳送郵件到maryann@jbjob.com.tw()	
2011/9/28 上午 10:46:49	傳送郵件到clinton@jbjob.com.tw()	
2011/9/28 上午 10:56:50	傳送郵件到cjs@jbjob.com.tw()	
2011/9/28 上午 11:06:50	傳送郵件到richard@jbjob.com.tw()	
2011/9/28 上午 11:36:51	傳送郵件到jju@jbjob.com.tw()	
2011/9/28 上午 11:56:52	傳送郵件到Grace@jbjob.com.tw()	
2011/9/28 上午 11:56:52	傳送郵件到maryann@jbjob.com.tw()	
2011/9/28 下午 12:56:53	傳送郵件到cjs@jbjob.com.tw()	
2011/9/28 下午 01:36:56	傳送郵件到jju@jbjob.com.tw()	
2011/9/28 下午 01:36:57	傳送郵件到richard@jbjob.com.tw()	
2011/9/28 下午 01:47:00	傳送郵件到clinton@jbjob.com.tw()	
2011/9/28 下午 01:57:01	傳送郵件到Jimmy@jbjob.com.tw()	
2011/9/28 下午 02:17:01	傳送郵件到Paul@jbjob.com.tw()	
2011/9/28 下午 03:37:03	傳送郵件到richard@jbjob.com.tw()	
2011/9/28 下午 03:47:03	傳送郵件到clinton@jbjob.com.tw()	
2011/9/28 下午 03:57:05	傳送郵件到Jimmy@jbjob.com.tw()	
2011/9/28 下午 04:07:05	傳送郵件到cjs@jbjob.com.tw()	
2011/9/28 下午 04:37:06	傳送郵件到Angel@jbjob.com.tw()	
2011/9/28 下午 04:57:07	傳送郵件到Tiffany@jbjob.com.tw()	
2011/9/28 下午 05:17:07	傳送郵件到Amy@jbjob.com.tw()	
2011/9/28 下午 05:37:08	傳送郵件到richard@jbjob.com.tw()	
2011/9/28 下午 05:47:09	傳送郵件到clinton@jbjob.com.tw()	
2011/9/28 下午 05:57:10	傳送郵件到Jimmy@jbjob.com.tw()	
2011/9/28 下午 07:17:11	傳送郵件到Amy@jbjob.com.tw()	
2011/9/28 下午 09:17:14	傳送郵件到Amy@jbjob.com.tw()	
