2010/10/14 上午 01:02:14	傳送郵件到Amy@jbjob.com.tw()	
2010/10/14 上午 01:52:15	傳送郵件到Paul@jbjob.com.tw()	
2010/10/14 上午 01:52:15	傳送郵件到Lilian@jbjob.com.tw()	
2010/10/14 上午 03:02:17	傳送郵件到Amy@jbjob.com.tw()	
2010/10/14 上午 05:02:20	傳送郵件到Amy@jbjob.com.tw()	
2010/10/14 上午 09:37:27	傳送郵件到wilson@jbjob.com.tw()	
2010/10/14 上午 09:42:28	傳送郵件到Leo@jbjob.com.tw()	
2010/10/14 上午 09:42:28	傳送郵件到victor@jbjob.com.tw()	
2010/10/14 上午 10:17:29	傳送郵件到richard@jbjob.com.tw()	
2010/10/14 上午 10:47:30	傳送郵件到debbie@jbjob.com.tw()	
2010/10/14 上午 11:07:32	傳送郵件到Tina@jbjob.com.tw()	
2010/10/14 上午 11:12:32	傳送郵件到Lee@jbjob.com.tw()	
2010/10/14 上午 11:37:33	傳送郵件到wilson@jbjob.com.tw()	
2010/10/14 上午 11:42:37	傳送郵件到victor@jbjob.com.tw()	
2010/10/14 下午 12:17:39	傳送郵件到richard@jbjob.com.tw()	
2010/10/14 下午 12:37:40	傳送郵件到Paul@jbjob.com.tw()	
2010/10/14 下午 12:42:41	傳送郵件到rita@jbjob.com.tw()	
2010/10/14 下午 01:02:42	傳送郵件到cjs@jbjob.com.tw()	
2010/10/14 下午 01:07:43	傳送郵件到Tina@jbjob.com.tw()	
2010/10/14 下午 01:12:43	傳送郵件到Lee@jbjob.com.tw()	
2010/10/14 下午 01:37:45	傳送郵件到wilson@jbjob.com.tw()	
2010/10/14 下午 01:42:45	傳送郵件到Tiffany@jbjob.com.tw()	
2010/10/14 下午 02:17:47	傳送郵件到richard@jbjob.com.tw()	
2010/10/14 下午 02:37:47	傳送郵件到Paul@jbjob.com.tw()	
2010/10/14 下午 02:42:48	傳送郵件到rita@jbjob.com.tw()	
2010/10/14 下午 03:02:49	傳送郵件到cjs@jbjob.com.tw()	
2010/10/14 下午 03:07:51	傳送郵件到Tina@jbjob.com.tw()	
2010/10/14 下午 03:12:52	傳送郵件到Lee@jbjob.com.tw()	
2010/10/14 下午 03:42:53	傳送郵件到Tiffany@jbjob.com.tw()	
2010/10/14 下午 04:07:54	傳送郵件到wilson@jbjob.com.tw()	
2010/10/14 下午 04:37:55	傳送郵件到Paul@jbjob.com.tw()	
2010/10/14 下午 04:42:56	傳送郵件到rita@jbjob.com.tw()	
2010/10/14 下午 05:02:57	傳送郵件到cjs@jbjob.com.tw()	
2010/10/14 下午 05:42:59	傳送郵件到Tiffany@jbjob.com.tw()	
2010/10/14 下午 06:07:59	傳送郵件到wilson@jbjob.com.tw()	
2010/10/14 下午 06:53:00	傳送郵件到Grace@jbjob.com.tw()	
2010/10/14 下午 06:53:01	傳送郵件到richard@jbjob.com.tw()	
2010/10/14 下午 07:18:02	傳送郵件到clinton@jbjob.com.tw()	
2010/10/14 下午 08:08:03	傳送郵件到wilson@jbjob.com.tw()	
2010/10/14 下午 08:53:05	傳送郵件到Grace@jbjob.com.tw()	
2010/10/14 下午 08:53:05	傳送郵件到richard@jbjob.com.tw()	
2010/10/14 下午 09:18:06	傳送郵件到clinton@jbjob.com.tw()	
2010/10/14 下午 10:53:07	傳送郵件到Grace@jbjob.com.tw()	
2010/10/14 下午 10:53:08	傳送郵件到richard@jbjob.com.tw()	
2010/10/14 下午 11:18:09	傳送郵件到clinton@jbjob.com.tw()	
