2011/1/14 下午 03:55:18	傳送郵件到Alex@jbjob.com.tw()	
2011/1/14 下午 03:55:18	傳送郵件到Grace@jbjob.com.tw()	
2011/1/14 下午 03:55:19	傳送郵件到clinton@jbjob.com.tw()	
2011/1/14 下午 03:55:20	傳送郵件到Paul@jbjob.com.tw()	
2011/1/14 下午 03:55:20	傳送郵件到Tina@jbjob.com.tw()	
2011/1/14 下午 03:55:20	傳送郵件到rita@jbjob.com.tw()	
2011/1/14 下午 03:55:21	傳送郵件到cjs@jbjob.com.tw()	
2011/1/14 下午 03:55:22	傳送郵件到Lilian@jbjob.com.tw()	
2011/1/14 下午 03:55:22	傳送郵件到rurujion@jbjob.com.tw()	
2011/1/14 下午 03:55:22	傳送郵件到victor@jbjob.com.tw()	
2011/1/14 下午 03:55:23	傳送郵件到wilson@jbjob.com.tw()	
2011/1/14 下午 03:55:24	傳送郵件到jju@jbjob.com.tw()	
2011/1/14 下午 03:55:24	傳送郵件到richard@jbjob.com.tw()	
2011/1/14 下午 03:55:24	傳送郵件到ayoung@jbjob.com.tw()	
2011/1/14 下午 04:00:25	傳送郵件到Sandy@jbjob.com.tw()	
2011/1/14 下午 04:05:26	傳送郵件到Anne@jbjob.com.tw()	
2011/1/14 下午 04:30:27	傳送郵件到Tiffany@jbjob.com.tw()	
2011/1/14 下午 04:35:27	傳送郵件到Lee@jbjob.com.tw()	
2011/1/14 下午 05:50:32	傳送郵件到rodylai@jbjob.com.tw()	
2011/1/14 下午 05:55:34	傳送郵件到Alex@jbjob.com.tw()	
2011/1/14 下午 05:55:38	傳送郵件到Grace@jbjob.com.tw()	
2011/1/14 下午 05:55:44	傳送郵件到Paul@jbjob.com.tw()	
2011/1/14 下午 05:55:48	傳送郵件到Tina@jbjob.com.tw()	
2011/1/14 下午 05:55:51	傳送郵件到Lilian@jbjob.com.tw()	
2011/1/14 下午 05:55:55	傳送郵件到victor@jbjob.com.tw()	
2011/1/14 下午 05:55:58	傳送郵件到wilson@jbjob.com.tw()	
2011/1/14 下午 05:56:00	傳送郵件到jju@jbjob.com.tw()	
2011/1/14 下午 05:56:05	傳送郵件到richard@jbjob.com.tw()	
2011/1/14 下午 06:06:06	傳送郵件到Anne@jbjob.com.tw()	
2011/1/14 下午 06:31:07	傳送郵件到Tiffany@jbjob.com.tw()	
2011/1/14 下午 06:36:10	傳送郵件到Lee@jbjob.com.tw()	
2011/1/14 下午 07:56:13	傳送郵件到Alex@jbjob.com.tw()	
2011/1/14 下午 07:56:13	傳送郵件到Grace@jbjob.com.tw()	
2011/1/14 下午 07:56:14	傳送郵件到Paul@jbjob.com.tw()	
2011/1/14 下午 07:56:14	傳送郵件到Tina@jbjob.com.tw()	
2011/1/14 下午 07:56:14	傳送郵件到Lilian@jbjob.com.tw()	
2011/1/14 下午 07:56:15	傳送郵件到wilson@jbjob.com.tw()	
2011/1/14 下午 07:56:15	傳送郵件到jju@jbjob.com.tw()	
2011/1/14 下午 07:56:16	傳送郵件到richard@jbjob.com.tw()	
2011/1/14 下午 08:06:17	傳送郵件到Anne@jbjob.com.tw()	
2011/1/14 下午 08:31:18	傳送郵件到Tiffany@jbjob.com.tw()	
2011/1/14 下午 08:36:19	傳送郵件到Lee@jbjob.com.tw()	
2011/1/14 下午 11:26:24	傳送郵件到rita@jbjob.com.tw()	
