2010/10/8 上午 07:43:42	傳送郵件到clinton@jbjob.com.tw()	
2010/10/8 上午 09:03:44	傳送郵件到rita@jbjob.com.tw()	
2010/10/8 上午 09:08:44	傳送郵件到richard@jbjob.com.tw()	
2010/10/8 上午 09:13:45	傳送郵件到victor@jbjob.com.tw()	
2010/10/8 上午 09:23:46	傳送郵件到wilson@jbjob.com.tw()	
2010/10/8 上午 10:58:48	傳送郵件到Lee@jbjob.com.tw()	
2010/10/8 上午 11:23:48	傳送郵件到wilson@jbjob.com.tw()	
2010/10/8 下午 12:13:50	傳送郵件到rita@jbjob.com.tw()	
2010/10/8 下午 12:18:50	傳送郵件到Paul@jbjob.com.tw()	
2010/10/8 下午 12:59:03	傳送郵件到Lee@jbjob.com.tw()	
2010/10/8 下午 01:24:05	傳送郵件到wilson@jbjob.com.tw()	
2010/10/8 下午 01:29:05	傳送郵件到victor@jbjob.com.tw()	
2010/10/8 下午 01:59:06	傳送郵件到Amy@jbjob.com.tw()	
2010/10/8 下午 01:59:07	傳送郵件到richard@jbjob.com.tw()	
2010/10/8 下午 02:19:08	傳送郵件到Paul@jbjob.com.tw()	
2010/10/8 下午 02:59:09	傳送郵件到Lee@jbjob.com.tw()	
2010/10/8 下午 03:34:10	傳送郵件到rurujion@jbjob.com.tw()	
2010/10/8 下午 03:54:11	傳送郵件到Tiffany@jbjob.com.tw()	
2010/10/8 下午 04:14:13	傳送郵件到richard@jbjob.com.tw()	
2010/10/8 下午 04:19:15	傳送郵件到Paul@jbjob.com.tw()	
2010/10/8 下午 05:34:16	傳送郵件到rurujion@jbjob.com.tw()	
2010/10/8 下午 05:39:17	傳送郵件到clinton@jbjob.com.tw()	
2010/10/8 下午 05:54:17	傳送郵件到Tiffany@jbjob.com.tw()	
2010/10/8 下午 06:14:18	傳送郵件到richard@jbjob.com.tw()	
2010/10/8 下午 07:34:23	傳送郵件到Lee@jbjob.com.tw()	
2010/10/8 下午 07:39:24	傳送郵件到clinton@jbjob.com.tw()	
2010/10/8 下午 08:14:25	傳送郵件到richard@jbjob.com.tw()	
2010/10/8 下午 09:34:26	傳送郵件到Lee@jbjob.com.tw()	
2010/10/8 下午 09:39:27	傳送郵件到clinton@jbjob.com.tw()	
2010/10/8 下午 11:34:29	傳送郵件到Lee@jbjob.com.tw()	
