2011/12/26 上午 09:25:43	傳送郵件到Jimmy@jbjob.com.tw()	
2011/12/26 上午 09:35:44	傳送郵件到kelly@jbjob.com.tw()	
2011/12/26 上午 10:05:45	傳送郵件到richard@jbjob.com.tw()	
2011/12/26 上午 11:15:46	傳送郵件到Angel@jbjob.com.tw()	
2011/12/26 下午 12:35:48	傳送郵件到kelly@jbjob.com.tw()	
2011/12/26 下午 01:15:48	傳送郵件到Angel@jbjob.com.tw()	
2011/12/26 下午 01:35:49	傳送郵件到debbie@jbjob.com.tw()	
2011/12/26 下午 02:05:50	傳送郵件到richard@jbjob.com.tw()	
2011/12/26 下午 02:25:51	傳送郵件到Jimmy@jbjob.com.tw()	
2011/12/26 下午 03:45:52	傳送郵件到kelly@jbjob.com.tw()	
2011/12/26 下午 04:15:53	傳送郵件到cjs@jbjob.com.tw()	
2011/12/26 下午 04:15:53	傳送郵件到richard@jbjob.com.tw()	
2011/12/26 下午 04:45:54	傳送郵件到Jimmy@jbjob.com.tw()	
2011/12/26 下午 04:45:55	傳送郵件到Angel@jbjob.com.tw()	
2011/12/26 下午 06:25:56	傳送郵件到clinton@jbjob.com.tw()	
2011/12/26 下午 06:45:57	傳送郵件到richard@jbjob.com.tw()	
2011/12/26 下午 07:25:58	傳送郵件到Angel@jbjob.com.tw()	
2011/12/26 下午 08:25:59	傳送郵件到clinton@jbjob.com.tw()	
2011/12/26 下午 08:46:00	傳送郵件到Paul@jbjob.com.tw()	
2011/12/26 下午 08:46:00	傳送郵件到richard@jbjob.com.tw()	
2011/12/26 下午 09:26:01	傳送郵件到Angel@jbjob.com.tw()	
2011/12/26 下午 10:26:02	傳送郵件到clinton@jbjob.com.tw()	
2011/12/26 下午 10:46:02	傳送郵件到Paul@jbjob.com.tw()	
2011/12/26 下午 10:46:03	傳送郵件到richard@jbjob.com.tw()	
2011/12/26 下午 11:26:04	傳送郵件到Angel@jbjob.com.tw()	
