2011/10/21 上午 12:48:46	傳送郵件到Angel@jbjob.com.tw()	
2011/10/21 上午 10:08:56	傳送郵件到Tina@jbjob.com.tw()	
2011/10/21 上午 10:18:56	傳送郵件到richard@jbjob.com.tw()	
2011/10/21 上午 10:48:57	傳送郵件到Jimmy@jbjob.com.tw()	
2011/10/21 上午 11:19:01	傳送郵件到Angel@jbjob.com.tw()	
2011/10/21 上午 11:39:05	傳送郵件到clinton@jbjob.com.tw()	
2011/10/21 下午 12:09:08	傳送郵件到Tina@jbjob.com.tw()	
2011/10/21 下午 12:49:12	傳送郵件到Jimmy@jbjob.com.tw()	
2011/10/21 下午 01:29:13	傳送郵件到Grace@jbjob.com.tw()	
2011/10/21 下午 01:39:13	傳送郵件到clinton@jbjob.com.tw()	
2011/10/21 下午 01:39:13	傳送郵件到Angel@jbjob.com.tw()	
2011/10/21 下午 02:09:14	傳送郵件到Tina@jbjob.com.tw()	
2011/10/21 下午 03:29:16	傳送郵件到Grace@jbjob.com.tw()	
2011/10/21 下午 03:29:17	傳送郵件到rita@jbjob.com.tw()	
2011/10/21 下午 03:39:17	傳送郵件到clinton@jbjob.com.tw()	
2011/10/21 下午 05:29:18	傳送郵件到Grace@jbjob.com.tw()	
2011/10/21 下午 06:19:19	傳送郵件到Angel@jbjob.com.tw()	
2011/10/21 下午 06:39:20	傳送郵件到Tina@jbjob.com.tw()	
2011/10/21 下午 08:39:21	傳送郵件到Tina@jbjob.com.tw()	
2011/10/21 下午 09:19:22	傳送郵件到Tiffany@jbjob.com.tw()	
2011/10/21 下午 10:39:23	傳送郵件到Tina@jbjob.com.tw()	
2011/10/21 下午 11:19:24	傳送郵件到Tiffany@jbjob.com.tw()	
