2011/7/19 上午 01:34:44	傳送郵件到Paul@jbjob.com.tw()	
2011/7/19 上午 03:34:44	傳送郵件到Paul@jbjob.com.tw()	
2011/7/19 上午 05:34:45	傳送郵件到Paul@jbjob.com.tw()	
2011/7/19 上午 09:21:16	傳送郵件到richard@jbjob.com.tw()	
2011/7/19 上午 10:31:16	傳送郵件到cjs@jbjob.com.tw()	
2011/7/19 上午 11:41:18	傳送郵件到richard@jbjob.com.tw()	
2011/7/19 下午 12:11:20	傳送郵件到Tina@jbjob.com.tw()	
2011/7/19 下午 12:31:22	傳送郵件到Grace@jbjob.com.tw()	
2011/7/19 下午 12:31:26	傳送郵件到cjs@jbjob.com.tw()	
2011/7/19 下午 02:11:27	傳送郵件到Tina@jbjob.com.tw()	
2011/7/19 下午 02:21:28	傳送郵件到Jimmy@jbjob.com.tw()	
2011/7/19 下午 02:21:30	傳送郵件到richard@jbjob.com.tw()	
2011/7/19 下午 02:31:31	傳送郵件到Grace@jbjob.com.tw()	
2011/7/19 下午 02:31:32	傳送郵件到cjs@jbjob.com.tw()	
2011/7/19 下午 04:11:33	傳送郵件到Tina@jbjob.com.tw()	
2011/7/19 下午 04:21:34	傳送郵件到Jimmy@jbjob.com.tw()	
2011/7/19 下午 04:31:35	傳送郵件到Grace@jbjob.com.tw()	
2011/7/19 下午 05:01:36	傳送郵件到richard@jbjob.com.tw()	
2011/7/19 下午 05:11:36	傳送郵件到Alex@jbjob.com.tw()	
2011/7/19 下午 06:21:37	傳送郵件到Jimmy@jbjob.com.tw()	
2011/7/19 下午 07:11:38	傳送郵件到Alex@jbjob.com.tw()	
2011/7/19 下午 09:11:38	傳送郵件到Alex@jbjob.com.tw()	
