2011/8/17 上午 01:47:50	傳送郵件到clinton@jbjob.com.tw()	
2011/8/17 上午 08:47:54	傳送郵件到Tina@jbjob.com.tw()	
2011/8/17 上午 08:47:54	傳送郵件到richard@jbjob.com.tw()	
2011/8/17 上午 10:17:56	傳送郵件到Amy@jbjob.com.tw()	
2011/8/17 上午 10:37:56	傳送郵件到Alex@jbjob.com.tw()	
2011/8/17 上午 10:37:57	傳送郵件到clinton@jbjob.com.tw()	
2011/8/17 下午 12:17:58	傳送郵件到Amy@jbjob.com.tw()	
2011/8/17 下午 12:37:59	傳送郵件到clinton@jbjob.com.tw()	
2011/8/17 下午 12:38:00	傳送郵件到cjs@jbjob.com.tw()	
2011/8/17 下午 12:38:02	傳送郵件到richard@jbjob.com.tw()	
2011/8/17 下午 02:18:05	傳送郵件到Amy@jbjob.com.tw()	
2011/8/17 下午 02:48:05	傳送郵件到Jimmy@jbjob.com.tw()	
2011/8/17 下午 03:18:06	傳送郵件到Alex@jbjob.com.tw()	
2011/8/17 下午 04:08:07	傳送郵件到Tina@jbjob.com.tw()	
2011/8/17 下午 04:48:08	傳送郵件到cjs@jbjob.com.tw()	
2011/8/17 下午 05:28:10	傳送郵件到Tiffany@jbjob.com.tw()	
2011/8/17 下午 06:08:10	傳送郵件到Tina@jbjob.com.tw()	
2011/8/17 下午 06:28:11	傳送郵件到Alex@jbjob.com.tw()	
2011/8/17 下午 07:28:12	傳送郵件到Tiffany@jbjob.com.tw()	
2011/8/17 下午 07:58:12	傳送郵件到clinton@jbjob.com.tw()	
2011/8/17 下午 08:28:13	傳送郵件到Alex@jbjob.com.tw()	
2011/8/17 下午 09:28:14	傳送郵件到Tiffany@jbjob.com.tw()	
2011/8/17 下午 09:58:15	傳送郵件到clinton@jbjob.com.tw()	
2011/8/17 下午 10:28:16	傳送郵件到Alex@jbjob.com.tw()	
2011/8/17 下午 11:58:17	傳送郵件到clinton@jbjob.com.tw()	
