2010/10/6 上午 11:07:19	傳送郵件到Grace@jbjob.com.tw()	
2010/10/6 上午 11:07:20	傳送郵件到clinton@jbjob.com.tw()	
2010/10/6 上午 11:07:20	傳送郵件到Paul@jbjob.com.tw()	
2010/10/6 上午 11:07:20	傳送郵件到Tina@jbjob.com.tw()	
2010/10/6 上午 11:07:21	傳送郵件到cjs@jbjob.com.tw()	
2010/10/6 上午 11:07:21	傳送郵件到Amy@jbjob.com.tw()	
2010/10/6 上午 11:07:22	傳送郵件到Jimmy@jbjob.com.tw()	
2010/10/6 上午 11:07:22	傳送郵件到Tiffany@jbjob.com.tw()	
2010/10/6 上午 11:07:23	傳送郵件到rurujion@jbjob.com.tw()	
2010/10/6 上午 11:07:23	傳送郵件到victor@jbjob.com.tw()	
2010/10/6 上午 11:07:24	傳送郵件到wilson@jbjob.com.tw()	
2010/10/6 上午 11:07:24	傳送郵件到jju@jbjob.com.tw()	
2010/10/6 上午 11:57:27	傳送郵件到Sandy@jbjob.com.tw()	
2010/10/6 上午 11:57:28	傳送郵件到Lee@jbjob.com.tw()	
2010/10/6 下午 01:07:29	傳送郵件到Grace@jbjob.com.tw()	
2010/10/6 下午 01:07:30	傳送郵件到clinton@jbjob.com.tw()	
2010/10/6 下午 01:07:31	傳送郵件到Paul@jbjob.com.tw()	
2010/10/6 下午 01:07:31	傳送郵件到Tina@jbjob.com.tw()	
2010/10/6 下午 01:07:31	傳送郵件到Amy@jbjob.com.tw()	
2010/10/6 下午 01:07:32	傳送郵件到Tiffany@jbjob.com.tw()	
2010/10/6 下午 01:07:32	傳送郵件到victor@jbjob.com.tw()	
2010/10/6 下午 01:07:33	傳送郵件到wilson@jbjob.com.tw()	
2010/10/6 下午 01:07:33	傳送郵件到jju@jbjob.com.tw()	
2010/10/6 下午 01:57:35	傳送郵件到Lee@jbjob.com.tw()	
2010/10/6 下午 03:07:38	傳送郵件到Grace@jbjob.com.tw()	
2010/10/6 下午 03:07:38	傳送郵件到clinton@jbjob.com.tw()	
2010/10/6 下午 03:07:39	傳送郵件到Paul@jbjob.com.tw()	
2010/10/6 下午 03:07:39	傳送郵件到Tina@jbjob.com.tw()	
2010/10/6 下午 03:07:40	傳送郵件到Amy@jbjob.com.tw()	
2010/10/6 下午 03:07:40	傳送郵件到Tiffany@jbjob.com.tw()	
2010/10/6 下午 03:07:41	傳送郵件到wilson@jbjob.com.tw()	
2010/10/6 下午 03:07:41	傳送郵件到jju@jbjob.com.tw()	
2010/10/6 下午 06:02:44	傳送郵件到Amy@jbjob.com.tw()	
2010/10/6 下午 06:22:45	傳送郵件到clinton@jbjob.com.tw()	
2010/10/6 下午 08:02:46	傳送郵件到Amy@jbjob.com.tw()	
2010/10/6 下午 08:22:48	傳送郵件到clinton@jbjob.com.tw()	
2010/10/6 下午 10:02:50	傳送郵件到Amy@jbjob.com.tw()	
2010/10/6 下午 10:22:51	傳送郵件到clinton@jbjob.com.tw()	
