2012/10/12 上午 12:00:21	傳送郵件到wilson@jbjob.com.tw()	
2012/10/12 上午 12:15:22	傳送郵件到rita@jbjob.com.tw()	
2012/10/12 上午 12:30:23	傳送郵件到kelly@jbjob.com.tw()	
2012/10/12 上午 01:15:27	傳送郵件到clinton@jbjob.com.tw()	
2012/10/12 上午 04:15:32	傳送郵件到rita@jbjob.com.tw()	
2012/10/12 上午 08:15:35	傳送郵件到rita@jbjob.com.tw()	
2012/10/12 上午 08:30:36	傳送郵件到Angel@jbjob.com.tw()	
2012/10/12 上午 09:45:37	傳送郵件到Tina@jbjob.com.tw()	
2012/10/12 上午 10:00:41	傳送郵件到Paul@jbjob.com.tw()	
2012/10/12 下午 12:45:42	傳送郵件到cjs@jbjob.com.tw()	
2012/10/12 下午 01:30:43	傳送郵件到Grace@jbjob.com.tw()	
2012/10/12 下午 02:00:43	傳送郵件到Paul@jbjob.com.tw()	
2012/10/12 下午 04:30:45	傳送郵件到Tina@jbjob.com.tw()	
2012/10/12 下午 04:45:48	傳送郵件到clinton@jbjob.com.tw()	
2012/10/12 下午 05:30:48	傳送郵件到Grace@jbjob.com.tw()	
2012/10/12 下午 06:00:49	傳送郵件到Jimmy@jbjob.com.tw()	
2012/10/12 下午 06:15:49	傳送郵件到Angel@jbjob.com.tw()	
2012/10/12 下午 07:45:50	傳送郵件到Tiffany@jbjob.com.tw()	
2012/10/12 下午 08:30:50	傳送郵件到Tina@jbjob.com.tw()	
2012/10/12 下午 09:00:51	傳送郵件到richard@jbjob.com.tw()	
2012/10/12 下午 09:30:52	傳送郵件到Grace@jbjob.com.tw()	
2012/10/12 下午 09:30:52	傳送郵件到Paul@jbjob.com.tw()	
2012/10/12 下午 10:00:53	傳送郵件到Jimmy@jbjob.com.tw()	
2012/10/12 下午 11:00:53	傳送郵件到Angel@jbjob.com.tw()	
