2010/12/22 上午 08:11:11	傳送郵件到Grace@jbjob.com.tw()	
2010/12/22 上午 09:21:13	傳送郵件到Lee@jbjob.com.tw()	
2010/12/22 上午 10:06:15	傳送郵件到wilson@jbjob.com.tw()	
2010/12/22 上午 10:11:15	傳送郵件到Grace@jbjob.com.tw()	
2010/12/22 上午 11:21:18	傳送郵件到Lee@jbjob.com.tw()	
2010/12/22 上午 11:51:19	傳送郵件到joan@jbjob.com.tw()	
2010/12/22 下午 12:06:20	傳送郵件到wilson@jbjob.com.tw()	
2010/12/22 下午 12:11:20	傳送郵件到Grace@jbjob.com.tw()	
2010/12/22 下午 01:21:23	傳送郵件到Lee@jbjob.com.tw()	
2010/12/22 下午 01:51:25	傳送郵件到joan@jbjob.com.tw()	
2010/12/22 下午 01:56:26	傳送郵件到Tina@jbjob.com.tw()	
2010/12/22 下午 02:06:27	傳送郵件到wilson@jbjob.com.tw()	
2010/12/22 下午 02:51:28	傳送郵件到jju@jbjob.com.tw()	
2010/12/22 下午 02:56:28	傳送郵件到rurujion@jbjob.com.tw()	
2010/12/22 下午 03:51:32	傳送郵件到joan@jbjob.com.tw()	
2010/12/22 下午 03:56:32	傳送郵件到Tina@jbjob.com.tw()	
2010/12/22 下午 04:51:34	傳送郵件到jju@jbjob.com.tw()	
2010/12/22 下午 05:56:36	傳送郵件到Tina@jbjob.com.tw()	
2010/12/22 下午 06:06:36	傳送郵件到richard@jbjob.com.tw()	
2010/12/22 下午 06:51:38	傳送郵件到jju@jbjob.com.tw()	
2010/12/22 下午 08:06:40	傳送郵件到richard@jbjob.com.tw()	
2010/12/22 下午 09:51:43	傳送郵件到Tina@jbjob.com.tw()	
2010/12/22 下午 10:06:44	傳送郵件到richard@jbjob.com.tw()	
2010/12/22 下午 11:51:46	傳送郵件到Tina@jbjob.com.tw()	
