2011/8/22 上午 09:08:48	傳送郵件到Grace@jbjob.com.tw()	
2011/8/22 上午 11:08:50	傳送郵件到Grace@jbjob.com.tw()	
2011/8/22 上午 11:58:50	傳送郵件到Alex@jbjob.com.tw()	
2011/8/22 上午 11:58:51	傳送郵件到Paul@jbjob.com.tw()	
2011/8/22 下午 01:08:52	傳送郵件到Grace@jbjob.com.tw()	
2011/8/22 下午 01:58:52	傳送郵件到Paul@jbjob.com.tw()	
2011/8/22 下午 03:08:53	傳送郵件到Alex@jbjob.com.tw()	
2011/8/22 下午 03:18:54	傳送郵件到richard@jbjob.com.tw()	
2011/8/22 下午 03:58:54	傳送郵件到Paul@jbjob.com.tw()	
2011/8/22 下午 04:38:55	傳送郵件到jju@jbjob.com.tw()	
2011/8/22 下午 04:48:59	傳送郵件到Tina@jbjob.com.tw()	
2011/8/22 下午 05:08:59	傳送郵件到Erwinuy@jbjob.com.tw()	
2011/8/22 下午 05:19:00	傳送郵件到richard@jbjob.com.tw()	
2011/8/22 下午 06:09:01	傳送郵件到wilson@jbjob.com.tw()	
2011/8/22 下午 06:39:01	傳送郵件到jju@jbjob.com.tw()	
2011/8/22 下午 07:19:03	傳送郵件到richard@jbjob.com.tw()	
2011/8/22 下午 07:59:04	傳送郵件到Tiffany@jbjob.com.tw()	
2011/8/22 下午 08:09:05	傳送郵件到wilson@jbjob.com.tw()	
2011/8/22 下午 08:39:05	傳送郵件到jju@jbjob.com.tw()	
2011/8/22 下午 09:59:06	傳送郵件到Tiffany@jbjob.com.tw()	
2011/8/22 下午 10:09:07	傳送郵件到wilson@jbjob.com.tw()	
2011/8/22 下午 11:59:08	傳送郵件到Tiffany@jbjob.com.tw()	
