2011/3/14 上午 01:54:20	傳送郵件到Amy@jbjob.com.tw()	
2011/3/14 上午 03:54:21	傳送郵件到Amy@jbjob.com.tw()	
2011/3/14 上午 08:49:23	傳送郵件到richard@jbjob.com.tw()	
2011/3/14 上午 09:09:26	傳送郵件到rita@jbjob.com.tw()	
2011/3/14 上午 09:54:28	傳送郵件到Grace@jbjob.com.tw()	
2011/3/14 上午 09:54:29	傳送郵件到Jimmy@jbjob.com.tw()	
2011/3/14 上午 09:59:30	傳送郵件到victor@jbjob.com.tw()	
2011/3/14 上午 10:44:32	傳送郵件到cjs@jbjob.com.tw()	
2011/3/14 上午 11:09:33	傳送郵件到Alex@jbjob.com.tw()	
2011/3/14 上午 11:54:34	傳送郵件到Grace@jbjob.com.tw()	
2011/3/14 上午 11:59:34	傳送郵件到victor@jbjob.com.tw()	
2011/3/14 下午 12:44:35	傳送郵件到cjs@jbjob.com.tw()	
2011/3/14 下午 01:04:36	傳送郵件到rita@jbjob.com.tw()	
2011/3/14 下午 01:34:37	傳送郵件到wilson@jbjob.com.tw()	
2011/3/14 下午 01:39:40	傳送郵件到Tiffany@jbjob.com.tw()	
2011/3/14 下午 01:49:41	傳送郵件到Alex@jbjob.com.tw()	
2011/3/14 下午 01:59:41	傳送郵件到victor@jbjob.com.tw()	
2011/3/14 下午 02:19:43	傳送郵件到clinton@jbjob.com.tw()	
2011/3/14 下午 02:19:43	傳送郵件到Tina@jbjob.com.tw()	
2011/3/14 下午 02:44:45	傳送郵件到cjs@jbjob.com.tw()	
2011/3/14 下午 03:04:47	傳送郵件到Paul@jbjob.com.tw()	
2011/3/14 下午 03:04:48	傳送郵件到rita@jbjob.com.tw()	
2011/3/14 下午 03:09:48	傳送郵件到Amy@jbjob.com.tw()	
2011/3/14 下午 03:59:49	傳送郵件到Alex@jbjob.com.tw()	
2011/3/14 下午 04:19:50	傳送郵件到clinton@jbjob.com.tw()	
2011/3/14 下午 04:49:52	傳送郵件到Jimmy@jbjob.com.tw()	
2011/3/14 下午 04:54:52	傳送郵件到richard@jbjob.com.tw()	
2011/3/14 下午 04:59:52	傳送郵件到Grace@jbjob.com.tw()	
2011/3/14 下午 05:04:53	傳送郵件到Paul@jbjob.com.tw()	
2011/3/14 下午 05:09:54	傳送郵件到Amy@jbjob.com.tw()	
2011/3/14 下午 05:29:54	傳送郵件到wilson@jbjob.com.tw()	
2011/3/14 下午 05:44:55	傳送郵件到Tina@jbjob.com.tw()	
2011/3/14 下午 06:54:56	傳送郵件到Jimmy@jbjob.com.tw()	
2011/3/14 下午 06:59:56	傳送郵件到Grace@jbjob.com.tw()	
2011/3/14 下午 07:09:57	傳送郵件到Amy@jbjob.com.tw()	
2011/3/14 下午 07:14:58	傳送郵件到Alex@jbjob.com.tw()	
2011/3/14 下午 07:29:58	傳送郵件到wilson@jbjob.com.tw()	
2011/3/14 下午 08:55:00	傳送郵件到Jimmy@jbjob.com.tw()	
2011/3/14 下午 09:00:00	傳送郵件到Grace@jbjob.com.tw()	
2011/3/14 下午 09:15:01	傳送郵件到Alex@jbjob.com.tw()	
2011/3/14 下午 09:30:02	傳送郵件到wilson@jbjob.com.tw()	
2011/3/14 下午 10:55:04	傳送郵件到Jimmy@jbjob.com.tw()	
2011/3/14 下午 11:15:05	傳送郵件到Alex@jbjob.com.tw()	
