2011/9/14 上午 01:13:53	傳送郵件到jju@jbjob.com.tw()	
2011/9/14 上午 03:13:54	傳送郵件到jju@jbjob.com.tw()	
2011/9/14 上午 08:53:56	傳送郵件到Jimmy@jbjob.com.tw()	
2011/9/14 上午 09:22:20	傳送郵件到clinton@jbjob.com.tw()	
2011/9/14 上午 09:42:21	傳送郵件到Tina@jbjob.com.tw()	
2011/9/14 上午 10:22:24	傳送郵件到Tiffany@jbjob.com.tw()	
2011/9/14 上午 11:22:25	傳送郵件到clinton@jbjob.com.tw()	
2011/9/14 下午 12:12:25	傳送郵件到Angel@jbjob.com.tw()	
2011/9/14 下午 12:32:26	傳送郵件到Tiffany@jbjob.com.tw()	
2011/9/14 下午 12:52:26	傳送郵件到Tina@jbjob.com.tw()	
2011/9/14 下午 01:12:27	傳送郵件到richard@jbjob.com.tw()	
2011/9/14 下午 01:22:27	傳送郵件到Amy@jbjob.com.tw()	
2011/9/14 下午 02:12:28	傳送郵件到Grace@jbjob.com.tw()	
2011/9/14 下午 02:12:28	傳送郵件到clinton@jbjob.com.tw()	
2011/9/14 下午 02:12:29	傳送郵件到Angel@jbjob.com.tw()	
2011/9/14 下午 02:32:29	傳送郵件到Tiffany@jbjob.com.tw()	
2011/9/14 下午 02:52:30	傳送郵件到Tina@jbjob.com.tw()	
2011/9/14 下午 03:12:32	傳送郵件到cjs@jbjob.com.tw()	
2011/9/14 下午 03:22:33	傳送郵件到Amy@jbjob.com.tw()	
2011/9/14 下午 03:33:59	傳送郵件到Paul@jbjob.com.tw()	
2011/9/14 下午 04:12:33	傳送郵件到Grace@jbjob.com.tw()	
2011/9/14 下午 04:12:34	傳送郵件到Angel@jbjob.com.tw()	
2011/9/14 下午 04:32:34	傳送郵件到Tiffany@jbjob.com.tw()	
2011/9/14 下午 04:52:35	傳送郵件到Tina@jbjob.com.tw()	
2011/9/14 下午 05:22:36	傳送郵件到Amy@jbjob.com.tw()	
2011/9/14 下午 05:34:00	傳送郵件到jju@jbjob.com.tw()	
2011/9/14 下午 06:12:36	傳送郵件到Grace@jbjob.com.tw()	
2011/9/14 下午 06:12:37	傳送郵件到cjs@jbjob.com.tw()	
2011/9/14 下午 06:12:37	傳送郵件到wilson@jbjob.com.tw()	
2011/9/14 下午 07:34:01	傳送郵件到jju@jbjob.com.tw()	
2011/9/14 下午 08:12:38	傳送郵件到wilson@jbjob.com.tw()	
2011/9/14 下午 09:34:02	傳送郵件到jju@jbjob.com.tw()	
2011/9/14 下午 10:12:39	傳送郵件到wilson@jbjob.com.tw()	
