2010/11/9 上午 08:34:33	傳送郵件到rita@jbjob.com.tw()	
2010/11/9 上午 09:19:34	傳送郵件到Tina@jbjob.com.tw()	
2010/11/9 上午 10:34:35	傳送郵件到Lee@jbjob.com.tw()	
2010/11/9 上午 11:19:36	傳送郵件到Tina@jbjob.com.tw()	
2010/11/9 上午 11:24:37	傳送郵件到rurujion@jbjob.com.tw()	
2010/11/9 上午 11:54:38	傳送郵件到victor@jbjob.com.tw()	
2010/11/9 下午 12:34:40	傳送郵件到Lee@jbjob.com.tw()	
2010/11/9 下午 01:19:42	傳送郵件到Tina@jbjob.com.tw()	
2010/11/9 下午 01:24:42	傳送郵件到clinton@jbjob.com.tw()	
2010/11/9 下午 01:29:43	傳送郵件到rurujion@jbjob.com.tw()	
2010/11/9 下午 01:49:45	傳送郵件到richard@jbjob.com.tw()	
2010/11/9 下午 01:54:46	傳送郵件到victor@jbjob.com.tw()	
2010/11/9 下午 02:34:47	傳送郵件到Lee@jbjob.com.tw()	
2010/11/9 下午 03:24:48	傳送郵件到clinton@jbjob.com.tw()	
2010/11/9 下午 03:49:49	傳送郵件到richard@jbjob.com.tw()	
2010/11/9 下午 05:09:51	傳送郵件到cjs@jbjob.com.tw()	
2010/11/9 下午 05:24:52	傳送郵件到clinton@jbjob.com.tw()	
2010/11/9 下午 06:39:53	傳送郵件到richard@jbjob.com.tw()	
2010/11/9 下午 06:49:54	傳送郵件到Tiffany@jbjob.com.tw()	
2010/11/9 下午 08:39:56	傳送郵件到richard@jbjob.com.tw()	
2010/11/9 下午 09:29:57	傳送郵件到Tiffany@jbjob.com.tw()	
2010/11/9 下午 10:40:03	傳送郵件到richard@jbjob.com.tw()	
2010/11/9 下午 11:30:05	傳送郵件到Tiffany@jbjob.com.tw()	
