2011/7/15 上午 08:23:44	傳送郵件到Alex@jbjob.com.tw()	
2011/7/15 上午 09:43:45	傳送郵件到Paul@jbjob.com.tw()	
2011/7/15 上午 10:23:46	傳送郵件到cjs@jbjob.com.tw()	
2011/7/15 上午 11:33:47	傳送郵件到Alex@jbjob.com.tw()	
2011/7/15 上午 11:43:48	傳送郵件到Paul@jbjob.com.tw()	
2011/7/15 下午 01:33:49	傳送郵件到Alex@jbjob.com.tw()	
2011/7/15 下午 01:53:49	傳送郵件到Tiffany@jbjob.com.tw()	
2011/7/15 下午 02:03:50	傳送郵件到daphne@jbjob.com.tw()	
2011/7/15 下午 02:23:50	傳送郵件到richard@jbjob.com.tw()	
2011/7/15 下午 02:43:51	傳送郵件到Tina@jbjob.com.tw()	
2011/7/15 下午 03:03:52	傳送郵件到rita@jbjob.com.tw()	
2011/7/15 下午 04:03:53	傳送郵件到daphne@jbjob.com.tw()	
2011/7/15 下午 04:23:54	傳送郵件到richard@jbjob.com.tw()	
2011/7/15 下午 04:43:54	傳送郵件到Tina@jbjob.com.tw()	
2011/7/15 下午 05:03:54	傳送郵件到rita@jbjob.com.tw()	
2011/7/15 下午 05:03:55	傳送郵件到Tiffany@jbjob.com.tw()	
2011/7/15 下午 06:23:56	傳送郵件到richard@jbjob.com.tw()	
2011/7/15 下午 06:43:56	傳送郵件到Tina@jbjob.com.tw()	
2011/7/15 下午 07:03:57	傳送郵件到rita@jbjob.com.tw()	
2011/7/15 下午 07:03:57	傳送郵件到Tiffany@jbjob.com.tw()	
2011/7/15 下午 09:03:58	傳送郵件到Tiffany@jbjob.com.tw()	
