2011/2/1 上午 12:13:34	傳送郵件到Tiffany@jbjob.com.tw()	
2011/2/1 上午 01:53:35	傳送郵件到Lee@jbjob.com.tw()	
2011/2/1 上午 03:53:37	傳送郵件到Lee@jbjob.com.tw()	
2011/2/1 上午 08:48:41	傳送郵件到cjs@jbjob.com.tw()	
2011/2/1 上午 08:58:41	傳送郵件到clinton@jbjob.com.tw()	
2011/2/1 上午 08:58:41	傳送郵件到Paul@jbjob.com.tw()	
2011/2/1 上午 09:18:44	傳送郵件到richard@jbjob.com.tw()	
2011/2/1 上午 10:28:45	傳送郵件到Amy@jbjob.com.tw()	
2011/2/1 上午 10:38:47	傳送郵件到rurujion@jbjob.com.tw()	
2011/2/1 上午 10:48:48	傳送郵件到cjs@jbjob.com.tw()	
2011/2/1 上午 11:03:48	傳送郵件到clinton@jbjob.com.tw()	
2011/2/1 上午 11:18:49	傳送郵件到Lee@jbjob.com.tw()	
2011/2/1 上午 11:33:50	傳送郵件到richard@jbjob.com.tw()	
2011/2/1 下午 12:28:52	傳送郵件到Amy@jbjob.com.tw()	
2011/2/1 下午 12:38:53	傳送郵件到Paul@jbjob.com.tw()	
2011/2/1 下午 12:48:54	傳送郵件到cjs@jbjob.com.tw()	
2011/2/1 下午 01:18:54	傳送郵件到Grace@jbjob.com.tw()	
2011/2/1 下午 01:43:55	傳送郵件到Tina@jbjob.com.tw()	
2011/2/1 下午 01:58:56	傳送郵件到Lee@jbjob.com.tw()	
2011/2/1 下午 02:28:57	傳送郵件到Amy@jbjob.com.tw()	
2011/2/1 下午 02:38:58	傳送郵件到Paul@jbjob.com.tw()	
2011/2/1 下午 03:18:58	傳送郵件到Grace@jbjob.com.tw()	
2011/2/1 下午 03:43:59	傳送郵件到Tina@jbjob.com.tw()	
2011/2/1 下午 03:59:00	傳送郵件到Lee@jbjob.com.tw()	
2011/2/1 下午 04:39:01	傳送郵件到clinton@jbjob.com.tw()	
2011/2/1 下午 04:39:02	傳送郵件到Paul@jbjob.com.tw()	
2011/2/1 下午 04:54:02	傳送郵件到jju@jbjob.com.tw()	
2011/2/1 下午 05:19:03	傳送郵件到Grace@jbjob.com.tw()	
2011/2/1 下午 05:29:04	傳送郵件到rita@jbjob.com.tw()	
2011/2/1 下午 05:44:04	傳送郵件到Tina@jbjob.com.tw()	
2011/2/1 下午 05:59:07	傳送郵件到Lee@jbjob.com.tw()	
2011/2/1 下午 06:39:07	傳送郵件到clinton@jbjob.com.tw()	
2011/2/1 下午 06:54:08	傳送郵件到jju@jbjob.com.tw()	
2011/2/1 下午 07:29:09	傳送郵件到rita@jbjob.com.tw()	
2011/2/1 下午 08:39:11	傳送郵件到clinton@jbjob.com.tw()	
2011/2/1 下午 08:54:12	傳送郵件到jju@jbjob.com.tw()	
2011/2/1 下午 09:29:13	傳送郵件到rita@jbjob.com.tw()	
