2012/2/3 上午 12:00:22	傳送郵件到richard@jbjob.com.tw()	
2012/2/3 上午 02:00:25	傳送郵件到richard@jbjob.com.tw()	
2012/2/3 上午 04:00:26	傳送郵件到richard@jbjob.com.tw()	
2012/2/3 上午 07:40:28	傳送郵件到Angel@jbjob.com.tw()	
2012/2/3 上午 09:00:30	傳送郵件到clinton@jbjob.com.tw()	
2012/2/3 上午 09:00:30	傳送郵件到Tiffany@jbjob.com.tw()	
2012/2/3 上午 09:20:31	傳送郵件到Paul@jbjob.com.tw()	
2012/2/3 上午 09:40:31	傳送郵件到Tina@jbjob.com.tw()	
2012/2/3 上午 09:40:32	傳送郵件到cjs@jbjob.com.tw()	
2012/2/3 上午 11:00:33	傳送郵件到clinton@jbjob.com.tw()	
2012/2/3 上午 11:20:34	傳送郵件到Angel@jbjob.com.tw()	
2012/2/3 下午 12:10:35	傳送郵件到Tina@jbjob.com.tw()	
2012/2/3 下午 02:00:36	傳送郵件到Grace@jbjob.com.tw()	
2012/2/3 下午 02:10:37	傳送郵件到Tina@jbjob.com.tw()	
2012/2/3 下午 03:30:39	傳送郵件到Angel@jbjob.com.tw()	
2012/2/3 下午 03:40:39	傳送郵件到Tiffany@jbjob.com.tw()	
2012/2/3 下午 04:00:40	傳送郵件到Grace@jbjob.com.tw()	
2012/2/3 下午 05:40:41	傳送郵件到Tiffany@jbjob.com.tw()	
2012/2/3 下午 06:00:41	傳送郵件到Grace@jbjob.com.tw()	
2012/2/3 下午 07:40:42	傳送郵件到Tiffany@jbjob.com.tw()	
2012/2/3 下午 11:20:44	傳送郵件到wilson@jbjob.com.tw()	
