2012/3/26 上午 08:47:09	傳送郵件到cjs@jbjob.com.tw()	
2012/3/26 上午 08:57:11	傳送郵件到rita@jbjob.com.tw()	
2012/3/26 上午 09:27:13	傳送郵件到clinton@jbjob.com.tw()	
2012/3/26 上午 10:27:14	傳送郵件到Paul@jbjob.com.tw()	
2012/3/26 上午 11:27:15	傳送郵件到clinton@jbjob.com.tw()	
2012/3/26 上午 11:37:15	傳送郵件到cjs@jbjob.com.tw()	
2012/3/26 下午 12:27:16	傳送郵件到Paul@jbjob.com.tw()	
2012/3/26 下午 12:27:16	傳送郵件到jju@jbjob.com.tw()	
2012/3/26 下午 01:07:17	傳送郵件到Angel@jbjob.com.tw()	
2012/3/26 下午 01:07:17	傳送郵件到richard@jbjob.com.tw()	
2012/3/26 下午 01:37:18	傳送郵件到cjs@jbjob.com.tw()	
2012/3/26 下午 01:47:19	傳送郵件到clinton@jbjob.com.tw()	
2012/3/26 下午 02:07:20	傳送郵件到kelly@jbjob.com.tw()	
2012/3/26 下午 02:27:21	傳送郵件到jju@jbjob.com.tw()	
2012/3/26 下午 03:07:22	傳送郵件到Angel@jbjob.com.tw()	
2012/3/26 下午 03:37:22	傳送郵件到cjs@jbjob.com.tw()	
2012/3/26 下午 03:47:26	傳送郵件到clinton@jbjob.com.tw()	
2012/3/26 下午 04:27:27	傳送郵件到jju@jbjob.com.tw()	
2012/3/26 下午 05:07:28	傳送郵件到Angel@jbjob.com.tw()	
2012/3/26 下午 05:27:29	傳送郵件到Paul@jbjob.com.tw()	
2012/3/26 下午 05:47:29	傳送郵件到clinton@jbjob.com.tw()	
2012/3/26 下午 05:57:30	傳送郵件到richard@jbjob.com.tw()	
