2011/6/14 上午 08:37:32	傳送郵件到Tina@jbjob.com.tw()	
2011/6/14 上午 08:57:32	傳送郵件到kelly@jbjob.com.tw()	
2011/6/14 上午 09:08:03	傳送郵件到jju@jbjob.com.tw()	
2011/6/14 上午 09:50:59	傳送郵件到daphne@jbjob.com.tw()	
2011/6/14 上午 10:58:05	傳送郵件到Tina@jbjob.com.tw()	
2011/6/14 上午 10:58:05	傳送郵件到kelly@jbjob.com.tw()	
2011/6/14 上午 11:08:06	傳送郵件到Tiffany@jbjob.com.tw()	
2011/6/14 上午 11:08:06	傳送郵件到jju@jbjob.com.tw()	
2011/6/14 上午 11:51:02	傳送郵件到daphne@jbjob.com.tw()	
2011/6/14 下午 12:58:10	傳送郵件到Tina@jbjob.com.tw()	
2011/6/14 下午 01:08:10	傳送郵件到Tiffany@jbjob.com.tw()	
2011/6/14 下午 01:08:11	傳送郵件到jju@jbjob.com.tw()	
2011/6/14 下午 01:08:11	傳送郵件到richard@jbjob.com.tw()	
2011/6/14 下午 01:28:12	傳送郵件到Alex@jbjob.com.tw()	
2011/6/14 下午 01:58:13	傳送郵件到cjs@jbjob.com.tw()	
2011/6/14 下午 03:08:14	傳送郵件到richard@jbjob.com.tw()	
2011/6/14 下午 03:38:15	傳送郵件到daphne@jbjob.com.tw()	
2011/6/14 下午 04:18:16	傳送郵件到Tina@jbjob.com.tw()	
2011/6/14 下午 04:21:04	傳送郵件到cjs@jbjob.com.tw()	
2011/6/14 下午 05:08:17	傳送郵件到richard@jbjob.com.tw()	
2011/6/14 下午 05:21:05	傳送郵件到Alex@jbjob.com.tw()	
