2010/10/18 上午 08:15:00	傳送郵件到Erwinuy@jbjob.com.tw()	
2010/10/18 上午 08:35:01	傳送郵件到rurujion@jbjob.com.tw()	
2010/10/18 上午 09:20:04	傳送郵件到Lee@jbjob.com.tw()	
2010/10/18 上午 09:55:06	傳送郵件到victor@jbjob.com.tw()	
2010/10/18 上午 10:15:06	傳送郵件到richard@jbjob.com.tw()	
2010/10/18 上午 10:15:07	傳送郵件到Erwinuy@jbjob.com.tw()	
2010/10/18 上午 11:05:08	傳送郵件到cjs@jbjob.com.tw()	
2010/10/18 上午 11:20:12	傳送郵件到Lee@jbjob.com.tw()	
2010/10/18 上午 11:55:13	傳送郵件到victor@jbjob.com.tw()	
2010/10/18 下午 12:15:14	傳送郵件到richard@jbjob.com.tw()	
2010/10/18 下午 12:15:15	傳送郵件到Erwinuy@jbjob.com.tw()	
2010/10/18 下午 01:08:11	傳送郵件到cjs@jbjob.com.tw()	
2010/10/18 下午 01:23:39	傳送郵件到Lee@jbjob.com.tw()	
2010/10/18 下午 01:58:47	傳送郵件到victor@jbjob.com.tw()	
2010/10/18 下午 02:08:47	傳送郵件到Paul@jbjob.com.tw()	
2010/10/18 下午 02:08:48	傳送郵件到Amy@jbjob.com.tw()	
2010/10/18 下午 02:18:48	傳送郵件到richard@jbjob.com.tw()	
2010/10/18 下午 03:08:50	傳送郵件到cjs@jbjob.com.tw()	
2010/10/18 下午 04:03:51	傳送郵件到jju@jbjob.com.tw()	
2010/10/18 下午 04:08:52	傳送郵件到Paul@jbjob.com.tw()	
2010/10/18 下午 04:48:53	傳送郵件到Lilian@jbjob.com.tw()	
2010/10/18 下午 05:33:53	傳送郵件到Grace@jbjob.com.tw()	
2010/10/18 下午 06:03:54	傳送郵件到jju@jbjob.com.tw()	
2010/10/18 下午 06:08:55	傳送郵件到Paul@jbjob.com.tw()	
2010/10/18 下午 06:48:56	傳送郵件到Lilian@jbjob.com.tw()	
2010/10/18 下午 08:03:57	傳送郵件到jju@jbjob.com.tw()	
2010/10/18 下午 08:48:58	傳送郵件到Lilian@jbjob.com.tw()	
