2011/4/6 上午 01:37:53	傳送郵件到Alex@jbjob.com.tw()	
2011/4/6 上午 01:47:53	傳送郵件到Peony@jbjob.com.tw()	
2011/4/6 上午 09:50:34	傳送郵件到wilson@jbjob.com.tw()	
2011/4/6 上午 09:55:37	傳送郵件到Tina@jbjob.com.tw()	
2011/4/6 上午 10:55:42	傳送郵件到Grace@jbjob.com.tw()	
2011/4/6 上午 11:50:48	傳送郵件到wilson@jbjob.com.tw()	
2011/4/6 上午 11:55:48	傳送郵件到Tina@jbjob.com.tw()	
2011/4/6 下午 12:18:03	傳送郵件到Amy@jbjob.com.tw()	
2011/4/6 下午 12:55:50	傳送郵件到Grace@jbjob.com.tw()	
2011/4/6 下午 01:53:04	傳送郵件到Tiffany@jbjob.com.tw()	
2011/4/6 下午 01:55:51	傳送郵件到Tina@jbjob.com.tw()	
2011/4/6 下午 02:18:05	傳送郵件到Amy@jbjob.com.tw()	
2011/4/6 下午 02:55:53	傳送郵件到Grace@jbjob.com.tw()	
2011/4/6 下午 03:35:54	傳送郵件到wilson@jbjob.com.tw()	
2011/4/6 下午 03:53:07	傳送郵件到Tiffany@jbjob.com.tw()	
2011/4/6 下午 04:10:55	傳送郵件到Alex@jbjob.com.tw()	
2011/4/6 下午 04:45:57	傳送郵件到daphne@jbjob.com.tw()	
2011/4/6 下午 04:45:57	傳送郵件到richard@jbjob.com.tw()	
2011/4/6 下午 05:35:59	傳送郵件到wilson@jbjob.com.tw()	
2011/4/6 下午 05:53:13	傳送郵件到Tiffany@jbjob.com.tw()	
2011/4/6 下午 06:11:01	傳送郵件到Alex@jbjob.com.tw()	
2011/4/6 下午 06:46:03	傳送郵件到richard@jbjob.com.tw()	
2011/4/6 下午 07:36:05	傳送郵件到wilson@jbjob.com.tw()	
2011/4/6 下午 08:16:06	傳送郵件到Alex@jbjob.com.tw()	
2011/4/6 下午 08:46:07	傳送郵件到richard@jbjob.com.tw()	
