2011/3/7 上午 01:43:46	傳送郵件到daphne@jbjob.com.tw()	
2011/3/7 上午 09:35:27	傳送郵件到Akai@jbjob.com.tw()	
2011/3/7 上午 09:36:03	傳送郵件到Alex@jbjob.com.tw()	
2011/3/7 上午 09:36:04	傳送郵件到Grace@jbjob.com.tw()	
2011/3/7 上午 09:36:08	傳送郵件到Tiffany@jbjob.com.tw()	
2011/3/7 上午 09:36:09	傳送郵件到daphne@jbjob.com.tw()	
2011/3/7 上午 09:36:11	傳送郵件到jju@jbjob.com.tw()	
2011/3/7 上午 09:51:15	傳送郵件到Amy@jbjob.com.tw()	
2011/3/7 上午 11:11:17	傳送郵件到cjs@jbjob.com.tw()	
2011/3/7 上午 11:36:19	傳送郵件到Grace@jbjob.com.tw()	
2011/3/7 上午 11:36:21	傳送郵件到daphne@jbjob.com.tw()	
2011/3/7 上午 11:36:22	傳送郵件到jju@jbjob.com.tw()	
2011/3/7 下午 12:01:23	傳送郵件到Paul@jbjob.com.tw()	
2011/3/7 下午 12:41:24	傳送郵件到Alex@jbjob.com.tw()	
2011/3/7 下午 12:46:26	傳送郵件到Tina@jbjob.com.tw()	
2011/3/7 下午 01:11:27	傳送郵件到clinton@jbjob.com.tw()	
2011/3/7 下午 01:21:28	傳送郵件到Tiffany@jbjob.com.tw()	
2011/3/7 下午 01:36:29	傳送郵件到Grace@jbjob.com.tw()	
2011/3/7 下午 01:36:29	傳送郵件到daphne@jbjob.com.tw()	
2011/3/7 下午 01:36:30	傳送郵件到jju@jbjob.com.tw()	
2011/3/7 下午 02:01:31	傳送郵件到Paul@jbjob.com.tw()	
2011/3/7 下午 02:46:32	傳送郵件到Tina@jbjob.com.tw()	
2011/3/7 下午 03:11:33	傳送郵件到clinton@jbjob.com.tw()	
2011/3/7 下午 03:21:37	傳送郵件到Tiffany@jbjob.com.tw()	
2011/3/7 下午 03:41:38	傳送郵件到Alex@jbjob.com.tw()	
2011/3/7 下午 04:01:38	傳送郵件到Paul@jbjob.com.tw()	
2011/3/7 下午 04:46:39	傳送郵件到Tina@jbjob.com.tw()	
2011/3/7 下午 05:21:40	傳送郵件到Tiffany@jbjob.com.tw()	
2011/3/7 下午 06:51:41	傳送郵件到clinton@jbjob.com.tw()	
2011/3/7 下午 07:46:42	傳送郵件到wilson@jbjob.com.tw()	
2011/3/7 下午 07:56:43	傳送郵件到Alex@jbjob.com.tw()	
2011/3/7 下午 08:51:44	傳送郵件到clinton@jbjob.com.tw()	
2011/3/7 下午 09:46:45	傳送郵件到wilson@jbjob.com.tw()	
2011/3/7 下午 09:56:45	傳送郵件到Alex@jbjob.com.tw()	
2011/3/7 下午 10:51:46	傳送郵件到clinton@jbjob.com.tw()	
2011/3/7 下午 11:46:47	傳送郵件到wilson@jbjob.com.tw()	
2011/3/7 下午 11:56:48	傳送郵件到Alex@jbjob.com.tw()	
