2011/12/14 上午 01:30:49	傳送郵件到richard@jbjob.com.tw()	
2011/12/14 上午 09:30:51	傳送郵件到kelly@jbjob.com.tw()	
2011/12/14 上午 10:10:52	傳送郵件到richard@jbjob.com.tw()	
2011/12/14 上午 10:50:53	傳送郵件到Tina@jbjob.com.tw()	
2011/12/14 上午 11:00:54	傳送郵件到Angel@jbjob.com.tw()	
2011/12/14 上午 11:30:54	傳送郵件到Jimmy@jbjob.com.tw()	
2011/12/14 下午 12:00:55	傳送郵件到kelly@jbjob.com.tw()	
2011/12/14 下午 12:10:56	傳送郵件到richard@jbjob.com.tw()	
2011/12/14 下午 12:20:56	傳送郵件到debbie@jbjob.com.tw()	
2011/12/14 下午 12:50:57	傳送郵件到Tina@jbjob.com.tw()	
2011/12/14 下午 01:20:57	傳送郵件到cjs@jbjob.com.tw()	
2011/12/14 下午 01:30:58	傳送郵件到Paul@jbjob.com.tw()	
2011/12/14 下午 01:30:58	傳送郵件到Jimmy@jbjob.com.tw()	
2011/12/14 下午 02:20:59	傳送郵件到debbie@jbjob.com.tw()	
2011/12/14 下午 02:20:59	傳送郵件到Angel@jbjob.com.tw()	
2011/12/14 下午 02:21:00	傳送郵件到kelly@jbjob.com.tw()	
2011/12/14 下午 02:51:00	傳送郵件到Tina@jbjob.com.tw()	
2011/12/14 下午 03:31:02	傳送郵件到Paul@jbjob.com.tw()	
2011/12/14 下午 03:31:03	傳送郵件到Jimmy@jbjob.com.tw()	
2011/12/14 下午 04:01:03	傳送郵件到richard@jbjob.com.tw()	
2011/12/14 下午 04:21:05	傳送郵件到debbie@jbjob.com.tw()	
2011/12/14 下午 04:31:05	傳送郵件到Angel@jbjob.com.tw()	
2011/12/14 下午 05:31:06	傳送郵件到Paul@jbjob.com.tw()	
2011/12/14 下午 06:21:07	傳送郵件到Grace@jbjob.com.tw()	
2011/12/14 下午 06:31:08	傳送郵件到Angel@jbjob.com.tw()	
2011/12/14 下午 06:51:08	傳送郵件到debbie@jbjob.com.tw()	
2011/12/14 下午 08:11:09	傳送郵件到vivian@jbjob.com.tw()	
2011/12/14 下午 08:21:09	傳送郵件到Grace@jbjob.com.tw()	
2011/12/14 下午 08:31:10	傳送郵件到Angel@jbjob.com.tw()	
2011/12/14 下午 10:11:11	傳送郵件到vivian@jbjob.com.tw()	
2011/12/14 下午 10:21:12	傳送郵件到Grace@jbjob.com.tw()	
