2011/10/26 上午 01:00:30	傳送郵件到Angel@jbjob.com.tw()	
2011/10/26 上午 08:40:33	傳送郵件到richard@jbjob.com.tw()	
2011/10/26 上午 09:00:33	傳送郵件到clinton@jbjob.com.tw()	
2011/10/26 上午 09:10:34	傳送郵件到cjs@jbjob.com.tw()	
2011/10/26 上午 09:50:34	傳送郵件到Paul@jbjob.com.tw()	
2011/10/26 上午 10:50:35	傳送郵件到Angel@jbjob.com.tw()	
2011/10/26 上午 11:00:35	傳送郵件到clinton@jbjob.com.tw()	
2011/10/26 上午 11:50:36	傳送郵件到Paul@jbjob.com.tw()	
2011/10/26 下午 01:00:37	傳送郵件到clinton@jbjob.com.tw()	
2011/10/26 下午 01:30:38	傳送郵件到Tiffany@jbjob.com.tw()	
2011/10/26 下午 01:30:38	傳送郵件到Angel@jbjob.com.tw()	
2011/10/26 下午 01:50:39	傳送郵件到Paul@jbjob.com.tw()	
2011/10/26 下午 02:10:39	傳送郵件到cjs@jbjob.com.tw()	
2011/10/26 下午 03:30:40	傳送郵件到Tiffany@jbjob.com.tw()	
2011/10/26 下午 03:50:43	傳送郵件到richard@jbjob.com.tw()	
2011/10/26 下午 04:50:53	傳送郵件到cjs@jbjob.com.tw()	
2011/10/26 下午 05:30:54	傳送郵件到Tiffany@jbjob.com.tw()	
2011/10/26 下午 05:50:57	傳送郵件到richard@jbjob.com.tw()	
2011/10/26 下午 06:50:58	傳送郵件到cjs@jbjob.com.tw()	
2011/10/26 下午 07:20:58	傳送郵件到Angel@jbjob.com.tw()	
2011/10/26 下午 07:50:59	傳送郵件到richard@jbjob.com.tw()	
2011/10/26 下午 09:21:02	傳送郵件到Angel@jbjob.com.tw()	
2011/10/26 下午 11:21:04	傳送郵件到Angel@jbjob.com.tw()	
2011/10/26 下午 11:51:04	傳送郵件到Tina@jbjob.com.tw()	
