2010/12/28 上午 12:10:38	傳送郵件到rita@jbjob.com.tw()	
2010/12/28 上午 02:10:41	傳送郵件到rita@jbjob.com.tw()	
2010/12/28 上午 10:45:52	傳送郵件到rurujion@jbjob.com.tw()	
2010/12/28 上午 11:50:54	傳送郵件到Tina@jbjob.com.tw()	
2010/12/28 下午 12:20:55	傳送郵件到Lee@jbjob.com.tw()	
2010/12/28 下午 12:50:56	傳送郵件到rurujion@jbjob.com.tw()	
2010/12/28 下午 01:50:58	傳送郵件到Tina@jbjob.com.tw()	
2010/12/28 下午 02:05:59	傳送郵件到cjs@jbjob.com.tw()	
2010/12/28 下午 02:51:00	傳送郵件到rita@jbjob.com.tw()	
2010/12/28 下午 02:51:01	傳送郵件到rurujion@jbjob.com.tw()	
2010/12/28 下午 03:46:02	傳送郵件到Lee@jbjob.com.tw()	
2010/12/28 下午 03:51:03	傳送郵件到Tina@jbjob.com.tw()	
2010/12/28 下午 04:51:05	傳送郵件到rita@jbjob.com.tw()	
2010/12/28 下午 04:51:06	傳送郵件到rurujion@jbjob.com.tw()	
2010/12/28 下午 04:51:06	傳送郵件到richard@jbjob.com.tw()	
2010/12/28 下午 05:46:08	傳送郵件到Lee@jbjob.com.tw()	
2010/12/28 下午 06:31:09	傳送郵件到Paul@jbjob.com.tw()	
2010/12/28 下午 06:51:10	傳送郵件到rita@jbjob.com.tw()	
2010/12/28 下午 08:31:12	傳送郵件到Paul@jbjob.com.tw()	
2010/12/28 下午 10:31:16	傳送郵件到Paul@jbjob.com.tw()	
