2012/1/11 上午 12:26:58	傳送郵件到Grace@jbjob.com.tw()	
2012/1/11 上午 08:07:00	傳送郵件到Angel@jbjob.com.tw()	
2012/1/11 上午 09:57:02	傳送郵件到Tina@jbjob.com.tw()	
2012/1/11 上午 10:07:02	傳送郵件到richard@jbjob.com.tw()	
2012/1/11 上午 10:27:03	傳送郵件到Jimmy@jbjob.com.tw()	
2012/1/11 上午 10:57:04	傳送郵件到Angel@jbjob.com.tw()	
2012/1/11 上午 11:57:06	傳送郵件到Tina@jbjob.com.tw()	
2012/1/11 下午 12:07:07	傳送郵件到cjs@jbjob.com.tw()	
2012/1/11 下午 12:27:07	傳送郵件到Jimmy@jbjob.com.tw()	
2012/1/11 下午 01:07:08	傳送郵件到kelly@jbjob.com.tw()	
2012/1/11 下午 01:57:10	傳送郵件到Tina@jbjob.com.tw()	
2012/1/11 下午 02:07:11	傳送郵件到cjs@jbjob.com.tw()	
2012/1/11 下午 02:07:11	傳送郵件到Angel@jbjob.com.tw()	
2012/1/11 下午 02:17:12	傳送郵件到richard@jbjob.com.tw()	
2012/1/11 下午 02:27:12	傳送郵件到Jimmy@jbjob.com.tw()	
2012/1/11 下午 03:17:16	傳送郵件到kelly@jbjob.com.tw()	
2012/1/11 下午 04:07:17	傳送郵件到cjs@jbjob.com.tw()	
2012/1/11 下午 04:07:17	傳送郵件到Angel@jbjob.com.tw()	
2012/1/11 下午 06:07:19	傳送郵件到Angel@jbjob.com.tw()	
2012/1/11 下午 06:27:19	傳送郵件到debbie@jbjob.com.tw()	
2012/1/11 下午 06:37:20	傳送郵件到richard@jbjob.com.tw()	
2012/1/11 下午 08:37:21	傳送郵件到richard@jbjob.com.tw()	
2012/1/11 下午 10:37:23	傳送郵件到richard@jbjob.com.tw()	
