2012/9/28 上午 12:21:27	傳送郵件到Tiffany@jbjob.com.tw()	
2012/9/28 上午 01:21:28	傳送郵件到Tina@jbjob.com.tw()	
2012/9/28 上午 05:21:30	傳送郵件到Tina@jbjob.com.tw()	
2012/9/28 上午 08:36:31	傳送郵件到Jessica@jbjob.com.tw()	
2012/9/28 上午 08:36:32	傳送郵件到kelly@jbjob.com.tw()	
2012/9/28 上午 08:51:32	傳送郵件到Angel@jbjob.com.tw()	
2012/9/28 上午 09:21:33	傳送郵件到richard@jbjob.com.tw()	
2012/9/28 上午 11:51:34	傳送郵件到rita@jbjob.com.tw()	
2012/9/28 下午 12:21:35	傳送郵件到clinton@jbjob.com.tw()	
2012/9/28 下午 01:06:36	傳送郵件到kelly@jbjob.com.tw()	
2012/9/28 下午 01:36:37	傳送郵件到richard@jbjob.com.tw()	
2012/9/28 下午 04:21:38	傳送郵件到rita@jbjob.com.tw()	
2012/9/28 下午 04:51:39	傳送郵件到Tina@jbjob.com.tw()	
2012/9/28 下午 05:21:39	傳送郵件到clinton@jbjob.com.tw()	
2012/9/28 下午 05:21:40	傳送郵件到Lilian@jbjob.com.tw()	
2012/9/28 下午 07:06:41	傳送郵件到Grace@jbjob.com.tw()	
2012/9/28 下午 07:21:41	傳送郵件到wilson@jbjob.com.tw()	
2012/9/28 下午 08:36:42	傳送郵件到Angel@jbjob.com.tw()	
2012/9/28 下午 08:51:43	傳送郵件到Tina@jbjob.com.tw()	
2012/9/28 下午 09:06:43	傳送郵件到Tiffany@jbjob.com.tw()	
2012/9/28 下午 09:21:43	傳送郵件到clinton@jbjob.com.tw()	
2012/9/28 下午 09:21:44	傳送郵件到Lilian@jbjob.com.tw()	
2012/9/28 下午 11:06:45	傳送郵件到Grace@jbjob.com.tw()	
2012/9/28 下午 11:21:45	傳送郵件到wilson@jbjob.com.tw()	
