2011/11/21 上午 08:09:08	傳送郵件到Grace@jbjob.com.tw()	
2011/11/21 上午 09:19:09	傳送郵件到Tina@jbjob.com.tw()	
2011/11/21 上午 09:37:49	傳送郵件到Grace@jbjob.com.tw()	
2011/11/21 上午 09:37:51	傳送郵件到clinton@jbjob.com.tw()	
2011/11/21 上午 09:37:51	傳送郵件到Tina@jbjob.com.tw()	
2011/11/21 上午 09:37:52	傳送郵件到Angel@jbjob.com.tw()	
2011/11/21 上午 09:37:52	傳送郵件到jju@jbjob.com.tw()	
2011/11/21 上午 10:07:53	傳送郵件到wilson@jbjob.com.tw()	
2011/11/21 上午 10:17:54	傳送郵件到richard@jbjob.com.tw()	
2011/11/21 上午 11:37:55	傳送郵件到clinton@jbjob.com.tw()	
2011/11/21 上午 11:37:55	傳送郵件到Angel@jbjob.com.tw()	
2011/11/21 上午 11:37:56	傳送郵件到jju@jbjob.com.tw()	
2011/11/21 上午 11:57:56	傳送郵件到Tina@jbjob.com.tw()	
2011/11/21 下午 12:07:57	傳送郵件到wilson@jbjob.com.tw()	
2011/11/21 下午 12:27:57	傳送郵件到rita@jbjob.com.tw()	
2011/11/21 下午 12:37:58	傳送郵件到richard@jbjob.com.tw()	
2011/11/21 下午 01:37:59	傳送郵件到jju@jbjob.com.tw()	
2011/11/21 下午 01:57:59	傳送郵件到Grace@jbjob.com.tw()	
2011/11/21 下午 01:58:00	傳送郵件到Tina@jbjob.com.tw()	
2011/11/21 下午 02:08:00	傳送郵件到wilson@jbjob.com.tw()	
2011/11/21 下午 02:28:01	傳送郵件到rita@jbjob.com.tw()	
2011/11/21 下午 03:08:02	傳送郵件到richard@jbjob.com.tw()	
2011/11/21 下午 03:38:03	傳送郵件到Angel@jbjob.com.tw()	
2011/11/21 下午 03:58:03	傳送郵件到Grace@jbjob.com.tw()	
2011/11/21 下午 03:58:04	傳送郵件到Tina@jbjob.com.tw()	
2011/11/21 下午 05:58:05	傳送郵件到Grace@jbjob.com.tw()	
2011/11/21 下午 06:39:13	傳送郵件到Angel@jbjob.com.tw()	
2011/11/21 下午 08:39:14	傳送郵件到Grace@jbjob.com.tw()	
2011/11/21 下午 08:39:14	傳送郵件到Angel@jbjob.com.tw()	
2011/11/21 下午 10:39:15	傳送郵件到Grace@jbjob.com.tw()	
2011/11/21 下午 10:39:15	傳送郵件到Angel@jbjob.com.tw()	
