2011/4/28 上午 08:27:39	傳送郵件到clinton@jbjob.com.tw()	
2011/4/28 上午 09:47:40	傳送郵件到cjs@jbjob.com.tw()	
2011/4/28 上午 09:57:58	傳送郵件到daphne@jbjob.com.tw()	
2011/4/28 上午 10:27:58	傳送郵件到Tiffany@jbjob.com.tw()	
2011/4/28 上午 11:18:00	傳送郵件到Alex@jbjob.com.tw()	
2011/4/28 上午 11:18:00	傳送郵件到rita@jbjob.com.tw()	
2011/4/28 下午 12:28:01	傳送郵件到Tiffany@jbjob.com.tw()	
2011/4/28 下午 12:48:03	傳送郵件到cjs@jbjob.com.tw()	
2011/4/28 下午 02:18:04	傳送郵件到richard@jbjob.com.tw()	
2011/4/28 下午 02:28:05	傳送郵件到Tiffany@jbjob.com.tw()	
2011/4/28 下午 02:38:06	傳送郵件到clinton@jbjob.com.tw()	
2011/4/28 下午 02:48:08	傳送郵件到cjs@jbjob.com.tw()	
2011/4/28 下午 03:38:09	傳送郵件到Tina@jbjob.com.tw()	
2011/4/28 下午 04:18:10	傳送郵件到Alex@jbjob.com.tw()	
2011/4/28 下午 04:48:11	傳送郵件到cjs@jbjob.com.tw()	
2011/4/28 下午 04:48:12	傳送郵件到Amy@jbjob.com.tw()	
2011/4/28 下午 05:38:13	傳送郵件到jju@jbjob.com.tw()	
2011/4/28 下午 06:48:14	傳送郵件到Amy@jbjob.com.tw()	
2011/4/28 下午 07:38:14	傳送郵件到jju@jbjob.com.tw()	
2011/4/28 下午 09:38:15	傳送郵件到jju@jbjob.com.tw()	
2011/4/28 下午 10:28:16	傳送郵件到wilson@jbjob.com.tw()	
