2012/1/30 上午 08:08:54	傳送郵件到Grace@jbjob.com.tw()	
2012/1/30 上午 09:28:56	傳送郵件到jju@jbjob.com.tw()	
2012/1/30 上午 09:28:58	傳送郵件到jackieliu@jbjob.com.tw()	
2012/1/30 上午 10:17:50	傳送郵件到Grace@jbjob.com.tw()	
2012/1/30 上午 10:47:51	傳送郵件到Angel@jbjob.com.tw()	
2012/1/30 上午 11:27:53	傳送郵件到Tina@jbjob.com.tw()	
2012/1/30 上午 11:37:54	傳送郵件到jju@jbjob.com.tw()	
2012/1/30 下午 12:07:54	傳送郵件到richard@jbjob.com.tw()	
2012/1/30 下午 12:17:55	傳送郵件到Grace@jbjob.com.tw()	
2012/1/30 下午 12:47:56	傳送郵件到Angel@jbjob.com.tw()	
2012/1/30 下午 01:27:57	傳送郵件到Tina@jbjob.com.tw()	
2012/1/30 下午 01:37:57	傳送郵件到jju@jbjob.com.tw()	
2012/1/30 下午 02:27:58	傳送郵件到kelly@jbjob.com.tw()	
2012/1/30 下午 02:48:01	傳送郵件到Angel@jbjob.com.tw()	
2012/1/30 下午 03:18:02	傳送郵件到Paul@jbjob.com.tw()	
2012/1/30 下午 03:28:03	傳送郵件到Tina@jbjob.com.tw()	
2012/1/30 下午 03:48:04	傳送郵件到richard@jbjob.com.tw()	
2012/1/30 下午 04:48:06	傳送郵件到wilson@jbjob.com.tw()	
2012/1/30 下午 05:18:06	傳送郵件到Paul@jbjob.com.tw()	
2012/1/30 下午 06:08:07	傳送郵件到richard@jbjob.com.tw()	
2012/1/30 下午 06:48:08	傳送郵件到Angel@jbjob.com.tw()	
2012/1/30 下午 08:08:09	傳送郵件到richard@jbjob.com.tw()	
2012/1/30 下午 08:48:10	傳送郵件到Angel@jbjob.com.tw()	
2012/1/30 下午 10:08:11	傳送郵件到richard@jbjob.com.tw()	
2012/1/30 下午 10:48:21	傳送郵件到Angel@jbjob.com.tw()	
