2012/10/1 上午 12:07:04	傳送郵件到Angel@jbjob.com.tw()	
2012/10/1 上午 04:07:06	傳送郵件到Angel@jbjob.com.tw()	
2012/10/1 上午 08:22:09	傳送郵件到kelly@jbjob.com.tw()	
2012/10/1 上午 09:37:11	傳送郵件到clinton@jbjob.com.tw()	
2012/10/1 上午 09:52:11	傳送郵件到Paul@jbjob.com.tw()	
2012/10/1 上午 10:07:12	傳送郵件到cjs@jbjob.com.tw()	
2012/10/1 下午 12:07:16	傳送郵件到Angel@jbjob.com.tw()	
2012/10/1 下午 12:37:17	傳送郵件到kelly@jbjob.com.tw()	
2012/10/1 下午 01:52:18	傳送郵件到wilson@jbjob.com.tw()	
2012/10/1 下午 02:52:31	傳送郵件到Jimmy@jbjob.com.tw()	
2012/10/1 下午 03:37:32	傳送郵件到Tina@jbjob.com.tw()	
2012/10/1 下午 04:07:32	傳送郵件到Angel@jbjob.com.tw()	
2012/10/1 下午 04:37:34	傳送郵件到Paul@jbjob.com.tw()	
2012/10/1 下午 05:07:34	傳送郵件到cjs@jbjob.com.tw()	
2012/10/1 下午 05:52:35	傳送郵件到wilson@jbjob.com.tw()	
2012/10/1 下午 07:37:36	傳送郵件到Tina@jbjob.com.tw()	
2012/10/1 下午 08:37:37	傳送郵件到Paul@jbjob.com.tw()	
2012/10/1 下午 09:22:38	傳送郵件到cjs@jbjob.com.tw()	
2012/10/1 下午 09:52:38	傳送郵件到wilson@jbjob.com.tw()	
2012/10/1 下午 11:37:39	傳送郵件到Tina@jbjob.com.tw()	
2012/10/1 下午 11:37:39	傳送郵件到Angel@jbjob.com.tw()	
