2012/1/6 上午 12:27:45	傳送郵件到Tina@jbjob.com.tw()	
2012/1/6 上午 09:07:48	傳送郵件到rita@jbjob.com.tw()	
2012/1/6 上午 09:07:49	傳送郵件到Angel@jbjob.com.tw()	
2012/1/6 上午 09:17:50	傳送郵件到richard@jbjob.com.tw()	
2012/1/6 上午 10:57:51	傳送郵件到debbie@jbjob.com.tw()	
2012/1/6 上午 11:07:53	傳送郵件到rita@jbjob.com.tw()	
2012/1/6 上午 11:07:54	傳送郵件到Angel@jbjob.com.tw()	
2012/1/6 下午 12:57:54	傳送郵件到debbie@jbjob.com.tw()	
2012/1/6 下午 01:17:55	傳送郵件到Paul@jbjob.com.tw()	
2012/1/6 下午 01:27:55	傳送郵件到kelly@jbjob.com.tw()	
2012/1/6 下午 01:37:56	傳送郵件到Angel@jbjob.com.tw()	
2012/1/6 下午 01:47:56	傳送郵件到Tina@jbjob.com.tw()	
2012/1/6 下午 02:27:57	傳送郵件到cjs@jbjob.com.tw()	
2012/1/6 下午 02:57:58	傳送郵件到debbie@jbjob.com.tw()	
2012/1/6 下午 03:07:59	傳送郵件到clinton@jbjob.com.tw()	
2012/1/6 下午 03:17:59	傳送郵件到Paul@jbjob.com.tw()	
2012/1/6 下午 03:38:00	傳送郵件到Angel@jbjob.com.tw()	
2012/1/6 下午 03:48:00	傳送郵件到Tina@jbjob.com.tw()	
2012/1/6 下午 05:18:02	傳送郵件到Paul@jbjob.com.tw()	
2012/1/6 下午 05:38:02	傳送郵件到Angel@jbjob.com.tw()	
2012/1/6 下午 05:38:02	傳送郵件到doris@jbjob.com.tw()	
2012/1/6 下午 07:38:04	傳送郵件到doris@jbjob.com.tw()	
2012/1/6 下午 09:38:05	傳送郵件到doris@jbjob.com.tw()	
