2011/10/27 上午 01:51:05	傳送郵件到Tina@jbjob.com.tw()	
2011/10/27 上午 03:51:06	傳送郵件到Tina@jbjob.com.tw()	
2011/10/27 上午 09:01:08	傳送郵件到Tiffany@jbjob.com.tw()	
2011/10/27 上午 11:01:10	傳送郵件到rita@jbjob.com.tw()	
2011/10/27 上午 11:01:11	傳送郵件到Tiffany@jbjob.com.tw()	
2011/10/27 下午 12:21:12	傳送郵件到richard@jbjob.com.tw()	
2011/10/27 下午 01:01:12	傳送郵件到rita@jbjob.com.tw()	
2011/10/27 下午 01:01:12	傳送郵件到Tiffany@jbjob.com.tw()	
2011/10/27 下午 01:51:15	傳送郵件到clinton@jbjob.com.tw()	
2011/10/27 下午 02:31:16	傳送郵件到Angel@jbjob.com.tw()	
2011/10/27 下午 02:51:16	傳送郵件到cjs@jbjob.com.tw()	
2011/10/27 下午 03:11:17	傳送郵件到richard@jbjob.com.tw()	
2011/10/27 下午 03:51:17	傳送郵件到clinton@jbjob.com.tw()	
2011/10/27 下午 04:31:18	傳送郵件到Tina@jbjob.com.tw()	
2011/10/27 下午 05:51:19	傳送郵件到clinton@jbjob.com.tw()	
2011/10/27 下午 06:11:20	傳送郵件到richard@jbjob.com.tw()	
2011/10/27 下午 07:21:21	傳送郵件到Tina@jbjob.com.tw()	
2011/10/27 下午 08:11:22	傳送郵件到richard@jbjob.com.tw()	
2011/10/27 下午 09:21:23	傳送郵件到Tina@jbjob.com.tw()	
2011/10/27 下午 10:11:23	傳送郵件到richard@jbjob.com.tw()	
