2012/3/27 上午 12:07:34	傳送郵件到Tina@jbjob.com.tw()	
2012/3/27 上午 02:07:35	傳送郵件到Tina@jbjob.com.tw()	
2012/3/27 上午 04:07:36	傳送郵件到Tina@jbjob.com.tw()	
2012/3/27 上午 08:27:39	傳送郵件到richard@jbjob.com.tw()	
2012/3/27 上午 11:07:41	傳送郵件到clinton@jbjob.com.tw()	
2012/3/27 上午 11:17:41	傳送郵件到cjs@jbjob.com.tw()	
2012/3/27 下午 12:57:42	傳送郵件到Tina@jbjob.com.tw()	
2012/3/27 下午 01:57:43	傳送郵件到jju@jbjob.com.tw()	
2012/3/27 下午 02:57:44	傳送郵件到Tina@jbjob.com.tw()	
2012/3/27 下午 03:37:44	傳送郵件到richard@jbjob.com.tw()	
2012/3/27 下午 03:47:45	傳送郵件到cjs@jbjob.com.tw()	
2012/3/27 下午 03:57:45	傳送郵件到jju@jbjob.com.tw()	
2012/3/27 下午 04:57:46	傳送郵件到Tina@jbjob.com.tw()	
2012/3/27 下午 05:37:47	傳送郵件到kelly@jbjob.com.tw()	
2012/3/27 下午 05:47:48	傳送郵件到cjs@jbjob.com.tw()	
2012/3/27 下午 05:47:49	傳送郵件到richard@jbjob.com.tw()	
2012/3/27 下午 05:57:49	傳送郵件到jju@jbjob.com.tw()	
2012/3/27 下午 07:38:08	傳送郵件到kelly@jbjob.com.tw()	
2012/3/27 下午 07:48:08	傳送郵件到cjs@jbjob.com.tw()	
2012/3/27 下午 07:48:09	傳送郵件到Tiffany@jbjob.com.tw()	
2012/3/27 下午 07:48:10	傳送郵件到richard@jbjob.com.tw()	
2012/3/27 下午 09:38:11	傳送郵件到kelly@jbjob.com.tw()	
2012/3/27 下午 09:48:12	傳送郵件到Tiffany@jbjob.com.tw()	
2012/3/27 下午 09:48:13	傳送郵件到richard@jbjob.com.tw()	
2012/3/27 下午 10:38:14	傳送郵件到Angel@jbjob.com.tw()	
2012/3/27 下午 11:48:15	傳送郵件到Tiffany@jbjob.com.tw()	
