2012/3/22 上午 01:05:31	傳送郵件到richard@jbjob.com.tw()	
2012/3/22 上午 03:05:33	傳送郵件到richard@jbjob.com.tw()	
2012/3/22 上午 08:05:36	傳送郵件到Angel@jbjob.com.tw()	
2012/3/22 上午 10:35:38	傳送郵件到Tina@jbjob.com.tw()	
2012/3/22 上午 10:45:38	傳送郵件到Paul@jbjob.com.tw()	
2012/3/22 上午 10:55:39	傳送郵件到Angel@jbjob.com.tw()	
2012/3/22 下午 12:35:40	傳送郵件到Tina@jbjob.com.tw()	
2012/3/22 下午 12:45:40	傳送郵件到Paul@jbjob.com.tw()	
2012/3/22 下午 12:45:41	傳送郵件到jju@jbjob.com.tw()	
2012/3/22 下午 01:05:41	傳送郵件到kelly@jbjob.com.tw()	
2012/3/22 下午 02:05:42	傳送郵件到clinton@jbjob.com.tw()	
2012/3/22 下午 02:35:42	傳送郵件到Tina@jbjob.com.tw()	
2012/3/22 下午 02:35:43	傳送郵件到richard@jbjob.com.tw()	
2012/3/22 下午 02:45:43	傳送郵件到Paul@jbjob.com.tw()	
2012/3/22 下午 02:45:44	傳送郵件到jju@jbjob.com.tw()	
2012/3/22 下午 03:05:44	傳送郵件到kelly@jbjob.com.tw()	
2012/3/22 下午 03:35:45	傳送郵件到Angel@jbjob.com.tw()	
2012/3/22 下午 04:05:46	傳送郵件到clinton@jbjob.com.tw()	
2012/3/22 下午 04:45:46	傳送郵件到jju@jbjob.com.tw()	
2012/3/22 下午 05:05:47	傳送郵件到kelly@jbjob.com.tw()	
2012/3/22 下午 05:45:48	傳送郵件到Angel@jbjob.com.tw()	
2012/3/22 下午 06:05:48	傳送郵件到clinton@jbjob.com.tw()	
2012/3/22 下午 06:55:49	傳送郵件到Tiffany@jbjob.com.tw()	
2012/3/22 下午 07:45:51	傳送郵件到Angel@jbjob.com.tw()	
2012/3/22 下午 08:55:52	傳送郵件到Tiffany@jbjob.com.tw()	
2012/3/22 下午 09:45:53	傳送郵件到Angel@jbjob.com.tw()	
2012/3/22 下午 10:55:53	傳送郵件到Tiffany@jbjob.com.tw()	
