2011/2/8 上午 09:36:09	傳送郵件到victor@jbjob.com.tw()	
2011/2/8 上午 09:51:11	傳送郵件到clinton@jbjob.com.tw()	
2011/2/8 上午 11:36:12	傳送郵件到victor@jbjob.com.tw()	
2011/2/8 下午 12:11:13	傳送郵件到Amy@jbjob.com.tw()	
2011/2/8 下午 01:36:14	傳送郵件到victor@jbjob.com.tw()	
2011/2/8 下午 01:46:15	傳送郵件到daphne@jbjob.com.tw()	
2011/2/8 下午 01:46:15	傳送郵件到richard@jbjob.com.tw()	
2011/2/8 下午 01:56:17	傳送郵件到Paul@jbjob.com.tw()	
2011/2/8 下午 02:11:19	傳送郵件到Amy@jbjob.com.tw()	
2011/2/8 下午 02:36:19	傳送郵件到clinton@jbjob.com.tw()	
2011/2/8 下午 03:46:20	傳送郵件到Tina@jbjob.com.tw()	
2011/2/8 下午 03:56:21	傳送郵件到Paul@jbjob.com.tw()	
2011/2/8 下午 04:11:21	傳送郵件到Amy@jbjob.com.tw()	
2011/2/8 下午 04:36:23	傳送郵件到clinton@jbjob.com.tw()	
2011/2/8 下午 04:56:23	傳送郵件到Grace@jbjob.com.tw()	
2011/2/8 下午 05:31:26	傳送郵件到Tiffany@jbjob.com.tw()	
2011/2/8 下午 05:46:26	傳送郵件到Tina@jbjob.com.tw()	
2011/2/8 下午 06:36:27	傳送郵件到clinton@jbjob.com.tw()	
2011/2/8 下午 06:56:28	傳送郵件到Grace@jbjob.com.tw()	
2011/2/8 下午 07:46:29	傳送郵件到Tina@jbjob.com.tw()	
2011/2/8 下午 08:41:31	傳送郵件到clinton@jbjob.com.tw()	
2011/2/8 下午 08:56:32	傳送郵件到Grace@jbjob.com.tw()	
2011/2/8 下午 09:56:33	傳送郵件到wilson@jbjob.com.tw()	
2011/2/8 下午 10:41:34	傳送郵件到clinton@jbjob.com.tw()	
2011/2/8 下午 11:56:39	傳送郵件到wilson@jbjob.com.tw()	
