2011/10/28 上午 09:01:27	傳送郵件到Tina@jbjob.com.tw()	
2011/10/28 上午 09:11:31	傳送郵件到cjs@jbjob.com.tw()	
2011/10/28 上午 10:11:32	傳送郵件到clinton@jbjob.com.tw()	
2011/10/28 上午 10:11:32	傳送郵件到Angel@jbjob.com.tw()	
2011/10/28 上午 10:31:33	傳送郵件到richard@jbjob.com.tw()	
2011/10/28 上午 11:01:34	傳送郵件到Tina@jbjob.com.tw()	
2011/10/28 上午 11:11:35	傳送郵件到jju@jbjob.com.tw()	
2011/10/28 上午 11:31:37	傳送郵件到Tiffany@jbjob.com.tw()	
2011/10/28 下午 01:11:38	傳送郵件到jju@jbjob.com.tw()	
2011/10/28 下午 01:31:39	傳送郵件到Tiffany@jbjob.com.tw()	
2011/10/28 下午 01:41:39	傳送郵件到Tina@jbjob.com.tw()	
2011/10/28 下午 02:21:40	傳送郵件到richard@jbjob.com.tw()	
2011/10/28 下午 02:31:41	傳送郵件到Angel@jbjob.com.tw()	
2011/10/28 下午 03:11:42	傳送郵件到jju@jbjob.com.tw()	
2011/10/28 下午 03:31:42	傳送郵件到Tiffany@jbjob.com.tw()	
2011/10/28 下午 03:41:43	傳送郵件到Tina@jbjob.com.tw()	
2011/10/28 下午 04:31:43	傳送郵件到Angel@jbjob.com.tw()	
2011/10/28 下午 05:41:45	傳送郵件到Tina@jbjob.com.tw()	
2011/10/28 下午 06:11:45	傳送郵件到richard@jbjob.com.tw()	
2011/10/28 下午 08:11:47	傳送郵件到richard@jbjob.com.tw()	
2011/10/28 下午 10:11:48	傳送郵件到richard@jbjob.com.tw()	
