2011/10/31 上午 08:42:10	傳送郵件到clinton@jbjob.com.tw()	
2011/10/31 上午 09:22:11	傳送郵件到Tina@jbjob.com.tw()	
2011/10/31 上午 09:22:11	傳送郵件到wilson@jbjob.com.tw()	
2011/10/31 上午 10:12:12	傳送郵件到richard@jbjob.com.tw()	
2011/10/31 上午 10:42:13	傳送郵件到clinton@jbjob.com.tw()	
2011/10/31 上午 11:02:14	傳送郵件到cjs@jbjob.com.tw()	
2011/10/31 上午 11:22:15	傳送郵件到wilson@jbjob.com.tw()	
2011/10/31 上午 11:52:19	傳送郵件到Tina@jbjob.com.tw()	
2011/10/31 下午 12:12:20	傳送郵件到richard@jbjob.com.tw()	
2011/10/31 下午 12:42:20	傳送郵件到clinton@jbjob.com.tw()	
2011/10/31 下午 12:52:22	傳送郵件到rita@jbjob.com.tw()	
2011/10/31 下午 01:12:22	傳送郵件到Angel@jbjob.com.tw()	
2011/10/31 下午 01:22:23	傳送郵件到wilson@jbjob.com.tw()	
2011/10/31 下午 01:52:24	傳送郵件到Tina@jbjob.com.tw()	
2011/10/31 下午 02:12:24	傳送郵件到richard@jbjob.com.tw()	
2011/10/31 下午 03:12:26	傳送郵件到Angel@jbjob.com.tw()	
2011/10/31 下午 03:52:27	傳送郵件到Tina@jbjob.com.tw()	
2011/10/31 下午 05:12:28	傳送郵件到Angel@jbjob.com.tw()	
2011/10/31 下午 05:22:28	傳送郵件到richard@jbjob.com.tw()	
2011/10/31 下午 05:52:29	傳送郵件到Tiffany@jbjob.com.tw()	
2011/10/31 下午 07:22:30	傳送郵件到richard@jbjob.com.tw()	
2011/10/31 下午 09:22:32	傳送郵件到richard@jbjob.com.tw()	
2011/10/31 下午 11:02:33	傳送郵件到Angel@jbjob.com.tw()	
2011/10/31 下午 11:02:33	傳送郵件到wilson@jbjob.com.tw()	
