2011/2/25 上午 12:50:23	傳送郵件到rita@jbjob.com.tw()	
2011/2/25 上午 01:20:24	傳送郵件到clinton@jbjob.com.tw()	
2011/2/25 上午 02:50:26	傳送郵件到rita@jbjob.com.tw()	
2011/2/25 上午 03:20:26	傳送郵件到clinton@jbjob.com.tw()	
2011/2/25 上午 04:50:28	傳送郵件到rita@jbjob.com.tw()	
2011/2/25 上午 05:20:29	傳送郵件到clinton@jbjob.com.tw()	
2011/2/25 上午 09:55:33	傳送郵件到Amy@jbjob.com.tw()	
2011/2/25 上午 11:55:35	傳送郵件到Amy@jbjob.com.tw()	
2011/2/25 下午 12:05:36	傳送郵件到Lee@jbjob.com.tw()	
2011/2/25 下午 01:20:37	傳送郵件到clinton@jbjob.com.tw()	
2011/2/25 下午 01:20:38	傳送郵件到Sandy@jbjob.com.tw()	
2011/2/25 下午 02:05:39	傳送郵件到Amy@jbjob.com.tw()	
2011/2/25 下午 02:05:39	傳送郵件到Lee@jbjob.com.tw()	
2011/2/25 下午 03:20:41	傳送郵件到Tina@jbjob.com.tw()	
2011/2/25 下午 03:20:41	傳送郵件到Sandy@jbjob.com.tw()	
2011/2/25 下午 03:20:41	傳送郵件到rurujion@jbjob.com.tw()	
2011/2/25 下午 03:20:42	傳送郵件到richard@jbjob.com.tw()	
2011/2/25 下午 04:05:45	傳送郵件到Amy@jbjob.com.tw()	
2011/2/25 下午 04:25:47	傳送郵件到cjs@jbjob.com.tw()	
2011/2/25 下午 05:20:49	傳送郵件到Tina@jbjob.com.tw()	
2011/2/25 下午 05:25:50	傳送郵件到clinton@jbjob.com.tw()	
2011/2/25 下午 05:30:51	傳送郵件到rurujion@jbjob.com.tw()	
2011/2/25 下午 06:05:52	傳送郵件到Amy@jbjob.com.tw()	
2011/2/25 下午 07:20:54	傳送郵件到Tina@jbjob.com.tw()	
2011/2/25 下午 07:25:54	傳送郵件到clinton@jbjob.com.tw()	
