2010/9/2 上午 08:35:05	傳送郵件到rurujion@jbjob.com.tw(徐玉如)	
2010/9/2 上午 09:20:06	傳送郵件到clinton@jbjob.com.tw(陳欽碧)	
2010/9/2 上午 11:20:08	傳送郵件到clinton@jbjob.com.tw(陳欽碧)	
2010/9/2 上午 11:55:09	傳送郵件到doris@jbjob.com.tw(王姿貽)	
2010/9/2 下午 12:48:23	傳送郵件到cjs@jbjob.com.tw(程進昇)	
2010/9/2 下午 01:20:11	傳送郵件到clinton@jbjob.com.tw(陳欽碧)	
2010/9/2 下午 01:55:12	傳送郵件到doris@jbjob.com.tw(王姿貽)	
2010/9/2 下午 01:58:25	傳送郵件到Tina@jbjob.com.tw(夏玉萍)	
2010/9/2 下午 02:48:26	傳送郵件到cjs@jbjob.com.tw(程進昇)	
2010/9/2 下午 02:53:26	傳送郵件到Lee@jbjob.com.tw(李素英)	
2010/9/2 下午 03:55:15	傳送郵件到doris@jbjob.com.tw(王姿貽)	
2010/9/2 下午 03:58:28	傳送郵件到Tina@jbjob.com.tw(夏玉萍)	
2010/9/2 下午 05:58:30	傳送郵件到Tina@jbjob.com.tw(夏玉萍)	
2010/9/2 下午 06:00:17	傳送郵件到Amy@jbjob.com.tw(許月英)	
2010/9/2 下午 06:13:31	傳送郵件到richard@jbjob.com.tw(高景星)	
2010/9/2 下午 06:38:31	傳送郵件到Lee@jbjob.com.tw(李素英)	
2010/9/2 下午 08:00:20	傳送郵件到Amy@jbjob.com.tw(許月英)	
2010/9/2 下午 08:13:34	傳送郵件到richard@jbjob.com.tw(高景星)	
2010/9/2 下午 08:38:35	傳送郵件到clinton@jbjob.com.tw(陳欽碧)	
2010/9/2 下午 08:38:35	傳送郵件到Lee@jbjob.com.tw(李素英)	
2010/9/2 下午 10:00:22	傳送郵件到Amy@jbjob.com.tw(許月英)	
2010/9/2 下午 10:13:37	傳送郵件到richard@jbjob.com.tw(高景星)	
2010/9/2 下午 10:38:38	傳送郵件到clinton@jbjob.com.tw(陳欽碧)	
2010/9/2 下午 10:38:38	傳送郵件到Lee@jbjob.com.tw(李素英)	
