2011/1/21 上午 12:08:15	傳送郵件到rita@jbjob.com.tw()	
2011/1/21 上午 02:08:19	傳送郵件到rita@jbjob.com.tw()	
2011/1/21 上午 08:53:29	傳送郵件到Lee@jbjob.com.tw()	
2011/1/21 上午 09:18:30	傳送郵件到Sandy@jbjob.com.tw()	
2011/1/21 上午 10:08:32	傳送郵件到victor@jbjob.com.tw()	
2011/1/21 上午 10:53:33	傳送郵件到Lee@jbjob.com.tw()	
2011/1/21 上午 10:58:34	傳送郵件到Amy@jbjob.com.tw()	
2011/1/21 上午 11:18:35	傳送郵件到Sandy@jbjob.com.tw()	
2011/1/21 下午 02:10:03	傳送郵件到victor@jbjob.com.tw()	
2011/1/21 下午 02:15:04	傳送郵件到richard@jbjob.com.tw()	
2011/1/21 下午 03:20:07	傳送郵件到rurujion@jbjob.com.tw()	
2011/1/21 下午 03:55:08	傳送郵件到Lee@jbjob.com.tw()	
2011/1/21 下午 05:20:10	傳送郵件到rurujion@jbjob.com.tw()	
2011/1/21 下午 05:55:11	傳送郵件到Lee@jbjob.com.tw()	
2011/1/21 下午 06:00:12	傳送郵件到richard@jbjob.com.tw()	
2011/1/21 下午 07:00:13	傳送郵件到daphne@jbjob.com.tw()	
2011/1/21 下午 07:25:14	傳送郵件到Amy@jbjob.com.tw()	
2011/1/21 下午 07:55:15	傳送郵件到Lee@jbjob.com.tw()	
2011/1/21 下午 07:55:16	傳送郵件到rurujion@jbjob.com.tw()	
2011/1/21 下午 08:00:16	傳送郵件到richard@jbjob.com.tw()	
2011/1/21 下午 09:05:17	傳送郵件到Tina@jbjob.com.tw()	
2011/1/21 下午 09:25:18	傳送郵件到Amy@jbjob.com.tw()	
2011/1/21 下午 09:55:19	傳送郵件到rurujion@jbjob.com.tw()	
2011/1/21 下午 10:00:20	傳送郵件到richard@jbjob.com.tw()	
2011/1/21 下午 11:05:20	傳送郵件到Tina@jbjob.com.tw()	
2011/1/21 下午 11:25:21	傳送郵件到Amy@jbjob.com.tw()	
2011/1/21 下午 11:55:22	傳送郵件到rurujion@jbjob.com.tw()	
