2011/8/15 上午 08:26:35	傳送郵件到Alex@jbjob.com.tw()	
2011/8/15 上午 08:46:36	傳送郵件到clinton@jbjob.com.tw()	
2011/8/15 上午 11:36:38	傳送郵件到Tina@jbjob.com.tw()	
2011/8/15 上午 11:46:39	傳送郵件到jju@jbjob.com.tw()	
2011/8/15 下午 01:36:41	傳送郵件到Tina@jbjob.com.tw()	
2011/8/15 下午 01:46:41	傳送郵件到jju@jbjob.com.tw()	
2011/8/15 下午 01:56:42	傳送郵件到Alex@jbjob.com.tw()	
2011/8/15 下午 02:46:44	傳送郵件到Jimmy@jbjob.com.tw()	
2011/8/15 下午 02:56:44	傳送郵件到Paul@jbjob.com.tw()	
2011/8/15 下午 02:56:45	傳送郵件到Amy@jbjob.com.tw()	
2011/8/15 下午 03:46:50	傳送郵件到jju@jbjob.com.tw()	
2011/8/15 下午 04:46:52	傳送郵件到Jimmy@jbjob.com.tw()	
2011/8/15 下午 04:56:53	傳送郵件到Paul@jbjob.com.tw()	
2011/8/15 下午 04:56:54	傳送郵件到Amy@jbjob.com.tw()	
2011/8/15 下午 05:26:56	傳送郵件到Tina@jbjob.com.tw()	
2011/8/15 下午 05:47:00	傳送郵件到Alex@jbjob.com.tw()	
2011/8/15 下午 06:07:02	傳送郵件到richard@jbjob.com.tw()	
2011/8/15 下午 06:47:05	傳送郵件到Jimmy@jbjob.com.tw()	
2011/8/15 下午 06:57:07	傳送郵件到Amy@jbjob.com.tw()	
2011/8/15 下午 08:07:09	傳送郵件到richard@jbjob.com.tw()	
2011/8/15 下午 10:07:10	傳送郵件到richard@jbjob.com.tw()	
