2011/10/25 上午 12:59:55	傳送郵件到clinton@jbjob.com.tw()	
2011/10/25 上午 02:59:56	傳送郵件到clinton@jbjob.com.tw()	
2011/10/25 上午 08:19:59	傳送郵件到cjs@jbjob.com.tw()	
2011/10/25 上午 08:49:59	傳送郵件到richard@jbjob.com.tw()	
2011/10/25 上午 10:20:00	傳送郵件到Angel@jbjob.com.tw()	
2011/10/25 上午 10:20:01	傳送郵件到Tina@jbjob.com.tw()	
2011/10/25 上午 10:30:01	傳送郵件到jju@jbjob.com.tw()	
2011/10/25 上午 11:10:02	傳送郵件到cjs@jbjob.com.tw()	
2011/10/25 上午 11:20:03	傳送郵件到Paul@jbjob.com.tw()	
2011/10/25 下午 12:20:04	傳送郵件到Angel@jbjob.com.tw()	
2011/10/25 下午 12:20:04	傳送郵件到Tina@jbjob.com.tw()	
2011/10/25 下午 12:30:05	傳送郵件到jju@jbjob.com.tw()	
2011/10/25 下午 01:00:05	傳送郵件到Tiffany@jbjob.com.tw()	
2011/10/25 下午 02:20:06	傳送郵件到Tina@jbjob.com.tw()	
2011/10/25 下午 02:30:07	傳送郵件到jju@jbjob.com.tw()	
2011/10/25 下午 02:30:07	傳送郵件到richard@jbjob.com.tw()	
2011/10/25 下午 03:00:08	傳送郵件到Angel@jbjob.com.tw()	
2011/10/25 下午 03:10:09	傳送郵件到Jimmy@jbjob.com.tw()	
2011/10/25 下午 05:10:24	傳送郵件到Jimmy@jbjob.com.tw()	
2011/10/25 下午 05:30:24	傳送郵件到wilson@jbjob.com.tw()	
2011/10/25 下午 07:10:26	傳送郵件到Jimmy@jbjob.com.tw()	
2011/10/25 下午 09:00:27	傳送郵件到Angel@jbjob.com.tw()	
2011/10/25 下午 11:00:28	傳送郵件到Angel@jbjob.com.tw()	
