2011/5/26 上午 09:27:36	傳送郵件到Tina@jbjob.com.tw()	
2011/5/26 上午 09:37:36	傳送郵件到victor@jbjob.com.tw()	
2011/5/26 上午 09:57:37	傳送郵件到richard@jbjob.com.tw()	
2011/5/26 上午 11:27:38	傳送郵件到Tina@jbjob.com.tw()	
2011/5/26 上午 11:37:40	傳送郵件到victor@jbjob.com.tw()	
2011/5/26 上午 11:57:41	傳送郵件到richard@jbjob.com.tw()	
2011/5/26 下午 01:27:43	傳送郵件到Tina@jbjob.com.tw()	
2011/5/26 下午 01:37:44	傳送郵件到victor@jbjob.com.tw()	
2011/5/26 下午 01:57:45	傳送郵件到richard@jbjob.com.tw()	
2011/5/26 下午 03:57:46	傳送郵件到Alex@jbjob.com.tw()	
2011/5/26 下午 04:47:48	傳送郵件到daphne@jbjob.com.tw()	
2011/5/26 下午 04:57:48	傳送郵件到Amy@jbjob.com.tw()	
2011/5/26 下午 05:07:50	傳送郵件到Jimmy@jbjob.com.tw()	
2011/5/26 下午 05:07:50	傳送郵件到Tiffany@jbjob.com.tw()	
2011/5/26 下午 05:47:52	傳送郵件到richard@jbjob.com.tw()	
2011/5/26 下午 05:57:52	傳送郵件到Tina@jbjob.com.tw()	
2011/5/26 下午 06:07:53	傳送郵件到victor@jbjob.com.tw()	
2011/5/26 下午 06:47:54	傳送郵件到daphne@jbjob.com.tw()	
2011/5/26 下午 06:57:54	傳送郵件到Amy@jbjob.com.tw()	
2011/5/26 下午 07:07:55	傳送郵件到Jimmy@jbjob.com.tw()	
2011/5/26 下午 07:07:56	傳送郵件到Tiffany@jbjob.com.tw()	
2011/5/26 下午 07:47:57	傳送郵件到richard@jbjob.com.tw()	
2011/5/26 下午 08:07:57	傳送郵件到victor@jbjob.com.tw()	
2011/5/26 下午 08:47:58	傳送郵件到daphne@jbjob.com.tw()	
2011/5/26 下午 08:57:59	傳送郵件到Amy@jbjob.com.tw()	
2011/5/26 下午 09:07:59	傳送郵件到Jimmy@jbjob.com.tw()	
2011/5/26 下午 09:08:00	傳送郵件到Tiffany@jbjob.com.tw()	
2011/5/26 下午 09:48:03	傳送郵件到richard@jbjob.com.tw()	
2011/5/26 下午 10:08:04	傳送郵件到victor@jbjob.com.tw()	
