2010/12/3 上午 09:18:23	傳送郵件到Grace@jbjob.com.tw()	
2010/12/3 上午 09:18:24	傳送郵件到cjs@jbjob.com.tw()	
2010/12/3 上午 09:18:24	傳送郵件到rurujion@jbjob.com.tw()	
2010/12/3 上午 09:18:25	傳送郵件到victor@jbjob.com.tw()	
2010/12/3 上午 10:18:28	傳送郵件到Lee@jbjob.com.tw()	
2010/12/3 上午 11:18:29	傳送郵件到Grace@jbjob.com.tw()	
2010/12/3 上午 11:18:30	傳送郵件到cjs@jbjob.com.tw()	
2010/12/3 上午 11:18:31	傳送郵件到victor@jbjob.com.tw()	
2010/12/3 上午 11:50:28	傳送郵件到Alex@jbjob.com.tw()	
2010/12/3 上午 11:50:29	傳送郵件到Grace@jbjob.com.tw()	
2010/12/3 上午 11:50:29	傳送郵件到clinton@jbjob.com.tw()	
2010/12/3 上午 11:50:29	傳送郵件到Paul@jbjob.com.tw()	
2010/12/3 上午 11:50:30	傳送郵件到Lilian@jbjob.com.tw()	
2010/12/3 上午 11:50:30	傳送郵件到Tiffany@jbjob.com.tw()	
2010/12/3 上午 11:50:31	傳送郵件到victor@jbjob.com.tw()	
2010/12/3 上午 11:50:31	傳送郵件到daphne@jbjob.com.tw()	
2010/12/3 上午 11:50:32	傳送郵件到jju@jbjob.com.tw()	
2010/12/3 上午 11:50:32	傳送郵件到Candy@jbjob.com.tw()	
2010/12/3 上午 11:55:33	傳送郵件到cjs@jbjob.com.tw()	
2010/12/3 下午 01:05:34	傳送郵件到Lee@jbjob.com.tw()	
2010/12/3 下午 01:05:34	傳送郵件到Leo@jbjob.com.tw()	
2010/12/3 下午 01:10:35	傳送郵件到rurujion@jbjob.com.tw()	
2010/12/3 下午 01:50:36	傳送郵件到Alex@jbjob.com.tw()	
2010/12/3 下午 01:50:37	傳送郵件到Grace@jbjob.com.tw()	
2010/12/3 下午 01:50:37	傳送郵件到Paul@jbjob.com.tw()	
2010/12/3 下午 01:50:38	傳送郵件到Lilian@jbjob.com.tw()	
2010/12/3 下午 01:50:38	傳送郵件到Tiffany@jbjob.com.tw()	
2010/12/3 下午 01:50:38	傳送郵件到victor@jbjob.com.tw()	
2010/12/3 下午 01:50:39	傳送郵件到daphne@jbjob.com.tw()	
2010/12/3 下午 01:50:39	傳送郵件到jju@jbjob.com.tw()	
2010/12/3 下午 01:50:39	傳送郵件到Candy@jbjob.com.tw()	
2010/12/3 下午 01:55:40	傳送郵件到cjs@jbjob.com.tw()	
2010/12/3 下午 02:05:41	傳送郵件到richard@jbjob.com.tw()	
2010/12/3 下午 03:05:43	傳送郵件到clinton@jbjob.com.tw()	
2010/12/3 下午 03:05:43	傳送郵件到Lee@jbjob.com.tw()	
2010/12/3 下午 03:25:44	傳送郵件到rurujion@jbjob.com.tw()	
2010/12/3 下午 03:50:46	傳送郵件到Alex@jbjob.com.tw()	
2010/12/3 下午 03:50:46	傳送郵件到Paul@jbjob.com.tw()	
2010/12/3 下午 03:50:47	傳送郵件到Lilian@jbjob.com.tw()	
2010/12/3 下午 03:50:47	傳送郵件到Tiffany@jbjob.com.tw()	
2010/12/3 下午 03:50:48	傳送郵件到daphne@jbjob.com.tw()	
2010/12/3 下午 03:50:48	傳送郵件到jju@jbjob.com.tw()	
2010/12/3 下午 03:50:50	傳送郵件到Candy@jbjob.com.tw()	
2010/12/3 下午 04:10:51	傳送郵件到rita@jbjob.com.tw()	
2010/12/3 下午 04:40:52	傳送郵件到Grace@jbjob.com.tw()	
2010/12/3 下午 05:05:53	傳送郵件到clinton@jbjob.com.tw()	
2010/12/3 下午 05:05:54	傳送郵件到wilson@jbjob.com.tw()	
2010/12/3 下午 05:35:55	傳送郵件到rurujion@jbjob.com.tw()	
2010/12/3 下午 05:50:55	傳送郵件到Lee@jbjob.com.tw()	
2010/12/3 下午 06:05:56	傳送郵件到Amy@jbjob.com.tw()	
2010/12/3 下午 06:40:57	傳送郵件到Grace@jbjob.com.tw()	
2010/12/3 下午 07:50:58	傳送郵件到Lee@jbjob.com.tw()	
2010/12/3 下午 08:05:58	傳送郵件到Amy@jbjob.com.tw()	
2010/12/3 下午 08:10:59	傳送郵件到Tina@jbjob.com.tw()	
2010/12/3 下午 08:41:00	傳送郵件到Grace@jbjob.com.tw()	
2010/12/3 下午 09:51:01	傳送郵件到Lee@jbjob.com.tw()	
2010/12/3 下午 10:06:02	傳送郵件到Amy@jbjob.com.tw()	
2010/12/3 下午 10:16:03	傳送郵件到wilson@jbjob.com.tw()	
