2011/1/18 上午 12:28:34	傳送郵件到Lee@jbjob.com.tw()	
2011/1/18 上午 02:28:37	傳送郵件到Lee@jbjob.com.tw()	
2011/1/18 上午 08:38:44	傳送郵件到rurujion@jbjob.com.tw()	
2011/1/18 上午 08:53:45	傳送郵件到clinton@jbjob.com.tw()	
2011/1/18 上午 10:03:47	傳送郵件到richard@jbjob.com.tw()	
2011/1/18 上午 10:53:48	傳送郵件到clinton@jbjob.com.tw()	
2011/1/18 上午 11:18:49	傳送郵件到rita@jbjob.com.tw()	
2011/1/18 上午 11:48:50	傳送郵件到Grace@jbjob.com.tw()	
2011/1/18 下午 12:03:51	傳送郵件到Lee@jbjob.com.tw()	
2011/1/18 下午 12:03:52	傳送郵件到richard@jbjob.com.tw()	
2011/1/18 下午 12:53:53	傳送郵件到clinton@jbjob.com.tw()	
2011/1/18 下午 01:48:56	傳送郵件到Grace@jbjob.com.tw()	
2011/1/18 下午 01:53:56	傳送郵件到Jimmy@jbjob.com.tw()	
2011/1/18 下午 02:03:57	傳送郵件到richard@jbjob.com.tw()	
2011/1/18 下午 03:54:00	傳送郵件到Jimmy@jbjob.com.tw()	
2011/1/18 下午 05:04:01	傳送郵件到Lee@jbjob.com.tw()	
2011/1/18 下午 05:14:02	傳送郵件到Amy@jbjob.com.tw()	
2011/1/18 下午 06:54:04	傳送郵件到wilson@jbjob.com.tw()	
2011/1/18 下午 07:04:05	傳送郵件到Lee@jbjob.com.tw()	
2011/1/18 下午 07:14:05	傳送郵件到Amy@jbjob.com.tw()	
2011/1/18 下午 08:54:08	傳送郵件到wilson@jbjob.com.tw()	
2011/1/18 下午 09:04:08	傳送郵件到Lee@jbjob.com.tw()	
2011/1/18 下午 09:14:09	傳送郵件到Amy@jbjob.com.tw()	
2011/1/18 下午 10:54:10	傳送郵件到wilson@jbjob.com.tw()	
