2011/8/26 上午 08:20:28	傳送郵件到Tina@jbjob.com.tw()	
2011/8/26 上午 08:20:29	傳送郵件到danghanh@jbjob.com.tw()	
2011/8/26 上午 08:40:29	傳送郵件到Alex@jbjob.com.tw()	
2011/8/26 上午 10:20:30	傳送郵件到Tina@jbjob.com.tw()	
2011/8/26 上午 10:20:31	傳送郵件到danghanh@jbjob.com.tw()	
2011/8/26 上午 11:00:32	傳送郵件到jju@jbjob.com.tw()	
2011/8/26 下午 12:10:33	傳送郵件到richard@jbjob.com.tw()	
2011/8/26 下午 12:20:33	傳送郵件到Tina@jbjob.com.tw()	
2011/8/26 下午 12:20:34	傳送郵件到danghanh@jbjob.com.tw()	
2011/8/26 下午 01:00:34	傳送郵件到jju@jbjob.com.tw()	
2011/8/26 下午 01:10:35	傳送郵件到clinton@jbjob.com.tw()	
2011/8/26 下午 01:30:35	傳送郵件到Alex@jbjob.com.tw()	
2011/8/26 下午 03:00:36	傳送郵件到jju@jbjob.com.tw()	
2011/8/26 下午 03:30:37	傳送郵件到clinton@jbjob.com.tw()	
2011/8/26 下午 03:40:37	傳送郵件到Amy@jbjob.com.tw()	
2011/8/26 下午 04:30:38	傳送郵件到Tina@jbjob.com.tw()	
2011/8/26 下午 04:40:39	傳送郵件到cjs@jbjob.com.tw()	
2011/8/26 下午 05:30:39	傳送郵件到clinton@jbjob.com.tw()	
2011/8/26 下午 05:40:40	傳送郵件到Amy@jbjob.com.tw()	
2011/8/26 下午 06:20:41	傳送郵件到Alex@jbjob.com.tw()	
2011/8/26 下午 07:00:42	傳送郵件到wilson@jbjob.com.tw()	
2011/8/26 下午 07:20:42	傳送郵件到leila@jbjob.com.tw()	
2011/8/26 下午 08:20:43	傳送郵件到Alex@jbjob.com.tw()	
2011/8/26 下午 09:00:43	傳送郵件到wilson@jbjob.com.tw()	
2011/8/26 下午 09:20:44	傳送郵件到leila@jbjob.com.tw()	
2011/8/26 下午 10:20:45	傳送郵件到Alex@jbjob.com.tw()	
2011/8/26 下午 11:00:45	傳送郵件到wilson@jbjob.com.tw()	
2011/8/26 下午 11:20:46	傳送郵件到leila@jbjob.com.tw()	
