2010/12/8 上午 12:28:01	傳送郵件到Amy@jbjob.com.tw()	
2010/12/8 上午 02:28:03	傳送郵件到Amy@jbjob.com.tw()	
2010/12/8 上午 04:28:04	傳送郵件到Amy@jbjob.com.tw()	
2010/12/8 上午 10:48:08	傳送郵件到richard@jbjob.com.tw()	
2010/12/8 下午 12:48:10	傳送郵件到Jessica@jbjob.com.tw()	
2010/12/8 下午 01:48:11	傳送郵件到Tiffany@jbjob.com.tw()	
2010/12/8 下午 02:48:13	傳送郵件到Jessica@jbjob.com.tw()	
2010/12/8 下午 03:48:14	傳送郵件到Tiffany@jbjob.com.tw()	
2010/12/8 下午 04:48:15	傳送郵件到Jessica@jbjob.com.tw()	
2010/12/8 下午 04:58:16	傳送郵件到Lee@jbjob.com.tw()	
2010/12/8 下午 05:08:19	傳送郵件到richard@jbjob.com.tw()	
2010/12/8 下午 05:48:20	傳送郵件到Tiffany@jbjob.com.tw()	
2010/12/8 下午 05:48:21	傳送郵件到rurujion@jbjob.com.tw()	
2010/12/8 下午 06:13:22	傳送郵件到jju@jbjob.com.tw()	
2010/12/8 下午 06:58:22	傳送郵件到Lee@jbjob.com.tw()	
2010/12/8 下午 07:08:23	傳送郵件到richard@jbjob.com.tw()	
2010/12/8 下午 07:48:24	傳送郵件到rurujion@jbjob.com.tw()	
2010/12/8 下午 08:13:25	傳送郵件到jju@jbjob.com.tw()	
2010/12/8 下午 08:58:26	傳送郵件到Lee@jbjob.com.tw()	
2010/12/8 下午 09:08:27	傳送郵件到richard@jbjob.com.tw()	
2010/12/8 下午 09:48:28	傳送郵件到rurujion@jbjob.com.tw()	
2010/12/8 下午 10:13:29	傳送郵件到jju@jbjob.com.tw()	
