2011/9/20 上午 08:54:32	傳送郵件到clinton@jbjob.com.tw()	
2011/9/20 上午 08:54:32	傳送郵件到richard@jbjob.com.tw()	
2011/9/20 上午 09:04:33	傳送郵件到Tina@jbjob.com.tw()	
2011/9/20 上午 09:14:33	傳送郵件到Angel@jbjob.com.tw()	
2011/9/20 上午 09:54:34	傳送郵件到Amy@jbjob.com.tw()	
2011/9/20 上午 10:54:35	傳送郵件到clinton@jbjob.com.tw()	
2011/9/20 上午 11:04:35	傳送郵件到Tina@jbjob.com.tw()	
2011/9/20 上午 11:54:36	傳送郵件到Tiffany@jbjob.com.tw()	
2011/9/20 下午 01:04:37	傳送郵件到Tina@jbjob.com.tw()	
2011/9/20 下午 01:34:37	傳送郵件到Grace@jbjob.com.tw()	
2011/9/20 下午 01:54:38	傳送郵件到Tiffany@jbjob.com.tw()	
2011/9/20 下午 02:04:38	傳送郵件到clinton@jbjob.com.tw()	
2011/9/20 下午 02:04:39	傳送郵件到richard@jbjob.com.tw()	
2011/9/20 下午 02:14:51	傳送郵件到Angel@jbjob.com.tw()	
2011/9/20 下午 03:12:03	傳送郵件到cjs@jbjob.com.tw()	
2011/9/20 下午 03:34:53	傳送郵件到Grace@jbjob.com.tw()	
2011/9/20 下午 03:54:53	傳送郵件到Tiffany@jbjob.com.tw()	
2011/9/20 下午 04:04:54	傳送郵件到clinton@jbjob.com.tw()	
2011/9/20 下午 04:14:57	傳送郵件到Angel@jbjob.com.tw()	
2011/9/20 下午 05:02:04	傳送郵件到richard@jbjob.com.tw()	
2011/9/20 下午 05:34:58	傳送郵件到Grace@jbjob.com.tw()	
2011/9/20 下午 06:14:58	傳送郵件到Angel@jbjob.com.tw()	
2011/9/20 下午 10:12:06	傳送郵件到clinton@jbjob.com.tw()	
