2012/3/7 上午 07:37:11	傳送郵件到richard@jbjob.com.tw()	
2012/3/7 上午 08:17:12	傳送郵件到Angel@jbjob.com.tw()	
2012/3/7 上午 11:03:38	傳送郵件到rita@jbjob.com.tw()	
2012/3/7 上午 11:23:39	傳送郵件到Angel@jbjob.com.tw()	
2012/3/7 下午 01:23:40	傳送郵件到rita@jbjob.com.tw()	
2012/3/7 下午 01:23:44	傳送郵件到Angel@jbjob.com.tw()	
2012/3/7 下午 01:23:45	傳送郵件到richard@jbjob.com.tw()	
2012/3/7 下午 01:43:45	傳送郵件到Grace@jbjob.com.tw()	
2012/3/7 下午 01:43:46	傳送郵件到Candy@jbjob.com.tw()	
2012/3/7 下午 03:23:47	傳送郵件到Angel@jbjob.com.tw()	
2012/3/7 下午 03:43:47	傳送郵件到Grace@jbjob.com.tw()	
2012/3/7 下午 03:43:49	傳送郵件到richard@jbjob.com.tw()	
2012/3/7 下午 03:43:50	傳送郵件到Candy@jbjob.com.tw()	
2012/3/7 下午 05:23:52	傳送郵件到wilson@jbjob.com.tw()	
2012/3/7 下午 05:33:53	傳送郵件到Paul@jbjob.com.tw()	
2012/3/7 下午 05:43:54	傳送郵件到Candy@jbjob.com.tw()	
2012/3/7 下午 07:13:54	傳送郵件到clinton@jbjob.com.tw()	
2012/3/7 下午 07:13:55	傳送郵件到Angel@jbjob.com.tw()	
2012/3/7 下午 07:33:55	傳送郵件到Paul@jbjob.com.tw()	
2012/3/7 下午 07:43:56	傳送郵件到Tiffany@jbjob.com.tw()	
2012/3/7 下午 09:13:57	傳送郵件到clinton@jbjob.com.tw()	
2012/3/7 下午 09:33:58	傳送郵件到Paul@jbjob.com.tw()	
2012/3/7 下午 09:43:58	傳送郵件到Tiffany@jbjob.com.tw()	
2012/3/7 下午 11:14:00	傳送郵件到clinton@jbjob.com.tw()	
2012/3/7 下午 11:44:00	傳送郵件到Tiffany@jbjob.com.tw()	
