2011/11/18 上午 08:22:45	傳送郵件到Tina@jbjob.com.tw()	
2011/11/18 上午 09:12:35	傳送郵件到Jimmy@jbjob.com.tw()	
2011/11/18 上午 10:28:26	傳送郵件到Tina@jbjob.com.tw()	
2011/11/18 下午 12:28:27	傳送郵件到Tina@jbjob.com.tw()	
2011/11/18 下午 01:48:28	傳送郵件到Jimmy@jbjob.com.tw()	
2011/11/18 下午 02:18:28	傳送郵件到Grace@jbjob.com.tw()	
2011/11/18 下午 03:08:29	傳送郵件到richard@jbjob.com.tw()	
2011/11/18 下午 03:28:30	傳送郵件到Angel@jbjob.com.tw()	
2011/11/18 下午 03:48:30	傳送郵件到Tina@jbjob.com.tw()	
2011/11/18 下午 03:48:31	傳送郵件到Jimmy@jbjob.com.tw()	
2011/11/18 下午 04:18:31	傳送郵件到Grace@jbjob.com.tw()	
2011/11/18 下午 05:18:32	傳送郵件到clinton@jbjob.com.tw()	
2011/11/18 下午 05:28:33	傳送郵件到Angel@jbjob.com.tw()	
2011/11/18 下午 05:48:34	傳送郵件到Tina@jbjob.com.tw()	
2011/11/18 下午 06:18:34	傳送郵件到Grace@jbjob.com.tw()	
2011/11/18 下午 07:48:36	傳送郵件到Tina@jbjob.com.tw()	
2011/11/18 下午 07:48:36	傳送郵件到Angel@jbjob.com.tw()	
2011/11/18 下午 07:58:36	傳送郵件到clinton@jbjob.com.tw()	
2011/11/18 下午 08:18:37	傳送郵件到Tiffany@jbjob.com.tw()	
2011/11/18 下午 09:48:38	傳送郵件到Angel@jbjob.com.tw()	
2011/11/18 下午 09:58:39	傳送郵件到clinton@jbjob.com.tw()	
2011/11/18 下午 10:18:39	傳送郵件到Tiffany@jbjob.com.tw()	
2011/11/18 下午 11:48:41	傳送郵件到Angel@jbjob.com.tw()	
2011/11/18 下午 11:58:41	傳送郵件到clinton@jbjob.com.tw()	
