2010/9/28 上午 08:39:59	傳送郵件到richard@jbjob.com.tw()	
2010/9/28 上午 09:45:01	傳送郵件到Paul@jbjob.com.tw()	
2010/9/28 上午 10:30:03	傳送郵件到Lee@jbjob.com.tw()	
2010/9/28 上午 10:55:04	傳送郵件到richard@jbjob.com.tw()	
2010/9/28 上午 11:00:04	傳送郵件到rita@jbjob.com.tw()	
2010/9/28 上午 11:45:06	傳送郵件到Paul@jbjob.com.tw()	
2010/9/28 上午 11:45:06	傳送郵件到jju@jbjob.com.tw()	
2010/9/28 下午 12:30:08	傳送郵件到Lee@jbjob.com.tw()	
2010/9/28 下午 12:55:11	傳送郵件到richard@jbjob.com.tw()	
2010/9/28 下午 01:05:11	傳送郵件到daphne@jbjob.com.tw()	
2010/9/28 下午 01:15:12	傳送郵件到rita@jbjob.com.tw()	
2010/9/28 下午 01:20:13	傳送郵件到Grace@jbjob.com.tw()	
2010/9/28 下午 01:45:14	傳送郵件到Paul@jbjob.com.tw()	
2010/9/28 下午 01:45:14	傳送郵件到jju@jbjob.com.tw()	
2010/9/28 下午 02:45:16	傳送郵件到rurujion@jbjob.com.tw()	
2010/9/28 下午 03:05:17	傳送郵件到Tina@jbjob.com.tw()	
2010/9/28 下午 03:05:18	傳送郵件到daphne@jbjob.com.tw()	
2010/9/28 下午 03:15:19	傳送郵件到Tiffany@jbjob.com.tw()	
2010/9/28 下午 03:20:20	傳送郵件到Grace@jbjob.com.tw()	
2010/9/28 下午 03:25:20	傳送郵件到rita@jbjob.com.tw()	
2010/9/28 下午 03:44:50	傳送郵件到Grace@jbjob.com.tw()	
2010/9/28 下午 03:44:51	傳送郵件到clinton@jbjob.com.tw()	
2010/9/28 下午 03:44:51	傳送郵件到Tina@jbjob.com.tw()	
2010/9/28 下午 03:44:53	傳送郵件到Amy@jbjob.com.tw()	
2010/9/28 下午 03:44:54	傳送郵件到Tiffany@jbjob.com.tw()	
2010/9/28 下午 03:44:55	傳送郵件到wilson@jbjob.com.tw()	
2010/9/28 下午 03:44:57	傳送郵件到daphne@jbjob.com.tw()	
2010/9/28 下午 03:44:58	傳送郵件到jju@jbjob.com.tw()	
2010/9/28 下午 03:44:59	傳送郵件到richard@jbjob.com.tw()	
2010/9/28 下午 05:25:01	傳送郵件到Lee@jbjob.com.tw()	
2010/9/28 下午 05:30:02	傳送郵件到Jimmy@jbjob.com.tw()	
2010/9/28 下午 05:45:02	傳送郵件到Grace@jbjob.com.tw()	
2010/9/28 下午 05:45:03	傳送郵件到clinton@jbjob.com.tw()	
2010/9/28 下午 05:45:03	傳送郵件到Tina@jbjob.com.tw()	
2010/9/28 下午 05:45:04	傳送郵件到Amy@jbjob.com.tw()	
2010/9/28 下午 05:45:04	傳送郵件到Tiffany@jbjob.com.tw()	
2010/9/28 下午 05:45:05	傳送郵件到wilson@jbjob.com.tw()	
2010/9/28 下午 05:45:05	傳送郵件到daphne@jbjob.com.tw()	
2010/9/28 下午 05:45:06	傳送郵件到jju@jbjob.com.tw()	
2010/9/28 下午 07:25:08	傳送郵件到Lee@jbjob.com.tw()	
2010/9/28 下午 07:25:08	傳送郵件到richard@jbjob.com.tw()	
2010/9/28 下午 07:30:09	傳送郵件到Jimmy@jbjob.com.tw()	
2010/9/28 下午 07:45:10	傳送郵件到Grace@jbjob.com.tw()	
2010/9/28 下午 07:45:10	傳送郵件到clinton@jbjob.com.tw()	
2010/9/28 下午 07:45:10	傳送郵件到Tina@jbjob.com.tw()	
2010/9/28 下午 07:45:11	傳送郵件到Amy@jbjob.com.tw()	
2010/9/28 下午 07:45:11	傳送郵件到Tiffany@jbjob.com.tw()	
2010/9/28 下午 07:45:12	傳送郵件到wilson@jbjob.com.tw()	
2010/9/28 下午 07:45:12	傳送郵件到daphne@jbjob.com.tw()	
2010/9/28 下午 07:45:12	傳送郵件到jju@jbjob.com.tw()	
2010/9/28 下午 09:25:15	傳送郵件到Lee@jbjob.com.tw()	
2010/9/28 下午 09:25:16	傳送郵件到richard@jbjob.com.tw()	
2010/9/28 下午 09:30:16	傳送郵件到Jimmy@jbjob.com.tw()	
2010/9/28 下午 11:25:19	傳送郵件到richard@jbjob.com.tw()	
