2011/11/1 上午 01:02:35	傳送郵件到Angel@jbjob.com.tw()	
2011/11/1 上午 01:02:35	傳送郵件到wilson@jbjob.com.tw()	
2011/11/1 上午 03:02:36	傳送郵件到Angel@jbjob.com.tw()	
2011/11/1 上午 03:02:37	傳送郵件到wilson@jbjob.com.tw()	
2011/11/1 上午 09:12:40	傳送郵件到cjs@jbjob.com.tw()	
2011/11/1 上午 09:22:41	傳送郵件到Paul@jbjob.com.tw()	
2011/11/1 上午 10:22:42	傳送郵件到Angel@jbjob.com.tw()	
2011/11/1 上午 10:32:42	傳送郵件到richard@jbjob.com.tw()	
2011/11/1 上午 11:22:43	傳送郵件到clinton@jbjob.com.tw()	
2011/11/1 下午 12:22:44	傳送郵件到Angel@jbjob.com.tw()	
2011/11/1 下午 01:22:44	傳送郵件到richard@jbjob.com.tw()	
2011/11/1 下午 01:42:45	傳送郵件到Grace@jbjob.com.tw()	
2011/11/1 下午 02:12:46	傳送郵件到Tina@jbjob.com.tw()	
2011/11/1 下午 02:22:46	傳送郵件到clinton@jbjob.com.tw()	
2011/11/1 下午 03:02:48	傳送郵件到Angel@jbjob.com.tw()	
2011/11/1 下午 03:52:49	傳送郵件到Tiffany@jbjob.com.tw()	
2011/11/1 下午 04:22:51	傳送郵件到clinton@jbjob.com.tw()	
2011/11/1 下午 05:02:54	傳送郵件到Angel@jbjob.com.tw()	
2011/11/1 下午 05:02:55	傳送郵件到richard@jbjob.com.tw()	
2011/11/1 下午 05:12:55	傳送郵件到Tina@jbjob.com.tw()	
2011/11/1 下午 05:52:56	傳送郵件到Tiffany@jbjob.com.tw()	
2011/11/1 下午 06:22:56	傳送郵件到clinton@jbjob.com.tw()	
2011/11/1 下午 07:02:57	傳送郵件到Angel@jbjob.com.tw()	
2011/11/1 下午 07:02:58	傳送郵件到richard@jbjob.com.tw()	
2011/11/1 下午 07:12:58	傳送郵件到Tina@jbjob.com.tw()	
2011/11/1 下午 07:52:59	傳送郵件到Tiffany@jbjob.com.tw()	
2011/11/1 下午 09:02:59	傳送郵件到richard@jbjob.com.tw()	
