2010/9/1 上午 12:59:29	傳送郵件到clinton@jbjob.com.tw(陳欽碧)	
2010/9/1 上午 08:04:35	傳送郵件到Lee@jbjob.com.tw(李素英)	
2010/9/1 上午 08:05:38	傳送郵件到cjs@jbjob.com.tw(程進昇)	
2010/9/1 上午 09:44:37	傳送郵件到rita@jbjob.com.tw(許名瑤)	
2010/9/1 上午 10:04:38	傳送郵件到clinton@jbjob.com.tw(陳欽碧)	
2010/9/1 上午 10:34:38	傳送郵件到Jimmy@jbjob.com.tw(林建銘)	
2010/9/1 上午 10:48:01	傳送郵件到Tiffany@jbjob.com.tw(張鈴涓)	
2010/9/1 上午 11:34:43	傳送郵件到wilson@jbjob.com.tw(吳宗偉)	
2010/9/1 上午 11:53:02	傳送郵件到Tina@jbjob.com.tw(夏玉萍)	
2010/9/1 下午 12:04:45	傳送郵件到clinton@jbjob.com.tw(陳欽碧)	
2010/9/1 下午 12:34:45	傳送郵件到Jimmy@jbjob.com.tw(林建銘)	
2010/9/1 下午 12:48:03	傳送郵件到Tiffany@jbjob.com.tw(張鈴涓)	
2010/9/1 下午 01:34:46	傳送郵件到wilson@jbjob.com.tw(吳宗偉)	
2010/9/1 下午 01:45:43	傳送郵件到rita@jbjob.com.tw(許名瑤)	
2010/9/1 下午 01:50:43	傳送郵件到Paul@jbjob.com.tw(鍾華亮)	
2010/9/1 下午 01:53:04	傳送郵件到Tina@jbjob.com.tw(夏玉萍)	
2010/9/1 下午 02:04:47	傳送郵件到clinton@jbjob.com.tw(陳欽碧)	
2010/9/1 下午 02:34:48	傳送郵件到Grace@jbjob.com.tw(鍾淑霞)	
2010/9/1 下午 02:48:06	傳送郵件到Tiffany@jbjob.com.tw(張鈴涓)	
2010/9/1 下午 03:44:49	傳送郵件到wilson@jbjob.com.tw(吳宗偉)	
2010/9/1 下午 03:48:07	傳送郵件到rita@jbjob.com.tw(許名瑤)	
2010/9/1 下午 03:49:50	傳送郵件到jju@jbjob.com.tw(朱嘉羚)	
2010/9/1 下午 03:53:08	傳送郵件到Paul@jbjob.com.tw(鍾華亮)	
2010/9/1 下午 03:53:08	傳送郵件到Tina@jbjob.com.tw(夏玉萍)	
2010/9/1 下午 04:34:51	傳送郵件到Grace@jbjob.com.tw(鍾淑霞)	
2010/9/1 下午 05:44:52	傳送郵件到wilson@jbjob.com.tw(吳宗偉)	
2010/9/1 下午 05:48:10	傳送郵件到rita@jbjob.com.tw(許名瑤)	
2010/9/1 下午 05:49:53	傳送郵件到jju@jbjob.com.tw(朱嘉羚)	
2010/9/1 下午 05:53:10	傳送郵件到Paul@jbjob.com.tw(鍾華亮)	
2010/9/1 下午 05:53:11	傳送郵件到Lee@jbjob.com.tw(李素英)	
2010/9/1 下午 06:34:53	傳送郵件到Grace@jbjob.com.tw(鍾淑霞)	
2010/9/1 下午 07:44:55	傳送郵件到wilson@jbjob.com.tw(吳宗偉)	
2010/9/1 下午 07:49:55	傳送郵件到jju@jbjob.com.tw(朱嘉羚)	
2010/9/1 下午 07:53:12	傳送郵件到Lee@jbjob.com.tw(李素英)	
2010/9/1 下午 09:53:13	傳送郵件到Lee@jbjob.com.tw(李素英)	
