2010/11/12 上午 10:46:29	傳送郵件到Amy@jbjob.com.tw()	
2010/11/12 下午 12:46:32	傳送郵件到cjs@jbjob.com.tw()	
2010/11/12 下午 12:46:32	傳送郵件到Amy@jbjob.com.tw()	
2010/11/12 下午 01:26:36	傳送郵件到clinton@jbjob.com.tw()	
2010/11/12 下午 01:26:39	傳送郵件到Lee@jbjob.com.tw()	
2010/11/12 下午 02:26:44	傳送郵件到rurujion@jbjob.com.tw()	
2010/11/12 下午 02:31:45	傳送郵件到richard@jbjob.com.tw()	
2010/11/12 下午 03:26:48	傳送郵件到clinton@jbjob.com.tw()	
2010/11/12 下午 03:26:48	傳送郵件到Lee@jbjob.com.tw()	
2010/11/12 下午 04:31:50	傳送郵件到Jimmy@jbjob.com.tw()	
2010/11/12 下午 05:26:52	傳送郵件到clinton@jbjob.com.tw()	
2010/11/12 下午 05:26:53	傳送郵件到Lee@jbjob.com.tw()	
2010/11/12 下午 05:41:55	傳送郵件到Amy@jbjob.com.tw()	
2010/11/12 下午 06:31:56	傳送郵件到Jimmy@jbjob.com.tw()	
2010/11/12 下午 07:01:57	傳送郵件到wilson@jbjob.com.tw()	
2010/11/12 下午 07:06:58	傳送郵件到jju@jbjob.com.tw()	
2010/11/12 下午 07:26:59	傳送郵件到Tina@jbjob.com.tw()	
2010/11/12 下午 07:41:59	傳送郵件到Amy@jbjob.com.tw()	
2010/11/12 下午 08:32:01	傳送郵件到Jimmy@jbjob.com.tw()	
2010/11/12 下午 09:02:03	傳送郵件到wilson@jbjob.com.tw()	
2010/11/12 下午 09:07:03	傳送郵件到jju@jbjob.com.tw()	
2010/11/12 下午 09:27:04	傳送郵件到Tina@jbjob.com.tw()	
2010/11/12 下午 09:42:05	傳送郵件到Amy@jbjob.com.tw()	
2010/11/12 下午 11:02:07	傳送郵件到wilson@jbjob.com.tw()	
2010/11/12 下午 11:07:07	傳送郵件到jju@jbjob.com.tw()	
2010/11/12 下午 11:27:08	傳送郵件到Tina@jbjob.com.tw()	
