2010/11/3 上午 08:35:52	傳送郵件到rurujion@jbjob.com.tw()	
2010/11/3 上午 08:45:53	傳送郵件到clinton@jbjob.com.tw()	
2010/11/3 上午 09:25:54	傳送郵件到Lee@jbjob.com.tw()	
2010/11/3 上午 09:35:55	傳送郵件到Tiffany@jbjob.com.tw()	
2010/11/3 上午 10:40:56	傳送郵件到Amy@jbjob.com.tw()	
2010/11/3 上午 10:42:31	傳送郵件到clinton@jbjob.com.tw()	
2010/11/3 上午 10:42:31	傳送郵件到Tina@jbjob.com.tw()	
2010/11/3 上午 10:42:31	傳送郵件到cjs@jbjob.com.tw()	
2010/11/3 上午 10:42:32	傳送郵件到Amy@jbjob.com.tw()	
2010/11/3 上午 10:42:32	傳送郵件到Lilian@jbjob.com.tw()	
2010/11/3 上午 10:42:33	傳送郵件到Tiffany@jbjob.com.tw()	
2010/11/3 上午 10:42:33	傳送郵件到jju@jbjob.com.tw()	
2010/11/3 上午 10:42:34	傳送郵件到Erwinuy@jbjob.com.tw()	
2010/11/3 上午 10:42:34	傳送郵件到Candy@jbjob.com.tw()	
2010/11/3 上午 11:02:35	傳送郵件到Lee@jbjob.com.tw()	
2010/11/3 上午 11:02:35	傳送郵件到wilson@jbjob.com.tw()	
2010/11/3 下午 12:42:37	傳送郵件到clinton@jbjob.com.tw()	
2010/11/3 下午 12:42:38	傳送郵件到Tina@jbjob.com.tw()	
2010/11/3 下午 12:42:38	傳送郵件到Amy@jbjob.com.tw()	
2010/11/3 下午 12:42:38	傳送郵件到Lilian@jbjob.com.tw()	
2010/11/3 下午 12:42:39	傳送郵件到jju@jbjob.com.tw()	
2010/11/3 下午 12:42:39	傳送郵件到Erwinuy@jbjob.com.tw()	
2010/11/3 下午 12:42:40	傳送郵件到Candy@jbjob.com.tw()	
2010/11/3 下午 01:02:41	傳送郵件到Lee@jbjob.com.tw()	
2010/11/3 下午 01:02:41	傳送郵件到wilson@jbjob.com.tw()	
2010/11/3 下午 01:42:42	傳送郵件到Jimmy@jbjob.com.tw()	
2010/11/3 下午 02:42:44	傳送郵件到clinton@jbjob.com.tw()	
2010/11/3 下午 02:42:44	傳送郵件到Tina@jbjob.com.tw()	
2010/11/3 下午 02:42:45	傳送郵件到Lilian@jbjob.com.tw()	
2010/11/3 下午 02:42:45	傳送郵件到jju@jbjob.com.tw()	
2010/11/3 下午 02:42:45	傳送郵件到Erwinuy@jbjob.com.tw()	
2010/11/3 下午 02:42:46	傳送郵件到Candy@jbjob.com.tw()	
2010/11/3 下午 02:47:47	傳送郵件到Grace@jbjob.com.tw()	
2010/11/3 下午 03:02:48	傳送郵件到Lee@jbjob.com.tw()	
2010/11/3 下午 03:02:48	傳送郵件到wilson@jbjob.com.tw()	
2010/11/3 下午 03:42:49	傳送郵件到Jimmy@jbjob.com.tw()	
2010/11/3 下午 04:17:53	傳送郵件到richard@jbjob.com.tw()	
2010/11/3 下午 04:47:53	傳送郵件到Grace@jbjob.com.tw()	
2010/11/3 下午 05:27:54	傳送郵件到Tiffany@jbjob.com.tw()	
2010/11/3 下午 05:42:55	傳送郵件到Jimmy@jbjob.com.tw()	
2010/11/3 下午 06:17:56	傳送郵件到richard@jbjob.com.tw()	
2010/11/3 下午 06:47:57	傳送郵件到Grace@jbjob.com.tw()	
2010/11/3 下午 07:27:58	傳送郵件到Tiffany@jbjob.com.tw()	
2010/11/3 下午 08:17:59	傳送郵件到richard@jbjob.com.tw()	
2010/11/3 下午 09:28:00	傳送郵件到Tiffany@jbjob.com.tw()	
