2012/10/5 上午 12:11:07	傳送郵件到clinton@jbjob.com.tw()	
2012/10/5 上午 12:11:08	傳送郵件到Angel@jbjob.com.tw()	
2012/10/5 上午 01:11:08	傳送郵件到richard@jbjob.com.tw()	
2012/10/5 上午 04:11:10	傳送郵件到clinton@jbjob.com.tw()	
2012/10/5 上午 04:11:10	傳送郵件到Angel@jbjob.com.tw()	
2012/10/5 上午 08:11:12	傳送郵件到clinton@jbjob.com.tw()	
2012/10/5 上午 08:11:12	傳送郵件到Angel@jbjob.com.tw()	
2012/10/5 上午 09:26:13	傳送郵件到cjs@jbjob.com.tw()	
2012/10/5 上午 10:41:15	傳送郵件到Grace@jbjob.com.tw()	
2012/10/5 下午 01:41:16	傳送郵件到rita@jbjob.com.tw()	
2012/10/5 下午 01:41:18	傳送郵件到richard@jbjob.com.tw()	
2012/10/5 下午 01:56:18	傳送郵件到clinton@jbjob.com.tw()	
2012/10/5 下午 01:56:19	傳送郵件到Tiffany@jbjob.com.tw()	
2012/10/5 下午 02:52:24	傳送郵件到Grace@jbjob.com.tw()	
2012/10/5 下午 02:52:24	傳送郵件到cjs@jbjob.com.tw()	
2012/10/5 下午 05:53:36	傳送郵件到richard@jbjob.com.tw()	
2012/10/5 下午 06:08:36	傳送郵件到Tina@jbjob.com.tw()	
2012/10/5 下午 06:53:40	傳送郵件到Grace@jbjob.com.tw()	
2012/10/5 下午 09:53:41	傳送郵件到richard@jbjob.com.tw()	
2012/10/5 下午 10:08:41	傳送郵件到Tiffany@jbjob.com.tw()	
