2010/11/26 上午 01:12:04	傳送郵件到wilson@jbjob.com.tw()	
2010/11/26 上午 03:12:07	傳送郵件到wilson@jbjob.com.tw()	
2010/11/26 上午 05:12:10	傳送郵件到wilson@jbjob.com.tw()	
2010/11/26 上午 09:07:16	傳送郵件到richard@jbjob.com.tw()	
2010/11/26 上午 09:42:17	傳送郵件到Tiffany@jbjob.com.tw()	
2010/11/26 上午 10:52:19	傳送郵件到victor@jbjob.com.tw()	
2010/11/26 上午 11:42:20	傳送郵件到Tiffany@jbjob.com.tw()	
2010/11/26 下午 12:02:21	傳送郵件到rurujion@jbjob.com.tw()	
2010/11/26 下午 12:52:23	傳送郵件到victor@jbjob.com.tw()	
2010/11/26 下午 01:32:24	傳送郵件到richard@jbjob.com.tw()	
2010/11/26 下午 01:42:24	傳送郵件到Tiffany@jbjob.com.tw()	
2010/11/26 下午 02:52:26	傳送郵件到victor@jbjob.com.tw()	
2010/11/26 下午 03:07:27	傳送郵件到rurujion@jbjob.com.tw()	
2010/11/26 下午 03:27:28	傳送郵件到Lee@jbjob.com.tw()	
2010/11/26 下午 05:42:31	傳送郵件到Paul@jbjob.com.tw()	
2010/11/26 下午 06:52:32	傳送郵件到wilson@jbjob.com.tw()	
2010/11/26 下午 07:17:33	傳送郵件到Tina@jbjob.com.tw()	
2010/11/26 下午 07:42:36	傳送郵件到Paul@jbjob.com.tw()	
2010/11/26 下午 08:32:37	傳送郵件到daphne@jbjob.com.tw()	
2010/11/26 下午 08:52:38	傳送郵件到wilson@jbjob.com.tw()	
2010/11/26 下午 09:42:39	傳送郵件到Paul@jbjob.com.tw()	
2010/11/26 下午 10:32:44	傳送郵件到daphne@jbjob.com.tw()	
2010/11/26 下午 10:52:44	傳送郵件到wilson@jbjob.com.tw()	
