2011/7/21 上午 08:22:25	傳送郵件到Grace@jbjob.com.tw()	
2011/7/21 上午 09:22:25	傳送郵件到victor@jbjob.com.tw()	
2011/7/21 上午 10:22:26	傳送郵件到Alex@jbjob.com.tw()	
2011/7/21 上午 10:22:26	傳送郵件到Grace@jbjob.com.tw()	
2011/7/21 上午 11:42:28	傳送郵件到Amy@jbjob.com.tw()	
2011/7/21 上午 11:42:28	傳送郵件到Tiffany@jbjob.com.tw()	
2011/7/21 下午 12:22:29	傳送郵件到Alex@jbjob.com.tw()	
2011/7/21 下午 12:22:29	傳送郵件到Grace@jbjob.com.tw()	
2011/7/21 下午 01:22:30	傳送郵件到Paul@jbjob.com.tw()	
2011/7/21 下午 02:22:31	傳送郵件到Alex@jbjob.com.tw()	
2011/7/21 下午 03:22:32	傳送郵件到Paul@jbjob.com.tw()	
2011/7/21 下午 03:32:32	傳送郵件到rita@jbjob.com.tw()	
2011/7/21 下午 03:52:33	傳送郵件到richard@jbjob.com.tw()	
2011/7/21 下午 05:22:34	傳送郵件到Jimmy@jbjob.com.tw()	
2011/7/21 下午 05:32:35	傳送郵件到rita@jbjob.com.tw()	
2011/7/21 下午 05:42:35	傳送郵件到Amy@jbjob.com.tw()	
2011/7/21 下午 05:52:36	傳送郵件到Tiffany@jbjob.com.tw()	
2011/7/21 下午 05:52:36	傳送郵件到richard@jbjob.com.tw()	
2011/7/21 下午 06:22:37	傳送郵件到wilson@jbjob.com.tw()	
2011/7/21 下午 07:22:38	傳送郵件到Jimmy@jbjob.com.tw()	
2011/7/21 下午 07:32:38	傳送郵件到rita@jbjob.com.tw()	
2011/7/21 下午 07:52:39	傳送郵件到Tiffany@jbjob.com.tw()	
2011/7/21 下午 07:52:39	傳送郵件到richard@jbjob.com.tw()	
2011/7/21 下午 08:22:40	傳送郵件到wilson@jbjob.com.tw()	
2011/7/21 下午 09:22:42	傳送郵件到Jimmy@jbjob.com.tw()	
2011/7/21 下午 09:52:43	傳送郵件到Tiffany@jbjob.com.tw()	
2011/7/21 下午 10:22:45	傳送郵件到wilson@jbjob.com.tw()	
