2011/12/7 上午 08:38:31	傳送郵件到kelly@jbjob.com.tw()	
2011/12/7 上午 08:48:32	傳送郵件到clinton@jbjob.com.tw()	
2011/12/7 上午 08:58:32	傳送郵件到Paul@jbjob.com.tw()	
2011/12/7 上午 08:58:32	傳送郵件到richard@jbjob.com.tw()	
2011/12/7 上午 10:38:34	傳送郵件到kelly@jbjob.com.tw()	
2011/12/7 上午 10:48:35	傳送郵件到clinton@jbjob.com.tw()	
2011/12/7 上午 10:58:36	傳送郵件到Paul@jbjob.com.tw()	
2011/12/7 上午 10:58:36	傳送郵件到richard@jbjob.com.tw()	
2011/12/7 上午 11:08:37	傳送郵件到Angel@jbjob.com.tw()	
2011/12/7 上午 11:28:38	傳送郵件到Tiffany@jbjob.com.tw()	
2011/12/7 下午 12:38:39	傳送郵件到kelly@jbjob.com.tw()	
2011/12/7 下午 12:58:39	傳送郵件到Paul@jbjob.com.tw()	
2011/12/7 下午 01:08:40	傳送郵件到Tina@jbjob.com.tw()	
2011/12/7 下午 01:08:40	傳送郵件到Angel@jbjob.com.tw()	
2011/12/7 下午 01:28:42	傳送郵件到Tiffany@jbjob.com.tw()	
2011/12/7 下午 01:48:43	傳送郵件到clinton@jbjob.com.tw()	
2011/12/7 下午 02:18:47	傳送郵件到Grace@jbjob.com.tw()	
2011/12/7 下午 03:28:48	傳送郵件到Tiffany@jbjob.com.tw()	
2011/12/7 下午 03:48:49	傳送郵件到clinton@jbjob.com.tw()	
2011/12/7 下午 04:08:50	傳送郵件到Tina@jbjob.com.tw()	
2011/12/7 下午 04:18:50	傳送郵件到Grace@jbjob.com.tw()	
2011/12/7 下午 04:28:52	傳送郵件到richard@jbjob.com.tw()	
2011/12/7 下午 04:38:53	傳送郵件到maryann@jbjob.com.tw()	
2011/12/7 下午 04:48:53	傳送郵件到Angel@jbjob.com.tw()	
2011/12/7 下午 05:48:54	傳送郵件到clinton@jbjob.com.tw()	
2011/12/7 下午 06:08:55	傳送郵件到Tina@jbjob.com.tw()	
2011/12/7 下午 06:18:56	傳送郵件到Grace@jbjob.com.tw()	
2011/12/7 下午 06:38:56	傳送郵件到richard@jbjob.com.tw()	
2011/12/7 下午 06:38:57	傳送郵件到maryann@jbjob.com.tw()	
2011/12/7 下午 06:58:57	傳送郵件到Angel@jbjob.com.tw()	
2011/12/7 下午 08:08:58	傳送郵件到Tina@jbjob.com.tw()	
2011/12/7 下午 08:38:59	傳送郵件到richard@jbjob.com.tw()	
2011/12/7 下午 08:38:59	傳送郵件到maryann@jbjob.com.tw()	
2011/12/7 下午 10:39:01	傳送郵件到richard@jbjob.com.tw()	
2011/12/7 下午 11:19:02	傳送郵件到Angel@jbjob.com.tw()	
