2011/6/30 上午 09:49:59	傳送郵件到daphne@jbjob.com.tw()	
2011/6/30 上午 10:00:00	傳送郵件到Amy@jbjob.com.tw()	
2011/6/30 上午 10:40:01	傳送郵件到clinton@jbjob.com.tw()	
2011/6/30 上午 11:30:01	傳送郵件到wilson@jbjob.com.tw()	
2011/6/30 上午 11:50:01	傳送郵件到cjs@jbjob.com.tw()	
2011/6/30 下午 12:00:03	傳送郵件到Amy@jbjob.com.tw()	
2011/6/30 下午 12:40:03	傳送郵件到clinton@jbjob.com.tw()	
2011/6/30 下午 12:50:04	傳送郵件到daphne@jbjob.com.tw()	
2011/6/30 下午 01:30:05	傳送郵件到Tina@jbjob.com.tw()	
2011/6/30 下午 01:30:05	傳送郵件到wilson@jbjob.com.tw()	
2011/6/30 下午 01:50:06	傳送郵件到cjs@jbjob.com.tw()	
2011/6/30 下午 02:40:07	傳送郵件到clinton@jbjob.com.tw()	
2011/6/30 下午 02:50:08	傳送郵件到daphne@jbjob.com.tw()	
2011/6/30 下午 03:30:10	傳送郵件到Tina@jbjob.com.tw()	
2011/6/30 下午 03:30:11	傳送郵件到Tiffany@jbjob.com.tw()	
2011/6/30 下午 03:30:12	傳送郵件到wilson@jbjob.com.tw()	
2011/6/30 下午 03:50:13	傳送郵件到cjs@jbjob.com.tw()	
2011/6/30 下午 04:10:13	傳送郵件到Jimmy@jbjob.com.tw()	
2011/6/30 下午 04:20:14	傳送郵件到Alex@jbjob.com.tw()	
2011/6/30 下午 05:30:15	傳送郵件到Tina@jbjob.com.tw()	
2011/6/30 下午 05:30:16	傳送郵件到Tiffany@jbjob.com.tw()	
2011/6/30 下午 07:50:17	傳送郵件到Alex@jbjob.com.tw()	
2011/6/30 下午 09:50:18	傳送郵件到Alex@jbjob.com.tw()	
2011/6/30 下午 11:50:19	傳送郵件到Alex@jbjob.com.tw()	
