2011/8/30 上午 08:51:39	傳送郵件到Tiffany@jbjob.com.tw()	
2011/8/30 上午 09:01:40	傳送郵件到cjs@jbjob.com.tw()	
2011/8/30 上午 09:01:41	傳送郵件到Jimmy@jbjob.com.tw()	
2011/8/30 上午 10:41:42	傳送郵件到richard@jbjob.com.tw()	
2011/8/30 上午 10:51:43	傳送郵件到Tiffany@jbjob.com.tw()	
2011/8/30 上午 11:01:43	傳送郵件到Jimmy@jbjob.com.tw()	
2011/8/30 上午 11:41:44	傳送郵件到Alex@jbjob.com.tw()	
2011/8/30 下午 12:41:45	傳送郵件到richard@jbjob.com.tw()	
2011/8/30 下午 12:51:45	傳送郵件到rita@jbjob.com.tw()	
2011/8/30 下午 12:51:46	傳送郵件到Tiffany@jbjob.com.tw()	
2011/8/30 下午 01:41:47	傳送郵件到Alex@jbjob.com.tw()	
2011/8/30 下午 01:41:47	傳送郵件到Jimmy@jbjob.com.tw()	
2011/8/30 下午 02:01:49	傳送郵件到Tina@jbjob.com.tw()	
2011/8/30 下午 02:41:50	傳送郵件到richard@jbjob.com.tw()	
2011/8/30 下午 03:41:51	傳送郵件到Jimmy@jbjob.com.tw()	
2011/8/30 下午 04:01:52	傳送郵件到Tina@jbjob.com.tw()	
2011/8/30 下午 05:11:53	傳送郵件到Amy@jbjob.com.tw()	
2011/8/30 下午 05:41:54	傳送郵件到Jimmy@jbjob.com.tw()	
2011/8/30 下午 06:01:54	傳送郵件到Tina@jbjob.com.tw()	
2011/8/30 下午 07:11:55	傳送郵件到Amy@jbjob.com.tw()	
2011/8/30 下午 08:11:56	傳送郵件到Alex@jbjob.com.tw()	
2011/8/30 下午 08:11:56	傳送郵件到clinton@jbjob.com.tw()	
2011/8/30 下午 09:11:58	傳送郵件到Amy@jbjob.com.tw()	
2011/8/30 下午 10:11:59	傳送郵件到Alex@jbjob.com.tw()	
2011/8/30 下午 10:11:59	傳送郵件到clinton@jbjob.com.tw()	
