2011/6/2 上午 12:41:53	傳送郵件到rita@jbjob.com.tw()	
2011/6/2 上午 02:41:53	傳送郵件到rita@jbjob.com.tw()	
2011/6/2 上午 09:11:56	傳送郵件到clinton@jbjob.com.tw()	
2011/6/2 上午 09:11:58	傳送郵件到richard@jbjob.com.tw()	
2011/6/2 上午 10:14:49	傳送郵件到Tiffany@jbjob.com.tw()	
2011/6/2 上午 11:11:58	傳送郵件到clinton@jbjob.com.tw()	
2011/6/2 上午 11:41:59	傳送郵件到richard@jbjob.com.tw()	
2011/6/2 下午 12:12:00	傳送郵件到Alex@jbjob.com.tw()	
2011/6/2 下午 01:12:01	傳送郵件到clinton@jbjob.com.tw()	
2011/6/2 下午 02:32:02	傳送郵件到Alex@jbjob.com.tw()	
2011/6/2 下午 03:12:03	傳送郵件到Tina@jbjob.com.tw()	
2011/6/2 下午 03:54:52	傳送郵件到Jimmy@jbjob.com.tw()	
2011/6/2 下午 04:12:04	傳送郵件到wilson@jbjob.com.tw()	
2011/6/2 下午 04:24:53	傳送郵件到daphne@jbjob.com.tw()	
2011/6/2 下午 05:12:05	傳送郵件到Tina@jbjob.com.tw()	
2011/6/2 下午 05:42:06	傳送郵件到rita@jbjob.com.tw()	
2011/6/2 下午 05:54:54	傳送郵件到Jimmy@jbjob.com.tw()	
2011/6/2 下午 06:02:07	傳送郵件到Tiffany@jbjob.com.tw()	
2011/6/2 下午 06:12:07	傳送郵件到wilson@jbjob.com.tw()	
2011/6/2 下午 06:24:55	傳送郵件到daphne@jbjob.com.tw()	
2011/6/2 下午 07:12:08	傳送郵件到Tina@jbjob.com.tw()	
2011/6/2 下午 07:12:08	傳送郵件到richard@jbjob.com.tw()	
2011/6/2 下午 07:42:10	傳送郵件到rita@jbjob.com.tw()	
2011/6/2 下午 07:54:55	傳送郵件到Jimmy@jbjob.com.tw()	
2011/6/2 下午 08:02:10	傳送郵件到Tiffany@jbjob.com.tw()	
2011/6/2 下午 08:12:11	傳送郵件到wilson@jbjob.com.tw()	
2011/6/2 下午 08:22:11	傳送郵件到Alex@jbjob.com.tw()	
2011/6/2 下午 09:12:12	傳送郵件到richard@jbjob.com.tw()	
2011/6/2 下午 09:42:13	傳送郵件到rita@jbjob.com.tw()	
2011/6/2 下午 10:02:13	傳送郵件到Tiffany@jbjob.com.tw()	
2011/6/2 下午 10:22:15	傳送郵件到Alex@jbjob.com.tw()	
2011/6/2 下午 11:12:16	傳送郵件到richard@jbjob.com.tw()	
