2011/5/18 上午 12:27:54	傳送郵件到wilson@jbjob.com.tw()	
2011/5/18 上午 08:57:59	傳送郵件到Jimmy@jbjob.com.tw()	
2011/5/18 上午 10:08:00	傳送郵件到rita@jbjob.com.tw()	
2011/5/18 上午 10:58:01	傳送郵件到Jimmy@jbjob.com.tw()	
2011/5/18 上午 11:28:04	傳送郵件到Alex@jbjob.com.tw()	
2011/5/18 上午 11:58:07	傳送郵件到Tiffany@jbjob.com.tw()	
2011/5/18 下午 12:18:08	傳送郵件到Tina@jbjob.com.tw()	
2011/5/18 下午 12:58:09	傳送郵件到Jimmy@jbjob.com.tw()	
2011/5/18 下午 01:48:09	傳送郵件到rita@jbjob.com.tw()	
2011/5/18 下午 02:08:10	傳送郵件到daphne@jbjob.com.tw()	
2011/5/18 下午 02:18:10	傳送郵件到Tina@jbjob.com.tw()	
2011/5/18 下午 02:38:12	傳送郵件到Paul@jbjob.com.tw()	
2011/5/18 下午 02:58:12	傳送郵件到Alex@jbjob.com.tw()	
2011/5/18 下午 03:28:15	傳送郵件到Amy@jbjob.com.tw()	
2011/5/18 下午 03:48:16	傳送郵件到rita@jbjob.com.tw()	
2011/5/18 下午 04:18:17	傳送郵件到Tina@jbjob.com.tw()	
2011/5/18 下午 04:38:18	傳送郵件到Paul@jbjob.com.tw()	
2011/5/18 下午 04:38:19	傳送郵件到Tiffany@jbjob.com.tw()	
2011/5/18 下午 05:28:20	傳送郵件到Amy@jbjob.com.tw()	
2011/5/18 下午 06:38:21	傳送郵件到Paul@jbjob.com.tw()	
2011/5/18 下午 06:38:21	傳送郵件到Tiffany@jbjob.com.tw()	
2011/5/18 下午 06:48:22	傳送郵件到Alex@jbjob.com.tw()	
2011/5/18 下午 07:28:23	傳送郵件到Amy@jbjob.com.tw()	
2011/5/18 下午 08:38:24	傳送郵件到Tiffany@jbjob.com.tw()	
2011/5/18 下午 08:48:24	傳送郵件到Alex@jbjob.com.tw()	
2011/5/18 下午 10:48:26	傳送郵件到Alex@jbjob.com.tw()	
