2010/10/13 上午 09:51:16	傳送郵件到clinton@jbjob.com.tw()	
2010/10/13 上午 09:51:19	傳送郵件到Jimmy@jbjob.com.tw()	
2010/10/13 上午 09:51:20	傳送郵件到Tiffany@jbjob.com.tw()	
2010/10/13 上午 09:51:21	傳送郵件到rurujion@jbjob.com.tw()	
2010/10/13 上午 09:51:22	傳送郵件到victor@jbjob.com.tw()	
2010/10/13 上午 09:51:22	傳送郵件到wilson@jbjob.com.tw()	
2010/10/13 上午 09:51:23	傳送郵件到daphne@jbjob.com.tw()	
2010/10/13 上午 09:51:24	傳送郵件到Candy@jbjob.com.tw()	
2010/10/13 上午 10:31:25	傳送郵件到cjs@jbjob.com.tw()	
2010/10/13 上午 10:51:26	傳送郵件到Lee@jbjob.com.tw()	
2010/10/13 上午 11:51:28	傳送郵件到Jimmy@jbjob.com.tw()	
2010/10/13 上午 11:51:29	傳送郵件到Tiffany@jbjob.com.tw()	
2010/10/13 上午 11:51:29	傳送郵件到rurujion@jbjob.com.tw()	
2010/10/13 上午 11:51:30	傳送郵件到victor@jbjob.com.tw()	
2010/10/13 上午 11:51:30	傳送郵件到wilson@jbjob.com.tw()	
2010/10/13 上午 11:51:31	傳送郵件到Candy@jbjob.com.tw()	
2010/10/13 下午 12:31:32	傳送郵件到cjs@jbjob.com.tw()	
2010/10/13 下午 12:51:33	傳送郵件到clinton@jbjob.com.tw()	
2010/10/13 下午 12:51:34	傳送郵件到Lee@jbjob.com.tw()	
2010/10/13 下午 01:51:36	傳送郵件到Jimmy@jbjob.com.tw()	
2010/10/13 下午 01:51:36	傳送郵件到Tiffany@jbjob.com.tw()	
2010/10/13 下午 01:51:45	傳送郵件到rurujion@jbjob.com.tw()	
2010/10/13 下午 01:51:52	傳送郵件到victor@jbjob.com.tw()	
2010/10/13 下午 01:51:52	傳送郵件到Candy@jbjob.com.tw()	
2010/10/13 下午 02:16:53	傳送郵件到richard@jbjob.com.tw()	
2010/10/13 下午 02:31:54	傳送郵件到cjs@jbjob.com.tw()	
2010/10/13 下午 03:16:55	傳送郵件到wilson@jbjob.com.tw()	
2010/10/13 下午 03:41:56	傳送郵件到Lee@jbjob.com.tw()	
2010/10/13 下午 04:41:58	傳送郵件到rurujion@jbjob.com.tw()	
2010/10/13 下午 05:42:00	傳送郵件到Lee@jbjob.com.tw()	
2010/10/13 下午 07:42:03	傳送郵件到Lee@jbjob.com.tw()	
2010/10/13 下午 09:52:07	傳送郵件到Paul@jbjob.com.tw()	
2010/10/13 下午 09:52:07	傳送郵件到Lilian@jbjob.com.tw()	
2010/10/13 下午 11:52:11	傳送郵件到Paul@jbjob.com.tw()	
2010/10/13 下午 11:52:12	傳送郵件到Lilian@jbjob.com.tw()	
