2011/3/2 上午 08:32:00	傳送郵件到Tina@jbjob.com.tw()	
2011/3/2 上午 08:57:00	傳送郵件到richard@jbjob.com.tw()	
2011/3/2 上午 09:47:01	傳送郵件到Alex@jbjob.com.tw()	
2011/3/2 上午 10:32:02	傳送郵件到Tina@jbjob.com.tw()	
2011/3/2 上午 10:47:02	傳送郵件到rita@jbjob.com.tw()	
2011/3/2 上午 11:17:03	傳送郵件到Grace@jbjob.com.tw()	
2011/3/2 上午 11:42:04	傳送郵件到daphne@jbjob.com.tw()	
2011/3/2 上午 11:47:05	傳送郵件到Alex@jbjob.com.tw()	
2011/3/2 下午 12:32:06	傳送郵件到Tina@jbjob.com.tw()	
2011/3/2 下午 12:47:07	傳送郵件到rita@jbjob.com.tw()	
2011/3/2 下午 12:52:07	傳送郵件到clinton@jbjob.com.tw()	
2011/3/2 下午 01:17:08	傳送郵件到Grace@jbjob.com.tw()	
2011/3/2 下午 01:22:09	傳送郵件到victor@jbjob.com.tw()	
2011/3/2 下午 01:42:09	傳送郵件到daphne@jbjob.com.tw()	
2011/3/2 下午 02:12:11	傳送郵件到Alex@jbjob.com.tw()	
2011/3/2 下午 02:32:11	傳送郵件到Amy@jbjob.com.tw()	
2011/3/2 下午 03:17:12	傳送郵件到Grace@jbjob.com.tw()	
2011/3/2 下午 03:22:13	傳送郵件到victor@jbjob.com.tw()	
2011/3/2 下午 03:42:14	傳送郵件到daphne@jbjob.com.tw()	
2011/3/2 下午 04:12:16	傳送郵件到Alex@jbjob.com.tw()	
2011/3/2 下午 04:32:17	傳送郵件到Amy@jbjob.com.tw()	
2011/3/2 下午 05:22:18	傳送郵件到victor@jbjob.com.tw()	
2011/3/2 下午 06:12:19	傳送郵件到wilson@jbjob.com.tw()	
2011/3/2 下午 06:32:20	傳送郵件到Amy@jbjob.com.tw()	
2011/3/2 下午 06:42:22	傳送郵件到clinton@jbjob.com.tw()	
2011/3/2 下午 08:02:23	傳送郵件到Alex@jbjob.com.tw()	
2011/3/2 下午 08:12:23	傳送郵件到wilson@jbjob.com.tw()	
2011/3/2 下午 08:42:24	傳送郵件到clinton@jbjob.com.tw()	
2011/3/2 下午 10:02:25	傳送郵件到Alex@jbjob.com.tw()	
2011/3/2 下午 10:12:26	傳送郵件到wilson@jbjob.com.tw()	
