2010/12/15 上午 08:41:57	傳送郵件到richard@jbjob.com.tw()	
2010/12/15 上午 09:26:58	傳送郵件到rurujion@jbjob.com.tw()	
2010/12/15 上午 09:36:58	傳送郵件到victor@jbjob.com.tw()	
2010/12/15 上午 10:32:00	傳送郵件到daphne@jbjob.com.tw()	
2010/12/15 上午 11:27:01	傳送郵件到rurujion@jbjob.com.tw()	
2010/12/15 上午 11:37:02	傳送郵件到victor@jbjob.com.tw()	
2010/12/15 上午 11:47:03	傳送郵件到Lee@jbjob.com.tw()	
2010/12/15 下午 12:02:03	傳送郵件到cjs@jbjob.com.tw()	
2010/12/15 下午 01:07:05	傳送郵件到richard@jbjob.com.tw()	
2010/12/15 下午 01:27:06	傳送郵件到rurujion@jbjob.com.tw()	
2010/12/15 下午 01:37:06	傳送郵件到victor@jbjob.com.tw()	
2010/12/15 下午 01:47:07	傳送郵件到Lee@jbjob.com.tw()	
2010/12/15 下午 02:17:08	傳送郵件到Amy@jbjob.com.tw()	
2010/12/15 下午 03:07:09	傳送郵件到clinton@jbjob.com.tw()	
2010/12/15 下午 03:47:10	傳送郵件到Lee@jbjob.com.tw()	
2010/12/15 下午 03:57:11	傳送郵件到richard@jbjob.com.tw()	
2010/12/15 下午 04:17:12	傳送郵件到Amy@jbjob.com.tw()	
2010/12/15 下午 05:07:13	傳送郵件到clinton@jbjob.com.tw()	
2010/12/15 下午 05:07:14	傳送郵件到Tiffany@jbjob.com.tw()	
2010/12/15 下午 05:57:15	傳送郵件到richard@jbjob.com.tw()	
2010/12/15 下午 06:17:16	傳送郵件到Amy@jbjob.com.tw()	
2010/12/15 下午 06:22:16	傳送郵件到cjs@jbjob.com.tw()	
2010/12/15 下午 07:07:18	傳送郵件到Tiffany@jbjob.com.tw()	
2010/12/15 下午 07:57:19	傳送郵件到richard@jbjob.com.tw()	
2010/12/15 下午 08:22:20	傳送郵件到cjs@jbjob.com.tw()	
2010/12/15 下午 09:07:22	傳送郵件到Tiffany@jbjob.com.tw()	
2010/12/15 下午 10:22:24	傳送郵件到cjs@jbjob.com.tw()	
