2011/11/22 上午 12:39:16	傳送郵件到Grace@jbjob.com.tw()	
2011/11/22 上午 08:38:10	傳送郵件到Tiffany@jbjob.com.tw()	
2011/11/22 上午 08:48:11	傳送郵件到Tina@jbjob.com.tw()	
2011/11/22 上午 10:08:12	傳送郵件到rita@jbjob.com.tw()	
2011/11/22 上午 10:08:12	傳送郵件到Jimmy@jbjob.com.tw()	
2011/11/22 上午 10:48:13	傳送郵件到Tina@jbjob.com.tw()	
2011/11/22 上午 10:48:13	傳送郵件到Angel@jbjob.com.tw()	
2011/11/22 上午 11:28:14	傳送郵件到Paul@jbjob.com.tw()	
2011/11/22 下午 12:08:15	傳送郵件到clinton@jbjob.com.tw()	
2011/11/22 下午 12:08:15	傳送郵件到Jimmy@jbjob.com.tw()	
2011/11/22 下午 12:18:16	傳送郵件到cjs@jbjob.com.tw()	
2011/11/22 下午 12:39:20	傳送郵件到Tiffany@jbjob.com.tw()	
2011/11/22 下午 01:39:22	傳送郵件到Tina@jbjob.com.tw()	
2011/11/22 下午 02:08:16	傳送郵件到Jimmy@jbjob.com.tw()	
2011/11/22 下午 02:28:17	傳送郵件到Angel@jbjob.com.tw()	
2011/11/22 下午 03:19:24	傳送郵件到richard@jbjob.com.tw()	
2011/11/22 下午 03:39:25	傳送郵件到Tina@jbjob.com.tw()	
2011/11/22 下午 04:18:18	傳送郵件到Jimmy@jbjob.com.tw()	
2011/11/22 下午 05:18:19	傳送郵件到Angel@jbjob.com.tw()	
2011/11/22 下午 05:39:26	傳送郵件到Tina@jbjob.com.tw()	
2011/11/22 下午 06:18:20	傳送郵件到Jimmy@jbjob.com.tw()	
2011/11/22 下午 07:28:21	傳送郵件到Angel@jbjob.com.tw()	
2011/11/22 下午 07:58:21	傳送郵件到Tiffany@jbjob.com.tw()	
2011/11/22 下午 09:28:22	傳送郵件到Angel@jbjob.com.tw()	
2011/11/22 下午 09:58:22	傳送郵件到rita@jbjob.com.tw()	
2011/11/22 下午 09:58:23	傳送郵件到Tiffany@jbjob.com.tw()	
2011/11/22 下午 11:28:24	傳送郵件到Angel@jbjob.com.tw()	
2011/11/22 下午 11:58:24	傳送郵件到rita@jbjob.com.tw()	
2011/11/22 下午 11:58:25	傳送郵件到Tiffany@jbjob.com.tw()	
