2011/8/3 上午 09:23:26	傳送郵件到jju@jbjob.com.tw()	
2011/8/3 上午 09:43:27	傳送郵件到Jimmy@jbjob.com.tw()	
2011/8/3 上午 10:53:28	傳送郵件到victor@jbjob.com.tw()	
2011/8/3 上午 11:23:29	傳送郵件到jju@jbjob.com.tw()	
2011/8/3 上午 11:43:29	傳送郵件到Jimmy@jbjob.com.tw()	
2011/8/3 下午 12:53:31	傳送郵件到victor@jbjob.com.tw()	
2011/8/3 下午 01:23:31	傳送郵件到jju@jbjob.com.tw()	
2011/8/3 下午 01:33:32	傳送郵件到Tiffany@jbjob.com.tw()	
2011/8/3 下午 01:43:32	傳送郵件到Jimmy@jbjob.com.tw()	
2011/8/3 下午 02:53:33	傳送郵件到victor@jbjob.com.tw()	
2011/8/3 下午 03:33:34	傳送郵件到clinton@jbjob.com.tw()	
2011/8/3 下午 03:33:35	傳送郵件到Tiffany@jbjob.com.tw()	
2011/8/3 下午 04:23:36	傳送郵件到Amy@jbjob.com.tw()	
2011/8/3 下午 05:03:37	傳送郵件到Alex@jbjob.com.tw()	
2011/8/3 下午 05:23:38	傳送郵件到richard@jbjob.com.tw()	
2011/8/3 下午 05:33:39	傳送郵件到clinton@jbjob.com.tw()	
2011/8/3 下午 06:23:40	傳送郵件到Amy@jbjob.com.tw()	
2011/8/3 下午 07:23:40	傳送郵件到richard@jbjob.com.tw()	
2011/8/3 下午 07:33:41	傳送郵件到clinton@jbjob.com.tw()	
2011/8/3 下午 07:43:41	傳送郵件到Alex@jbjob.com.tw()	
2011/8/3 下午 09:24:04	傳送郵件到richard@jbjob.com.tw()	
2011/8/3 下午 09:44:04	傳送郵件到Alex@jbjob.com.tw()	
2011/8/3 下午 10:54:05	傳送郵件到Amy@jbjob.com.tw()	
2011/8/3 下午 11:44:06	傳送郵件到Alex@jbjob.com.tw()	
