2011/5/27 上午 08:08:08	傳送郵件到Alex@jbjob.com.tw()	
2011/5/27 上午 08:48:08	傳送郵件到clinton@jbjob.com.tw()	
2011/5/27 上午 10:52:38	傳送郵件到clinton@jbjob.com.tw()	
2011/5/27 上午 11:42:39	傳送郵件到wilson@jbjob.com.tw()	
2011/5/27 下午 12:52:41	傳送郵件到clinton@jbjob.com.tw()	
2011/5/27 下午 01:32:42	傳送郵件到daphne@jbjob.com.tw()	
2011/5/27 下午 01:42:43	傳送郵件到wilson@jbjob.com.tw()	
2011/5/27 下午 02:22:49	傳送郵件到Alex@jbjob.com.tw()	
2011/5/27 下午 03:42:53	傳送郵件到wilson@jbjob.com.tw()	
2011/5/27 下午 04:02:54	傳送郵件到Jimmy@jbjob.com.tw()	
2011/5/27 下午 05:02:55	傳送郵件到Tiffany@jbjob.com.tw()	
2011/5/27 下午 05:22:55	傳送郵件到Amy@jbjob.com.tw()	
2011/5/27 下午 06:02:58	傳送郵件到cjs@jbjob.com.tw()	
2011/5/27 下午 06:03:00	傳送郵件到Jimmy@jbjob.com.tw()	
2011/5/27 下午 06:13:03	傳送郵件到Alex@jbjob.com.tw()	
2011/5/27 下午 07:23:05	傳送郵件到Amy@jbjob.com.tw()	
2011/5/27 下午 07:23:05	傳送郵件到Tiffany@jbjob.com.tw()	
2011/5/27 下午 08:03:07	傳送郵件到cjs@jbjob.com.tw()	
2011/5/27 下午 08:13:07	傳送郵件到Alex@jbjob.com.tw()	
2011/5/27 下午 09:23:10	傳送郵件到Amy@jbjob.com.tw()	
2011/5/27 下午 09:23:10	傳送郵件到Tiffany@jbjob.com.tw()	
2011/5/27 下午 10:13:11	傳送郵件到Alex@jbjob.com.tw()	
2011/5/27 下午 11:23:12	傳送郵件到Tiffany@jbjob.com.tw()	
