2011/12/2 上午 09:16:53	傳送郵件到clinton@jbjob.com.tw()	
2011/12/2 上午 09:16:54	傳送郵件到Paul@jbjob.com.tw()	
2011/12/2 上午 09:16:55	傳送郵件到Tina@jbjob.com.tw()	
2011/12/2 上午 09:16:55	傳送郵件到rita@jbjob.com.tw()	
2011/12/2 上午 09:16:56	傳送郵件到cjs@jbjob.com.tw()	
2011/12/2 上午 09:16:56	傳送郵件到Tiffany@jbjob.com.tw()	
2011/12/2 上午 09:16:57	傳送郵件到kelly@jbjob.com.tw()	
2011/12/2 上午 09:16:57	傳送郵件到richard@jbjob.com.tw()	
2011/12/2 上午 09:16:58	傳送郵件到akai@jbjob.com.tw()	
2011/12/2 上午 10:46:59	傳送郵件到Angel@jbjob.com.tw()	
2011/12/2 上午 11:16:59	傳送郵件到clinton@jbjob.com.tw()	
2011/12/2 上午 11:17:00	傳送郵件到Tina@jbjob.com.tw()	
2011/12/2 上午 11:17:00	傳送郵件到rita@jbjob.com.tw()	
2011/12/2 上午 11:37:01	傳送郵件到danghanh@jbjob.com.tw()	
2011/12/2 下午 01:17:02	傳送郵件到clinton@jbjob.com.tw()	
2011/12/2 下午 01:37:02	傳送郵件到richard@jbjob.com.tw()	
2011/12/2 下午 01:37:03	傳送郵件到danghanh@jbjob.com.tw()	
2011/12/2 下午 01:47:03	傳送郵件到Tina@jbjob.com.tw()	
2011/12/2 下午 02:27:04	傳送郵件到Angel@jbjob.com.tw()	
2011/12/2 下午 03:27:05	傳送郵件到Grace@jbjob.com.tw()	
2011/12/2 下午 03:37:05	傳送郵件到danghanh@jbjob.com.tw()	
2011/12/2 下午 03:47:06	傳送郵件到Tina@jbjob.com.tw()	
2011/12/2 下午 04:07:07	傳送郵件到wilson@jbjob.com.tw()	
2011/12/2 下午 04:27:07	傳送郵件到Angel@jbjob.com.tw()	
2011/12/2 下午 05:27:08	傳送郵件到Grace@jbjob.com.tw()	
2011/12/2 下午 05:47:09	傳送郵件到Tina@jbjob.com.tw()	
2011/12/2 下午 05:47:10	傳送郵件到richard@jbjob.com.tw()	
2011/12/2 下午 06:27:10	傳送郵件到Angel@jbjob.com.tw()	
2011/12/2 下午 07:27:11	傳送郵件到Grace@jbjob.com.tw()	
2011/12/2 下午 07:47:11	傳送郵件到Tiffany@jbjob.com.tw()	
2011/12/2 下午 07:47:12	傳送郵件到richard@jbjob.com.tw()	
2011/12/2 下午 09:17:13	傳送郵件到clinton@jbjob.com.tw()	
2011/12/2 下午 09:47:14	傳送郵件到Tiffany@jbjob.com.tw()	
2011/12/2 下午 09:47:14	傳送郵件到richard@jbjob.com.tw()	
2011/12/2 下午 11:17:15	傳送郵件到clinton@jbjob.com.tw()	
2011/12/2 下午 11:47:16	傳送郵件到Tiffany@jbjob.com.tw()	
