2012/4/24 上午 01:37:53	傳送郵件到richard@jbjob.com.tw()	
2012/4/24 上午 08:58:14	傳送郵件到Angel@jbjob.com.tw()	
2012/4/24 上午 09:38:32	傳送郵件到kelly@jbjob.com.tw()	
2012/4/24 上午 09:58:33	傳送郵件到wilson@jbjob.com.tw()	
2012/4/24 上午 10:08:36	傳送郵件到cjs@jbjob.com.tw()	
2012/4/24 上午 10:28:36	傳送郵件到clinton@jbjob.com.tw()	
2012/4/24 上午 10:48:37	傳送郵件到richard@jbjob.com.tw()	
2012/4/24 上午 11:48:39	傳送郵件到Angel@jbjob.com.tw()	
2012/4/24 下午 12:28:40	傳送郵件到clinton@jbjob.com.tw()	
2012/4/24 下午 12:28:40	傳送郵件到wilson@jbjob.com.tw()	
2012/4/24 下午 12:48:41	傳送郵件到richard@jbjob.com.tw()	
2012/4/24 下午 01:58:42	傳送郵件到Angel@jbjob.com.tw()	
2012/4/24 下午 02:28:43	傳送郵件到clinton@jbjob.com.tw()	
2012/4/24 下午 02:28:43	傳送郵件到wilson@jbjob.com.tw()	
2012/4/24 下午 02:38:44	傳送郵件到Grace@jbjob.com.tw()	
2012/4/24 下午 02:38:44	傳送郵件到jju@jbjob.com.tw()	
2012/4/24 下午 03:18:46	傳送郵件到Jessica@jbjob.com.tw()	
2012/4/24 下午 03:28:46	傳送郵件到richard@jbjob.com.tw()	
2012/4/24 下午 04:28:48	傳送郵件到wilson@jbjob.com.tw()	
2012/4/24 下午 04:38:48	傳送郵件到Grace@jbjob.com.tw()	
2012/4/24 下午 04:38:49	傳送郵件到jju@jbjob.com.tw()	
2012/4/24 下午 05:18:49	傳送郵件到Jessica@jbjob.com.tw()	
2012/4/24 下午 05:48:50	傳送郵件到richard@jbjob.com.tw()	
2012/4/24 下午 06:38:51	傳送郵件到Grace@jbjob.com.tw()	
2012/4/24 下午 06:38:52	傳送郵件到jju@jbjob.com.tw()	
2012/4/24 下午 07:08:52	傳送郵件到Angel@jbjob.com.tw()	
2012/4/24 下午 07:18:53	傳送郵件到Jessica@jbjob.com.tw()	
2012/4/24 下午 07:48:53	傳送郵件到richard@jbjob.com.tw()	
2012/4/24 下午 09:08:55	傳送郵件到Angel@jbjob.com.tw()	
2012/4/24 下午 09:48:56	傳送郵件到richard@jbjob.com.tw()	
2012/4/24 下午 11:08:57	傳送郵件到Angel@jbjob.com.tw()	
