2010/11/16 上午 07:39:24	傳送郵件到Grace@jbjob.com.tw()	
2010/11/16 上午 07:39:25	傳送郵件到Tina@jbjob.com.tw()	
2010/11/16 上午 07:39:25	傳送郵件到cjs@jbjob.com.tw()	
2010/11/16 上午 07:39:26	傳送郵件到Amy@jbjob.com.tw()	
2010/11/16 上午 07:39:26	傳送郵件到Lee@jbjob.com.tw()	
2010/11/16 上午 07:39:26	傳送郵件到Lilian@jbjob.com.tw()	
2010/11/16 上午 07:39:27	傳送郵件到Jimmy@jbjob.com.tw()	
2010/11/16 上午 07:39:27	傳送郵件到wilson@jbjob.com.tw()	
2010/11/16 上午 07:39:27	傳送郵件到jju@jbjob.com.tw()	
2010/11/16 上午 07:39:28	傳送郵件到richard@jbjob.com.tw()	
2010/11/16 上午 07:39:28	傳送郵件到Erwinuy@jbjob.com.tw()	
2010/11/16 上午 07:39:29	傳送郵件到Candy@jbjob.com.tw()	
2010/11/16 上午 07:40:20	傳送郵件到Grace@jbjob.com.tw()	
2010/11/16 上午 07:40:20	傳送郵件到Tina@jbjob.com.tw()	
2010/11/16 上午 07:40:21	傳送郵件到cjs@jbjob.com.tw()	
2010/11/16 上午 07:40:21	傳送郵件到Amy@jbjob.com.tw()	
2010/11/16 上午 07:40:21	傳送郵件到Lee@jbjob.com.tw()	
2010/11/16 上午 07:40:22	傳送郵件到Lilian@jbjob.com.tw()	
2010/11/16 上午 07:40:22	傳送郵件到Jimmy@jbjob.com.tw()	
2010/11/16 上午 07:40:22	傳送郵件到wilson@jbjob.com.tw()	
2010/11/16 上午 07:40:23	傳送郵件到jju@jbjob.com.tw()	
2010/11/16 上午 07:40:23	傳送郵件到richard@jbjob.com.tw()	
2010/11/16 上午 07:40:23	傳送郵件到Erwinuy@jbjob.com.tw()	
2010/11/16 上午 07:40:24	傳送郵件到Candy@jbjob.com.tw()	
2010/11/16 上午 08:55:25	傳送郵件到Tiffany@jbjob.com.tw()	
2010/11/16 上午 09:40:28	傳送郵件到Grace@jbjob.com.tw()	
2010/11/16 上午 09:40:28	傳送郵件到Tina@jbjob.com.tw()	
2010/11/16 上午 09:40:29	傳送郵件到cjs@jbjob.com.tw()	
2010/11/16 上午 09:40:29	傳送郵件到Amy@jbjob.com.tw()	
2010/11/16 上午 09:40:30	傳送郵件到Lilian@jbjob.com.tw()	
2010/11/16 上午 09:40:30	傳送郵件到jju@jbjob.com.tw()	
2010/11/16 上午 09:40:31	傳送郵件到richard@jbjob.com.tw()	
2010/11/16 上午 09:40:32	傳送郵件到Erwinuy@jbjob.com.tw()	
2010/11/16 上午 09:40:33	傳送郵件到Candy@jbjob.com.tw()	
2010/11/16 上午 10:45:36	傳送郵件到Paul@jbjob.com.tw()	
2010/11/16 上午 10:45:36	傳送郵件到victor@jbjob.com.tw()	
2010/11/16 上午 10:55:37	傳送郵件到Tiffany@jbjob.com.tw()	
2010/11/16 上午 11:40:38	傳送郵件到Grace@jbjob.com.tw()	
2010/11/16 上午 11:40:39	傳送郵件到Tina@jbjob.com.tw()	
2010/11/16 上午 11:40:39	傳送郵件到cjs@jbjob.com.tw()	
2010/11/16 上午 11:40:40	傳送郵件到Amy@jbjob.com.tw()	
2010/11/16 上午 11:40:40	傳送郵件到Lilian@jbjob.com.tw()	
2010/11/16 上午 11:40:40	傳送郵件到jju@jbjob.com.tw()	
2010/11/16 上午 11:40:41	傳送郵件到Erwinuy@jbjob.com.tw()	
2010/11/16 上午 11:40:41	傳送郵件到Candy@jbjob.com.tw()	
2010/11/16 下午 12:35:43	傳送郵件到richard@jbjob.com.tw()	
2010/11/16 下午 12:45:44	傳送郵件到Paul@jbjob.com.tw()	
2010/11/16 下午 12:55:44	傳送郵件到Tiffany@jbjob.com.tw()	
2010/11/16 下午 02:10:46	傳送郵件到rita@jbjob.com.tw()	
2010/11/16 下午 02:35:47	傳送郵件到richard@jbjob.com.tw()	
2010/11/16 下午 02:45:48	傳送郵件到Paul@jbjob.com.tw()	
2010/11/16 下午 03:10:48	傳送郵件到clinton@jbjob.com.tw()	
2010/11/16 下午 03:10:49	傳送郵件到Lee@jbjob.com.tw()	
2010/11/16 下午 05:10:51	傳送郵件到clinton@jbjob.com.tw()	
2010/11/16 下午 05:10:52	傳送郵件到Lee@jbjob.com.tw()	
2010/11/16 下午 06:15:53	傳送郵件到luz@jbjob.com.tw()	
2010/11/16 下午 06:15:53	傳送郵件到daphne@jbjob.com.tw()	
2010/11/16 下午 07:10:54	傳送郵件到Lee@jbjob.com.tw()	
2010/11/16 下午 07:30:55	傳送郵件到cjs@jbjob.com.tw()	
2010/11/16 下午 08:15:56	傳送郵件到Tina@jbjob.com.tw()	
2010/11/16 下午 08:15:56	傳送郵件到daphne@jbjob.com.tw()	
2010/11/16 下午 09:05:57	傳送郵件到clinton@jbjob.com.tw()	
2010/11/16 下午 09:30:58	傳送郵件到cjs@jbjob.com.tw()	
2010/11/16 下午 10:15:59	傳送郵件到Tina@jbjob.com.tw()	
2010/11/16 下午 10:16:00	傳送郵件到daphne@jbjob.com.tw()	
2010/11/16 下午 11:31:01	傳送郵件到cjs@jbjob.com.tw()	
