2011/8/16 上午 09:07:20	傳送郵件到Tina@jbjob.com.tw()	
2011/8/16 上午 09:17:24	傳送郵件到clinton@jbjob.com.tw()	
2011/8/16 上午 09:57:25	傳送郵件到Alex@jbjob.com.tw()	
2011/8/16 上午 09:57:26	傳送郵件到Paul@jbjob.com.tw()	
2011/8/16 上午 11:07:27	傳送郵件到Tina@jbjob.com.tw()	
2011/8/16 上午 11:17:28	傳送郵件到clinton@jbjob.com.tw()	
2011/8/16 上午 11:27:29	傳送郵件到cjs@jbjob.com.tw()	
2011/8/16 上午 11:57:29	傳送郵件到Paul@jbjob.com.tw()	
2011/8/16 下午 01:07:31	傳送郵件到Tina@jbjob.com.tw()	
2011/8/16 下午 01:17:31	傳送郵件到clinton@jbjob.com.tw()	
2011/8/16 下午 01:17:32	傳送郵件到jju@jbjob.com.tw()	
2011/8/16 下午 01:27:34	傳送郵件到cjs@jbjob.com.tw()	
2011/8/16 下午 01:47:35	傳送郵件到Alex@jbjob.com.tw()	
2011/8/16 下午 01:57:37	傳送郵件到Paul@jbjob.com.tw()	
2011/8/16 下午 03:17:38	傳送郵件到jju@jbjob.com.tw()	
2011/8/16 下午 04:27:40	傳送郵件到Jimmy@jbjob.com.tw()	
2011/8/16 下午 04:47:41	傳送郵件到Alex@jbjob.com.tw()	
2011/8/16 下午 04:57:42	傳送郵件到wilson@jbjob.com.tw()	
2011/8/16 下午 05:17:43	傳送郵件到jju@jbjob.com.tw()	
2011/8/16 下午 06:47:44	傳送郵件到Alex@jbjob.com.tw()	
2011/8/16 下午 06:57:44	傳送郵件到wilson@jbjob.com.tw()	
2011/8/16 下午 08:47:45	傳送郵件到Alex@jbjob.com.tw()	
2011/8/16 下午 08:57:46	傳送郵件到wilson@jbjob.com.tw()	
2011/8/16 下午 09:47:47	傳送郵件到clinton@jbjob.com.tw()	
2011/8/16 下午 11:47:49	傳送郵件到clinton@jbjob.com.tw()	
