2011/11/25 上午 09:49:06	傳送郵件到Tina@jbjob.com.tw()	
2011/11/25 上午 10:39:07	傳送郵件到Tiffany@jbjob.com.tw()	
2011/11/25 上午 11:29:11	傳送郵件到wilson@jbjob.com.tw()	
2011/11/25 上午 11:49:11	傳送郵件到Tina@jbjob.com.tw()	
2011/11/25 上午 11:59:12	傳送郵件到richard@jbjob.com.tw()	
2011/11/25 下午 12:29:12	傳送郵件到Angel@jbjob.com.tw()	
2011/11/25 下午 12:39:13	傳送郵件到Tiffany@jbjob.com.tw()	
2011/11/25 下午 01:29:14	傳送郵件到wilson@jbjob.com.tw()	
2011/11/25 下午 01:49:15	傳送郵件到Tina@jbjob.com.tw()	
2011/11/25 下午 02:29:15	傳送郵件到Angel@jbjob.com.tw()	
2011/11/25 下午 02:39:16	傳送郵件到Tiffany@jbjob.com.tw()	
2011/11/25 下午 03:19:17	傳送郵件到richard@jbjob.com.tw()	
2011/11/25 下午 04:29:18	傳送郵件到Angel@jbjob.com.tw()	
2011/11/25 下午 04:59:19	傳送郵件到clinton@jbjob.com.tw()	
2011/11/25 下午 05:39:20	傳送郵件到jju@jbjob.com.tw()	
2011/11/25 下午 06:19:20	傳送郵件到cjs@jbjob.com.tw()	
2011/11/25 下午 07:39:21	傳送郵件到jju@jbjob.com.tw()	
2011/11/25 下午 08:29:22	傳送郵件到Tiffany@jbjob.com.tw()	
2011/11/25 下午 09:39:23	傳送郵件到jju@jbjob.com.tw()	
2011/11/25 下午 10:29:24	傳送郵件到Tiffany@jbjob.com.tw()	
