2012/10/8 上午 08:23:50	傳送郵件到Angel@jbjob.com.tw()	
2012/10/8 上午 09:06:30	傳送郵件到rita@jbjob.com.tw()	
2012/10/8 上午 09:36:30	傳送郵件到clinton@jbjob.com.tw()	
2012/10/8 下午 12:36:31	傳送郵件到Paul@jbjob.com.tw()	
2012/10/8 下午 01:21:32	傳送郵件到richard@jbjob.com.tw()	
2012/10/8 下午 01:36:34	傳送郵件到clinton@jbjob.com.tw()	
2012/10/8 下午 01:51:34	傳送郵件到Angel@jbjob.com.tw()	
2012/10/8 下午 02:06:35	傳送郵件到kelly@jbjob.com.tw()	
2012/10/8 下午 03:21:36	傳送郵件到Tina@jbjob.com.tw()	
2012/10/8 下午 04:36:37	傳送郵件到Paul@jbjob.com.tw()	
2012/10/8 下午 04:36:37	傳送郵件到wilson@jbjob.com.tw()	
2012/10/8 下午 05:06:38	傳送郵件到cjs@jbjob.com.tw()	
2012/10/8 下午 06:06:38	傳送郵件到Angel@jbjob.com.tw()	
2012/10/8 下午 06:06:39	傳送郵件到kelly@jbjob.com.tw()	
2012/10/8 下午 06:21:39	傳送郵件到Tiffany@jbjob.com.tw()	
2012/10/8 下午 07:06:40	傳送郵件到richard@jbjob.com.tw()	
2012/10/8 下午 07:21:41	傳送郵件到Tina@jbjob.com.tw()	
2012/10/8 下午 10:06:42	傳送郵件到Angel@jbjob.com.tw()	
2012/10/8 下午 10:06:42	傳送郵件到kelly@jbjob.com.tw()	
2012/10/8 下午 10:21:43	傳送郵件到Tiffany@jbjob.com.tw()	
2012/10/8 下午 10:51:44	傳送郵件到wilson@jbjob.com.tw()	
2012/10/8 下午 11:06:44	傳送郵件到richard@jbjob.com.tw()	
2012/10/8 下午 11:21:45	傳送郵件到Tina@jbjob.com.tw()	
