2012/4/2 上午 12:01:23	傳送郵件到clinton@jbjob.com.tw()	
2012/4/2 上午 02:01:24	傳送郵件到clinton@jbjob.com.tw()	
2012/4/2 上午 04:01:26	傳送郵件到clinton@jbjob.com.tw()	
2012/4/2 上午 08:11:27	傳送郵件到Angel@jbjob.com.tw()	
2012/4/2 上午 09:21:32	傳送郵件到rita@jbjob.com.tw()	
2012/4/2 上午 09:24:08	傳送郵件到kelly@jbjob.com.tw()	
2012/4/2 上午 10:11:33	傳送郵件到richard@jbjob.com.tw()	
2012/4/2 上午 10:21:33	傳送郵件到Angel@jbjob.com.tw()	
2012/4/2 上午 10:24:10	傳送郵件到clinton@jbjob.com.tw()	
2012/4/2 下午 12:21:35	傳送郵件到Angel@jbjob.com.tw()	
2012/4/2 下午 12:24:15	傳送郵件到richard@jbjob.com.tw()	
2012/4/2 下午 12:51:35	傳送郵件到Paul@jbjob.com.tw()	
2012/4/2 下午 01:11:36	傳送郵件到wilson@jbjob.com.tw()	
2012/4/2 下午 01:41:37	傳送郵件到clinton@jbjob.com.tw()	
2012/4/2 下午 02:21:38	傳送郵件到Angel@jbjob.com.tw()	
2012/4/2 下午 03:41:38	傳送郵件到clinton@jbjob.com.tw()	
2012/4/2 下午 04:11:39	傳送郵件到cjs@jbjob.com.tw()	
2012/4/2 下午 04:31:40	傳送郵件到jju@jbjob.com.tw()	
2012/4/2 下午 04:41:41	傳送郵件到wilson@jbjob.com.tw()	
2012/4/2 下午 05:41:42	傳送郵件到clinton@jbjob.com.tw()	
2012/4/2 下午 06:31:43	傳送郵件到jju@jbjob.com.tw()	
2012/4/2 下午 07:31:44	傳送郵件到Tiffany@jbjob.com.tw()	
2012/4/2 下午 07:31:45	傳送郵件到wilson@jbjob.com.tw()	
2012/4/2 下午 08:31:49	傳送郵件到jju@jbjob.com.tw()	
2012/4/2 下午 09:31:50	傳送郵件到Tiffany@jbjob.com.tw()	
2012/4/2 下午 09:31:51	傳送郵件到wilson@jbjob.com.tw()	
2012/4/2 下午 10:51:52	傳送郵件到richard@jbjob.com.tw()	
2012/4/2 下午 11:31:53	傳送郵件到Tiffany@jbjob.com.tw()	
2012/4/2 下午 11:31:54	傳送郵件到wilson@jbjob.com.tw()	
