2011/1/4 上午 12:04:12	傳送郵件到clinton@jbjob.com.tw()	
2011/1/4 上午 12:04:15	傳送郵件到Lee@jbjob.com.tw()	
2011/1/4 上午 08:49:19	傳送郵件到rita@jbjob.com.tw()	
2011/1/4 上午 10:39:20	傳送郵件到richard@jbjob.com.tw()	
2011/1/4 上午 10:59:21	傳送郵件到rita@jbjob.com.tw()	
2011/1/4 上午 11:44:22	傳送郵件到Lee@jbjob.com.tw()	
2011/1/4 上午 11:49:22	傳送郵件到Grace@jbjob.com.tw()	
2011/1/4 下午 12:34:23	傳送郵件到cjs@jbjob.com.tw()	
2011/1/4 下午 01:49:25	傳送郵件到Grace@jbjob.com.tw()	
2011/1/4 下午 02:29:26	傳送郵件到Lee@jbjob.com.tw()	
2011/1/4 下午 02:39:26	傳送郵件到clinton@jbjob.com.tw()	
2011/1/4 下午 02:44:27	傳送郵件到Jimmy@jbjob.com.tw()	
2011/1/4 下午 02:44:27	傳送郵件到victor@jbjob.com.tw()	
2011/1/4 下午 03:49:29	傳送郵件到Grace@jbjob.com.tw()	
2011/1/4 下午 03:49:29	傳送郵件到rurujion@jbjob.com.tw()	
2011/1/4 下午 04:29:30	傳送郵件到Lee@jbjob.com.tw()	
2011/1/4 下午 04:39:31	傳送郵件到clinton@jbjob.com.tw()	
2011/1/4 下午 04:39:31	傳送郵件到cjs@jbjob.com.tw()	
2011/1/4 下午 05:24:33	傳送郵件到Jimmy@jbjob.com.tw()	
2011/1/4 下午 05:49:33	傳送郵件到rurujion@jbjob.com.tw()	
2011/1/4 下午 06:09:34	傳送郵件到richard@jbjob.com.tw()	
2011/1/4 下午 06:39:35	傳送郵件到clinton@jbjob.com.tw()	
2011/1/4 下午 06:39:36	傳送郵件到Lee@jbjob.com.tw()	
2011/1/4 下午 07:24:36	傳送郵件到Jimmy@jbjob.com.tw()	
2011/1/4 下午 07:49:37	傳送郵件到rurujion@jbjob.com.tw()	
2011/1/4 下午 08:09:38	傳送郵件到richard@jbjob.com.tw()	
2011/1/4 下午 08:39:39	傳送郵件到Lee@jbjob.com.tw()	
2011/1/4 下午 09:24:40	傳送郵件到Jimmy@jbjob.com.tw()	
2011/1/4 下午 10:09:41	傳送郵件到richard@jbjob.com.tw()	
2011/1/4 下午 10:39:41	傳送郵件到Lee@jbjob.com.tw()	
