2012/8/30 上午 12:02:43	傳送郵件到Elva@jbjob.com.tw()	
2012/8/30 上午 12:02:44	傳送郵件到wilson@jbjob.com.tw()	
2012/8/30 上午 01:47:44	傳送郵件到richard@jbjob.com.tw()	
2012/8/30 上午 02:02:45	傳送郵件到Angel@jbjob.com.tw()	
2012/8/30 上午 04:02:46	傳送郵件到Elva@jbjob.com.tw()	
2012/8/30 上午 04:02:46	傳送郵件到wilson@jbjob.com.tw()	
2012/8/30 上午 05:47:47	傳送郵件到richard@jbjob.com.tw()	
2012/8/30 上午 08:02:48	傳送郵件到wilson@jbjob.com.tw()	
2012/8/30 上午 08:47:49	傳送郵件到cjs@jbjob.com.tw()	
2012/8/30 上午 09:17:49	傳送郵件到Tiffany@jbjob.com.tw()	
2012/8/30 上午 10:02:53	傳送郵件到Rebecca@jbjob.com.tw()	
2012/8/30 上午 10:32:54	傳送郵件到Lilian@jbjob.com.tw()	
2012/8/30 下午 02:32:55	傳送郵件到Lilian@jbjob.com.tw()	
2012/8/30 下午 02:47:56	傳送郵件到Rebecca@jbjob.com.tw()	
2012/8/30 下午 03:02:56	傳送郵件到Jimmy@jbjob.com.tw()	
2012/8/30 下午 04:32:57	傳送郵件到kelly@jbjob.com.tw()	
2012/8/30 下午 06:32:58	傳送郵件到Lilian@jbjob.com.tw()	
2012/8/30 下午 06:47:59	傳送郵件到Rebecca@jbjob.com.tw()	
2012/8/30 下午 07:02:59	傳送郵件到Jimmy@jbjob.com.tw()	
2012/8/30 下午 07:17:59	傳送郵件到cjs@jbjob.com.tw()	
2012/8/30 下午 08:33:00	傳送郵件到kelly@jbjob.com.tw()	
2012/8/30 下午 08:33:01	傳送郵件到richard@jbjob.com.tw()	
2012/8/30 下午 09:03:01	傳送郵件到Tiffany@jbjob.com.tw()	
2012/8/30 下午 10:48:02	傳送郵件到Rebecca@jbjob.com.tw()	
2012/8/30 下午 11:03:03	傳送郵件到Jimmy@jbjob.com.tw()	
2012/8/30 下午 11:18:03	傳送郵件到cjs@jbjob.com.tw()	
