2011/6/21 上午 09:17:54	傳送郵件到Jimmy@jbjob.com.tw()	
2011/6/21 上午 09:22:53	傳送郵件到Kenton@jbjob.com.tw()	
2011/6/21 上午 09:52:55	傳送郵件到Alex@jbjob.com.tw()	
2011/6/21 上午 11:02:57	傳送郵件到victor@jbjob.com.tw()	
2011/6/21 上午 11:22:58	傳送郵件到Kenton@jbjob.com.tw()	
2011/6/21 上午 11:52:59	傳送郵件到Alex@jbjob.com.tw()	
2011/6/21 上午 11:57:56	傳送郵件到Amy@jbjob.com.tw()	
2011/6/21 下午 01:23:00	傳送郵件到Kenton@jbjob.com.tw()	
2011/6/21 下午 01:33:01	傳送郵件到richard@jbjob.com.tw()	
2011/6/21 下午 01:53:01	傳送郵件到Grace@jbjob.com.tw()	
2011/6/21 下午 01:57:58	傳送郵件到Amy@jbjob.com.tw()	
2011/6/21 下午 02:13:02	傳送郵件到Alex@jbjob.com.tw()	
2011/6/21 下午 03:13:04	傳送郵件到jju@jbjob.com.tw()	
2011/6/21 下午 03:53:05	傳送郵件到Grace@jbjob.com.tw()	
2011/6/21 下午 03:53:05	傳送郵件到richard@jbjob.com.tw()	
2011/6/21 下午 03:57:59	傳送郵件到Amy@jbjob.com.tw()	
2011/6/21 下午 04:13:06	傳送郵件到Alex@jbjob.com.tw()	
2011/6/21 下午 05:13:07	傳送郵件到jju@jbjob.com.tw()	
2011/6/21 下午 05:53:11	傳送郵件到Grace@jbjob.com.tw()	
2011/6/21 下午 05:53:12	傳送郵件到richard@jbjob.com.tw()	
2011/6/21 下午 06:13:12	傳送郵件到Alex@jbjob.com.tw()	
2011/6/21 下午 07:13:13	傳送郵件到jju@jbjob.com.tw()	
