2012/3/9 上午 12:04:44	傳送郵件到wilson@jbjob.com.tw()	
2012/3/9 上午 01:14:45	傳送郵件到Tina@jbjob.com.tw()	
2012/3/9 上午 01:14:46	傳送郵件到Angel@jbjob.com.tw()	
2012/3/9 上午 03:14:47	傳送郵件到Tina@jbjob.com.tw()	
2012/3/9 上午 03:14:47	傳送郵件到Angel@jbjob.com.tw()	
2012/3/9 上午 05:14:48	傳送郵件到Tina@jbjob.com.tw()	
2012/3/9 上午 09:34:51	傳送郵件到cjs@jbjob.com.tw()	
2012/3/9 下午 01:34:52	傳送郵件到wilson@jbjob.com.tw()	
2012/3/9 下午 03:44:53	傳送郵件到Tina@jbjob.com.tw()	
2012/3/9 下午 04:54:54	傳送郵件到kelly@jbjob.com.tw()	
2012/3/9 下午 05:04:55	傳送郵件到Angel@jbjob.com.tw()	
2012/3/9 下午 05:47:15	傳送郵件到Tina@jbjob.com.tw()	
2012/3/9 下午 05:48:42	傳送郵件到richard@jbjob.com.tw()	
2012/3/9 下午 06:08:43	傳送郵件到Tiffany@jbjob.com.tw()	
2012/3/9 下午 06:18:44	傳送郵件到cjs@jbjob.com.tw()	
2012/3/9 下午 06:18:44	傳送郵件到wilson@jbjob.com.tw()	
2012/3/9 下午 07:48:45	傳送郵件到richard@jbjob.com.tw()	
2012/3/9 下午 08:08:46	傳送郵件到Tiffany@jbjob.com.tw()	
2012/3/9 下午 08:18:47	傳送郵件到wilson@jbjob.com.tw()	
2012/3/9 下午 09:48:47	傳送郵件到richard@jbjob.com.tw()	
2012/3/9 下午 10:08:48	傳送郵件到Tiffany@jbjob.com.tw()	
2012/3/9 下午 10:18:48	傳送郵件到wilson@jbjob.com.tw()	
