2010/10/7 上午 09:03:02	傳送郵件到Tiffany@jbjob.com.tw()	
2010/10/7 上午 09:08:02	傳送郵件到richard@jbjob.com.tw()	
2010/10/7 上午 09:23:03	傳送郵件到Tina@jbjob.com.tw()	
2010/10/7 上午 09:43:03	傳送郵件到Paul@jbjob.com.tw()	
2010/10/7 上午 10:58:06	傳送郵件到wilson@jbjob.com.tw()	
2010/10/7 上午 11:23:06	傳送郵件到Tina@jbjob.com.tw()	
2010/10/7 上午 11:43:07	傳送郵件到Paul@jbjob.com.tw()	
2010/10/7 上午 11:43:08	傳送郵件到jju@jbjob.com.tw()	
2010/10/7 下午 12:53:10	傳送郵件到Tiffany@jbjob.com.tw()	
2010/10/7 下午 01:23:10	傳送郵件到Tina@jbjob.com.tw()	
2010/10/7 下午 01:43:11	傳送郵件到Paul@jbjob.com.tw()	
2010/10/7 下午 01:43:12	傳送郵件到jju@jbjob.com.tw()	
2010/10/7 下午 01:58:12	傳送郵件到wilson@jbjob.com.tw()	
2010/10/7 下午 02:53:13	傳送郵件到Tiffany@jbjob.com.tw()	
2010/10/7 下午 03:38:16	傳送郵件到Lee@jbjob.com.tw()	
2010/10/7 下午 03:43:16	傳送郵件到jju@jbjob.com.tw()	
2010/10/7 下午 03:58:17	傳送郵件到wilson@jbjob.com.tw()	
2010/10/7 下午 04:38:18	傳送郵件到Amy@jbjob.com.tw()	
2010/10/7 下午 04:53:19	傳送郵件到Tiffany@jbjob.com.tw()	
2010/10/7 下午 05:38:21	傳送郵件到Paul@jbjob.com.tw()	
2010/10/7 下午 05:38:22	傳送郵件到Lee@jbjob.com.tw()	
2010/10/7 下午 07:38:24	傳送郵件到Paul@jbjob.com.tw()	
2010/10/7 下午 07:38:24	傳送郵件到Lee@jbjob.com.tw()	
2010/10/7 下午 09:38:28	傳送郵件到Paul@jbjob.com.tw()	
