2012/6/7 上午 12:09:54	傳送郵件到richard@jbjob.com.tw()	
2012/6/7 上午 01:39:55	傳送郵件到Tiffany@jbjob.com.tw()	
2012/6/7 上午 02:54:56	傳送郵件到Tina@jbjob.com.tw()	
2012/6/7 上午 04:09:56	傳送郵件到richard@jbjob.com.tw()	
2012/6/7 上午 09:06:49	傳送郵件到Paul@jbjob.com.tw()	
2012/6/7 下午 12:06:51	傳送郵件到richard@jbjob.com.tw()	
2012/6/7 下午 12:51:52	傳送郵件到Angel@jbjob.com.tw()	
2012/6/7 下午 01:06:53	傳送郵件到Paul@jbjob.com.tw()	
2012/6/7 下午 01:21:53	傳送郵件到Tina@jbjob.com.tw()	
2012/6/7 下午 01:51:54	傳送郵件到clinton@jbjob.com.tw()	
2012/6/7 下午 01:51:54	傳送郵件到rita@jbjob.com.tw()	
2012/6/7 下午 04:36:56	傳送郵件到richard@jbjob.com.tw()	
2012/6/7 下午 05:06:56	傳送郵件到Paul@jbjob.com.tw()	
2012/6/7 下午 05:21:57	傳送郵件到Tina@jbjob.com.tw()	
2012/6/7 下午 05:51:58	傳送郵件到clinton@jbjob.com.tw()	
2012/6/7 下午 07:21:59	傳送郵件到Tiffany@jbjob.com.tw()	
2012/6/7 下午 07:36:59	傳送郵件到Angel@jbjob.com.tw()	
2012/6/7 下午 09:22:00	傳送郵件到Tina@jbjob.com.tw()	
2012/6/7 下午 09:52:01	傳送郵件到clinton@jbjob.com.tw()	
2012/6/7 下午 11:22:02	傳送郵件到Tiffany@jbjob.com.tw()	
2012/6/7 下午 11:52:02	傳送郵件到Angel@jbjob.com.tw()	
