2010/9/7 上午 08:10:00	傳送郵件到Lee@jbjob.com.tw(李素英)	
2010/9/7 上午 10:10:02	傳送郵件到clinton@jbjob.com.tw(陳欽碧)	
2010/9/7 上午 10:10:03	傳送郵件到Lee@jbjob.com.tw(李素英)	
2010/9/7 上午 10:53:11	傳送郵件到richard@jbjob.com.tw(高景星)	
2010/9/7 上午 11:53:15	傳送郵件到Tiffany@jbjob.com.tw(張鈴涓)	
2010/9/7 下午 12:10:05	傳送郵件到clinton@jbjob.com.tw(陳欽碧)	
2010/9/7 下午 01:13:17	傳送郵件到rurujion@jbjob.com.tw(徐玉如)	
2010/9/7 下午 01:32:40	傳送郵件到Lee@jbjob.com.tw(李素英)	
2010/9/7 下午 01:54:13	傳送郵件到Tiffany@jbjob.com.tw(張鈴涓)	
2010/9/7 下午 02:12:43	傳送郵件到clinton@jbjob.com.tw(陳欽碧)	
2010/9/7 下午 03:01:09	傳送郵件到Amy@jbjob.com.tw(許月英)	
2010/9/7 下午 04:24:17	傳送郵件到Jimmy@jbjob.com.tw(林建銘)	
2010/9/7 下午 04:39:18	傳送郵件到richard@jbjob.com.tw(高景星)	
2010/9/7 下午 04:41:12	傳送郵件到Lee@jbjob.com.tw(李素英)	
2010/9/7 下午 05:01:16	傳送郵件到Amy@jbjob.com.tw(許月英)	
2010/9/7 下午 05:57:26	傳送郵件到Tiffany@jbjob.com.tw(張鈴涓)	
2010/9/7 下午 06:42:28	傳送郵件到Lee@jbjob.com.tw(李素英)	
2010/9/7 下午 06:42:29	傳送郵件到richard@jbjob.com.tw(高景星)	
2010/9/7 下午 07:02:29	傳送郵件到Amy@jbjob.com.tw(許月英)	
2010/9/7 下午 07:57:31	傳送郵件到Tiffany@jbjob.com.tw(張鈴涓)	
2010/9/7 下午 08:42:32	傳送郵件到Lee@jbjob.com.tw(李素英)	
2010/9/7 下午 08:42:33	傳送郵件到richard@jbjob.com.tw(高景星)	
2010/9/7 下午 09:57:35	傳送郵件到Tiffany@jbjob.com.tw(張鈴涓)	
2010/9/7 下午 11:57:37	傳送郵件到rita@jbjob.com.tw(許名瑤)	
