2012/5/14 上午 08:53:48	傳送郵件到rita@jbjob.com.tw()	
2012/5/14 上午 08:53:48	傳送郵件到kelly@jbjob.com.tw()	
2012/5/14 上午 09:03:49	傳送郵件到clinton@jbjob.com.tw()	
2012/5/14 上午 09:23:49	傳送郵件到Paul@jbjob.com.tw()	
2012/5/14 上午 09:52:08	傳送郵件到Grace@jbjob.com.tw()	
2012/5/14 上午 09:52:09	傳送郵件到clinton@jbjob.com.tw()	
2012/5/14 上午 09:52:10	傳送郵件到Paul@jbjob.com.tw()	
2012/5/14 上午 09:52:10	傳送郵件到Jimmy@jbjob.com.tw()	
2012/5/14 上午 09:52:11	傳送郵件到Angel@jbjob.com.tw()	
2012/5/14 上午 09:52:11	傳送郵件到kelly@jbjob.com.tw()	
2012/5/14 上午 09:52:11	傳送郵件到wilson@jbjob.com.tw()	
2012/5/14 上午 09:52:12	傳送郵件到richard@jbjob.com.tw()	
2012/5/14 上午 10:47:13	傳送郵件到Tina@jbjob.com.tw()	
2012/5/14 上午 11:47:25	傳送郵件到jju@jbjob.com.tw()	
2012/5/14 下午 02:02:27	傳送郵件到Grace@jbjob.com.tw()	
2012/5/14 下午 02:02:28	傳送郵件到Paul@jbjob.com.tw()	
2012/5/14 下午 02:47:29	傳送郵件到Tina@jbjob.com.tw()	
2012/5/14 下午 02:47:29	傳送郵件到wilson@jbjob.com.tw()	
2012/5/14 下午 04:17:30	傳送郵件到jju@jbjob.com.tw()	
2012/5/14 下午 05:02:31	傳送郵件到richard@jbjob.com.tw()	
2012/5/14 下午 06:02:31	傳送郵件到Grace@jbjob.com.tw()	
2012/5/14 下午 06:02:32	傳送郵件到Tiffany@jbjob.com.tw()	
2012/5/14 下午 06:47:32	傳送郵件到Tina@jbjob.com.tw()	
2012/5/14 下午 08:17:33	傳送郵件到jju@jbjob.com.tw()	
2012/5/14 下午 10:02:34	傳送郵件到Tiffany@jbjob.com.tw()	
