2011/3/21 上午 07:50:05	傳送郵件到clinton@jbjob.com.tw()	
2011/3/21 上午 11:50:07	傳送郵件到daphne@jbjob.com.tw()	
2011/3/21 下午 01:00:09	傳送郵件到jju@jbjob.com.tw()	
2011/3/21 下午 02:00:11	傳送郵件到wilson@jbjob.com.tw()	
2011/3/21 下午 02:20:14	傳送郵件到Alex@jbjob.com.tw()	
2011/3/21 下午 02:30:15	傳送郵件到daphne@jbjob.com.tw()	
2011/3/21 下午 02:50:16	傳送郵件到richard@jbjob.com.tw()	
2011/3/21 下午 03:00:17	傳送郵件到jju@jbjob.com.tw()	
2011/3/21 下午 04:00:18	傳送郵件到wilson@jbjob.com.tw()	
2011/3/21 下午 04:20:19	傳送郵件到Alex@jbjob.com.tw()	
2011/3/21 下午 04:40:20	傳送郵件到Tiffany@jbjob.com.tw()	
2011/3/21 下午 05:00:22	傳送郵件到jju@jbjob.com.tw()	
2011/3/21 下午 05:55:23	傳送郵件到daphne@jbjob.com.tw()	
2011/3/21 下午 06:00:24	傳送郵件到wilson@jbjob.com.tw()	
2011/3/21 下午 06:40:25	傳送郵件到Tiffany@jbjob.com.tw()	
2011/3/21 下午 07:40:26	傳送郵件到Alex@jbjob.com.tw()	
2011/3/21 下午 08:40:27	傳送郵件到Tiffany@jbjob.com.tw()	
2011/3/21 下午 09:40:28	傳送郵件到Alex@jbjob.com.tw()	
2011/3/21 下午 10:30:29	傳送郵件到clinton@jbjob.com.tw()	
2011/3/21 下午 11:40:30	傳送郵件到Alex@jbjob.com.tw()	
