2011/10/19 上午 08:12:39	傳送郵件到Grace@jbjob.com.tw()	
2011/10/19 上午 09:32:41	傳送郵件到Tina@jbjob.com.tw()	
2011/10/19 上午 09:32:41	傳送郵件到rita@jbjob.com.tw()	
2011/10/19 上午 09:42:42	傳送郵件到clinton@jbjob.com.tw()	
2011/10/19 上午 10:02:42	傳送郵件到Tiffany@jbjob.com.tw()	
2011/10/19 上午 10:02:43	傳送郵件到richard@jbjob.com.tw()	
2011/10/19 上午 10:12:44	傳送郵件到Grace@jbjob.com.tw()	
2011/10/19 上午 10:32:44	傳送郵件到Angel@jbjob.com.tw()	
2011/10/19 上午 11:32:45	傳送郵件到Tina@jbjob.com.tw()	
2011/10/19 下午 12:02:46	傳送郵件到Tiffany@jbjob.com.tw()	
2011/10/19 下午 12:42:46	傳送郵件到Angel@jbjob.com.tw()	
2011/10/19 下午 01:32:47	傳送郵件到Grace@jbjob.com.tw()	
2011/10/19 下午 01:32:48	傳送郵件到Tina@jbjob.com.tw()	
2011/10/19 下午 01:42:48	傳送郵件到richard@jbjob.com.tw()	
2011/10/19 下午 02:02:49	傳送郵件到Tiffany@jbjob.com.tw()	
2011/10/19 下午 03:32:50	傳送郵件到Grace@jbjob.com.tw()	
2011/10/19 下午 04:02:51	傳送郵件到Angel@jbjob.com.tw()	
2011/10/19 下午 05:32:52	傳送郵件到Grace@jbjob.com.tw()	
2011/10/19 下午 06:02:56	傳送郵件到Tina@jbjob.com.tw()	
2011/10/19 下午 08:02:57	傳送郵件到Tina@jbjob.com.tw()	
2011/10/19 下午 10:02:59	傳送郵件到Tina@jbjob.com.tw()	
