2011/9/2 上午 08:20:47	傳送郵件到Alex@jbjob.com.tw()	
2011/9/2 上午 09:12:45	傳送郵件到Tina@jbjob.com.tw()	
2011/9/2 上午 10:00:49	傳送郵件到richard@jbjob.com.tw()	
2011/9/2 上午 10:20:49	傳送郵件到clinton@jbjob.com.tw()	
2011/9/2 上午 10:30:51	傳送郵件到Alex@jbjob.com.tw()	
2011/9/2 下午 12:00:52	傳送郵件到jju@jbjob.com.tw()	
2011/9/2 下午 12:12:46	傳送郵件到richard@jbjob.com.tw()	
2011/9/2 下午 12:20:52	傳送郵件到clinton@jbjob.com.tw()	
2011/9/2 下午 02:00:54	傳送郵件到jju@jbjob.com.tw()	
2011/9/2 下午 02:12:47	傳送郵件到richard@jbjob.com.tw()	
2011/9/2 下午 02:20:55	傳送郵件到clinton@jbjob.com.tw()	
2011/9/2 下午 03:00:55	傳送郵件到Alex@jbjob.com.tw()	
2011/9/2 下午 03:40:56	傳送郵件到cjs@jbjob.com.tw()	
2011/9/2 下午 04:00:57	傳送郵件到jju@jbjob.com.tw()	
2011/9/2 下午 06:00:59	傳送郵件到cjs@jbjob.com.tw()	
2011/9/2 下午 06:10:59	傳送郵件到clinton@jbjob.com.tw()	
2011/9/2 下午 06:21:00	傳送郵件到Alex@jbjob.com.tw()	
2011/9/2 下午 07:41:00	傳送郵件到wilson@jbjob.com.tw()	
2011/9/2 下午 08:22:51	傳送郵件到Grace@jbjob.com.tw()	
2011/9/2 下午 08:31:01	傳送郵件到Alex@jbjob.com.tw()	
2011/9/2 下午 09:31:02	傳送郵件到clinton@jbjob.com.tw()	
2011/9/2 下午 09:41:03	傳送郵件到wilson@jbjob.com.tw()	
2011/9/2 下午 10:22:51	傳送郵件到Grace@jbjob.com.tw()	
2011/9/2 下午 10:31:03	傳送郵件到Alex@jbjob.com.tw()	
2011/9/2 下午 11:31:04	傳送郵件到clinton@jbjob.com.tw()	
2011/9/2 下午 11:41:04	傳送郵件到wilson@jbjob.com.tw()	
