2012/10/23 上午 02:35:30	傳送郵件到Grace@jbjob.com.tw()	
2012/10/23 上午 02:35:30	傳送郵件到rita@jbjob.com.tw()	
2012/10/23 上午 02:50:31	傳送郵件到richard@jbjob.com.tw()	
2012/10/23 上午 08:05:33	傳送郵件到Angel@jbjob.com.tw()	
2012/10/23 上午 08:35:33	傳送郵件到Paul@jbjob.com.tw()	
2012/10/23 上午 09:05:34	傳送郵件到Tiffany@jbjob.com.tw()	
2012/10/23 上午 09:20:34	傳送郵件到kelly@jbjob.com.tw()	
2012/10/23 上午 11:20:35	傳送郵件到Lilian@jbjob.com.tw()	
2012/10/23 下午 12:35:36	傳送郵件到Paul@jbjob.com.tw()	
2012/10/23 下午 01:20:37	傳送郵件到Angel@jbjob.com.tw()	
2012/10/23 下午 01:50:38	傳送郵件到Tiffany@jbjob.com.tw()	
2012/10/23 下午 02:05:38	傳送郵件到richard@jbjob.com.tw()	
2012/10/23 下午 02:20:39	傳送郵件到cjs@jbjob.com.tw()	
2012/10/23 下午 05:20:41	傳送郵件到Angel@jbjob.com.tw()	
2012/10/23 下午 05:50:42	傳送郵件到Tiffany@jbjob.com.tw()	
2012/10/23 下午 06:05:44	傳送郵件到richard@jbjob.com.tw()	
2012/10/23 下午 07:05:45	傳送郵件到cjs@jbjob.com.tw()	
2012/10/23 下午 09:50:46	傳送郵件到Tiffany@jbjob.com.tw()	
2012/10/23 下午 10:05:47	傳送郵件到richard@jbjob.com.tw()	
2012/10/23 下午 11:05:48	傳送郵件到cjs@jbjob.com.tw()	
