2012/8/3 上午 08:20:52	傳送郵件到Angel@jbjob.com.tw()	
2012/8/3 上午 08:57:20	傳送郵件到Tina@jbjob.com.tw()	
2012/8/3 上午 08:57:21	傳送郵件到Jessica@jbjob.com.tw()	
2012/8/3 上午 09:12:21	傳送郵件到Paul@jbjob.com.tw()	
2012/8/3 上午 11:27:24	傳送郵件到rita@jbjob.com.tw()	
2012/8/3 下午 12:27:25	傳送郵件到Angel@jbjob.com.tw()	
2012/8/3 下午 01:12:25	傳送郵件到clinton@jbjob.com.tw()	
2012/8/3 下午 01:12:26	傳送郵件到Tina@jbjob.com.tw()	
2012/8/3 下午 01:12:29	傳送郵件到kelly@jbjob.com.tw()	
2012/8/3 下午 01:12:30	傳送郵件到richard@jbjob.com.tw()	
2012/8/3 下午 02:12:32	傳送郵件到Paul@jbjob.com.tw()	
2012/8/3 下午 02:12:34	傳送郵件到Tiffany@jbjob.com.tw()	
2012/8/3 下午 03:12:35	傳送郵件到Jimmy@jbjob.com.tw()	
2012/8/3 下午 03:42:36	傳送郵件到rita@jbjob.com.tw()	
2012/8/3 下午 04:42:37	傳送郵件到Angel@jbjob.com.tw()	
2012/8/3 下午 05:12:37	傳送郵件到clinton@jbjob.com.tw()	
2012/8/3 下午 05:12:38	傳送郵件到Tina@jbjob.com.tw()	
2012/8/3 下午 05:27:39	傳送郵件到kelly@jbjob.com.tw()	
2012/8/3 下午 05:27:39	傳送郵件到richard@jbjob.com.tw()	
2012/8/3 下午 06:12:40	傳送郵件到Paul@jbjob.com.tw()	
2012/8/3 下午 06:27:40	傳送郵件到Tiffany@jbjob.com.tw()	
2012/8/3 下午 07:12:41	傳送郵件到Grace@jbjob.com.tw()	
2012/8/3 下午 09:12:42	傳送郵件到clinton@jbjob.com.tw()	
2012/8/3 下午 09:12:42	傳送郵件到Tina@jbjob.com.tw()	
2012/8/3 下午 09:27:43	傳送郵件到kelly@jbjob.com.tw()	
2012/8/3 下午 09:27:43	傳送郵件到richard@jbjob.com.tw()	
2012/8/3 下午 10:12:44	傳送郵件到Paul@jbjob.com.tw()	
2012/8/3 下午 10:27:44	傳送郵件到Tiffany@jbjob.com.tw()	
2012/8/3 下午 11:12:45	傳送郵件到Grace@jbjob.com.tw()	
