2012/2/16 上午 12:14:05	傳送郵件到wilson@jbjob.com.tw()	
2012/2/16 上午 02:14:06	傳送郵件到wilson@jbjob.com.tw()	
2012/2/16 上午 04:14:07	傳送郵件到wilson@jbjob.com.tw()	
2012/2/16 上午 08:24:10	傳送郵件到Angel@jbjob.com.tw()	
2012/2/16 上午 10:24:11	傳送郵件到richard@jbjob.com.tw()	
2012/2/16 上午 11:44:52	傳送郵件到Angel@jbjob.com.tw()	
2012/2/16 下午 12:34:53	傳送郵件到kelly@jbjob.com.tw()	
2012/2/16 下午 12:54:53	傳送郵件到Tina@jbjob.com.tw()	
2012/2/16 下午 01:44:55	傳送郵件到Angel@jbjob.com.tw()	
2012/2/16 下午 01:44:55	傳送郵件到richard@jbjob.com.tw()	
2012/2/16 下午 03:15:16	傳送郵件到Tina@jbjob.com.tw()	
2012/2/16 下午 03:44:57	傳送郵件到Angel@jbjob.com.tw()	
2012/2/16 下午 04:14:58	傳送郵件到Paul@jbjob.com.tw()	
2012/2/16 下午 05:15:18	傳送郵件到Tina@jbjob.com.tw()	
2012/2/16 下午 05:25:02	傳送郵件到clinton@jbjob.com.tw()	
2012/2/16 下午 05:25:02	傳送郵件到Tiffany@jbjob.com.tw()	
2012/2/16 下午 05:35:04	傳送郵件到richard@jbjob.com.tw()	
2012/2/16 下午 05:35:19	傳送郵件到rita@jbjob.com.tw()	
2012/2/16 下午 06:15:04	傳送郵件到Paul@jbjob.com.tw()	
2012/2/16 下午 06:35:05	傳送郵件到jju@jbjob.com.tw()	
2012/2/16 下午 07:15:20	傳送郵件到Tina@jbjob.com.tw()	
2012/2/16 下午 07:25:06	傳送郵件到Tiffany@jbjob.com.tw()	
2012/2/16 下午 07:35:21	傳送郵件到rita@jbjob.com.tw()	
2012/2/16 下午 08:15:07	傳送郵件到Paul@jbjob.com.tw()	
2012/2/16 下午 08:25:07	傳送郵件到Grace@jbjob.com.tw()	
2012/2/16 下午 08:35:08	傳送郵件到jju@jbjob.com.tw()	
2012/2/16 下午 09:25:09	傳送郵件到Tiffany@jbjob.com.tw()	
2012/2/16 下午 09:35:22	傳送郵件到rita@jbjob.com.tw()	
2012/2/16 下午 10:25:09	傳送郵件到Grace@jbjob.com.tw()	
2012/2/16 下午 10:35:10	傳送郵件到jju@jbjob.com.tw()	
