2012/7/3 上午 01:08:58	傳送郵件到richard@jbjob.com.tw()	
2012/7/3 上午 03:23:59	傳送郵件到Grace@jbjob.com.tw()	
2012/7/3 上午 05:08:59	傳送郵件到richard@jbjob.com.tw()	
2012/7/3 上午 08:54:00	傳送郵件到cjs@jbjob.com.tw()	
2012/7/3 上午 09:09:01	傳送郵件到clinton@jbjob.com.tw()	
2012/7/3 上午 09:09:01	傳送郵件到kelly@jbjob.com.tw()	
2012/7/3 下午 12:24:02	傳送郵件到Angel@jbjob.com.tw()	
2012/7/3 下午 01:09:03	傳送郵件到clinton@jbjob.com.tw()	
2012/7/3 下午 01:09:03	傳送郵件到Tina@jbjob.com.tw()	
2012/7/3 下午 01:54:06	傳送郵件到kelly@jbjob.com.tw()	
2012/7/3 下午 02:09:06	傳送郵件到cjs@jbjob.com.tw()	
2012/7/3 下午 02:24:07	傳送郵件到richard@jbjob.com.tw()	
2012/7/3 下午 04:24:08	傳送郵件到Angel@jbjob.com.tw()	
2012/7/3 下午 06:04:06	傳送郵件到Tina@jbjob.com.tw()	
2012/7/3 下午 06:10:22	傳送郵件到cjs@jbjob.com.tw()	
2012/7/3 下午 07:49:17	傳送郵件到richard@jbjob.com.tw()	
2012/7/3 下午 08:25:28	傳送郵件到Angel@jbjob.com.tw()	
2012/7/3 下午 10:04:18	傳送郵件到Tina@jbjob.com.tw()	
2012/7/3 下午 10:10:29	傳送郵件到cjs@jbjob.com.tw()	
2012/7/3 下午 11:49:19	傳送郵件到richard@jbjob.com.tw()	
