2012/10/29 上午 09:17:47	傳送郵件到clinton@jbjob.com.tw()	
2012/10/29 上午 09:47:49	傳送郵件到kelly@jbjob.com.tw()	
2012/10/29 上午 10:02:53	傳送郵件到Lilian@jbjob.com.tw()	
2012/10/29 上午 11:02:57	傳送郵件到cjs@jbjob.com.tw()	
2012/10/29 上午 11:17:58	傳送郵件到Tina@jbjob.com.tw()	
2012/10/29 下午 12:18:02	傳送郵件到Angel@jbjob.com.tw()	
2012/10/29 下午 12:18:05	傳送郵件到richard@jbjob.com.tw()	
2012/10/29 下午 01:03:06	傳送郵件到Tiffany@jbjob.com.tw()	
2012/10/29 下午 02:03:08	傳送郵件到clinton@jbjob.com.tw()	
2012/10/29 下午 02:33:08	傳送郵件到Lilian@jbjob.com.tw()	
2012/10/29 下午 03:03:10	傳送郵件到kelly@jbjob.com.tw()	
2012/10/29 下午 03:18:12	傳送郵件到Tina@jbjob.com.tw()	
2012/10/29 下午 03:18:13	傳送郵件到cjs@jbjob.com.tw()	
2012/10/29 下午 03:33:17	傳送郵件到Paul@jbjob.com.tw()	
2012/10/29 下午 04:48:17	傳送郵件到rita@jbjob.com.tw()	
2012/10/29 下午 05:48:18	傳送郵件到Jimmy@jbjob.com.tw()	
2012/10/29 下午 06:33:19	傳送郵件到Angel@jbjob.com.tw()	
2012/10/29 下午 06:33:19	傳送郵件到wilson@jbjob.com.tw()	
2012/10/29 下午 07:33:20	傳送郵件到Paul@jbjob.com.tw()	
2012/10/29 下午 08:03:20	傳送郵件到clinton@jbjob.com.tw()	
2012/10/29 下午 09:03:21	傳送郵件到richard@jbjob.com.tw()	
2012/10/29 下午 09:48:22	傳送郵件到Jimmy@jbjob.com.tw()	
2012/10/29 下午 10:33:23	傳送郵件到Angel@jbjob.com.tw()	
2012/10/29 下午 10:33:23	傳送郵件到wilson@jbjob.com.tw()	
2012/10/29 下午 11:33:24	傳送郵件到Paul@jbjob.com.tw()	
