2012/9/24 上午 02:29:05	傳送郵件到Tiffany@jbjob.com.tw()	
2012/9/24 上午 06:29:07	傳送郵件到Tiffany@jbjob.com.tw()	
2012/9/24 上午 10:14:09	傳送郵件到Tina@jbjob.com.tw()	
2012/9/24 上午 10:14:09	傳送郵件到rita@jbjob.com.tw()	
2012/9/24 上午 11:29:11	傳送郵件到cjs@jbjob.com.tw()	
2012/9/24 上午 11:29:11	傳送郵件到Lilian@jbjob.com.tw()	
2012/9/24 下午 02:29:13	傳送郵件到rita@jbjob.com.tw()	
2012/9/24 下午 02:44:13	傳送郵件到Tiffany@jbjob.com.tw()	
2012/9/24 下午 03:29:14	傳送郵件到Jimmy@jbjob.com.tw()	
2012/9/24 下午 03:59:15	傳送郵件到cjs@jbjob.com.tw()	
2012/9/24 下午 04:14:16	傳送郵件到Lilian@jbjob.com.tw()	
2012/9/24 下午 04:14:16	傳送郵件到Angel@jbjob.com.tw()	
2012/9/24 下午 04:59:24	傳送郵件到clinton@jbjob.com.tw()	
2012/9/24 下午 06:44:25	傳送郵件到Tiffany@jbjob.com.tw()	
2012/9/24 下午 07:29:26	傳送郵件到Jimmy@jbjob.com.tw()	
2012/9/24 下午 08:14:27	傳送郵件到Lilian@jbjob.com.tw()	
2012/9/24 下午 08:59:28	傳送郵件到clinton@jbjob.com.tw()	
2012/9/24 下午 08:59:28	傳送郵件到cjs@jbjob.com.tw()	
2012/9/24 下午 09:14:28	傳送郵件到Tina@jbjob.com.tw()	
2012/9/24 下午 10:44:31	傳送郵件到Tiffany@jbjob.com.tw()	
2012/9/24 下午 11:29:32	傳送郵件到Jimmy@jbjob.com.tw()	
2012/9/24 下午 11:44:32	傳送郵件到richard@jbjob.com.tw()	
