2012/5/16 上午 12:59:42	傳送郵件到Tiffany@jbjob.com.tw()	
2012/5/16 上午 08:14:44	傳送郵件到jju@jbjob.com.tw()	
2012/5/16 上午 08:47:52	傳送郵件到rita@jbjob.com.tw()	
2012/5/16 上午 09:14:44	傳送郵件到Angel@jbjob.com.tw()	
2012/5/16 上午 10:44:45	傳送郵件到Tiffany@jbjob.com.tw()	
2012/5/16 下午 12:14:46	傳送郵件到jju@jbjob.com.tw()	
2012/5/16 下午 12:40:46	傳送郵件到clinton@jbjob.com.tw()	
2012/5/16 下午 01:13:37	傳送郵件到wilson@jbjob.com.tw()	
2012/5/16 下午 02:06:02	傳送郵件到rita@jbjob.com.tw()	
2012/5/16 下午 02:21:02	傳送郵件到Angel@jbjob.com.tw()	
2012/5/16 下午 02:21:03	傳送郵件到richard@jbjob.com.tw()	
2012/5/16 下午 02:51:03	傳送郵件到Tiffany@jbjob.com.tw()	
2012/5/16 下午 04:21:05	傳送郵件到jju@jbjob.com.tw()	
2012/5/16 下午 05:51:05	傳送郵件到clinton@jbjob.com.tw()	
2012/5/16 下午 06:21:06	傳送郵件到richard@jbjob.com.tw()	
2012/5/16 下午 06:51:07	傳送郵件到Tiffany@jbjob.com.tw()	
2012/5/16 下午 07:36:07	傳送郵件到wilson@jbjob.com.tw()	
2012/5/16 下午 09:51:09	傳送郵件到clinton@jbjob.com.tw()	
2012/5/16 下午 10:21:10	傳送郵件到richard@jbjob.com.tw()	
2012/5/16 下午 11:36:10	傳送郵件到wilson@jbjob.com.tw()	
