2011/7/28 上午 08:31:54	傳送郵件到Tina@jbjob.com.tw()	
2011/7/28 上午 09:31:55	傳送郵件到rita@jbjob.com.tw()	
2011/7/28 上午 11:01:56	傳送郵件到Alex@jbjob.com.tw()	
2011/7/28 上午 11:11:57	傳送郵件到Tiffany@jbjob.com.tw()	
2011/7/28 上午 11:51:59	傳送郵件到daphne@jbjob.com.tw()	
2011/7/28 下午 01:02:01	傳送郵件到richard@jbjob.com.tw()	
2011/7/28 下午 01:12:01	傳送郵件到Tiffany@jbjob.com.tw()	
2011/7/28 下午 03:02:03	傳送郵件到richard@jbjob.com.tw()	
2011/7/28 下午 03:22:07	傳送郵件到Tiffany@jbjob.com.tw()	
2011/7/28 下午 03:32:07	傳送郵件到clinton@jbjob.com.tw()	
2011/7/28 下午 03:52:08	傳送郵件到Tina@jbjob.com.tw()	
2011/7/28 下午 04:22:11	傳送郵件到Alex@jbjob.com.tw()	
2011/7/28 下午 05:02:12	傳送郵件到richard@jbjob.com.tw()	
2011/7/28 下午 05:22:13	傳送郵件到Tiffany@jbjob.com.tw()	
2011/7/28 下午 05:52:14	傳送郵件到Tina@jbjob.com.tw()	
2011/7/28 下午 06:12:15	傳送郵件到Amy@jbjob.com.tw()	
2011/7/28 下午 06:22:15	傳送郵件到Alex@jbjob.com.tw()	
2011/7/28 下午 06:42:16	傳送郵件到clinton@jbjob.com.tw()	
2011/7/28 下午 07:52:17	傳送郵件到Tina@jbjob.com.tw()	
2011/7/28 下午 08:22:17	傳送郵件到Alex@jbjob.com.tw()	
2011/7/28 下午 08:42:18	傳送郵件到clinton@jbjob.com.tw()	
2011/7/28 下午 10:42:19	傳送郵件到clinton@jbjob.com.tw()	
