2011/12/30 上午 01:37:31	傳送郵件到Angel@jbjob.com.tw()	
2011/12/30 上午 03:37:32	傳送郵件到Angel@jbjob.com.tw()	
2011/12/30 上午 09:27:35	傳送郵件到cjs@jbjob.com.tw()	
2011/12/30 上午 10:47:36	傳送郵件到Tina@jbjob.com.tw()	
2011/12/30 上午 10:47:36	傳送郵件到Angel@jbjob.com.tw()	
2011/12/30 上午 10:57:38	傳送郵件到Paul@jbjob.com.tw()	
2011/12/30 上午 11:27:38	傳送郵件到cjs@jbjob.com.tw()	
2011/12/30 下午 12:47:39	傳送郵件到Tina@jbjob.com.tw()	
2011/12/30 下午 12:57:39	傳送郵件到clinton@jbjob.com.tw()	
2011/12/30 下午 12:57:40	傳送郵件到Paul@jbjob.com.tw()	
2011/12/30 下午 01:17:40	傳送郵件到kelly@jbjob.com.tw()	
2011/12/30 下午 01:17:41	傳送郵件到richard@jbjob.com.tw()	
2011/12/30 下午 01:57:41	傳送郵件到Angel@jbjob.com.tw()	
2011/12/30 下午 02:47:46	傳送郵件到Tina@jbjob.com.tw()	
2011/12/30 下午 03:17:47	傳送郵件到richard@jbjob.com.tw()	
2011/12/30 下午 03:37:47	傳送郵件到debbie@jbjob.com.tw()	
2011/12/30 下午 03:57:48	傳送郵件到Angel@jbjob.com.tw()	
2011/12/30 下午 05:17:49	傳送郵件到richard@jbjob.com.tw()	
2011/12/30 下午 06:07:50	傳送郵件到cjs@jbjob.com.tw()	
2011/12/30 下午 06:17:50	傳送郵件到Tina@jbjob.com.tw()	
2011/12/30 下午 06:57:51	傳送郵件到clinton@jbjob.com.tw()	
2011/12/30 下午 07:27:51	傳送郵件到wilson@jbjob.com.tw()	
2011/12/30 下午 08:57:52	傳送郵件到clinton@jbjob.com.tw()	
2011/12/30 下午 09:27:53	傳送郵件到wilson@jbjob.com.tw()	
2011/12/30 下午 10:57:54	傳送郵件到clinton@jbjob.com.tw()	
2011/12/30 下午 10:57:54	傳送郵件到rita@jbjob.com.tw()	
2011/12/30 下午 11:27:55	傳送郵件到wilson@jbjob.com.tw()	
