2011/11/10 上午 12:55:32	傳送郵件到Tina@jbjob.com.tw()	
2011/11/10 上午 02:55:33	傳送郵件到Tina@jbjob.com.tw()	
2011/11/10 上午 04:55:34	傳送郵件到Tina@jbjob.com.tw()	
2011/11/10 上午 08:25:35	傳送郵件到Angel@jbjob.com.tw()	
2011/11/10 上午 09:25:36	傳送郵件到richard@jbjob.com.tw()	
2011/11/10 上午 09:55:38	傳送郵件到cjs@jbjob.com.tw()	
2011/11/10 上午 11:25:40	傳送郵件到Jimmy@jbjob.com.tw()	
2011/11/10 上午 11:55:40	傳送郵件到Angel@jbjob.com.tw()	
2011/11/10 下午 12:55:41	傳送郵件到Tiffany@jbjob.com.tw()	
2011/11/10 下午 01:25:42	傳送郵件到rita@jbjob.com.tw()	
2011/11/10 下午 01:25:42	傳送郵件到Jimmy@jbjob.com.tw()	
2011/11/10 下午 01:35:43	傳送郵件到cjs@jbjob.com.tw()	
2011/11/10 下午 01:35:43	傳送郵件到richard@jbjob.com.tw()	
2011/11/10 下午 01:55:44	傳送郵件到Angel@jbjob.com.tw()	
2011/11/10 下午 02:05:44	傳送郵件到clinton@jbjob.com.tw()	
2011/11/10 下午 04:05:45	傳送郵件到clinton@jbjob.com.tw()	
2011/11/10 下午 04:25:46	傳送郵件到Tiffany@jbjob.com.tw()	
2011/11/10 下午 06:10:10	傳送郵件到clinton@jbjob.com.tw()	
2011/11/10 下午 06:30:10	傳送郵件到Tiffany@jbjob.com.tw()	
2011/11/10 下午 08:30:11	傳送郵件到Tiffany@jbjob.com.tw()	
