2011/9/29 上午 07:57:26	傳送郵件到Angel@jbjob.com.tw()	
2011/9/29 上午 09:57:32	傳送郵件到Angel@jbjob.com.tw()	
2011/9/29 上午 10:27:33	傳送郵件到Paul@jbjob.com.tw()	
2011/9/29 下午 12:07:35	傳送郵件到richard@jbjob.com.tw()	
2011/9/29 下午 12:27:36	傳送郵件到Paul@jbjob.com.tw()	
2011/9/29 下午 01:07:37	傳送郵件到clinton@jbjob.com.tw()	
2011/9/29 下午 01:07:38	傳送郵件到Tiffany@jbjob.com.tw()	
2011/9/29 下午 01:07:38	傳送郵件到Angel@jbjob.com.tw()	
2011/9/29 下午 02:07:41	傳送郵件到richard@jbjob.com.tw()	
2011/9/29 下午 02:27:41	傳送郵件到Paul@jbjob.com.tw()	
2011/9/29 下午 03:07:42	傳送郵件到clinton@jbjob.com.tw()	
2011/9/29 下午 03:07:43	傳送郵件到Tiffany@jbjob.com.tw()	
2011/9/29 下午 03:07:44	傳送郵件到Angel@jbjob.com.tw()	
2011/9/29 下午 03:37:45	傳送郵件到wilson@jbjob.com.tw()	
2011/9/29 下午 05:07:47	傳送郵件到Sandy@jbjob.com.tw()	
2011/9/29 下午 05:07:48	傳送郵件到Tiffany@jbjob.com.tw()	
2011/9/29 下午 05:37:49	傳送郵件到wilson@jbjob.com.tw()	
2011/9/29 下午 06:27:51	傳送郵件到Angel@jbjob.com.tw()	
2011/9/29 下午 07:37:53	傳送郵件到wilson@jbjob.com.tw()	
2011/9/29 下午 08:27:54	傳送郵件到Angel@jbjob.com.tw()	
2011/9/29 下午 10:27:58	傳送郵件到Angel@jbjob.com.tw()	
