2011/5/30 上午 09:13:42	傳送郵件到daphne@jbjob.com.tw()	
2011/5/30 上午 10:43:40	傳送郵件到Alex@jbjob.com.tw()	
2011/5/30 上午 11:13:42	傳送郵件到daphne@jbjob.com.tw()	
2011/5/30 下午 12:53:43	傳送郵件到Alex@jbjob.com.tw()	
2011/5/30 下午 01:23:44	傳送郵件到richard@jbjob.com.tw()	
2011/5/30 下午 02:23:45	傳送郵件到clinton@jbjob.com.tw()	
2011/5/30 下午 02:23:46	傳送郵件到clinton@jbjob.com.tw()	
2011/5/30 下午 02:53:46	傳送郵件到Alex@jbjob.com.tw()	
2011/5/30 下午 03:03:47	傳送郵件到daphne@jbjob.com.tw()	
2011/5/30 下午 03:43:48	傳送郵件到Tina@jbjob.com.tw()	
2011/5/30 下午 04:23:51	傳送郵件到clinton@jbjob.com.tw()	
2011/5/30 下午 04:53:51	傳送郵件到Alex@jbjob.com.tw()	
2011/5/30 下午 05:03:52	傳送郵件到daphne@jbjob.com.tw()	
2011/5/30 下午 05:43:53	傳送郵件到Tina@jbjob.com.tw()	
2011/5/30 下午 06:13:54	傳送郵件到cjs@jbjob.com.tw()	
2011/5/30 下午 06:23:54	傳送郵件到clinton@jbjob.com.tw()	
2011/5/30 下午 07:03:55	傳送郵件到daphne@jbjob.com.tw()	
2011/5/30 下午 07:43:55	傳送郵件到Alex@jbjob.com.tw()	
2011/5/30 下午 07:43:56	傳送郵件到Tina@jbjob.com.tw()	
2011/5/30 下午 09:43:57	傳送郵件到Alex@jbjob.com.tw()	
2011/5/30 下午 11:43:58	傳送郵件到Alex@jbjob.com.tw()	
