2012/2/21 上午 08:36:41	傳送郵件到richard@jbjob.com.tw()	
2012/2/21 上午 09:36:46	傳送郵件到Tina@jbjob.com.tw()	
2012/2/21 上午 10:36:47	傳送郵件到Jessica@jbjob.com.tw()	
2012/2/21 上午 11:36:48	傳送郵件到clinton@jbjob.com.tw()	
2012/2/21 上午 11:36:48	傳送郵件到Tina@jbjob.com.tw()	
2012/2/21 下午 12:36:50	傳送郵件到Jessica@jbjob.com.tw()	
2012/2/21 下午 12:46:50	傳送郵件到rita@jbjob.com.tw()	
2012/2/21 下午 01:16:51	傳送郵件到cjs@jbjob.com.tw()	
2012/2/21 下午 01:16:51	傳送郵件到wilson@jbjob.com.tw()	
2012/2/21 下午 01:36:52	傳送郵件到Tina@jbjob.com.tw()	
2012/2/21 下午 02:36:54	傳送郵件到richard@jbjob.com.tw()	
2012/2/21 下午 02:46:55	傳送郵件到rita@jbjob.com.tw()	
2012/2/21 下午 03:16:57	傳送郵件到wilson@jbjob.com.tw()	
2012/2/21 下午 04:36:58	傳送郵件到richard@jbjob.com.tw()	
2012/2/21 下午 04:47:00	傳送郵件到rita@jbjob.com.tw()	
2012/2/21 下午 04:57:01	傳送郵件到Paul@jbjob.com.tw()	
2012/2/21 下午 05:17:02	傳送郵件到wilson@jbjob.com.tw()	
2012/2/21 下午 06:57:03	傳送郵件到Grace@jbjob.com.tw()	
2012/2/21 下午 06:57:03	傳送郵件到Paul@jbjob.com.tw()	
2012/2/21 下午 08:57:04	傳送郵件到Grace@jbjob.com.tw()	
2012/2/21 下午 08:57:04	傳送郵件到Paul@jbjob.com.tw()	
2012/2/21 下午 10:57:05	傳送郵件到Grace@jbjob.com.tw()	
