2010/9/20 上午 09:12:27	傳送郵件到Tiffany@jbjob.com.tw()	
2010/9/20 上午 11:42:30	傳送郵件到Paul@jbjob.com.tw()	
2010/9/20 上午 11:42:31	傳送郵件到Lee@jbjob.com.tw()	
2010/9/20 上午 11:47:32	傳送郵件到Tiffany@jbjob.com.tw()	
2010/9/20 下午 01:42:34	傳送郵件到Paul@jbjob.com.tw()	
2010/9/20 下午 01:42:35	傳送郵件到Lee@jbjob.com.tw()	
2010/9/20 下午 01:42:35	傳送郵件到jju@jbjob.com.tw()	
2010/9/20 下午 01:47:36	傳送郵件到Tiffany@jbjob.com.tw()	
2010/9/20 下午 01:52:36	傳送郵件到Grace@jbjob.com.tw()	
2010/9/20 下午 03:42:41	傳送郵件到Paul@jbjob.com.tw()	
2010/9/20 下午 03:42:46	傳送郵件到Lee@jbjob.com.tw()	
2010/9/20 下午 03:42:48	傳送郵件到jju@jbjob.com.tw()	
2010/9/20 下午 03:47:51	傳送郵件到Tiffany@jbjob.com.tw()	
2010/9/20 下午 03:52:53	傳送郵件到Grace@jbjob.com.tw()	
2010/9/20 下午 05:42:56	傳送郵件到jju@jbjob.com.tw()	
2010/9/20 下午 05:52:57	傳送郵件到Grace@jbjob.com.tw()	
2010/9/20 下午 06:23:00	傳送郵件到richard@jbjob.com.tw()	
2010/9/20 下午 07:08:03	傳送郵件到Amy@jbjob.com.tw()	
2010/9/20 下午 08:23:05	傳送郵件到richard@jbjob.com.tw()	
2010/9/20 下午 09:08:06	傳送郵件到Tiffany@jbjob.com.tw()	
2010/9/20 下午 10:18:08	傳送郵件到Amy@jbjob.com.tw()	
2010/9/20 下午 10:23:09	傳送郵件到richard@jbjob.com.tw()	
2010/9/20 下午 10:58:10	傳送郵件到wilson@jbjob.com.tw()	
2010/9/20 下午 11:08:10	傳送郵件到Tiffany@jbjob.com.tw()	
