2012/10/30 上午 12:03:25	傳送郵件到clinton@jbjob.com.tw()	
2012/10/30 上午 01:03:25	傳送郵件到richard@jbjob.com.tw()	
2012/10/30 上午 01:48:26	傳送郵件到Jimmy@jbjob.com.tw()	
2012/10/30 上午 02:33:27	傳送郵件到Angel@jbjob.com.tw()	
2012/10/30 上午 02:33:27	傳送郵件到wilson@jbjob.com.tw()	
2012/10/30 上午 04:03:28	傳送郵件到clinton@jbjob.com.tw()	
2012/10/30 上午 05:03:28	傳送郵件到richard@jbjob.com.tw()	
2012/10/30 上午 08:48:30	傳送郵件到Tiffany@jbjob.com.tw()	
2012/10/30 上午 11:47:48	傳送郵件到Lilian@jbjob.com.tw()	
2012/10/30 下午 01:02:49	傳送郵件到Angel@jbjob.com.tw()	
2012/10/30 下午 01:02:50	傳送郵件到wilson@jbjob.com.tw()	
2012/10/30 下午 01:17:50	傳送郵件到kelly@jbjob.com.tw()	
2012/10/30 下午 03:32:51	傳送郵件到Tina@jbjob.com.tw()	
2012/10/30 下午 03:47:52	傳送郵件到Grace@jbjob.com.tw()	
2012/10/30 下午 04:02:52	傳送郵件到richard@jbjob.com.tw()	
2012/10/30 下午 04:17:53	傳送郵件到Lilian@jbjob.com.tw()	
2012/10/30 下午 04:17:53	傳送郵件到Tiffany@jbjob.com.tw()	
2012/10/30 下午 05:32:54	傳送郵件到kelly@jbjob.com.tw()	
2012/10/30 下午 06:02:55	傳送郵件到Angel@jbjob.com.tw()	
2012/10/30 下午 06:17:55	傳送郵件到clinton@jbjob.com.tw()	
2012/10/30 下午 07:32:56	傳送郵件到Tina@jbjob.com.tw()	
2012/10/30 下午 07:47:56	傳送郵件到Grace@jbjob.com.tw()	
2012/10/30 下午 08:17:58	傳送郵件到Lilian@jbjob.com.tw()	
2012/10/30 下午 08:18:00	傳送郵件到Tiffany@jbjob.com.tw()	
2012/10/30 下午 08:33:01	傳送郵件到richard@jbjob.com.tw()	
2012/10/30 下午 09:33:02	傳送郵件到kelly@jbjob.com.tw()	
2012/10/30 下午 10:03:02	傳送郵件到Angel@jbjob.com.tw()	
2012/10/30 下午 10:18:03	傳送郵件到clinton@jbjob.com.tw()	
2012/10/30 下午 11:33:04	傳送郵件到Tina@jbjob.com.tw()	
2012/10/30 下午 11:48:04	傳送郵件到Grace@jbjob.com.tw()	
