2012/1/13 上午 08:07:49	傳送郵件到Angel@jbjob.com.tw()	
2012/1/13 上午 10:07:50	傳送郵件到Angel@jbjob.com.tw()	
2012/1/13 上午 11:37:51	傳送郵件到richard@jbjob.com.tw()	
2012/1/13 上午 11:47:51	傳送郵件到cjs@jbjob.com.tw()	
2012/1/13 上午 11:57:52	傳送郵件到kelly@jbjob.com.tw()	
2012/1/13 下午 12:07:52	傳送郵件到Angel@jbjob.com.tw()	
2012/1/13 下午 01:47:54	傳送郵件到richard@jbjob.com.tw()	
2012/1/13 下午 01:57:55	傳送郵件到kelly@jbjob.com.tw()	
2012/1/13 下午 02:47:56	傳送郵件到rita@jbjob.com.tw()	
2012/1/13 下午 03:07:56	傳送郵件到cjs@jbjob.com.tw()	
2012/1/13 下午 03:57:58	傳送郵件到kelly@jbjob.com.tw()	
2012/1/13 下午 04:07:58	傳送郵件到richard@jbjob.com.tw()	
2012/1/13 下午 04:47:59	傳送郵件到jju@jbjob.com.tw()	
2012/1/13 下午 05:38:00	傳送郵件到rita@jbjob.com.tw()	
2012/1/13 下午 06:18:01	傳送郵件到Angel@jbjob.com.tw()	
2012/1/13 下午 06:48:01	傳送郵件到jju@jbjob.com.tw()	
2012/1/13 下午 06:48:02	傳送郵件到richard@jbjob.com.tw()	
2012/1/13 下午 06:58:02	傳送郵件到debbie@jbjob.com.tw()	
2012/1/13 下午 08:48:03	傳送郵件到jju@jbjob.com.tw()	
2012/1/13 下午 08:48:04	傳送郵件到richard@jbjob.com.tw()	
2012/1/13 下午 10:48:05	傳送郵件到richard@jbjob.com.tw()	
