2011/2/11 下午 06:48:01	傳送郵件到shingolin@gmail.com()	
2011/2/11 下午 06:52:39	傳送郵件到clinton@jbjob.com.tw()	
2011/2/11 下午 06:52:39	傳送郵件到Paul@jbjob.com.tw()	
2011/2/11 下午 06:52:40	傳送郵件到rita@jbjob.com.tw()	
2011/2/11 下午 06:52:40	傳送郵件到cjs@jbjob.com.tw()	
2011/2/11 下午 06:52:40	傳送郵件到Amy@jbjob.com.tw()	
2011/2/11 下午 06:52:41	傳送郵件到Lee@jbjob.com.tw()	
2011/2/11 下午 06:52:41	傳送郵件到Lilian@jbjob.com.tw()	
2011/2/11 下午 06:52:41	傳送郵件到Jimmy@jbjob.com.tw()	
2011/2/11 下午 06:52:42	傳送郵件到Tiffany@jbjob.com.tw()	
2011/2/11 下午 06:52:42	傳送郵件到rurujion@jbjob.com.tw()	
2011/2/11 下午 06:52:43	傳送郵件到wilson@jbjob.com.tw()	
2011/2/11 下午 06:52:43	傳送郵件到jju@jbjob.com.tw()	
2011/2/11 下午 06:52:43	傳送郵件到Candy@jbjob.com.tw()	
2011/2/11 下午 08:55:34	傳送郵件到clinton@jbjob.com.tw()	
2011/2/11 下午 08:55:35	傳送郵件到rita@jbjob.com.tw()	
2011/2/11 下午 08:55:36	傳送郵件到cjs@jbjob.com.tw()	
2011/2/11 下午 08:55:36	傳送郵件到Amy@jbjob.com.tw()	
2011/2/11 下午 08:55:37	傳送郵件到Lee@jbjob.com.tw()	
2011/2/11 下午 08:55:37	傳送郵件到Lilian@jbjob.com.tw()	
2011/2/11 下午 08:55:38	傳送郵件到Jimmy@jbjob.com.tw()	
2011/2/11 下午 08:55:38	傳送郵件到Tiffany@jbjob.com.tw()	
2011/2/11 下午 08:55:39	傳送郵件到rurujion@jbjob.com.tw()	
2011/2/11 下午 08:55:39	傳送郵件到wilson@jbjob.com.tw()	
2011/2/11 下午 08:55:40	傳送郵件到jju@jbjob.com.tw()	
2011/2/11 下午 08:55:40	傳送郵件到Candy@jbjob.com.tw()	
2011/2/11 下午 10:55:43	傳送郵件到clinton@jbjob.com.tw()	
2011/2/11 下午 10:55:43	傳送郵件到rita@jbjob.com.tw()	
2011/2/11 下午 10:55:44	傳送郵件到cjs@jbjob.com.tw()	
2011/2/11 下午 10:55:44	傳送郵件到Amy@jbjob.com.tw()	
2011/2/11 下午 10:55:45	傳送郵件到Lee@jbjob.com.tw()	
2011/2/11 下午 10:55:45	傳送郵件到Lilian@jbjob.com.tw()	
2011/2/11 下午 10:55:45	傳送郵件到Jimmy@jbjob.com.tw()	
2011/2/11 下午 10:55:46	傳送郵件到Tiffany@jbjob.com.tw()	
2011/2/11 下午 10:55:47	傳送郵件到rurujion@jbjob.com.tw()	
2011/2/11 下午 10:55:49	傳送郵件到wilson@jbjob.com.tw()	
2011/2/11 下午 10:55:50	傳送郵件到jju@jbjob.com.tw()	
2011/2/11 下午 10:55:51	傳送郵件到Candy@jbjob.com.tw()	
