2012/5/24 上午 12:15:02	傳送郵件到jju@jbjob.com.tw()	
2012/5/24 上午 01:00:03	傳送郵件到Angel@jbjob.com.tw()	
2012/5/24 上午 01:45:04	傳送郵件到Tiffany@jbjob.com.tw()	
2012/5/24 上午 02:00:04	傳送郵件到Tina@jbjob.com.tw()	
2012/5/24 上午 05:00:05	傳送郵件到Angel@jbjob.com.tw()	
2012/5/24 上午 08:45:06	傳送郵件到richard@jbjob.com.tw()	
2012/5/24 上午 09:02:09	傳送郵件到kelly@jbjob.com.tw()	
2012/5/24 上午 10:36:23	傳送郵件到Jessica@jbjob.com.tw()	
2012/5/24 上午 11:02:10	傳送郵件到cjs@jbjob.com.tw()	
2012/5/24 上午 11:06:24	傳送郵件到wilson@jbjob.com.tw()	
2012/5/24 下午 12:47:11	傳送郵件到richard@jbjob.com.tw()	
2012/5/24 下午 03:02:12	傳送郵件到cjs@jbjob.com.tw()	
2012/5/24 下午 03:06:26	傳送郵件到wilson@jbjob.com.tw()	
2012/5/24 下午 03:17:13	傳送郵件到clinton@jbjob.com.tw()	
2012/5/24 下午 04:21:27	傳送郵件到Sandy@jbjob.com.tw()	
2012/5/24 下午 04:32:15	傳送郵件到kelly@jbjob.com.tw()	
2012/5/24 下午 04:36:27	傳送郵件到rita@jbjob.com.tw()	
2012/5/24 下午 05:17:16	傳送郵件到Angel@jbjob.com.tw()	
2012/5/24 下午 07:06:29	傳送郵件到wilson@jbjob.com.tw()	
2012/5/24 下午 07:17:18	傳送郵件到clinton@jbjob.com.tw()	
2012/5/24 下午 09:17:18	傳送郵件到Angel@jbjob.com.tw()	
2012/5/24 下午 09:36:30	傳送郵件到richard@jbjob.com.tw()	
