2012/2/14 上午 08:03:27	傳送郵件到Grace@jbjob.com.tw()	
2012/2/14 上午 08:43:27	傳送郵件到richard@jbjob.com.tw()	
2012/2/14 上午 09:23:28	傳送郵件到cjs@jbjob.com.tw()	
2012/2/14 上午 09:53:29	傳送郵件到Paul@jbjob.com.tw()	
2012/2/14 上午 10:03:30	傳送郵件到Grace@jbjob.com.tw()	
2012/2/14 上午 10:43:31	傳送郵件到jju@jbjob.com.tw()	
2012/2/14 上午 11:03:32	傳送郵件到wilson@jbjob.com.tw()	
2012/2/14 上午 11:23:33	傳送郵件到cjs@jbjob.com.tw()	
2012/2/14 上午 11:53:33	傳送郵件到Paul@jbjob.com.tw()	
2012/2/14 下午 12:03:35	傳送郵件到Grace@jbjob.com.tw()	
2012/2/14 下午 12:43:36	傳送郵件到jju@jbjob.com.tw()	
2012/2/14 下午 01:03:37	傳送郵件到Angel@jbjob.com.tw()	
2012/2/14 下午 01:03:38	傳送郵件到wilson@jbjob.com.tw()	
2012/2/14 下午 01:53:38	傳送郵件到Paul@jbjob.com.tw()	
2012/2/14 下午 01:53:39	傳送郵件到richard@jbjob.com.tw()	
2012/2/14 下午 02:43:40	傳送郵件到jju@jbjob.com.tw()	
2012/2/14 下午 03:03:41	傳送郵件到cjs@jbjob.com.tw()	
2012/2/14 下午 03:03:42	傳送郵件到Angel@jbjob.com.tw()	
2012/2/14 下午 03:03:42	傳送郵件到wilson@jbjob.com.tw()	
2012/2/14 下午 05:03:43	傳送郵件到Angel@jbjob.com.tw()	
