2011/12/8 上午 12:09:03	傳送郵件到Tina@jbjob.com.tw()	
2011/12/8 上午 01:19:04	傳送郵件到Angel@jbjob.com.tw()	
2011/12/8 上午 02:09:05	傳送郵件到Tina@jbjob.com.tw()	
2011/12/8 上午 03:19:05	傳送郵件到Angel@jbjob.com.tw()	
2011/12/8 上午 04:09:06	傳送郵件到Tina@jbjob.com.tw()	
2011/12/8 上午 08:39:08	傳送郵件到rita@jbjob.com.tw()	
2011/12/8 上午 11:49:10	傳送郵件到Paul@jbjob.com.tw()	
2011/12/8 下午 12:09:10	傳送郵件到Angel@jbjob.com.tw()	
2011/12/8 下午 01:49:11	傳送郵件到Paul@jbjob.com.tw()	
2011/12/8 下午 02:09:12	傳送郵件到Angel@jbjob.com.tw()	
2011/12/8 下午 03:19:12	傳送郵件到richard@jbjob.com.tw()	
2011/12/8 下午 03:49:13	傳送郵件到Paul@jbjob.com.tw()	
2011/12/8 下午 03:59:14	傳送郵件到cjs@jbjob.com.tw()	
2011/12/8 下午 04:09:14	傳送郵件到Angel@jbjob.com.tw()	
2011/12/8 下午 04:19:15	傳送郵件到Tina@jbjob.com.tw()	
2011/12/8 下午 05:19:16	傳送郵件到richard@jbjob.com.tw()	
2011/12/8 下午 06:19:17	傳送郵件到Tina@jbjob.com.tw()	
2011/12/8 下午 06:39:17	傳送郵件到Angel@jbjob.com.tw()	
2011/12/8 下午 08:19:18	傳送郵件到Tina@jbjob.com.tw()	
2011/12/8 下午 08:39:19	傳送郵件到Angel@jbjob.com.tw()	
2011/12/8 下午 10:39:20	傳送郵件到Angel@jbjob.com.tw()	
