2012/6/13 上午 08:12:01	傳送郵件到cjs@jbjob.com.tw()	
2012/6/13 上午 08:57:02	傳送郵件到clinton@jbjob.com.tw()	
2012/6/13 上午 09:42:03	傳送郵件到Tiffany@jbjob.com.tw()	
2012/6/13 上午 11:42:04	傳送郵件到kelly@jbjob.com.tw()	
2012/6/13 上午 11:57:05	傳送郵件到Jessica@jbjob.com.tw()	
2012/6/13 上午 11:57:05	傳送郵件到richard@jbjob.com.tw()	
2012/6/13 下午 12:57:06	傳送郵件到Tina@jbjob.com.tw()	
2012/6/13 下午 01:12:07	傳送郵件到rita@jbjob.com.tw()	
2012/6/13 下午 01:27:08	傳送郵件到Jimmy@jbjob.com.tw()	
2012/6/13 下午 01:42:08	傳送郵件到cjs@jbjob.com.tw()	
2012/6/13 下午 04:12:14	傳送郵件到clinton@jbjob.com.tw()	
2012/6/13 下午 04:57:15	傳送郵件到Tina@jbjob.com.tw()	
2012/6/13 下午 05:42:16	傳送郵件到cjs@jbjob.com.tw()	
2012/6/13 下午 05:42:16	傳送郵件到Jimmy@jbjob.com.tw()	
2012/6/13 下午 05:42:17	傳送郵件到Tiffany@jbjob.com.tw()	
2012/6/13 下午 05:57:17	傳送郵件到rita@jbjob.com.tw()	
2012/6/13 下午 05:57:17	傳送郵件到kelly@jbjob.com.tw()	
2012/6/13 下午 06:12:18	傳送郵件到richard@jbjob.com.tw()	
2012/6/13 下午 08:57:20	傳送郵件到clinton@jbjob.com.tw()	
2012/6/13 下午 08:57:20	傳送郵件到Tina@jbjob.com.tw()	
2012/6/13 下午 09:27:21	傳送郵件到Angel@jbjob.com.tw()	
2012/6/13 下午 09:42:21	傳送郵件到Tiffany@jbjob.com.tw()	
2012/6/13 下午 09:57:22	傳送郵件到rita@jbjob.com.tw()	
2012/6/13 下午 10:12:22	傳送郵件到richard@jbjob.com.tw()	
