2012/4/11 上午 01:35:38	傳送郵件到richard@jbjob.com.tw()	
2012/4/11 上午 01:35:38	傳送郵件到richard@jbjob.com.tw()	
2012/4/11 上午 03:35:39	傳送郵件到richard@jbjob.com.tw()	
2012/4/11 上午 09:35:41	傳送郵件到clinton@jbjob.com.tw()	
2012/4/11 上午 09:45:42	傳送郵件到Jimmy@jbjob.com.tw()	
2012/4/11 上午 10:25:43	傳送郵件到Angel@jbjob.com.tw()	
2012/4/11 上午 11:35:44	傳送郵件到clinton@jbjob.com.tw()	
2012/4/11 下午 12:25:45	傳送郵件到wilson@jbjob.com.tw()	
2012/4/11 下午 12:45:46	傳送郵件到richard@jbjob.com.tw()	
2012/4/11 下午 01:15:46	傳送郵件到cjs@jbjob.com.tw()	
2012/4/11 下午 01:25:47	傳送郵件到Angel@jbjob.com.tw()	
2012/4/11 下午 02:25:48	傳送郵件到wilson@jbjob.com.tw()	
2012/4/11 下午 02:45:49	傳送郵件到richard@jbjob.com.tw()	
2012/4/11 下午 03:25:50	傳送郵件到Angel@jbjob.com.tw()	
2012/4/11 下午 03:25:50	傳送郵件到Angel@jbjob.com.tw()	
2012/4/11 下午 04:25:50	傳送郵件到wilson@jbjob.com.tw()	
2012/4/11 下午 04:55:52	傳送郵件到Tiffany@jbjob.com.tw()	
2012/4/11 下午 06:55:53	傳送郵件到Tiffany@jbjob.com.tw()	
2012/4/11 下午 08:05:54	傳送郵件到cjs@jbjob.com.tw()	
2012/4/11 下午 08:55:55	傳送郵件到Tiffany@jbjob.com.tw()	
2012/4/11 下午 09:55:56	傳送郵件到Angel@jbjob.com.tw()	
2012/4/11 下午 11:55:59	傳送郵件到Angel@jbjob.com.tw()	
