2012/3/2 上午 12:18:53	傳送郵件到richard@jbjob.com.tw()	
2012/3/2 上午 02:18:54	傳送郵件到richard@jbjob.com.tw()	
2012/3/2 上午 07:58:57	傳送郵件到wilson@jbjob.com.tw()	
2012/3/2 上午 09:58:59	傳送郵件到wilson@jbjob.com.tw()	
2012/3/2 上午 10:19:00	傳送郵件到Tina@jbjob.com.tw()	
2012/3/2 上午 10:49:01	傳送郵件到Angel@jbjob.com.tw()	
2012/3/2 下午 12:09:02	傳送郵件到richard@jbjob.com.tw()	
2012/3/2 下午 12:19:03	傳送郵件到Tina@jbjob.com.tw()	
2012/3/2 下午 12:19:04	傳送郵件到Jimmy@jbjob.com.tw()	
2012/3/2 下午 12:49:04	傳送郵件到Angel@jbjob.com.tw()	
2012/3/2 下午 02:19:05	傳送郵件到Tina@jbjob.com.tw()	
2012/3/2 下午 02:19:06	傳送郵件到richard@jbjob.com.tw()	
2012/3/2 下午 02:49:07	傳送郵件到Angel@jbjob.com.tw()	
2012/3/2 下午 04:39:08	傳送郵件到clinton@jbjob.com.tw()	
2012/3/2 下午 05:19:09	傳送郵件到Tina@jbjob.com.tw()	
2012/3/2 下午 06:49:11	傳送郵件到Tiffany@jbjob.com.tw()	
2012/3/2 下午 07:09:11	傳送郵件到richard@jbjob.com.tw()	
2012/3/2 下午 07:19:12	傳送郵件到Tina@jbjob.com.tw()	
2012/3/2 下午 07:49:13	傳送郵件到clinton@jbjob.com.tw()	
2012/3/2 下午 08:49:14	傳送郵件到Tiffany@jbjob.com.tw()	
2012/3/2 下午 09:09:14	傳送郵件到richard@jbjob.com.tw()	
2012/3/2 下午 09:19:15	傳送郵件到Tina@jbjob.com.tw()	
2012/3/2 下午 09:49:15	傳送郵件到clinton@jbjob.com.tw()	
2012/3/2 下午 09:49:16	傳送郵件到wilson@jbjob.com.tw()	
2012/3/2 下午 10:49:17	傳送郵件到Tiffany@jbjob.com.tw()	
2012/3/2 下午 11:09:17	傳送郵件到richard@jbjob.com.tw()	
2012/3/2 下午 11:49:18	傳送郵件到clinton@jbjob.com.tw()	
2012/3/2 下午 11:49:19	傳送郵件到wilson@jbjob.com.tw()	
