2011/12/23 上午 09:06:24	傳送郵件到debbie@jbjob.com.tw()	
2011/12/23 上午 09:46:25	傳送郵件到kelly@jbjob.com.tw()	
2011/12/23 上午 11:14:55	傳送郵件到debbie@jbjob.com.tw()	
2011/12/23 下午 12:34:56	傳送郵件到leila@jbjob.com.tw()	
2011/12/23 下午 01:34:57	傳送郵件到Angel@jbjob.com.tw()	
2011/12/23 下午 02:14:58	傳送郵件到kelly@jbjob.com.tw()	
2011/12/23 下午 02:34:58	傳送郵件到cjs@jbjob.com.tw()	
2011/12/23 下午 02:34:58	傳送郵件到debbie@jbjob.com.tw()	
2011/12/23 下午 02:34:59	傳送郵件到leila@jbjob.com.tw()	
2011/12/23 下午 03:35:00	傳送郵件到Angel@jbjob.com.tw()	
2011/12/23 下午 04:05:01	傳送郵件到richard@jbjob.com.tw()	
2011/12/23 下午 04:35:02	傳送郵件到cjs@jbjob.com.tw()	
2011/12/23 下午 04:35:02	傳送郵件到debbie@jbjob.com.tw()	
2011/12/23 下午 04:35:03	傳送郵件到leila@jbjob.com.tw()	
2011/12/23 下午 05:35:04	傳送郵件到Angel@jbjob.com.tw()	
2011/12/23 下午 06:15:04	傳送郵件到richard@jbjob.com.tw()	
2011/12/23 下午 07:35:06	傳送郵件到debbie@jbjob.com.tw()	
2011/12/23 下午 08:15:07	傳送郵件到richard@jbjob.com.tw()	
2011/12/23 下午 09:35:08	傳送郵件到debbie@jbjob.com.tw()	
2011/12/23 下午 10:15:10	傳送郵件到richard@jbjob.com.tw()	
2011/12/23 下午 11:35:12	傳送郵件到debbie@jbjob.com.tw()	
