2011/6/1 上午 12:24:33	傳送郵件到Alex@jbjob.com.tw()	
2011/6/1 上午 02:24:34	傳送郵件到Alex@jbjob.com.tw()	
2011/6/1 上午 02:24:34	傳送郵件到clinton@jbjob.com.tw()	
2011/6/1 上午 04:24:35	傳送郵件到Alex@jbjob.com.tw()	
2011/6/1 上午 04:24:35	傳送郵件到clinton@jbjob.com.tw()	
2011/6/1 上午 06:24:36	傳送郵件到clinton@jbjob.com.tw()	
2011/6/1 上午 09:24:37	傳送郵件到victor@jbjob.com.tw()	
2011/6/1 上午 10:24:38	傳送郵件到daphne@jbjob.com.tw()	
2011/6/1 上午 11:24:38	傳送郵件到victor@jbjob.com.tw()	
2011/6/1 下午 12:01:34	傳送郵件到Amy@jbjob.com.tw()	
2011/6/1 下午 12:21:36	傳送郵件到Tina@jbjob.com.tw()	
2011/6/1 下午 01:24:41	傳送郵件到victor@jbjob.com.tw()	
2011/6/1 下午 01:31:37	傳送郵件到Paul@jbjob.com.tw()	
2011/6/1 下午 01:31:37	傳送郵件到jju@jbjob.com.tw()	
2011/6/1 下午 02:01:38	傳送郵件到Amy@jbjob.com.tw()	
2011/6/1 下午 02:21:40	傳送郵件到Tina@jbjob.com.tw()	
2011/6/1 下午 02:41:40	傳送郵件到cjs@jbjob.com.tw()	
2011/6/1 下午 03:31:41	傳送郵件到Paul@jbjob.com.tw()	
2011/6/1 下午 03:31:41	傳送郵件到jju@jbjob.com.tw()	
2011/6/1 下午 04:01:41	傳送郵件到Amy@jbjob.com.tw()	
2011/6/1 下午 05:31:43	傳送郵件到Paul@jbjob.com.tw()	
2011/6/1 下午 05:31:44	傳送郵件到jju@jbjob.com.tw()	
2011/6/1 下午 05:41:49	傳送郵件到wilson@jbjob.com.tw()	
2011/6/1 下午 07:41:50	傳送郵件到wilson@jbjob.com.tw()	
2011/6/1 下午 09:41:51	傳送郵件到wilson@jbjob.com.tw()	
2011/6/1 下午 10:41:52	傳送郵件到rita@jbjob.com.tw()	
