2011/12/21 上午 08:45:41	傳送郵件到richard@jbjob.com.tw()	
2011/12/21 上午 09:45:41	傳送郵件到Grace@jbjob.com.tw()	
2011/12/21 上午 09:55:42	傳送郵件到cjs@jbjob.com.tw()	
2011/12/21 上午 10:15:42	傳送郵件到kelly@jbjob.com.tw()	
2011/12/21 上午 11:05:43	傳送郵件到Angel@jbjob.com.tw()	
2011/12/21 上午 11:45:43	傳送郵件到Grace@jbjob.com.tw()	
2011/12/21 下午 12:05:44	傳送郵件到richard@jbjob.com.tw()	
2011/12/21 下午 12:15:44	傳送郵件到kelly@jbjob.com.tw()	
2011/12/21 下午 01:15:45	傳送郵件到Jimmy@jbjob.com.tw()	
2011/12/21 下午 01:25:46	傳送郵件到clinton@jbjob.com.tw()	
2011/12/21 下午 01:45:46	傳送郵件到Grace@jbjob.com.tw()	
2011/12/21 下午 02:05:47	傳送郵件到Tina@jbjob.com.tw()	
2011/12/21 下午 02:15:48	傳送郵件到kelly@jbjob.com.tw()	
2011/12/21 下午 02:35:48	傳送郵件到Angel@jbjob.com.tw()	
2011/12/21 下午 03:25:49	傳送郵件到clinton@jbjob.com.tw()	
2011/12/21 下午 03:45:49	傳送郵件到jju@jbjob.com.tw()	
2011/12/21 下午 04:05:50	傳送郵件到Tina@jbjob.com.tw()	
2011/12/21 下午 04:05:51	傳送郵件到richard@jbjob.com.tw()	
2011/12/21 下午 04:35:51	傳送郵件到Angel@jbjob.com.tw()	
2011/12/21 下午 05:45:52	傳送郵件到jju@jbjob.com.tw()	
2011/12/21 下午 06:05:53	傳送郵件到Tina@jbjob.com.tw()	
2011/12/21 下午 06:05:53	傳送郵件到debbie@jbjob.com.tw()	
2011/12/21 下午 06:45:54	傳送郵件到clinton@jbjob.com.tw()	
2011/12/21 下午 07:45:55	傳送郵件到jju@jbjob.com.tw()	
2011/12/21 下午 08:05:55	傳送郵件到debbie@jbjob.com.tw()	
2011/12/21 下午 08:05:56	傳送郵件到kelly@jbjob.com.tw()	
2011/12/21 下午 08:45:56	傳送郵件到clinton@jbjob.com.tw()	
2011/12/21 下午 10:05:57	傳送郵件到debbie@jbjob.com.tw()	
2011/12/21 下午 10:05:58	傳送郵件到kelly@jbjob.com.tw()	
