2012/6/26 上午 02:19:50	傳送郵件到Tiffany@jbjob.com.tw()	
2012/6/26 上午 03:34:50	傳送郵件到richard@jbjob.com.tw()	
2012/6/26 上午 06:19:52	傳送郵件到Tiffany@jbjob.com.tw()	
2012/6/26 上午 08:04:53	傳送郵件到cjs@jbjob.com.tw()	
2012/6/26 上午 08:19:53	傳送郵件到Angel@jbjob.com.tw()	
2012/6/26 上午 08:49:54	傳送郵件到clinton@jbjob.com.tw()	
2012/6/26 上午 08:49:54	傳送郵件到rita@jbjob.com.tw()	
2012/6/26 下午 12:19:56	傳送郵件到richard@jbjob.com.tw()	
2012/6/26 下午 12:49:56	傳送郵件到clinton@jbjob.com.tw()	
2012/6/26 下午 01:19:57	傳送郵件到Tiffany@jbjob.com.tw()	
2012/6/26 下午 02:49:58	傳送郵件到Tina@jbjob.com.tw()	
2012/6/26 下午 02:49:58	傳送郵件到Angel@jbjob.com.tw()	
2012/6/26 下午 04:50:01	傳送郵件到clinton@jbjob.com.tw()	
2012/6/26 下午 05:05:02	傳送郵件到richard@jbjob.com.tw()	
2012/6/26 下午 05:20:03	傳送郵件到Tiffany@jbjob.com.tw()	
2012/6/26 下午 06:50:03	傳送郵件到Tina@jbjob.com.tw()	
2012/6/26 下午 06:50:04	傳送郵件到Angel@jbjob.com.tw()	
2012/6/26 下午 09:20:05	傳送郵件到Tiffany@jbjob.com.tw()	
2012/6/26 下午 10:50:06	傳送郵件到Tina@jbjob.com.tw()	
2012/6/26 下午 10:50:06	傳送郵件到Angel@jbjob.com.tw()	
