2011/5/3 上午 10:30:55	傳送郵件到Jimmy@jbjob.com.tw()	
2011/5/3 上午 10:50:57	傳送郵件到daphne@jbjob.com.tw()	
2011/5/3 上午 11:30:58	傳送郵件到Alex@jbjob.com.tw()	
2011/5/3 下午 12:30:59	傳送郵件到Jimmy@jbjob.com.tw()	
2011/5/3 下午 01:20:59	傳送郵件到Tina@jbjob.com.tw()	
2011/5/3 下午 01:21:00	傳送郵件到victor@jbjob.com.tw()	
2011/5/3 下午 01:31:00	傳送郵件到Alex@jbjob.com.tw()	
2011/5/3 下午 02:01:01	傳送郵件到clinton@jbjob.com.tw()	
2011/5/3 下午 02:31:02	傳送郵件到Jimmy@jbjob.com.tw()	
2011/5/3 下午 03:21:03	傳送郵件到Tina@jbjob.com.tw()	
2011/5/3 下午 03:51:04	傳送郵件到victor@jbjob.com.tw()	
2011/5/3 下午 04:01:04	傳送郵件到clinton@jbjob.com.tw()	
2011/5/3 下午 05:21:05	傳送郵件到Tina@jbjob.com.tw()	
2011/5/3 下午 05:31:06	傳送郵件到Amy@jbjob.com.tw()	
2011/5/3 下午 05:31:06	傳送郵件到wilson@jbjob.com.tw()	
2011/5/3 下午 05:41:07	傳送郵件到Alex@jbjob.com.tw()	
2011/5/3 下午 05:51:07	傳送郵件到victor@jbjob.com.tw()	
2011/5/3 下午 07:31:09	傳送郵件到Amy@jbjob.com.tw()	
2011/5/3 下午 07:31:09	傳送郵件到wilson@jbjob.com.tw()	
2011/5/3 下午 07:51:10	傳送郵件到victor@jbjob.com.tw()	
2011/5/3 下午 09:31:12	傳送郵件到Amy@jbjob.com.tw()	
2011/5/3 下午 09:31:12	傳送郵件到wilson@jbjob.com.tw()	
