2012/4/13 上午 01:36:32	傳送郵件到richard@jbjob.com.tw()	
2012/4/13 上午 03:36:34	傳送郵件到richard@jbjob.com.tw()	
2012/4/13 上午 10:16:38	傳送郵件到richard@jbjob.com.tw()	
2012/4/13 下午 12:16:40	傳送郵件到richard@jbjob.com.tw()	
2012/4/13 下午 02:16:41	傳送郵件到cjs@jbjob.com.tw()	
2012/4/13 下午 03:46:42	傳送郵件到Angel@jbjob.com.tw()	
2012/4/13 下午 03:56:44	傳送郵件到kelly@jbjob.com.tw()	
2012/4/13 下午 04:16:47	傳送郵件到jju@jbjob.com.tw()	
2012/4/13 下午 05:26:47	傳送郵件到rita@jbjob.com.tw()	
2012/4/13 下午 05:56:48	傳送郵件到kelly@jbjob.com.tw()	
2012/4/13 下午 05:56:48	傳送郵件到richard@jbjob.com.tw()	
2012/4/13 下午 06:16:49	傳送郵件到Angel@jbjob.com.tw()	
2012/4/13 下午 06:16:49	傳送郵件到jju@jbjob.com.tw()	
2012/4/13 下午 07:56:51	傳送郵件到kelly@jbjob.com.tw()	
2012/4/13 下午 07:56:51	傳送郵件到richard@jbjob.com.tw()	
2012/4/13 下午 08:16:52	傳送郵件到Angel@jbjob.com.tw()	
2012/4/13 下午 08:16:52	傳送郵件到jju@jbjob.com.tw()	
2012/4/13 下午 08:26:53	傳送郵件到Tiffany@jbjob.com.tw()	
2012/4/13 下午 09:56:54	傳送郵件到richard@jbjob.com.tw()	
2012/4/13 下午 10:16:55	傳送郵件到Angel@jbjob.com.tw()	
2012/4/13 下午 10:26:55	傳送郵件到Tiffany@jbjob.com.tw()	
