2012/3/14 上午 09:10:26	傳送郵件到cjs@jbjob.com.tw()	
2012/3/14 上午 09:50:27	傳送郵件到jju@jbjob.com.tw()	
2012/3/14 上午 10:20:28	傳送郵件到richard@jbjob.com.tw()	
2012/3/14 上午 11:50:28	傳送郵件到cjs@jbjob.com.tw()	
2012/3/14 上午 11:50:29	傳送郵件到jju@jbjob.com.tw()	
2012/3/14 下午 12:30:29	傳送郵件到richard@jbjob.com.tw()	
2012/3/14 下午 01:20:30	傳送郵件到Tiffany@jbjob.com.tw()	
2012/3/14 下午 01:30:31	傳送郵件到Tina@jbjob.com.tw()	
2012/3/14 下午 01:50:31	傳送郵件到jju@jbjob.com.tw()	
2012/3/14 下午 02:10:32	傳送郵件到cjs@jbjob.com.tw()	
2012/3/14 下午 02:10:32	傳送郵件到Angel@jbjob.com.tw()	
2012/3/14 下午 03:20:33	傳送郵件到Tiffany@jbjob.com.tw()	
2012/3/14 下午 03:30:34	傳送郵件到Tina@jbjob.com.tw()	
2012/3/14 下午 03:30:34	傳送郵件到kelly@jbjob.com.tw()	
2012/3/14 下午 03:40:37	傳送郵件到richard@jbjob.com.tw()	
2012/3/14 下午 03:50:38	傳送郵件到rita@jbjob.com.tw()	
2012/3/14 下午 04:00:38	傳送郵件到wilson@jbjob.com.tw()	
2012/3/14 下午 04:10:39	傳送郵件到Angel@jbjob.com.tw()	
2012/3/14 下午 04:30:39	傳送郵件到cjs@jbjob.com.tw()	
2012/3/14 下午 05:20:41	傳送郵件到Tiffany@jbjob.com.tw()	
2012/3/14 下午 05:40:42	傳送郵件到richard@jbjob.com.tw()	
2012/3/14 下午 06:00:43	傳送郵件到wilson@jbjob.com.tw()	
2012/3/14 下午 06:20:43	傳送郵件到Tina@jbjob.com.tw()	
2012/3/14 下午 07:40:44	傳送郵件到richard@jbjob.com.tw()	
2012/3/14 下午 08:00:44	傳送郵件到wilson@jbjob.com.tw()	
2012/3/14 下午 08:10:45	傳送郵件到Angel@jbjob.com.tw()	
2012/3/14 下午 08:20:45	傳送郵件到Tina@jbjob.com.tw()	
2012/3/14 下午 10:10:47	傳送郵件到Angel@jbjob.com.tw()	
2012/3/14 下午 10:20:47	傳送郵件到Tina@jbjob.com.tw()	
