2011/11/24 上午 08:58:51	傳送郵件到rita@jbjob.com.tw()	
2011/11/24 上午 09:59:41	傳送郵件到Tina@jbjob.com.tw()	
2011/11/24 上午 10:18:52	傳送郵件到Tiffany@jbjob.com.tw()	
2011/11/24 上午 10:38:52	傳送郵件到Angel@jbjob.com.tw()	
2011/11/24 上午 11:59:41	傳送郵件到Tina@jbjob.com.tw()	
2011/11/24 下午 12:18:53	傳送郵件到Tiffany@jbjob.com.tw()	
2011/11/24 下午 01:38:54	傳送郵件到richard@jbjob.com.tw()	
2011/11/24 下午 02:18:54	傳送郵件到Tiffany@jbjob.com.tw()	
2011/11/24 下午 02:48:55	傳送郵件到Tina@jbjob.com.tw()	
2011/11/24 下午 03:48:56	傳送郵件到cjs@jbjob.com.tw()	
2011/11/24 下午 04:38:57	傳送郵件到clinton@jbjob.com.tw()	
2011/11/24 下午 06:38:58	傳送郵件到Angel@jbjob.com.tw()	
2011/11/24 下午 06:48:58	傳送郵件到wilson@jbjob.com.tw()	
2011/11/24 下午 07:38:59	傳送郵件到richard@jbjob.com.tw()	
2011/11/24 下午 07:48:59	傳送郵件到Grace@jbjob.com.tw()	
2011/11/24 下午 08:49:00	傳送郵件到wilson@jbjob.com.tw()	
2011/11/24 下午 09:39:01	傳送郵件到richard@jbjob.com.tw()	
2011/11/24 下午 09:49:01	傳送郵件到Grace@jbjob.com.tw()	
2011/11/24 下午 10:49:02	傳送郵件到wilson@jbjob.com.tw()	
2011/11/24 下午 11:39:03	傳送郵件到richard@jbjob.com.tw()	
2011/11/24 下午 11:49:03	傳送郵件到Grace@jbjob.com.tw()	
