2011/8/4 上午 12:54:07	傳送郵件到Amy@jbjob.com.tw()	
2011/8/4 上午 08:44:10	傳送郵件到cjs@jbjob.com.tw()	
2011/8/4 上午 08:54:11	傳送郵件到rita@jbjob.com.tw()	
2011/8/4 上午 10:04:13	傳送郵件到victor@jbjob.com.tw()	
2011/8/4 上午 10:24:13	傳送郵件到richard@jbjob.com.tw()	
2011/8/4 下午 12:44:14	傳送郵件到daphne@jbjob.com.tw()	
2011/8/4 下午 12:44:15	傳送郵件到richard@jbjob.com.tw()	
2011/8/4 下午 01:04:16	傳送郵件到Alex@jbjob.com.tw()	
2011/8/4 下午 02:14:19	傳送郵件到Tiffany@jbjob.com.tw()	
2011/8/4 下午 02:44:21	傳送郵件到daphne@jbjob.com.tw()	
2011/8/4 下午 04:14:21	傳送郵件到Tiffany@jbjob.com.tw()	
2011/8/4 下午 04:44:22	傳送郵件到daphne@jbjob.com.tw()	
2011/8/4 下午 05:14:23	傳送郵件到Paul@jbjob.com.tw()	
2011/8/4 下午 05:34:25	傳送郵件到rita@jbjob.com.tw()	
2011/8/4 下午 06:14:26	傳送郵件到Tiffany@jbjob.com.tw()	
2011/8/4 下午 07:24:26	傳送郵件到wilson@jbjob.com.tw()	
2011/8/4 下午 07:44:27	傳送郵件到Alex@jbjob.com.tw()	
2011/8/4 下午 09:24:28	傳送郵件到wilson@jbjob.com.tw()	
2011/8/4 下午 09:44:29	傳送郵件到Alex@jbjob.com.tw()	
2011/8/4 下午 11:24:30	傳送郵件到wilson@jbjob.com.tw()	
2011/8/4 下午 11:44:30	傳送郵件到Alex@jbjob.com.tw()	
