2012/6/11 上午 09:56:34	傳送郵件到Tina@jbjob.com.tw()	
2012/6/11 上午 09:56:34	傳送郵件到cjs@jbjob.com.tw()	
2012/6/11 上午 09:56:35	傳送郵件到kelly@jbjob.com.tw()	
2012/6/11 上午 09:56:35	傳送郵件到richard@jbjob.com.tw()	
2012/6/11 上午 10:11:36	傳送郵件到Angel@jbjob.com.tw()	
2012/6/11 上午 10:26:37	傳送郵件到Jessica@jbjob.com.tw()	
2012/6/11 下午 02:11:39	傳送郵件到cjs@jbjob.com.tw()	
2012/6/11 下午 02:26:39	傳送郵件到Jessica@jbjob.com.tw()	
2012/6/11 下午 03:26:40	傳送郵件到clinton@jbjob.com.tw()	
2012/6/11 下午 03:26:40	傳送郵件到kelly@jbjob.com.tw()	
2012/6/11 下午 04:56:42	傳送郵件到akai@jbjob.com.tw()	
2012/6/11 下午 05:11:43	傳送郵件到Paul@jbjob.com.tw()	
2012/6/11 下午 06:11:43	傳送郵件到richard@jbjob.com.tw()	
2012/6/11 下午 06:26:44	傳送郵件到rita@jbjob.com.tw()	
2012/6/11 下午 07:56:45	傳送郵件到kelly@jbjob.com.tw()	
2012/6/11 下午 08:11:46	傳送郵件到Angel@jbjob.com.tw()	
2012/6/11 下午 08:56:46	傳送郵件到akai@jbjob.com.tw()	
2012/6/11 下午 09:11:47	傳送郵件到Paul@jbjob.com.tw()	
2012/6/11 下午 10:11:48	傳送郵件到richard@jbjob.com.tw()	
2012/6/11 下午 10:26:48	傳送郵件到rita@jbjob.com.tw()	
