2011/7/29 上午 08:52:24	傳送郵件到Tiffany@jbjob.com.tw()	
2011/7/29 上午 09:22:25	傳送郵件到victor@jbjob.com.tw()	
2011/7/29 上午 10:02:25	傳送郵件到Paul@jbjob.com.tw()	
2011/7/29 上午 10:52:28	傳送郵件到Tiffany@jbjob.com.tw()	
2011/7/29 上午 11:52:29	傳送郵件到Grace@jbjob.com.tw()	
2011/7/29 下午 12:02:31	傳送郵件到Paul@jbjob.com.tw()	
2011/7/29 下午 12:52:32	傳送郵件到Tiffany@jbjob.com.tw()	
2011/7/29 下午 01:52:34	傳送郵件到Grace@jbjob.com.tw()	
2011/7/29 下午 02:02:36	傳送郵件到Paul@jbjob.com.tw()	
2011/7/29 下午 02:32:36	傳送郵件到Tina@jbjob.com.tw()	
2011/7/29 下午 02:52:37	傳送郵件到daphne@jbjob.com.tw()	
2011/7/29 下午 03:52:38	傳送郵件到Grace@jbjob.com.tw()	
2011/7/29 下午 04:12:38	傳送郵件到Alex@jbjob.com.tw()	
2011/7/29 下午 04:12:39	傳送郵件到cjs@jbjob.com.tw()	
2011/7/29 下午 04:22:39	傳送郵件到clinton@jbjob.com.tw()	
2011/7/29 下午 04:22:40	傳送郵件到Amy@jbjob.com.tw()	
2011/7/29 下午 04:52:40	傳送郵件到daphne@jbjob.com.tw()	
2011/7/29 下午 05:32:42	傳送郵件到Tina@jbjob.com.tw()	
2011/7/29 下午 06:22:43	傳送郵件到Amy@jbjob.com.tw()	
2011/7/29 下午 06:32:44	傳送郵件到cjs@jbjob.com.tw()	
2011/7/29 下午 06:52:44	傳送郵件到Alex@jbjob.com.tw()	
2011/7/29 下午 06:52:48	傳送郵件到daphne@jbjob.com.tw()	
2011/7/29 下午 07:32:48	傳送郵件到Tina@jbjob.com.tw()	
2011/7/29 下午 08:22:49	傳送郵件到Amy@jbjob.com.tw()	
2011/7/29 下午 08:32:50	傳送郵件到clinton@jbjob.com.tw()	
2011/7/29 下午 08:52:51	傳送郵件到Alex@jbjob.com.tw()	
2011/7/29 下午 10:32:52	傳送郵件到clinton@jbjob.com.tw()	
2011/7/29 下午 10:52:52	傳送郵件到Alex@jbjob.com.tw()	
