2010/11/5 上午 01:38:27	傳送郵件到Amy@jbjob.com.tw()	
2010/11/5 上午 03:38:32	傳送郵件到Amy@jbjob.com.tw()	
2010/11/5 上午 08:43:35	傳送郵件到Grace@jbjob.com.tw()	
2010/11/5 上午 08:53:35	傳送郵件到richard@jbjob.com.tw()	
2010/11/5 上午 08:58:36	傳送郵件到Tina@jbjob.com.tw()	
2010/11/5 上午 09:52:22	傳送郵件到Grace@jbjob.com.tw()	
2010/11/5 上午 09:52:22	傳送郵件到Tina@jbjob.com.tw()	
2010/11/5 上午 09:52:23	傳送郵件到Lilian@jbjob.com.tw()	
2010/11/5 上午 09:52:23	傳送郵件到Jimmy@jbjob.com.tw()	
2010/11/5 上午 09:52:24	傳送郵件到Tiffany@jbjob.com.tw()	
2010/11/5 上午 09:52:24	傳送郵件到jju@jbjob.com.tw()	
2010/11/5 上午 09:52:24	傳送郵件到richard@jbjob.com.tw()	
2010/11/5 上午 09:52:25	傳送郵件到Erwinuy@jbjob.com.tw()	
2010/11/5 上午 09:52:25	傳送郵件到Candy@jbjob.com.tw()	
2010/11/5 上午 11:12:28	傳送郵件到Lee@jbjob.com.tw()	
2010/11/5 上午 11:52:31	傳送郵件到Grace@jbjob.com.tw()	
2010/11/5 上午 11:52:34	傳送郵件到Tina@jbjob.com.tw()	
2010/11/5 上午 11:52:37	傳送郵件到Lilian@jbjob.com.tw()	
2010/11/5 上午 11:52:39	傳送郵件到Tiffany@jbjob.com.tw()	
2010/11/5 上午 11:52:42	傳送郵件到jju@jbjob.com.tw()	
2010/11/5 上午 11:52:45	傳送郵件到Erwinuy@jbjob.com.tw()	
2010/11/5 上午 11:52:47	傳送郵件到Candy@jbjob.com.tw()	
2010/11/5 下午 01:22:48	傳送郵件到clinton@jbjob.com.tw()	
2010/11/5 下午 01:22:48	傳送郵件到richard@jbjob.com.tw()	
2010/11/5 下午 01:52:49	傳送郵件到Grace@jbjob.com.tw()	
2010/11/5 下午 01:52:49	傳送郵件到Tina@jbjob.com.tw()	
2010/11/5 下午 01:52:50	傳送郵件到Lilian@jbjob.com.tw()	
2010/11/5 下午 01:52:50	傳送郵件到jju@jbjob.com.tw()	
2010/11/5 下午 01:52:51	傳送郵件到Erwinuy@jbjob.com.tw()	
2010/11/5 下午 01:52:51	傳送郵件到Candy@jbjob.com.tw()	
2010/11/5 下午 02:22:52	傳送郵件到Paul@jbjob.com.tw()	
2010/11/5 下午 02:57:52	傳送郵件到Lee@jbjob.com.tw()	
2010/11/5 下午 03:22:53	傳送郵件到clinton@jbjob.com.tw()	
2010/11/5 下午 04:57:54	傳送郵件到Lee@jbjob.com.tw()	
2010/11/5 下午 05:22:57	傳送郵件到clinton@jbjob.com.tw()	
2010/11/5 下午 06:02:58	傳送郵件到Amy@jbjob.com.tw()	
2010/11/5 下午 06:07:59	傳送郵件到wilson@jbjob.com.tw()	
2010/11/5 下午 06:12:59	傳送郵件到Tiffany@jbjob.com.tw()	
2010/11/5 下午 06:23:00	傳送郵件到rurujion@jbjob.com.tw()	
2010/11/5 下午 07:03:01	傳送郵件到jju@jbjob.com.tw()	
2010/11/5 下午 08:03:02	傳送郵件到Amy@jbjob.com.tw()	
2010/11/5 下午 08:08:03	傳送郵件到wilson@jbjob.com.tw()	
2010/11/5 下午 08:23:03	傳送郵件到rurujion@jbjob.com.tw()	
2010/11/5 下午 08:58:05	傳送郵件到Lee@jbjob.com.tw()	
2010/11/5 下午 09:03:05	傳送郵件到jju@jbjob.com.tw()	
2010/11/5 下午 10:03:07	傳送郵件到Amy@jbjob.com.tw()	
2010/11/5 下午 10:08:08	傳送郵件到wilson@jbjob.com.tw()	
2010/11/5 下午 10:23:09	傳送郵件到rurujion@jbjob.com.tw()	
2010/11/5 下午 10:58:11	傳送郵件到Lee@jbjob.com.tw()	
2010/11/5 下午 11:03:12	傳送郵件到jju@jbjob.com.tw()	
