2011/2/24 下午 01:40:40	傳送郵件到shingolin@gmail.com()	
2011/2/24 下午 01:41:12	傳送郵件到clinton@jbjob.com.tw()	
2011/2/24 下午 01:41:13	傳送郵件到Paul@jbjob.com.tw()	
2011/2/24 下午 01:41:14	傳送郵件到Tina@jbjob.com.tw()	
2011/2/24 下午 01:41:15	傳送郵件到cjs@jbjob.com.tw()	
2011/2/24 下午 01:41:15	傳送郵件到Amy@jbjob.com.tw()	
2011/2/24 下午 01:41:19	傳送郵件到Lee@jbjob.com.tw()	
2011/2/24 下午 01:41:19	傳送郵件到Lilian@jbjob.com.tw()	
2011/2/24 下午 01:41:20	傳送郵件到rurujion@jbjob.com.tw()	
2011/2/24 下午 01:41:20	傳送郵件到jju@jbjob.com.tw()	
2011/2/24 下午 01:41:22	傳送郵件到richard@jbjob.com.tw()	
2011/2/24 下午 01:41:22	傳送郵件到Candy@jbjob.com.tw()	
2011/2/24 下午 01:54:27	傳送郵件到wilson@jbjob.com.tw()	
2011/2/24 下午 03:44:30	傳送郵件到Tina@jbjob.com.tw()	
2011/2/24 下午 03:44:30	傳送郵件到Amy@jbjob.com.tw()	
2011/2/24 下午 03:44:31	傳送郵件到Lilian@jbjob.com.tw()	
2011/2/24 下午 03:44:31	傳送郵件到jju@jbjob.com.tw()	
2011/2/24 下午 03:49:32	傳送郵件到luz@jbjob.com.tw()	
2011/2/24 下午 03:54:32	傳送郵件到clinton@jbjob.com.tw()	
2011/2/24 下午 03:54:33	傳送郵件到daphne@jbjob.com.tw()	
2011/2/24 下午 03:59:33	傳送郵件到Lee@jbjob.com.tw()	
2011/2/24 下午 04:29:34	傳送郵件到wilson@jbjob.com.tw()	
2011/2/24 下午 04:34:35	傳送郵件到qwueid@jbjob.com.tw()	
2011/2/24 下午 05:29:37	傳送郵件到Tiffany@jbjob.com.tw()	
2011/2/24 下午 05:44:37	傳送郵件到Amy@jbjob.com.tw()	
2011/2/24 下午 05:44:37	傳送郵件到Lilian@jbjob.com.tw()	
2011/2/24 下午 05:44:38	傳送郵件到jju@jbjob.com.tw()	
2011/2/24 下午 05:54:38	傳送郵件到clinton@jbjob.com.tw()	
2011/2/24 下午 05:54:39	傳送郵件到Tina@jbjob.com.tw()	
2011/2/24 下午 05:54:40	傳送郵件到daphne@jbjob.com.tw()	
2011/2/24 下午 05:59:40	傳送郵件到Lee@jbjob.com.tw()	
2011/2/24 下午 06:34:41	傳送郵件到wilson@jbjob.com.tw()	
2011/2/24 下午 06:34:42	傳送郵件到qwueid@jbjob.com.tw()	
2011/2/24 下午 07:34:51	傳送郵件到Tiffany@jbjob.com.tw()	
2011/2/24 下午 07:54:52	傳送郵件到Tina@jbjob.com.tw()	
2011/2/24 下午 07:54:52	傳送郵件到daphne@jbjob.com.tw()	
2011/2/24 下午 08:34:54	傳送郵件到wilson@jbjob.com.tw()	
2011/2/24 下午 08:39:54	傳送郵件到clinton@jbjob.com.tw()	
2011/2/24 下午 09:34:55	傳送郵件到Tiffany@jbjob.com.tw()	
2011/2/24 下午 09:54:57	傳送郵件到Tina@jbjob.com.tw()	
2011/2/24 下午 10:40:19	傳送郵件到clinton@jbjob.com.tw()	
2011/2/24 下午 11:35:22	傳送郵件到Tiffany@jbjob.com.tw()	
