2011/3/30 上午 08:57:01	傳送郵件到richard@jbjob.com.tw()	
2011/3/30 上午 09:02:01	傳送郵件到clinton@jbjob.com.tw()	
2011/3/30 上午 09:17:02	傳送郵件到victor@jbjob.com.tw()	
2011/3/30 上午 10:42:05	傳送郵件到Alex@jbjob.com.tw()	
2011/3/30 上午 11:02:06	傳送郵件到clinton@jbjob.com.tw()	
2011/3/30 上午 11:17:07	傳送郵件到victor@jbjob.com.tw()	
2011/3/30 上午 11:37:09	傳送郵件到Tina@jbjob.com.tw()	
2011/3/30 上午 11:57:10	傳送郵件到Amy@jbjob.com.tw()	
2011/3/30 下午 12:42:12	傳送郵件到Alex@jbjob.com.tw()	
2011/3/30 下午 01:02:13	傳送郵件到clinton@jbjob.com.tw()	
2011/3/30 下午 01:17:15	傳送郵件到victor@jbjob.com.tw()	
2011/3/30 下午 01:27:17	傳送郵件到Tiffany@jbjob.com.tw()	
2011/3/30 下午 01:52:19	傳送郵件到wilson@jbjob.com.tw()	
2011/3/30 下午 01:57:20	傳送郵件到Amy@jbjob.com.tw()	
2011/3/30 下午 02:42:22	傳送郵件到Alex@jbjob.com.tw()	
2011/3/30 下午 03:27:24	傳送郵件到Tiffany@jbjob.com.tw()	
2011/3/30 下午 03:57:25	傳送郵件到Amy@jbjob.com.tw()	
2011/3/30 下午 05:47:28	傳送郵件到jju@jbjob.com.tw()	
2011/3/30 下午 07:47:31	傳送郵件到jju@jbjob.com.tw()	
2011/3/30 下午 09:47:35	傳送郵件到jju@jbjob.com.tw()	
