2011/12/15 上午 12:11:13	傳送郵件到vivian@jbjob.com.tw()	
2011/12/15 上午 09:01:16	傳送郵件到debbie@jbjob.com.tw()	
2011/12/15 上午 09:41:17	傳送郵件到cjs@jbjob.com.tw()	
2011/12/15 上午 09:41:17	傳送郵件到richard@jbjob.com.tw()	
2011/12/15 上午 11:01:18	傳送郵件到debbie@jbjob.com.tw()	
2011/12/15 上午 11:41:19	傳送郵件到cjs@jbjob.com.tw()	
2011/12/15 上午 11:41:19	傳送郵件到Angel@jbjob.com.tw()	
2011/12/15 下午 01:01:20	傳送郵件到debbie@jbjob.com.tw()	
2011/12/15 下午 01:21:21	傳送郵件到jju@jbjob.com.tw()	
2011/12/15 下午 01:41:22	傳送郵件到cjs@jbjob.com.tw()	
2011/12/15 下午 01:41:22	傳送郵件到Angel@jbjob.com.tw()	
2011/12/15 下午 01:41:23	傳送郵件到richard@jbjob.com.tw()	
2011/12/15 下午 02:11:23	傳送郵件到Tina@jbjob.com.tw()	
2011/12/15 下午 03:21:24	傳送郵件到jju@jbjob.com.tw()	
2011/12/15 下午 03:41:25	傳送郵件到Angel@jbjob.com.tw()	
2011/12/15 下午 03:41:26	傳送郵件到richard@jbjob.com.tw()	
2011/12/15 下午 03:51:26	傳送郵件到debbie@jbjob.com.tw()	
2011/12/15 下午 04:11:29	傳送郵件到Tina@jbjob.com.tw()	
2011/12/15 下午 04:21:30	傳送郵件到connielee@jbjob.com.tw()	
2011/12/15 下午 05:21:31	傳送郵件到jju@jbjob.com.tw()	
2011/12/15 下午 06:11:31	傳送郵件到Tina@jbjob.com.tw()	
2011/12/15 下午 06:21:32	傳送郵件到debbie@jbjob.com.tw()	
2011/12/15 下午 06:41:32	傳送郵件到clinton@jbjob.com.tw()	
2011/12/15 下午 08:21:33	傳送郵件到debbie@jbjob.com.tw()	
2011/12/15 下午 08:41:34	傳送郵件到clinton@jbjob.com.tw()	
2011/12/15 下午 10:21:35	傳送郵件到debbie@jbjob.com.tw()	
2011/12/15 下午 11:11:36	傳送郵件到richard@jbjob.com.tw()	
