2011/5/31 上午 08:24:00	傳送郵件到cjs@jbjob.com.tw()	
2011/5/31 上午 08:44:01	傳送郵件到Tina@jbjob.com.tw()	
2011/5/31 上午 08:54:03	傳送郵件到rita@jbjob.com.tw()	
2011/5/31 上午 09:24:03	傳送郵件到wilson@jbjob.com.tw()	
2011/5/31 上午 09:34:04	傳送郵件到richard@jbjob.com.tw()	
2011/5/31 上午 10:44:07	傳送郵件到Tina@jbjob.com.tw()	
2011/5/31 上午 11:24:16	傳送郵件到wilson@jbjob.com.tw()	
2011/5/31 下午 12:14:18	傳送郵件到Amy@jbjob.com.tw()	
2011/5/31 下午 12:44:24	傳送郵件到Alex@jbjob.com.tw()	
2011/5/31 下午 01:14:25	傳送郵件到cjs@jbjob.com.tw()	
2011/5/31 下午 01:24:25	傳送郵件到wilson@jbjob.com.tw()	
2011/5/31 下午 02:14:26	傳送郵件到Amy@jbjob.com.tw()	
2011/5/31 下午 02:54:27	傳送郵件到Alex@jbjob.com.tw()	
2011/5/31 下午 04:14:28	傳送郵件到Amy@jbjob.com.tw()	
2011/5/31 下午 05:54:29	傳送郵件到Grace@jbjob.com.tw()	
2011/5/31 下午 06:34:29	傳送郵件到wilson@jbjob.com.tw()	
2011/5/31 下午 07:54:30	傳送郵件到Grace@jbjob.com.tw()	
2011/5/31 下午 08:34:31	傳送郵件到wilson@jbjob.com.tw()	
2011/5/31 下午 09:54:31	傳送郵件到Grace@jbjob.com.tw()	
2011/5/31 下午 10:34:32	傳送郵件到wilson@jbjob.com.tw()	
