2012/6/14 上午 12:57:24	傳送郵件到clinton@jbjob.com.tw()	
2012/6/14 上午 01:27:25	傳送郵件到Angel@jbjob.com.tw()	
2012/6/14 上午 01:57:25	傳送郵件到rita@jbjob.com.tw()	
2012/6/14 上午 02:12:26	傳送郵件到richard@jbjob.com.tw()	
2012/6/14 上午 04:57:27	傳送郵件到clinton@jbjob.com.tw()	
2012/6/14 上午 05:27:28	傳送郵件到Angel@jbjob.com.tw()	
2012/6/14 上午 08:12:29	傳送郵件到Grace@jbjob.com.tw()	
2012/6/14 上午 09:12:31	傳送郵件到cjs@jbjob.com.tw()	
2012/6/14 上午 09:42:32	傳送郵件到Tiffany@jbjob.com.tw()	
2012/6/14 上午 10:27:34	傳送郵件到kate@jbjob.com.tw()	
2012/6/14 上午 10:57:35	傳送郵件到kelly@jbjob.com.tw()	
2012/6/14 上午 11:42:37	傳送郵件到Paul@jbjob.com.tw()	
2012/6/14 上午 11:42:37	傳送郵件到jju@jbjob.com.tw()	
2012/6/14 下午 12:12:38	傳送郵件到Grace@jbjob.com.tw()	
2012/6/14 下午 12:57:39	傳送郵件到clinton@jbjob.com.tw()	
2012/6/14 下午 01:42:40	傳送郵件到Tiffany@jbjob.com.tw()	
2012/6/14 下午 02:27:41	傳送郵件到cjs@jbjob.com.tw()	
2012/6/14 下午 02:27:42	傳送郵件到kate@jbjob.com.tw()	
2012/6/14 下午 02:42:42	傳送郵件到Tina@jbjob.com.tw()	
2012/6/14 下午 03:27:45	傳送郵件到rita@jbjob.com.tw()	
2012/6/14 下午 03:57:46	傳送郵件到Angel@jbjob.com.tw()	
2012/6/14 下午 04:12:46	傳送郵件到Grace@jbjob.com.tw()	
2012/6/14 下午 05:42:48	傳送郵件到Tiffany@jbjob.com.tw()	
2012/6/14 下午 06:42:49	傳送郵件到Tina@jbjob.com.tw()	
2012/6/14 下午 07:42:50	傳送郵件到richard@jbjob.com.tw()	
2012/6/14 下午 07:57:51	傳送郵件到Angel@jbjob.com.tw()	
2012/6/14 下午 10:42:54	傳送郵件到Tina@jbjob.com.tw()	
2012/6/14 下午 11:42:55	傳送郵件到richard@jbjob.com.tw()	
2012/6/14 下午 11:57:56	傳送郵件到Angel@jbjob.com.tw()	
