2011/2/18 下午 06:07:33	傳送郵件到Grace@jbjob.com.tw()	
2011/2/18 下午 06:07:34	傳送郵件到clinton@jbjob.com.tw()	
2011/2/18 下午 06:07:34	傳送郵件到Paul@jbjob.com.tw()	
2011/2/18 下午 06:07:35	傳送郵件到Tina@jbjob.com.tw()	
2011/2/18 下午 06:07:36	傳送郵件到cjs@jbjob.com.tw()	
2011/2/18 下午 06:07:36	傳送郵件到Amy@jbjob.com.tw()	
2011/2/18 下午 06:07:37	傳送郵件到rurujion@jbjob.com.tw()	
2011/2/18 下午 06:07:37	傳送郵件到victor@jbjob.com.tw()	
2011/2/18 下午 06:07:38	傳送郵件到jju@jbjob.com.tw()	
2011/2/18 下午 06:27:38	傳送郵件到Lee@jbjob.com.tw()	
2011/2/18 下午 08:07:40	傳送郵件到Grace@jbjob.com.tw()	
2011/2/18 下午 08:07:41	傳送郵件到Paul@jbjob.com.tw()	
2011/2/18 下午 08:07:41	傳送郵件到Tina@jbjob.com.tw()	
2011/2/18 下午 08:07:42	傳送郵件到Amy@jbjob.com.tw()	
2011/2/18 下午 08:07:42	傳送郵件到rurujion@jbjob.com.tw()	
2011/2/18 下午 08:07:43	傳送郵件到victor@jbjob.com.tw()	
2011/2/18 下午 08:07:43	傳送郵件到jju@jbjob.com.tw()	
2011/2/18 下午 08:27:44	傳送郵件到Lee@jbjob.com.tw()	
2011/2/18 下午 10:07:47	傳送郵件到Grace@jbjob.com.tw()	
2011/2/18 下午 10:07:47	傳送郵件到Paul@jbjob.com.tw()	
2011/2/18 下午 10:07:47	傳送郵件到Tina@jbjob.com.tw()	
2011/2/18 下午 10:07:48	傳送郵件到Amy@jbjob.com.tw()	
2011/2/18 下午 10:07:48	傳送郵件到rurujion@jbjob.com.tw()	
2011/2/18 下午 10:07:49	傳送郵件到victor@jbjob.com.tw()	
2011/2/18 下午 10:07:49	傳送郵件到jju@jbjob.com.tw()	
2011/2/18 下午 10:27:50	傳送郵件到Lee@jbjob.com.tw()	
