2010/12/31 上午 08:42:33	傳送郵件到clinton@jbjob.com.tw()	
2010/12/31 上午 08:52:33	傳送郵件到Tiffany@jbjob.com.tw()	
2010/12/31 上午 10:12:35	傳送郵件到rurujion@jbjob.com.tw()	
2010/12/31 上午 10:42:35	傳送郵件到cjs@jbjob.com.tw()	
2010/12/31 上午 10:47:36	傳送郵件到clinton@jbjob.com.tw()	
2010/12/31 上午 10:52:37	傳送郵件到Tiffany@jbjob.com.tw()	
2010/12/31 上午 11:02:37	傳送郵件到Tina@jbjob.com.tw()	
2010/12/31 上午 11:47:39	傳送郵件到Sandy@jbjob.com.tw()	
2010/12/31 上午 11:52:39	傳送郵件到richard@jbjob.com.tw()	
2010/12/31 下午 12:12:40	傳送郵件到Paul@jbjob.com.tw()	
2010/12/31 下午 12:17:40	傳送郵件到Erwinuy@jbjob.com.tw()	
2010/12/31 下午 12:42:41	傳送郵件到cjs@jbjob.com.tw()	
2010/12/31 下午 12:47:42	傳送郵件到clinton@jbjob.com.tw()	
2010/12/31 下午 12:52:42	傳送郵件到Tiffany@jbjob.com.tw()	
2010/12/31 下午 01:02:43	傳送郵件到Tina@jbjob.com.tw()	
2010/12/31 下午 01:47:44	傳送郵件到Sandy@jbjob.com.tw()	
2010/12/31 下午 01:57:45	傳送郵件到victor@jbjob.com.tw()	
2010/12/31 下午 02:12:48	傳送郵件到Paul@jbjob.com.tw()	
2010/12/31 下午 02:17:49	傳送郵件到Erwinuy@jbjob.com.tw()	
2010/12/31 下午 02:42:54	傳送郵件到cjs@jbjob.com.tw()	
2010/12/31 下午 02:47:54	傳送郵件到clinton@jbjob.com.tw()	
2010/12/31 下午 02:52:55	傳送郵件到rurujion@jbjob.com.tw()	
2010/12/31 下午 03:22:56	傳送郵件到Lee@jbjob.com.tw()	
2010/12/31 下午 03:47:56	傳送郵件到Sandy@jbjob.com.tw()	
2010/12/31 下午 03:57:57	傳送郵件到victor@jbjob.com.tw()	
2010/12/31 下午 04:12:58	傳送郵件到Paul@jbjob.com.tw()	
2010/12/31 下午 04:17:58	傳送郵件到Erwinuy@jbjob.com.tw()	
2010/12/31 下午 04:37:59	傳送郵件到richard@jbjob.com.tw()	
2010/12/31 下午 05:22:59	傳送郵件到Lee@jbjob.com.tw()	
2010/12/31 下午 05:38:01	傳送郵件到wilson@jbjob.com.tw()	
2010/12/31 下午 05:58:03	傳送郵件到victor@jbjob.com.tw()	
2010/12/31 下午 07:23:05	傳送郵件到Lee@jbjob.com.tw()	
2010/12/31 下午 07:38:05	傳送郵件到Amy@jbjob.com.tw()	
2010/12/31 下午 09:38:07	傳送郵件到Amy@jbjob.com.tw()	
2010/12/31 下午 11:38:09	傳送郵件到Amy@jbjob.com.tw()	
