2012/5/23 上午 12:01:58	傳送郵件到Sandy@jbjob.com.tw()	
2012/5/23 上午 12:14:42	傳送郵件到richard@jbjob.com.tw()	
2012/5/23 上午 02:44:43	傳送郵件到wilson@jbjob.com.tw()	
2012/5/23 上午 04:02:00	傳送郵件到Sandy@jbjob.com.tw()	
2012/5/23 上午 04:14:44	傳送郵件到richard@jbjob.com.tw()	
2012/5/23 上午 07:29:45	傳送郵件到jju@jbjob.com.tw()	
2012/5/23 上午 08:02:01	傳送郵件到Sandy@jbjob.com.tw()	
2012/5/23 上午 08:44:45	傳送郵件到clinton@jbjob.com.tw()	
2012/5/23 上午 09:14:46	傳送郵件到cjs@jbjob.com.tw()	
2012/5/23 上午 09:17:02	傳送郵件到Angel@jbjob.com.tw()	
2012/5/23 下午 12:14:47	傳送郵件到Tina@jbjob.com.tw()	
2012/5/23 下午 12:44:49	傳送郵件到clinton@jbjob.com.tw()	
2012/5/23 下午 04:14:50	傳送郵件到jju@jbjob.com.tw()	
2012/5/23 下午 05:44:51	傳送郵件到Sandy@jbjob.com.tw()	
2012/5/23 下午 05:44:51	傳送郵件到Tiffany@jbjob.com.tw()	
2012/5/23 下午 05:59:51	傳送郵件到Tina@jbjob.com.tw()	
2012/5/23 下午 08:14:53	傳送郵件到jju@jbjob.com.tw()	
2012/5/23 下午 08:59:53	傳送郵件到Angel@jbjob.com.tw()	
2012/5/23 下午 09:44:57	傳送郵件到Tiffany@jbjob.com.tw()	
2012/5/23 下午 10:00:01	傳送郵件到Tina@jbjob.com.tw()	
