2010/9/10 上午 12:15:21	傳送郵件到rita@jbjob.com.tw(許名瑤)	
2010/9/10 上午 02:15:25	傳送郵件到rita@jbjob.com.tw(許名瑤)	
2010/9/10 上午 07:59:33	傳送郵件到Grace@jbjob.com.tw(鍾淑霞)	
2010/9/10 上午 08:39:34	傳送郵件到rurujion@jbjob.com.tw(徐玉如)	
2010/9/10 上午 09:59:37	傳送郵件到Grace@jbjob.com.tw(鍾淑霞)	
2010/9/10 上午 10:39:39	傳送郵件到rurujion@jbjob.com.tw(徐玉如)	
2010/9/10 上午 11:59:41	傳送郵件到Grace@jbjob.com.tw(鍾淑霞)	
2010/9/10 下午 12:09:42	傳送郵件到Sandy@jbjob.com.tw(林翠玲)	
2010/9/10 下午 12:34:43	傳送郵件到daphne@jbjob.com.tw(黃靖懿)	
2010/9/10 下午 01:24:44	傳送郵件到Lee@jbjob.com.tw(李素英)	
2010/9/10 下午 02:09:45	傳送郵件到Sandy@jbjob.com.tw(林翠玲)	
2010/9/10 下午 02:54:47	傳送郵件到rurujion@jbjob.com.tw(徐玉如)	
2010/9/10 下午 03:24:48	傳送郵件到Lee@jbjob.com.tw(李素英)	
2010/9/10 下午 04:09:50	傳送郵件到Sandy@jbjob.com.tw(林翠玲)	
2010/9/10 下午 04:45:44	傳送郵件到rita@jbjob.com.tw(許名瑤)	
2010/9/10 下午 05:09:52	傳送郵件到rurujion@jbjob.com.tw(徐玉如)	
2010/9/10 下午 05:24:53	傳送郵件到Lee@jbjob.com.tw(李素英)	
2010/9/10 下午 05:39:54	傳送郵件到richard@jbjob.com.tw(高景星)	
2010/9/10 下午 05:49:55	傳送郵件到Amy@jbjob.com.tw(許月英)	
2010/9/10 下午 05:49:56	傳送郵件到Tiffany@jbjob.com.tw(張鈴涓)	
2010/9/10 下午 07:30:49	傳送郵件到Lee@jbjob.com.tw(李素英)	
2010/9/10 下午 07:50:00	傳送郵件到Tiffany@jbjob.com.tw(張鈴涓)	
2010/9/10 下午 09:30:52	傳送郵件到Lee@jbjob.com.tw(李素英)	
2010/9/10 下午 09:50:03	傳送郵件到Tiffany@jbjob.com.tw(張鈴涓)	
2010/9/10 下午 11:30:55	傳送郵件到Lee@jbjob.com.tw(李素英)	
