2011/3/23 上午 12:42:20	傳送郵件到wilson@jbjob.com.tw()	
2011/3/23 上午 01:27:21	傳送郵件到Alex@jbjob.com.tw()	
2011/3/23 上午 02:42:23	傳送郵件到wilson@jbjob.com.tw()	
2011/3/23 上午 03:27:24	傳送郵件到Alex@jbjob.com.tw()	
2011/3/23 上午 09:17:29	傳送郵件到cjs@jbjob.com.tw()	
2011/3/23 上午 09:40:24	傳送郵件到Alex@jbjob.com.tw()	
2011/3/23 上午 09:40:25	傳送郵件到Grace@jbjob.com.tw()	
2011/3/23 上午 09:40:25	傳送郵件到Paul@jbjob.com.tw()	
2011/3/23 上午 09:40:26	傳送郵件到Tina@jbjob.com.tw()	
2011/3/23 上午 09:40:27	傳送郵件到rita@jbjob.com.tw()	
2011/3/23 上午 09:40:27	傳送郵件到Tiffany@jbjob.com.tw()	
2011/3/23 上午 09:40:31	傳送郵件到wilson@jbjob.com.tw()	
2011/3/23 上午 09:40:31	傳送郵件到jju@jbjob.com.tw()	
2011/3/23 上午 10:30:33	傳送郵件到daphne@jbjob.com.tw()	
2011/3/23 上午 11:40:34	傳送郵件到Grace@jbjob.com.tw()	
2011/3/23 上午 11:40:35	傳送郵件到Paul@jbjob.com.tw()	
2011/3/23 上午 11:40:35	傳送郵件到rita@jbjob.com.tw()	
2011/3/23 上午 11:40:36	傳送郵件到Tiffany@jbjob.com.tw()	
2011/3/23 上午 11:40:37	傳送郵件到wilson@jbjob.com.tw()	
2011/3/23 上午 11:40:37	傳送郵件到jju@jbjob.com.tw()	
2011/3/23 下午 12:00:38	傳送郵件到Amy@jbjob.com.tw()	
2011/3/23 下午 12:20:38	傳送郵件到Alex@jbjob.com.tw()	
2011/3/23 下午 12:30:39	傳送郵件到daphne@jbjob.com.tw()	
2011/3/23 下午 01:40:41	傳送郵件到Grace@jbjob.com.tw()	
2011/3/23 下午 01:40:43	傳送郵件到Paul@jbjob.com.tw()	
2011/3/23 下午 01:40:44	傳送郵件到wilson@jbjob.com.tw()	
2011/3/23 下午 01:40:45	傳送郵件到jju@jbjob.com.tw()	
2011/3/23 下午 02:00:46	傳送郵件到Amy@jbjob.com.tw()	
2011/3/23 下午 02:00:46	傳送郵件到Tiffany@jbjob.com.tw()	
2011/3/23 下午 02:20:47	傳送郵件到Alex@jbjob.com.tw()	
2011/3/23 下午 04:00:48	傳送郵件到Amy@jbjob.com.tw()	
2011/3/23 下午 04:00:49	傳送郵件到Tiffany@jbjob.com.tw()	
2011/3/23 下午 04:20:49	傳送郵件到Alex@jbjob.com.tw()	
2011/3/23 下午 06:00:50	傳送郵件到Tiffany@jbjob.com.tw()	
