2010/12/6 上午 08:11:45	傳送郵件到Grace@jbjob.com.tw()	
2010/12/6 上午 09:36:47	傳送郵件到Tiffany@jbjob.com.tw()	
2010/12/6 上午 10:06:49	傳送郵件到clinton@jbjob.com.tw()	
2010/12/6 上午 10:11:55	傳送郵件到Grace@jbjob.com.tw()	
2010/12/6 上午 10:26:59	傳送郵件到richard@jbjob.com.tw()	
2010/12/6 上午 11:37:01	傳送郵件到Tiffany@jbjob.com.tw()	
2010/12/6 下午 12:02:04	傳送郵件到Sandy@jbjob.com.tw()	
2010/12/6 下午 01:32:06	傳送郵件到Paul@jbjob.com.tw()	
2010/12/6 下午 01:37:06	傳送郵件到Tiffany@jbjob.com.tw()	
2010/12/6 下午 02:02:12	傳送郵件到Sandy@jbjob.com.tw()	
2010/12/6 下午 02:07:13	傳送郵件到clinton@jbjob.com.tw()	
2010/12/6 下午 02:07:13	傳送郵件到richard@jbjob.com.tw()	
2010/12/6 下午 03:07:15	傳送郵件到Tina@jbjob.com.tw()	
2010/12/6 下午 03:32:15	傳送郵件到Paul@jbjob.com.tw()	
2010/12/6 下午 04:02:17	傳送郵件到Sandy@jbjob.com.tw()	
2010/12/6 下午 04:07:18	傳送郵件到clinton@jbjob.com.tw()	
2010/12/6 下午 04:22:19	傳送郵件到richard@jbjob.com.tw()	
2010/12/6 下午 05:07:20	傳送郵件到Tina@jbjob.com.tw()	
2010/12/6 下午 05:32:21	傳送郵件到Paul@jbjob.com.tw()	
2010/12/6 下午 06:32:22	傳送郵件到Lee@jbjob.com.tw()	
2010/12/6 下午 07:07:23	傳送郵件到Tina@jbjob.com.tw()	
2010/12/6 下午 07:12:24	傳送郵件到clinton@jbjob.com.tw()	
2010/12/6 下午 08:32:26	傳送郵件到Lee@jbjob.com.tw()	
2010/12/6 下午 09:12:26	傳送郵件到clinton@jbjob.com.tw()	
2010/12/6 下午 10:32:28	傳送郵件到Lee@jbjob.com.tw()	
2010/12/6 下午 10:47:29	傳送郵件到Amy@jbjob.com.tw()	
2010/12/6 下午 11:12:30	傳送郵件到clinton@jbjob.com.tw()	
