2011/7/27 上午 02:31:24	傳送郵件到Alex@jbjob.com.tw()	
2011/7/27 上午 04:31:25	傳送郵件到Alex@jbjob.com.tw()	
2011/7/27 上午 06:31:26	傳送郵件到Alex@jbjob.com.tw()	
2011/7/27 上午 09:11:30	傳送郵件到Paul@jbjob.com.tw()	
2011/7/27 上午 09:21:34	傳送郵件到cjs@jbjob.com.tw()	
2011/7/27 上午 11:11:37	傳送郵件到Paul@jbjob.com.tw()	
2011/7/27 上午 11:31:40	傳送郵件到richard@jbjob.com.tw()	
2011/7/27 上午 11:41:43	傳送郵件到wilson@jbjob.com.tw()	
2011/7/27 下午 12:11:43	傳送郵件到cjs@jbjob.com.tw()	
2011/7/27 下午 12:21:45	傳送郵件到daphne@jbjob.com.tw()	
2011/7/27 下午 01:11:46	傳送郵件到Paul@jbjob.com.tw()	
2011/7/27 下午 01:31:46	傳送郵件到Alex@jbjob.com.tw()	
2011/7/27 下午 01:41:47	傳送郵件到wilson@jbjob.com.tw()	
2011/7/27 下午 03:31:48	傳送郵件到Alex@jbjob.com.tw()	
2011/7/27 下午 03:41:48	傳送郵件到wilson@jbjob.com.tw()	
2011/7/27 下午 04:01:49	傳送郵件到clinton@jbjob.com.tw()	
2011/7/27 下午 06:01:50	傳送郵件到clinton@jbjob.com.tw()	
2011/7/27 下午 07:11:51	傳送郵件到Alex@jbjob.com.tw()	
2011/7/27 下午 09:11:52	傳送郵件到Alex@jbjob.com.tw()	
2011/7/27 下午 11:11:52	傳送郵件到Alex@jbjob.com.tw()	
