2010/9/21 上午 12:58:13	傳送郵件到wilson@jbjob.com.tw()	
2010/9/21 上午 01:08:13	傳送郵件到Tiffany@jbjob.com.tw()	
2010/9/21 上午 02:58:16	傳送郵件到wilson@jbjob.com.tw()	
2010/9/21 上午 08:58:22	傳送郵件到Lee@jbjob.com.tw()	
2010/9/21 上午 08:58:22	傳送郵件到Elva@jbjob.com.tw()	
2010/9/21 上午 09:03:23	傳送郵件到victor@jbjob.com.tw()	
2010/9/21 上午 10:08:25	傳送郵件到richard@jbjob.com.tw()	
2010/9/21 上午 11:03:26	傳送郵件到clinton@jbjob.com.tw()	
2010/9/21 上午 11:03:27	傳送郵件到Lee@jbjob.com.tw()	
2010/9/21 上午 11:03:28	傳送郵件到victor@jbjob.com.tw()	
2010/9/21 下午 12:08:29	傳送郵件到richard@jbjob.com.tw()	
2010/9/21 下午 12:43:31	傳送郵件到rita@jbjob.com.tw()	
2010/9/21 下午 01:03:31	傳送郵件到clinton@jbjob.com.tw()	
2010/9/21 下午 01:03:34	傳送郵件到Lee@jbjob.com.tw()	
2010/9/21 下午 01:03:34	傳送郵件到victor@jbjob.com.tw()	
2010/9/21 下午 02:13:36	傳送郵件到Amy@jbjob.com.tw()	
2010/9/21 下午 03:03:37	傳送郵件到clinton@jbjob.com.tw()	
2010/9/21 下午 03:03:38	傳送郵件到Lee@jbjob.com.tw()	
2010/9/21 下午 03:03:38	傳送郵件到richard@jbjob.com.tw()	
2010/9/21 下午 03:38:44	傳送郵件到rurujion@jbjob.com.tw()	
2010/9/21 下午 04:13:45	傳送郵件到Amy@jbjob.com.tw()	
2010/9/21 下午 04:28:46	傳送郵件到Tiffany@jbjob.com.tw()	
2010/9/21 下午 05:13:48	傳送郵件到jju@jbjob.com.tw()	
2010/9/21 下午 06:13:50	傳送郵件到Amy@jbjob.com.tw()	
2010/9/21 下午 06:28:50	傳送郵件到Tiffany@jbjob.com.tw()	
2010/9/21 下午 08:29:14	傳送郵件到Tiffany@jbjob.com.tw()	
