2011/3/18 上午 09:38:41	傳送郵件到Grace@jbjob.com.tw()	
2011/3/18 上午 09:38:41	傳送郵件到clinton@jbjob.com.tw()	
2011/3/18 上午 09:38:42	傳送郵件到wilson@jbjob.com.tw()	
2011/3/18 上午 09:38:43	傳送郵件到daphne@jbjob.com.tw()	
2011/3/18 上午 09:38:44	傳送郵件到jju@jbjob.com.tw()	
2011/3/18 上午 09:48:45	傳送郵件到cjs@jbjob.com.tw()	
2011/3/18 上午 10:38:46	傳送郵件到Alex@jbjob.com.tw()	
2011/3/18 上午 11:03:47	傳送郵件到Paul@jbjob.com.tw()	
2011/3/18 上午 11:38:49	傳送郵件到Grace@jbjob.com.tw()	
2011/3/18 上午 11:38:49	傳送郵件到clinton@jbjob.com.tw()	
2011/3/18 上午 11:38:50	傳送郵件到wilson@jbjob.com.tw()	
2011/3/18 上午 11:38:50	傳送郵件到daphne@jbjob.com.tw()	
2011/3/18 下午 12:38:52	傳送郵件到Alex@jbjob.com.tw()	
2011/3/18 下午 01:28:53	傳送郵件到richard@jbjob.com.tw()	
2011/3/18 下午 01:38:54	傳送郵件到Grace@jbjob.com.tw()	
2011/3/18 下午 01:38:54	傳送郵件到clinton@jbjob.com.tw()	
2011/3/18 下午 01:38:55	傳送郵件到wilson@jbjob.com.tw()	
2011/3/18 下午 01:38:56	傳送郵件到daphne@jbjob.com.tw()	
2011/3/18 下午 02:58:57	傳送郵件到Paul@jbjob.com.tw()	
2011/3/18 下午 03:09:00	傳送郵件到Alex@jbjob.com.tw()	
2011/3/18 下午 04:59:02	傳送郵件到Paul@jbjob.com.tw()	
2011/3/18 下午 05:09:03	傳送郵件到Alex@jbjob.com.tw()	
2011/3/18 下午 05:19:04	傳送郵件到Grace@jbjob.com.tw()	
2011/3/18 下午 05:49:05	傳送郵件到richard@jbjob.com.tw()	
2011/3/18 下午 05:54:06	傳送郵件到Amy@jbjob.com.tw()	
2011/3/18 下午 06:19:09	傳送郵件到Tiffany@jbjob.com.tw()	
2011/3/18 下午 06:59:10	傳送郵件到Paul@jbjob.com.tw()	
2011/3/18 下午 07:19:10	傳送郵件到Grace@jbjob.com.tw()	
2011/3/18 下午 07:34:11	傳送郵件到Tina@jbjob.com.tw()	
2011/3/18 下午 07:44:12	傳送郵件到Alex@jbjob.com.tw()	
2011/3/18 下午 07:49:12	傳送郵件到richard@jbjob.com.tw()	
2011/3/18 下午 07:54:16	傳送郵件到Amy@jbjob.com.tw()	
2011/3/18 下午 08:19:17	傳送郵件到Tiffany@jbjob.com.tw()	
2011/3/18 下午 09:19:18	傳送郵件到Grace@jbjob.com.tw()	
2011/3/18 下午 09:34:19	傳送郵件到Tina@jbjob.com.tw()	
2011/3/18 下午 09:44:19	傳送郵件到Alex@jbjob.com.tw()	
2011/3/18 下午 09:49:20	傳送郵件到richard@jbjob.com.tw()	
2011/3/18 下午 09:54:21	傳送郵件到Amy@jbjob.com.tw()	
2011/3/18 下午 10:19:22	傳送郵件到Tiffany@jbjob.com.tw()	
2011/3/18 下午 11:34:23	傳送郵件到Tina@jbjob.com.tw()	
2011/3/18 下午 11:44:24	傳送郵件到Alex@jbjob.com.tw()	
