2012/2/10 上午 12:02:32	傳送郵件到wilson@jbjob.com.tw()	
2012/2/10 上午 01:32:33	傳送郵件到Angel@jbjob.com.tw()	
2012/2/10 上午 02:02:34	傳送郵件到wilson@jbjob.com.tw()	
2012/2/10 上午 03:32:35	傳送郵件到Angel@jbjob.com.tw()	
2012/2/10 上午 04:02:35	傳送郵件到wilson@jbjob.com.tw()	
2012/2/10 上午 08:42:37	傳送郵件到richard@jbjob.com.tw()	
2012/2/10 上午 08:52:38	傳送郵件到Paul@jbjob.com.tw()	
2012/2/10 上午 09:22:39	傳送郵件到Tiffany@jbjob.com.tw()	
2012/2/10 上午 10:02:40	傳送郵件到Tina@jbjob.com.tw()	
2012/2/10 上午 10:02:40	傳送郵件到rita@jbjob.com.tw()	
2012/2/10 上午 10:42:42	傳送郵件到cjs@jbjob.com.tw()	
2012/2/10 上午 10:52:43	傳送郵件到Paul@jbjob.com.tw()	
2012/2/10 上午 11:22:43	傳送郵件到Tiffany@jbjob.com.tw()	
2012/2/10 下午 12:02:44	傳送郵件到Tina@jbjob.com.tw()	
2012/2/10 下午 12:32:45	傳送郵件到richard@jbjob.com.tw()	
2012/2/10 下午 01:22:46	傳送郵件到Tiffany@jbjob.com.tw()	
2012/2/10 下午 01:22:46	傳送郵件到Angel@jbjob.com.tw()	
2012/2/10 下午 02:02:47	傳送郵件到Tina@jbjob.com.tw()	
2012/2/10 下午 02:12:48	傳送郵件到cjs@jbjob.com.tw()	
2012/2/10 下午 03:32:49	傳送郵件到Angel@jbjob.com.tw()	
2012/2/10 下午 05:32:50	傳送郵件到Angel@jbjob.com.tw()	
2012/2/10 下午 05:42:51	傳送郵件到richard@jbjob.com.tw()	
2012/2/10 下午 07:32:52	傳送郵件到Angel@jbjob.com.tw()	
