2012/3/12 上午 08:19:17	傳送郵件到Angel@jbjob.com.tw()	
2012/3/12 上午 10:29:19	傳送郵件到Grace@jbjob.com.tw()	
2012/3/12 上午 10:59:20	傳送郵件到Angel@jbjob.com.tw()	
2012/3/12 下午 12:09:21	傳送郵件到Paul@jbjob.com.tw()	
2012/3/12 下午 12:29:21	傳送郵件到Grace@jbjob.com.tw()	
2012/3/12 下午 12:39:22	傳送郵件到cjs@jbjob.com.tw()	
2012/3/12 下午 01:19:23	傳送郵件到kelly@jbjob.com.tw()	
2012/3/12 下午 01:29:25	傳送郵件到richard@jbjob.com.tw()	
2012/3/12 下午 02:09:26	傳送郵件到Tiffany@jbjob.com.tw()	
2012/3/12 下午 02:29:26	傳送郵件到Grace@jbjob.com.tw()	
2012/3/12 下午 02:39:27	傳送郵件到Angel@jbjob.com.tw()	
2012/3/12 下午 03:49:29	傳送郵件到richard@jbjob.com.tw()	
2012/3/12 下午 04:09:30	傳送郵件到Tiffany@jbjob.com.tw()	
2012/3/12 下午 04:09:31	傳送郵件到kelly@jbjob.com.tw()	
2012/3/12 下午 04:39:32	傳送郵件到Angel@jbjob.com.tw()	
2012/3/12 下午 06:09:34	傳送郵件到Tiffany@jbjob.com.tw()	
2012/3/12 下午 06:29:35	傳送郵件到richard@jbjob.com.tw()	
2012/3/12 下午 08:29:36	傳送郵件到richard@jbjob.com.tw()	
2012/3/12 下午 10:19:38	傳送郵件到Angel@jbjob.com.tw()	
2012/3/12 下午 10:29:38	傳送郵件到richard@jbjob.com.tw()	
