2011/9/8 上午 12:12:24	傳送郵件到wilson@jbjob.com.tw()	
2011/9/8 上午 12:22:29	傳送郵件到Angel@jbjob.com.tw()	
2011/9/8 上午 02:22:36	傳送郵件到Angel@jbjob.com.tw()	
2011/9/8 上午 04:22:37	傳送郵件到Angel@jbjob.com.tw()	
2011/9/8 上午 09:32:40	傳送郵件到Tina@jbjob.com.tw()	
2011/9/8 上午 11:32:41	傳送郵件到Tina@jbjob.com.tw()	
2011/9/8 下午 12:22:42	傳送郵件到richard@jbjob.com.tw()	
2011/9/8 下午 12:52:43	傳送郵件到Angel@jbjob.com.tw()	
2011/9/8 下午 01:32:45	傳送郵件到Tina@jbjob.com.tw()	
2011/9/8 下午 01:42:46	傳送郵件到cjs@jbjob.com.tw()	
2011/9/8 下午 02:22:46	傳送郵件到richard@jbjob.com.tw()	
2011/9/8 下午 02:52:47	傳送郵件到Angel@jbjob.com.tw()	
2011/9/8 下午 02:53:55	傳送郵件到Grace@jbjob.com.tw()	
2011/9/8 下午 04:52:48	傳送郵件到Angel@jbjob.com.tw()	
2011/9/8 下午 04:52:48	傳送郵件到richard@jbjob.com.tw()	
2011/9/8 下午 04:53:57	傳送郵件到Grace@jbjob.com.tw()	
2011/9/8 下午 05:22:49	傳送郵件到Tina@jbjob.com.tw()	
2011/9/8 下午 05:23:57	傳送郵件到Tiffany@jbjob.com.tw()	
2011/9/8 下午 06:53:58	傳送郵件到Grace@jbjob.com.tw()	
2011/9/8 下午 06:53:59	傳送郵件到wilson@jbjob.com.tw()	
2011/9/8 下午 07:22:50	傳送郵件到Tina@jbjob.com.tw()	
2011/9/8 下午 08:54:00	傳送郵件到wilson@jbjob.com.tw()	
2011/9/8 下午 10:54:02	傳送郵件到wilson@jbjob.com.tw()	
2011/9/8 下午 11:32:53	傳送郵件到Amy@jbjob.com.tw()	
