2011/6/23 上午 07:58:30	傳送郵件到Grace@jbjob.com.tw()	
2011/6/23 上午 08:28:30	傳送郵件到Alex@jbjob.com.tw()	
2011/6/23 上午 10:03:37	傳送郵件到Grace@jbjob.com.tw()	
2011/6/23 上午 10:13:42	傳送郵件到Tina@jbjob.com.tw()	
2011/6/23 上午 10:33:38	傳送郵件到Alex@jbjob.com.tw()	
2011/6/23 下午 12:03:41	傳送郵件到Grace@jbjob.com.tw()	
2011/6/23 下午 12:13:43	傳送郵件到daphne@jbjob.com.tw()	
2011/6/23 下午 12:13:46	傳送郵件到Tina@jbjob.com.tw()	
2011/6/23 下午 12:33:47	傳送郵件到Alex@jbjob.com.tw()	
2011/6/23 下午 12:33:48	傳送郵件到Alex@jbjob.com.tw()	
2011/6/23 下午 01:13:51	傳送郵件到victor@jbjob.com.tw()	
2011/6/23 下午 01:13:52	傳送郵件到richard@jbjob.com.tw()	
2011/6/23 下午 02:13:55	傳送郵件到Tina@jbjob.com.tw()	
2011/6/23 下午 02:13:57	傳送郵件到daphne@jbjob.com.tw()	
2011/6/23 下午 03:03:59	傳送郵件到clinton@jbjob.com.tw()	
2011/6/23 下午 03:13:59	傳送郵件到victor@jbjob.com.tw()	
2011/6/23 下午 03:14:00	傳送郵件到richard@jbjob.com.tw()	
2011/6/23 下午 04:04:03	傳送郵件到Tiffany@jbjob.com.tw()	
2011/6/23 下午 04:14:06	傳送郵件到daphne@jbjob.com.tw()	
2011/6/23 下午 04:34:07	傳送郵件到Tina@jbjob.com.tw()	
2011/6/23 下午 05:04:08	傳送郵件到clinton@jbjob.com.tw()	
2011/6/23 下午 05:14:08	傳送郵件到victor@jbjob.com.tw()	
2011/6/23 下午 05:14:09	傳送郵件到richard@jbjob.com.tw()	
2011/6/23 下午 06:04:11	傳送郵件到Tiffany@jbjob.com.tw()	
2011/6/23 下午 07:04:12	傳送郵件到clinton@jbjob.com.tw()	
2011/6/23 下午 07:54:13	傳送郵件到Tina@jbjob.com.tw()	
2011/6/23 下午 08:04:14	傳送郵件到Tiffany@jbjob.com.tw()	
2011/6/23 下午 09:54:16	傳送郵件到Tina@jbjob.com.tw()	
2011/6/23 下午 11:24:18	傳送郵件到Amy@jbjob.com.tw()	
