2010/9/14 上午 08:53:15	傳送郵件到rita@jbjob.com.tw(許名瑤)	
2010/9/14 上午 08:53:18	傳送郵件到Jimmy@jbjob.com.tw(林建銘)	
2010/9/14 上午 09:53:24	傳送郵件到Leo@jbjob.com.tw(陳宜賢)	
2010/9/14 上午 09:54:40	傳送郵件到Grace@jbjob.com.tw(鍾淑霞)	
2010/9/14 上午 09:54:40	傳送郵件到clinton@jbjob.com.tw(陳欽碧)	
2010/9/14 上午 09:54:40	傳送郵件到Paul@jbjob.com.tw(鍾華亮)	
2010/9/14 上午 09:54:41	傳送郵件到Tina@jbjob.com.tw(夏玉萍)	
2010/9/14 上午 09:54:41	傳送郵件到rita@jbjob.com.tw(許名瑤)	
2010/9/14 上午 09:54:42	傳送郵件到Amy@jbjob.com.tw(許月英)	
2010/9/14 上午 09:54:42	傳送郵件到Jimmy@jbjob.com.tw(林建銘)	
2010/9/14 上午 09:54:42	傳送郵件到Leo@jbjob.com.tw(陳宜賢)	
2010/9/14 上午 09:54:43	傳送郵件到wilson@jbjob.com.tw(吳宗偉)	
2010/9/14 上午 09:54:43	傳送郵件到jju@jbjob.com.tw(朱嘉羚)	
2010/9/14 上午 09:54:44	傳送郵件到debbie@jbjob.com.tw(廖淑娟)	
2010/9/14 上午 09:54:44	傳送郵件到richard@jbjob.com.tw(高景星)	
2010/9/14 上午 09:54:47	傳送郵件到Tiffany@jbjob.com.tw(張鈴涓)	
2010/9/14 上午 10:04:50	傳送郵件到clinton@jbjob.com.tw(陳欽碧)	
2010/9/14 上午 10:04:52	傳送郵件到Paul@jbjob.com.tw(鍾華亮)	
2010/9/14 上午 10:04:54	傳送郵件到Tina@jbjob.com.tw(夏玉萍)	
2010/9/14 上午 10:04:55	傳送郵件到Amy@jbjob.com.tw(許月英)	
2010/9/14 上午 10:04:56	傳送郵件到Jimmy@jbjob.com.tw(林建銘)	
2010/9/14 上午 10:04:57	傳送郵件到Tiffany@jbjob.com.tw(張鈴涓)	
2010/9/14 上午 10:04:57	傳送郵件到wilson@jbjob.com.tw(吳宗偉)	
2010/9/14 上午 10:04:58	傳送郵件到jju@jbjob.com.tw(朱嘉羚)	
2010/9/14 上午 10:04:59	傳送郵件到debbie@jbjob.com.tw(廖淑娟)	
2010/9/14 上午 10:04:59	傳送郵件到richard@jbjob.com.tw(高景星)	
2010/9/14 上午 10:15:03	傳送郵件到Grace@jbjob.com.tw(鍾淑霞)	
2010/9/14 上午 10:15:08	傳送郵件到clinton@jbjob.com.tw(陳欽碧)	
2010/9/14 上午 10:15:12	傳送郵件到Paul@jbjob.com.tw(鍾華亮)	
2010/9/14 上午 10:15:17	傳送郵件到Tina@jbjob.com.tw(夏玉萍)	
2010/9/14 上午 10:15:23	傳送郵件到Amy@jbjob.com.tw(許月英)	
2010/9/14 上午 10:15:27	傳送郵件到Jimmy@jbjob.com.tw(林建銘)	
2010/9/14 上午 10:15:33	傳送郵件到wilson@jbjob.com.tw(吳宗偉)	
2010/9/14 上午 10:15:39	傳送郵件到jju@jbjob.com.tw(朱嘉羚)	
2010/9/14 上午 10:15:42	傳送郵件到debbie@jbjob.com.tw(廖淑娟)	
2010/9/14 上午 10:15:44	傳送郵件到richard@jbjob.com.tw(高景星)	
2010/9/14 上午 10:34:53	傳送郵件到Grace@jbjob.com.tw(鍾淑霞)	
2010/9/14 上午 10:35:16	傳送郵件到clinton@jbjob.com.tw(陳欽碧)	
2010/9/14 上午 10:35:23	傳送郵件到Paul@jbjob.com.tw(鍾華亮)	
2010/9/14 上午 10:35:48	傳送郵件到Tina@jbjob.com.tw(夏玉萍)	
2010/9/14 上午 10:35:54	傳送郵件到Tina@jbjob.com.tw(夏玉萍)	
2010/9/14 上午 10:35:57	傳送郵件到Amy@jbjob.com.tw(許月英)	
2010/9/14 上午 10:36:07	傳送郵件到Jimmy@jbjob.com.tw(林建銘)	
2010/9/14 上午 10:36:10	傳送郵件到wilson@jbjob.com.tw(吳宗偉)	
2010/9/14 上午 10:36:13	傳送郵件到jju@jbjob.com.tw(朱嘉羚)	
2010/9/14 上午 10:36:14	傳送郵件到jju@jbjob.com.tw(朱嘉羚)	
2010/9/14 上午 10:36:16	傳送郵件到debbie@jbjob.com.tw(廖淑娟)	
2010/9/14 上午 10:36:22	傳送郵件到debbie@jbjob.com.tw(廖淑娟)	
2010/9/14 上午 10:46:16	傳送郵件到shingolin@gmail.com()	
2010/9/14 上午 10:59:53	傳送郵件到shingolin@gmail.com(Grace@jbjob.com.tw)	
2010/9/14 上午 11:00:00	傳送郵件到shingolin@gmail.com(clinton@jbjob.com.tw)	
2010/9/14 上午 11:00:04	傳送郵件到shingolin@gmail.com(Paul@jbjob.com.tw)	
2010/9/14 上午 11:00:10	傳送郵件到shingolin@gmail.com(Tina@jbjob.com.tw)	
2010/9/14 上午 11:00:16	傳送郵件到shingolin@gmail.com(Amy@jbjob.com.tw)	
2010/9/14 上午 11:00:25	傳送郵件到shingolin@gmail.com(Jimmy@jbjob.com.tw)	
2010/9/14 上午 11:00:31	傳送郵件到shingolin@gmail.com(wilson@jbjob.com.tw)	
2010/9/14 上午 11:00:37	傳送郵件到shingolin@gmail.com(jju@jbjob.com.tw)	
2010/9/14 上午 11:00:41	傳送郵件到shingolin@gmail.com(debbie@jbjob.com.tw)	
2010/9/14 上午 11:03:18	傳送郵件到shingolin@gmail.com(Grace@jbjob.com.tw)	
2010/9/14 上午 11:03:24	傳送郵件到shingolin@gmail.com(clinton@jbjob.com.tw)	
2010/9/14 上午 11:03:32	傳送郵件到shingolin@gmail.com(Paul@jbjob.com.tw)	
2010/9/14 上午 11:03:37	傳送郵件到shingolin@gmail.com(Tina@jbjob.com.tw)	
2010/9/14 上午 11:03:41	傳送郵件到shingolin@gmail.com(Amy@jbjob.com.tw)	
2010/9/14 上午 11:03:48	傳送郵件到shingolin@gmail.com(Jimmy@jbjob.com.tw)	
2010/9/14 上午 11:03:51	傳送郵件到shingolin@gmail.com(wilson@jbjob.com.tw)	
2010/9/14 上午 11:03:53	傳送郵件到shingolin@gmail.com(jju@jbjob.com.tw)	
2010/9/14 上午 11:03:58	傳送郵件到shingolin@gmail.com(debbie@jbjob.com.tw)	
2010/9/14 上午 11:07:12	傳送郵件到Grace@jbjob.com.tw()	
2010/9/14 上午 11:07:16	傳送郵件到clinton@jbjob.com.tw()	
2010/9/14 上午 11:07:20	傳送郵件到Paul@jbjob.com.tw()	
2010/9/14 上午 11:07:24	傳送郵件到Tina@jbjob.com.tw()	
2010/9/14 上午 11:07:29	傳送郵件到Amy@jbjob.com.tw()	
2010/9/14 上午 11:07:38	傳送郵件到Jimmy@jbjob.com.tw()	
2010/9/14 上午 11:07:42	傳送郵件到wilson@jbjob.com.tw()	
2010/9/14 上午 11:07:47	傳送郵件到jju@jbjob.com.tw()	
2010/9/14 上午 11:07:51	傳送郵件到debbie@jbjob.com.tw()	
2010/9/14 下午 12:29:08	傳送郵件到Lee@jbjob.com.tw()	
2010/9/14 下午 12:54:08	傳送郵件到Elva@jbjob.com.tw()	
2010/9/14 下午 01:09:10	傳送郵件到Grace@jbjob.com.tw()	
2010/9/14 下午 01:09:10	傳送郵件到Amy@jbjob.com.tw()	
2010/9/14 下午 01:09:11	傳送郵件到Jimmy@jbjob.com.tw()	
2010/9/14 下午 01:09:11	傳送郵件到wilson@jbjob.com.tw()	
2010/9/14 下午 01:09:12	傳送郵件到debbie@jbjob.com.tw()	
2010/9/14 下午 02:24:13	傳送郵件到jju@jbjob.com.tw()	
2010/9/14 下午 02:34:14	傳送郵件到clinton@jbjob.com.tw()	
2010/9/14 下午 02:54:15	傳送郵件到Elva@jbjob.com.tw()	
2010/9/14 下午 03:09:17	傳送郵件到Grace@jbjob.com.tw()	
2010/9/14 下午 03:09:18	傳送郵件到Jimmy@jbjob.com.tw()	
2010/9/14 下午 03:09:19	傳送郵件到wilson@jbjob.com.tw()	
2010/9/14 下午 03:09:21	傳送郵件到debbie@jbjob.com.tw()	
2010/9/14 下午 03:29:22	傳送郵件到rita@jbjob.com.tw()	
2010/9/14 下午 04:24:23	傳送郵件到jju@jbjob.com.tw()	
2010/9/14 下午 04:34:24	傳送郵件到clinton@jbjob.com.tw()	
2010/9/14 下午 04:54:26	傳送郵件到Elva@jbjob.com.tw()	
2010/9/14 下午 05:29:27	傳送郵件到rita@jbjob.com.tw()	
2010/9/14 下午 05:49:28	傳送郵件到Lee@jbjob.com.tw()	
2010/9/14 下午 07:50:12	傳送郵件到Lee@jbjob.com.tw()	
2010/9/14 下午 08:10:13	傳送郵件到Tiffany@jbjob.com.tw()	
2010/9/14 下午 08:25:14	傳送郵件到clinton@jbjob.com.tw()	
2010/9/14 下午 09:50:15	傳送郵件到Lee@jbjob.com.tw()	
2010/9/14 下午 10:10:16	傳送郵件到Tiffany@jbjob.com.tw()	
2010/9/14 下午 10:15:17	傳送郵件到rita@jbjob.com.tw()	
2010/9/14 下午 10:25:20	傳送郵件到clinton@jbjob.com.tw()	
