2012/4/25 上午 07:29:01	傳送郵件到clinton@jbjob.com.tw()	
2012/4/25 上午 10:09:06	傳送郵件到richard@jbjob.com.tw()	
2012/4/25 上午 10:19:06	傳送郵件到rita@jbjob.com.tw()	
2012/4/25 上午 10:39:09	傳送郵件到Angel@jbjob.com.tw()	
2012/4/25 下午 12:19:10	傳送郵件到richard@jbjob.com.tw()	
2012/4/25 下午 01:29:10	傳送郵件到Tina@jbjob.com.tw()	
2012/4/25 下午 03:09:11	傳送郵件到richard@jbjob.com.tw()	
2012/4/25 下午 03:29:12	傳送郵件到Tina@jbjob.com.tw()	
2012/4/25 下午 04:39:12	傳送郵件到Jimmy@jbjob.com.tw()	
2012/4/25 下午 05:09:13	傳送郵件到Angel@jbjob.com.tw()	
2012/4/25 下午 05:09:13	傳送郵件到richard@jbjob.com.tw()	
2012/4/25 下午 05:29:14	傳送郵件到Tina@jbjob.com.tw()	
2012/4/25 下午 05:39:14	傳送郵件到Tiffany@jbjob.com.tw()	
2012/4/25 下午 07:09:16	傳送郵件到Angel@jbjob.com.tw()	
2012/4/25 下午 07:19:16	傳送郵件到richard@jbjob.com.tw()	
2012/4/25 下午 07:39:17	傳送郵件到Tiffany@jbjob.com.tw()	
2012/4/25 下午 09:19:17	傳送郵件到richard@jbjob.com.tw()	
2012/4/25 下午 09:39:18	傳送郵件到Tiffany@jbjob.com.tw()	
2012/4/25 下午 11:19:19	傳送郵件到richard@jbjob.com.tw()	
2012/4/25 下午 11:39:20	傳送郵件到wilson@jbjob.com.tw()	
