2011/1/28 上午 01:47:23	傳送郵件到Amy@jbjob.com.tw()	
2011/1/28 上午 08:47:31	傳送郵件到clinton@jbjob.com.tw()	
2011/1/28 上午 10:42:33	傳送郵件到victor@jbjob.com.tw()	
2011/1/28 上午 10:47:33	傳送郵件到clinton@jbjob.com.tw()	
2011/1/28 上午 11:12:34	傳送郵件到Grace@jbjob.com.tw()	
2011/1/28 下午 12:42:36	傳送郵件到Lee@jbjob.com.tw()	
2011/1/28 下午 01:12:37	傳送郵件到Grace@jbjob.com.tw()	
2011/1/28 下午 02:27:38	傳送郵件到clinton@jbjob.com.tw()	
2011/1/28 下午 02:42:39	傳送郵件到Lee@jbjob.com.tw()	
2011/1/28 下午 03:07:40	傳送郵件到rita@jbjob.com.tw()	
2011/1/28 下午 03:12:42	傳送郵件到Grace@jbjob.com.tw()	
2011/1/28 下午 04:07:45	傳送郵件到Tiffany@jbjob.com.tw()	
2011/1/28 下午 05:17:47	傳送郵件到rita@jbjob.com.tw()	
2011/1/28 下午 05:22:48	傳送郵件到richard@jbjob.com.tw()	
2011/1/28 下午 05:57:52	傳送郵件到Lee@jbjob.com.tw()	
2011/1/28 下午 06:07:52	傳送郵件到Tiffany@jbjob.com.tw()	
2011/1/28 下午 07:22:53	傳送郵件到rita@jbjob.com.tw()	
2011/1/28 下午 07:57:54	傳送郵件到Lee@jbjob.com.tw()	
2011/1/28 下午 08:07:55	傳送郵件到Tiffany@jbjob.com.tw()	
2011/1/28 下午 09:22:56	傳送郵件到rita@jbjob.com.tw()	
2011/1/28 下午 09:57:57	傳送郵件到Lee@jbjob.com.tw()	
2011/1/28 下午 11:22:59	傳送郵件到rita@jbjob.com.tw()	
