2011/6/3 上午 12:22:17	傳送郵件到Alex@jbjob.com.tw()	
2011/6/3 上午 09:02:24	傳送郵件到Tina@jbjob.com.tw()	
2011/6/3 上午 10:22:25	傳送郵件到Paul@jbjob.com.tw()	
2011/6/3 上午 10:32:28	傳送郵件到Amy@jbjob.com.tw()	
2011/6/3 上午 11:02:30	傳送郵件到Tina@jbjob.com.tw()	
2011/6/3 上午 11:32:32	傳送郵件到richard@jbjob.com.tw()	
2011/6/3 下午 12:22:33	傳送郵件到Paul@jbjob.com.tw()	
2011/6/3 下午 12:22:34	傳送郵件到victor@jbjob.com.tw()	
2011/6/3 下午 12:22:35	傳送郵件到daphne@jbjob.com.tw()	
2011/6/3 下午 12:32:36	傳送郵件到Amy@jbjob.com.tw()	
2011/6/3 下午 12:42:36	傳送郵件到Alex@jbjob.com.tw()	
2011/6/3 下午 01:02:37	傳送郵件到Tina@jbjob.com.tw()	
2011/6/3 下午 01:22:37	傳送郵件到wilson@jbjob.com.tw()	
2011/6/3 下午 01:42:38	傳送郵件到Tiffany@jbjob.com.tw()	
2011/6/3 下午 02:22:38	傳送郵件到Paul@jbjob.com.tw()	
2011/6/3 下午 02:22:39	傳送郵件到victor@jbjob.com.tw()	
2011/6/3 下午 02:22:39	傳送郵件到daphne@jbjob.com.tw()	
2011/6/3 下午 02:32:40	傳送郵件到cjs@jbjob.com.tw()	
2011/6/3 下午 02:32:41	傳送郵件到Amy@jbjob.com.tw()	
2011/6/3 下午 03:12:42	傳送郵件到clinton@jbjob.com.tw()	
2011/6/3 下午 03:22:43	傳送郵件到wilson@jbjob.com.tw()	
2011/6/3 下午 03:42:45	傳送郵件到Tiffany@jbjob.com.tw()	
2011/6/3 下午 04:22:46	傳送郵件到victor@jbjob.com.tw()	
2011/6/3 下午 05:12:48	傳送郵件到clinton@jbjob.com.tw()	
2011/6/3 下午 05:22:49	傳送郵件到wilson@jbjob.com.tw()	
2011/6/3 下午 05:42:50	傳送郵件到Tiffany@jbjob.com.tw()	
2011/6/3 下午 05:52:51	傳送郵件到daphne@jbjob.com.tw()	
2011/6/3 下午 06:02:54	傳送郵件到Tina@jbjob.com.tw()	
2011/6/3 下午 07:12:56	傳送郵件到clinton@jbjob.com.tw()	
2011/6/3 下午 08:02:57	傳送郵件到Tina@jbjob.com.tw()	
2011/6/3 下午 10:02:59	傳送郵件到Tina@jbjob.com.tw()	
