2010/12/24 上午 09:02:32	傳送郵件到Alex@jbjob.com.tw()	
2010/12/24 上午 09:02:32	傳送郵件到Grace@jbjob.com.tw()	
2010/12/24 上午 09:02:33	傳送郵件到clinton@jbjob.com.tw()	
2010/12/24 上午 09:02:34	傳送郵件到Paul@jbjob.com.tw()	
2010/12/24 上午 09:02:34	傳送郵件到cjs@jbjob.com.tw()	
2010/12/24 上午 09:02:35	傳送郵件到Amy@jbjob.com.tw()	
2010/12/24 上午 09:02:35	傳送郵件到Lee@jbjob.com.tw()	
2010/12/24 上午 09:02:36	傳送郵件到Lilian@jbjob.com.tw()	
2010/12/24 上午 09:02:36	傳送郵件到Tiffany@jbjob.com.tw()	
2010/12/24 上午 09:02:37	傳送郵件到wilson@jbjob.com.tw()	
2010/12/24 上午 09:02:38	傳送郵件到jju@jbjob.com.tw()	
2010/12/24 上午 09:02:38	傳送郵件到joan@jbjob.com.tw()	
2010/12/24 上午 09:02:39	傳送郵件到Candy@jbjob.com.tw()	
2010/12/24 上午 09:27:41	傳送郵件到Tina@jbjob.com.tw()	
2010/12/24 上午 09:37:42	傳送郵件到richard@jbjob.com.tw()	
2010/12/24 上午 11:02:44	傳送郵件到Alex@jbjob.com.tw()	
2010/12/24 上午 11:02:45	傳送郵件到Grace@jbjob.com.tw()	
2010/12/24 上午 11:02:46	傳送郵件到clinton@jbjob.com.tw()	
2010/12/24 上午 11:02:46	傳送郵件到Paul@jbjob.com.tw()	
2010/12/24 上午 11:02:47	傳送郵件到cjs@jbjob.com.tw()	
2010/12/24 上午 11:02:48	傳送郵件到Lilian@jbjob.com.tw()	
2010/12/24 上午 11:02:49	傳送郵件到Tiffany@jbjob.com.tw()	
2010/12/24 上午 11:02:49	傳送郵件到wilson@jbjob.com.tw()	
2010/12/24 上午 11:02:50	傳送郵件到jju@jbjob.com.tw()	
2010/12/24 上午 11:02:51	傳送郵件到Candy@jbjob.com.tw()	
2010/12/24 上午 11:27:52	傳送郵件到Tina@jbjob.com.tw()	
2010/12/24 上午 11:37:53	傳送郵件到Lee@jbjob.com.tw()	
2010/12/24 下午 01:02:54	傳送郵件到Alex@jbjob.com.tw()	
2010/12/24 下午 01:02:55	傳送郵件到Grace@jbjob.com.tw()	
2010/12/24 下午 01:02:55	傳送郵件到cjs@jbjob.com.tw()	
2010/12/24 下午 01:02:55	傳送郵件到Lilian@jbjob.com.tw()	
2010/12/24 下午 01:02:56	傳送郵件到Tiffany@jbjob.com.tw()	
2010/12/24 下午 01:02:56	傳送郵件到wilson@jbjob.com.tw()	
2010/12/24 下午 01:02:57	傳送郵件到jju@jbjob.com.tw()	
2010/12/24 下午 01:02:57	傳送郵件到Candy@jbjob.com.tw()	
2010/12/24 下午 01:07:58	傳送郵件到rita@jbjob.com.tw()	
2010/12/24 下午 01:28:00	傳送郵件到Tina@jbjob.com.tw()	
2010/12/24 下午 03:33:25	傳送郵件到rurujion@jbjob.com.tw()	
2010/12/24 下午 03:38:26	傳送郵件到Lee@jbjob.com.tw()	
2010/12/24 下午 04:48:28	傳送郵件到Paul@jbjob.com.tw()	
2010/12/24 下午 06:13:30	傳送郵件到richard@jbjob.com.tw()	
2010/12/24 下午 06:18:30	傳送郵件到clinton@jbjob.com.tw()	
2010/12/24 下午 06:48:31	傳送郵件到Paul@jbjob.com.tw()	
2010/12/24 下午 08:13:36	傳送郵件到richard@jbjob.com.tw()	
2010/12/24 下午 08:18:37	傳送郵件到clinton@jbjob.com.tw()	
2010/12/24 下午 08:48:38	傳送郵件到Paul@jbjob.com.tw()	
2010/12/24 下午 10:13:40	傳送郵件到richard@jbjob.com.tw()	
2010/12/24 下午 10:18:41	傳送郵件到clinton@jbjob.com.tw()	
