2012/10/31 上午 12:18:05	傳送郵件到Lilian@jbjob.com.tw()	
2012/10/31 上午 12:18:05	傳送郵件到Tiffany@jbjob.com.tw()	
2012/10/31 上午 12:33:06	傳送郵件到richard@jbjob.com.tw()	
2012/10/31 上午 01:33:06	傳送郵件到kelly@jbjob.com.tw()	
2012/10/31 上午 02:03:07	傳送郵件到Angel@jbjob.com.tw()	
2012/10/31 上午 02:18:08	傳送郵件到clinton@jbjob.com.tw()	
2012/10/31 上午 04:33:09	傳送郵件到richard@jbjob.com.tw()	
2012/10/31 上午 08:18:10	傳送郵件到yafang@jbjob.com.tw()	
2012/10/31 下午 12:18:12	傳送郵件到yafang@jbjob.com.tw()	
2012/10/31 下午 12:33:13	傳送郵件到Paul@jbjob.com.tw()	
2012/10/31 下午 12:48:13	傳送郵件到Angel@jbjob.com.tw()	
2012/10/31 下午 12:48:14	傳送郵件到wilson@jbjob.com.tw()	
2012/10/31 下午 01:48:14	傳送郵件到Tiffany@jbjob.com.tw()	
2012/10/31 下午 02:33:18	傳送郵件到cjs@jbjob.com.tw()	
2012/10/31 下午 03:18:21	傳送郵件到richard@jbjob.com.tw()	
2012/10/31 下午 04:33:23	傳送郵件到Paul@jbjob.com.tw()	
2012/10/31 下午 05:33:23	傳送郵件到clinton@jbjob.com.tw()	
2012/10/31 下午 07:33:24	傳送郵件到cjs@jbjob.com.tw()	
2012/10/31 下午 07:33:25	傳送郵件到richard@jbjob.com.tw()	
2012/10/31 下午 08:33:26	傳送郵件到Paul@jbjob.com.tw()	
2012/10/31 下午 09:33:27	傳送郵件到clinton@jbjob.com.tw()	
2012/10/31 下午 11:33:27	傳送郵件到cjs@jbjob.com.tw()	
2012/10/31 下午 11:33:28	傳送郵件到richard@jbjob.com.tw()	
