2011/8/2 上午 12:12:44	傳送郵件到Alex@jbjob.com.tw()	
2011/8/2 上午 10:42:47	傳送郵件到Alex@jbjob.com.tw()	
2011/8/2 上午 10:42:47	傳送郵件到clinton@jbjob.com.tw()	
2011/8/2 上午 11:42:48	傳送郵件到Paul@jbjob.com.tw()	
2011/8/2 下午 12:42:49	傳送郵件到clinton@jbjob.com.tw()	
2011/8/2 下午 01:22:50	傳送郵件到cjs@jbjob.com.tw()	
2011/8/2 下午 01:22:50	傳送郵件到daphne@jbjob.com.tw()	
2011/8/2 下午 01:32:51	傳送郵件到Tiffany@jbjob.com.tw()	
2011/8/2 下午 01:42:55	傳送郵件到Paul@jbjob.com.tw()	
2011/8/2 下午 02:02:55	傳送郵件到Alex@jbjob.com.tw()	
2011/8/2 下午 02:42:56	傳送郵件到Amy@jbjob.com.tw()	
2011/8/2 下午 03:22:57	傳送郵件到daphne@jbjob.com.tw()	
2011/8/2 下午 03:42:59	傳送郵件到Paul@jbjob.com.tw()	
2011/8/2 下午 03:53:00	傳送郵件到Tina@jbjob.com.tw()	
2011/8/2 下午 04:43:01	傳送郵件到Amy@jbjob.com.tw()	
2011/8/2 下午 05:23:04	傳送郵件到Alex@jbjob.com.tw()	
2011/8/2 下午 05:33:14	傳送郵件到richard@jbjob.com.tw()	
2011/8/2 下午 06:33:15	傳送郵件到wilson@jbjob.com.tw()	
2011/8/2 下午 06:53:16	傳送郵件到daphne@jbjob.com.tw()	
2011/8/2 下午 07:23:17	傳送郵件到Alex@jbjob.com.tw()	
2011/8/2 下午 07:33:17	傳送郵件到richard@jbjob.com.tw()	
2011/8/2 下午 08:33:18	傳送郵件到wilson@jbjob.com.tw()	
2011/8/2 下午 08:53:19	傳送郵件到daphne@jbjob.com.tw()	
2011/8/2 下午 09:23:20	傳送郵件到Alex@jbjob.com.tw()	
2011/8/2 下午 09:33:20	傳送郵件到richard@jbjob.com.tw()	
2011/8/2 下午 10:33:22	傳送郵件到wilson@jbjob.com.tw()	
2011/8/2 下午 10:53:22	傳送郵件到daphne@jbjob.com.tw()	
