2011/5/2 上午 09:00:07	傳送郵件到clinton@jbjob.com.tw()	
2011/5/2 上午 09:10:07	傳送郵件到Paul@jbjob.com.tw()	
2011/5/2 上午 09:30:08	傳送郵件到Alex@jbjob.com.tw()	
2011/5/2 上午 11:00:09	傳送郵件到clinton@jbjob.com.tw()	
2011/5/2 上午 11:10:10	傳送郵件到Paul@jbjob.com.tw()	
2011/5/2 上午 11:30:12	傳送郵件到Alex@jbjob.com.tw()	
2011/5/2 上午 11:30:12	傳送郵件到daphne@jbjob.com.tw()	
2011/5/2 下午 01:00:13	傳送郵件到clinton@jbjob.com.tw()	
2011/5/2 下午 01:20:13	傳送郵件到Paul@jbjob.com.tw()	
2011/5/2 下午 01:30:15	傳送郵件到Alex@jbjob.com.tw()	
2011/5/2 下午 01:30:17	傳送郵件到cjs@jbjob.com.tw()	
2011/5/2 下午 01:30:19	傳送郵件到daphne@jbjob.com.tw()	
2011/5/2 下午 01:40:20	傳送郵件到rita@jbjob.com.tw()	
2011/5/2 下午 03:20:26	傳送郵件到Paul@jbjob.com.tw()	
2011/5/2 下午 03:40:28	傳送郵件到cjs@jbjob.com.tw()	
2011/5/2 下午 05:20:31	傳送郵件到Paul@jbjob.com.tw()	
2011/5/2 下午 05:40:33	傳送郵件到rita@jbjob.com.tw()	
2011/5/2 下午 05:40:34	傳送郵件到cjs@jbjob.com.tw()	
2011/5/2 下午 06:10:38	傳送郵件到Alex@jbjob.com.tw()	
2011/5/2 下午 07:40:40	傳送郵件到rita@jbjob.com.tw()	
2011/5/2 下午 07:40:43	傳送郵件到cjs@jbjob.com.tw()	
2011/5/2 下午 08:10:45	傳送郵件到Alex@jbjob.com.tw()	
2011/5/2 下午 09:40:46	傳送郵件到rita@jbjob.com.tw()	
2011/5/2 下午 10:10:47	傳送郵件到Alex@jbjob.com.tw()	
