2011/8/10 上午 08:41:49	傳送郵件到rita@jbjob.com.tw()	
2011/8/10 上午 08:41:50	傳送郵件到richard@jbjob.com.tw()	
2011/8/10 上午 09:11:55	傳送郵件到cjs@jbjob.com.tw()	
2011/8/10 上午 09:51:57	傳送郵件到Tiffany@jbjob.com.tw()	
2011/8/10 上午 10:51:58	傳送郵件到richard@jbjob.com.tw()	
2011/8/10 上午 11:11:59	傳送郵件到cjs@jbjob.com.tw()	
2011/8/10 上午 11:52:00	傳送郵件到Tiffany@jbjob.com.tw()	
2011/8/10 下午 12:42:01	傳送郵件到connielee@jbjob.com.tw()	
2011/8/10 下午 12:52:01	傳送郵件到richard@jbjob.com.tw()	
2011/8/10 下午 01:22:03	傳送郵件到rita@jbjob.com.tw()	
2011/8/10 下午 01:52:03	傳送郵件到jju@jbjob.com.tw()	
2011/8/10 下午 02:42:05	傳送郵件到connielee@jbjob.com.tw()	
2011/8/10 下午 02:52:05	傳送郵件到Alex@jbjob.com.tw()	
2011/8/10 下午 02:52:06	傳送郵件到Grace@jbjob.com.tw()	
2011/8/10 下午 03:22:07	傳送郵件到rita@jbjob.com.tw()	
2011/8/10 下午 03:52:08	傳送郵件到jju@jbjob.com.tw()	
2011/8/10 下午 04:52:11	傳送郵件到Grace@jbjob.com.tw()	
2011/8/10 下午 05:12:13	傳送郵件到Tiffany@jbjob.com.tw()	
2011/8/10 下午 05:22:18	傳送郵件到rita@jbjob.com.tw()	
2011/8/10 下午 05:52:19	傳送郵件到jju@jbjob.com.tw()	
2011/8/10 下午 06:32:22	傳送郵件到Alex@jbjob.com.tw()	
