2011/7/18 上午 07:14:20	傳送郵件到clinton@jbjob.com.tw()	
2011/7/18 上午 08:54:20	傳送郵件到cjs@jbjob.com.tw()	
2011/7/18 上午 09:14:23	傳送郵件到Alex@jbjob.com.tw()	
2011/7/18 上午 09:34:28	傳送郵件到victor@jbjob.com.tw()	
2011/7/18 上午 10:24:29	傳送郵件到Amy@jbjob.com.tw()	
2011/7/18 上午 10:34:31	傳送郵件到Paul@jbjob.com.tw()	
2011/7/18 上午 11:14:32	傳送郵件到clinton@jbjob.com.tw()	
2011/7/18 上午 11:34:32	傳送郵件到Tina@jbjob.com.tw()	
2011/7/18 上午 11:44:33	傳送郵件到rita@jbjob.com.tw()	
2011/7/18 下午 12:04:34	傳送郵件到Jimmy@jbjob.com.tw()	
2011/7/18 下午 12:24:34	傳送郵件到Amy@jbjob.com.tw()	
2011/7/18 下午 12:34:35	傳送郵件到Paul@jbjob.com.tw()	
2011/7/18 下午 01:14:35	傳送郵件到clinton@jbjob.com.tw()	
2011/7/18 下午 02:44:36	傳送郵件到Tina@jbjob.com.tw()	
2011/7/18 下午 03:14:37	傳送郵件到clinton@jbjob.com.tw()	
2011/7/18 下午 03:24:39	傳送郵件到wilson@jbjob.com.tw()	
2011/7/18 下午 04:34:39	傳送郵件到Alex@jbjob.com.tw()	
2011/7/18 下午 05:24:40	傳送郵件到wilson@jbjob.com.tw()	
2011/7/18 下午 07:14:41	傳送郵件到Alex@jbjob.com.tw()	
2011/7/18 下午 07:24:41	傳送郵件到wilson@jbjob.com.tw()	
2011/7/18 下午 09:14:42	傳送郵件到Alex@jbjob.com.tw()	
2011/7/18 下午 11:14:43	傳送郵件到Alex@jbjob.com.tw()	
