2010/11/4 上午 08:58:07	傳送郵件到Lee@jbjob.com.tw()	
2010/11/4 上午 09:33:08	傳送郵件到Paul@jbjob.com.tw()	
2010/11/4 上午 09:58:09	傳送郵件到clinton@jbjob.com.tw()	
2010/11/4 上午 10:03:09	傳送郵件到rurujion@jbjob.com.tw()	
2010/11/4 上午 10:58:10	傳送郵件到Lee@jbjob.com.tw()	
2010/11/4 上午 11:28:11	傳送郵件到rita@jbjob.com.tw()	
2010/11/4 上午 11:33:12	傳送郵件到Paul@jbjob.com.tw()	
2010/11/4 上午 11:33:12	傳送郵件到jju@jbjob.com.tw()	
2010/11/4 上午 11:53:13	傳送郵件到Tiffany@jbjob.com.tw()	
2010/11/4 上午 11:58:14	傳送郵件到clinton@jbjob.com.tw()	
2010/11/4 下午 12:58:15	傳送郵件到Lee@jbjob.com.tw()	
2010/11/4 下午 01:33:16	傳送郵件到Paul@jbjob.com.tw()	
2010/11/4 下午 01:33:16	傳送郵件到jju@jbjob.com.tw()	
2010/11/4 下午 01:53:17	傳送郵件到Tiffany@jbjob.com.tw()	
2010/11/4 下午 03:33:18	傳送郵件到jju@jbjob.com.tw()	
2010/11/4 下午 03:53:19	傳送郵件到Tiffany@jbjob.com.tw()	
2010/11/4 下午 04:48:20	傳送郵件到clinton@jbjob.com.tw()	
2010/11/4 下午 06:48:21	傳送郵件到clinton@jbjob.com.tw()	
2010/11/4 下午 08:48:23	傳送郵件到clinton@jbjob.com.tw()	
2010/11/4 下午 11:38:26	傳送郵件到Amy@jbjob.com.tw()	
