2011/3/29 上午 08:55:52	傳送郵件到Alex@jbjob.com.tw()	
2011/3/29 上午 08:55:54	傳送郵件到clinton@jbjob.com.tw()	
2011/3/29 上午 08:55:56	傳送郵件到rita@jbjob.com.tw()	
2011/3/29 上午 08:56:00	傳送郵件到wilson@jbjob.com.tw()	
2011/3/29 上午 11:40:59	傳送郵件到clinton@jbjob.com.tw()	
2011/3/29 上午 11:41:01	傳送郵件到rita@jbjob.com.tw()	
2011/3/29 上午 11:41:04	傳送郵件到cjs@jbjob.com.tw()	
2011/3/29 上午 11:41:06	傳送郵件到Amy@jbjob.com.tw()	
2011/3/29 上午 11:41:09	傳送郵件到victor@jbjob.com.tw()	
2011/3/29 上午 11:41:12	傳送郵件到wilson@jbjob.com.tw()	
2011/3/29 上午 11:46:12	傳送郵件到Jimmy@jbjob.com.tw()	
2011/3/29 下午 12:01:14	傳送郵件到Alex@jbjob.com.tw()	
2011/3/29 下午 01:41:17	傳送郵件到clinton@jbjob.com.tw()	
2011/3/29 下午 01:41:17	傳送郵件到Amy@jbjob.com.tw()	
2011/3/29 下午 01:41:18	傳送郵件到victor@jbjob.com.tw()	
2011/3/29 下午 01:46:19	傳送郵件到Jimmy@jbjob.com.tw()	
2011/3/29 下午 01:51:19	傳送郵件到cjs@jbjob.com.tw()	
2011/3/29 下午 02:11:20	傳送郵件到Alex@jbjob.com.tw()	
2011/3/29 下午 02:11:21	傳送郵件到Tiffany@jbjob.com.tw()	
2011/3/29 下午 03:21:23	傳送郵件到Tina@jbjob.com.tw()	
2011/3/29 下午 03:51:29	傳送郵件到cjs@jbjob.com.tw()	
2011/3/29 下午 04:11:30	傳送郵件到Tiffany@jbjob.com.tw()	
2011/3/29 下午 05:21:33	傳送郵件到Tina@jbjob.com.tw()	
2011/3/29 下午 05:51:34	傳送郵件到cjs@jbjob.com.tw()	
2011/3/29 下午 06:06:36	傳送郵件到Alex@jbjob.com.tw()	
2011/3/29 下午 06:31:38	傳送郵件到Amy@jbjob.com.tw()	
2011/3/29 下午 07:21:39	傳送郵件到Tina@jbjob.com.tw()	
2011/3/29 下午 08:06:41	傳送郵件到Alex@jbjob.com.tw()	
2011/3/29 下午 08:31:42	傳送郵件到Amy@jbjob.com.tw()	
2011/3/29 下午 10:06:45	傳送郵件到Alex@jbjob.com.tw()	
2011/3/29 下午 10:31:46	傳送郵件到Amy@jbjob.com.tw()	
