2011/4/13 上午 08:48:16	傳送郵件到Alex@jbjob.com.tw()	
2011/4/13 上午 08:48:17	傳送郵件到rita@jbjob.com.tw()	
2011/4/13 上午 08:48:18	傳送郵件到cjs@jbjob.com.tw()	
2011/4/13 上午 08:48:18	傳送郵件到Amy@jbjob.com.tw()	
2011/4/13 上午 08:48:19	傳送郵件到daphne@jbjob.com.tw()	
2011/4/13 上午 09:28:21	傳送郵件到victor@jbjob.com.tw()	
2011/4/13 上午 10:48:22	傳送郵件到Alex@jbjob.com.tw()	
2011/4/13 上午 10:48:22	傳送郵件到rita@jbjob.com.tw()	
2011/4/13 上午 10:48:23	傳送郵件到cjs@jbjob.com.tw()	
2011/4/13 上午 10:48:23	傳送郵件到Amy@jbjob.com.tw()	
2011/4/13 上午 10:48:24	傳送郵件到daphne@jbjob.com.tw()	
2011/4/13 上午 11:28:27	傳送郵件到victor@jbjob.com.tw()	
2011/4/13 下午 12:48:28	傳送郵件到Alex@jbjob.com.tw()	
2011/4/13 下午 12:48:28	傳送郵件到rita@jbjob.com.tw()	
2011/4/13 下午 12:48:29	傳送郵件到cjs@jbjob.com.tw()	
2011/4/13 下午 12:48:29	傳送郵件到Amy@jbjob.com.tw()	
2011/4/13 下午 12:48:30	傳送郵件到daphne@jbjob.com.tw()	
2011/4/13 下午 01:18:30	傳送郵件到Tiffany@jbjob.com.tw()	
2011/4/13 下午 03:18:32	傳送郵件到Tiffany@jbjob.com.tw()	
2011/4/13 下午 05:08:33	傳送郵件到Tina@jbjob.com.tw()	
2011/4/13 下午 05:18:34	傳送郵件到Tiffany@jbjob.com.tw()	
2011/4/13 下午 06:28:35	傳送郵件到Alex@jbjob.com.tw()	
2011/4/13 下午 07:08:36	傳送郵件到Tina@jbjob.com.tw()	
2011/4/13 下午 08:28:37	傳送郵件到Alex@jbjob.com.tw()	
2011/4/13 下午 09:08:38	傳送郵件到Tina@jbjob.com.tw()	
2011/4/13 下午 10:28:39	傳送郵件到Alex@jbjob.com.tw()	
