2012/1/3 上午 08:08:31	傳送郵件到Grace@jbjob.com.tw()	
2012/1/3 上午 10:16:46	傳送郵件到Grace@jbjob.com.tw()	
2012/1/3 上午 11:06:47	傳送郵件到Paul@jbjob.com.tw()	
2012/1/3 下午 12:16:50	傳送郵件到Grace@jbjob.com.tw()	
2012/1/3 下午 01:06:50	傳送郵件到Paul@jbjob.com.tw()	
2012/1/3 下午 01:26:51	傳送郵件到rita@jbjob.com.tw()	
2012/1/3 下午 01:46:52	傳送郵件到richard@jbjob.com.tw()	
2012/1/3 下午 01:56:52	傳送郵件到clinton@jbjob.com.tw()	
2012/1/3 下午 02:06:53	傳送郵件到debbie@jbjob.com.tw()	
2012/1/3 下午 02:06:53	傳送郵件到Angel@jbjob.com.tw()	
2012/1/3 下午 02:56:54	傳送郵件到cjs@jbjob.com.tw()	
2012/1/3 下午 03:56:55	傳送郵件到clinton@jbjob.com.tw()	
2012/1/3 下午 04:06:55	傳送郵件到rita@jbjob.com.tw()	
2012/1/3 下午 04:06:56	傳送郵件到debbie@jbjob.com.tw()	
2012/1/3 下午 04:06:56	傳送郵件到Angel@jbjob.com.tw()	
2012/1/3 下午 04:46:57	傳送郵件到kelly@jbjob.com.tw()	
2012/1/3 下午 04:56:58	傳送郵件到cjs@jbjob.com.tw()	
2012/1/3 下午 05:06:58	傳送郵件到jju@jbjob.com.tw()	
2012/1/3 下午 05:47:00	傳送郵件到Jimmy@jbjob.com.tw()	
2012/1/3 下午 05:57:00	傳送郵件到clinton@jbjob.com.tw()	
2012/1/3 下午 06:07:01	傳送郵件到rita@jbjob.com.tw()	
2012/1/3 下午 06:07:01	傳送郵件到debbie@jbjob.com.tw()	
2012/1/3 下午 06:07:02	傳送郵件到Angel@jbjob.com.tw()	
2012/1/3 下午 07:07:03	傳送郵件到jju@jbjob.com.tw()	
2012/1/3 下午 07:47:04	傳送郵件到Jimmy@jbjob.com.tw()	
2012/1/3 下午 08:07:04	傳送郵件到rita@jbjob.com.tw()	
2012/1/3 下午 09:07:05	傳送郵件到jju@jbjob.com.tw()	
2012/1/3 下午 09:47:06	傳送郵件到Jimmy@jbjob.com.tw()	
