2012/1/4 上午 08:17:10	傳送郵件到richard@jbjob.com.tw()	
2012/1/4 上午 08:57:10	傳送郵件到clinton@jbjob.com.tw()	
2012/1/4 上午 09:27:11	傳送郵件到kelly@jbjob.com.tw()	
2012/1/4 上午 09:57:12	傳送郵件到Tina@jbjob.com.tw()	
2012/1/4 上午 10:37:12	傳送郵件到Angel@jbjob.com.tw()	
2012/1/4 上午 10:37:13	傳送郵件到richard@jbjob.com.tw()	
2012/1/4 上午 10:57:13	傳送郵件到clinton@jbjob.com.tw()	
2012/1/4 上午 11:27:14	傳送郵件到kelly@jbjob.com.tw()	
2012/1/4 上午 11:57:15	傳送郵件到Tina@jbjob.com.tw()	
2012/1/4 下午 12:57:16	傳送郵件到clinton@jbjob.com.tw()	
2012/1/4 下午 01:27:16	傳送郵件到Angel@jbjob.com.tw()	
2012/1/4 下午 01:57:17	傳送郵件到Grace@jbjob.com.tw()	
2012/1/4 下午 01:57:17	傳送郵件到Tina@jbjob.com.tw()	
2012/1/4 下午 01:57:18	傳送郵件到cjs@jbjob.com.tw()	
2012/1/4 下午 03:37:18	傳送郵件到Angel@jbjob.com.tw()	
2012/1/4 下午 03:57:19	傳送郵件到Grace@jbjob.com.tw()	
2012/1/4 下午 05:37:20	傳送郵件到Angel@jbjob.com.tw()	
2012/1/4 下午 05:57:21	傳送郵件到Grace@jbjob.com.tw()	
2012/1/4 下午 06:17:21	傳送郵件到Tina@jbjob.com.tw()	
2012/1/4 下午 06:17:21	傳送郵件到wilson@jbjob.com.tw()	
2012/1/4 下午 07:37:22	傳送郵件到Angel@jbjob.com.tw()	
2012/1/4 下午 08:17:23	傳送郵件到Tina@jbjob.com.tw()	
2012/1/4 下午 10:17:24	傳送郵件到Tina@jbjob.com.tw()	
