2011/9/16 上午 08:43:41	傳送郵件到cjs@jbjob.com.tw()	
2011/9/16 上午 10:03:42	傳送郵件到Amy@jbjob.com.tw()	
2011/9/16 上午 10:13:43	傳送郵件到Tina@jbjob.com.tw()	
2011/9/16 上午 10:44:16	傳送郵件到clinton@jbjob.com.tw()	
2011/9/16 下午 12:03:44	傳送郵件到Amy@jbjob.com.tw()	
2011/9/16 下午 12:13:45	傳送郵件到Paul@jbjob.com.tw()	
2011/9/16 下午 12:33:45	傳送郵件到Tina@jbjob.com.tw()	
2011/9/16 下午 02:03:46	傳送郵件到Amy@jbjob.com.tw()	
2011/9/16 下午 02:33:47	傳送郵件到Tina@jbjob.com.tw()	
2011/9/16 下午 03:53:48	傳送郵件到Tiffany@jbjob.com.tw()	
2011/9/16 下午 05:53:49	傳送郵件到Tiffany@jbjob.com.tw()	
2011/9/16 下午 06:03:50	傳送郵件到Tina@jbjob.com.tw()	
2011/9/16 下午 06:53:50	傳送郵件到Amy@jbjob.com.tw()	
2011/9/16 下午 07:13:51	傳送郵件到wilson@jbjob.com.tw()	
2011/9/16 下午 07:53:52	傳送郵件到Tiffany@jbjob.com.tw()	
2011/9/16 下午 08:03:52	傳送郵件到Tina@jbjob.com.tw()	
2011/9/16 下午 08:53:53	傳送郵件到Amy@jbjob.com.tw()	
2011/9/16 下午 09:13:53	傳送郵件到wilson@jbjob.com.tw()	
2011/9/16 下午 10:03:54	傳送郵件到Tina@jbjob.com.tw()	
2011/9/16 下午 10:53:55	傳送郵件到Amy@jbjob.com.tw()	
2011/9/16 下午 11:13:56	傳送郵件到wilson@jbjob.com.tw()	
