2012/3/20 上午 01:04:51	傳送郵件到clinton@jbjob.com.tw()	
2012/3/20 上午 03:04:53	傳送郵件到clinton@jbjob.com.tw()	
2012/3/20 上午 09:04:56	傳送郵件到cjs@jbjob.com.tw()	
2012/3/20 上午 09:34:57	傳送郵件到Tina@jbjob.com.tw()	
2012/3/20 上午 10:54:58	傳送郵件到richard@jbjob.com.tw()	
2012/3/20 上午 11:44:58	傳送郵件到cjs@jbjob.com.tw()	
2012/3/20 下午 12:14:59	傳送郵件到Angel@jbjob.com.tw()	
2012/3/20 下午 01:45:01	傳送郵件到Tina@jbjob.com.tw()	
2012/3/20 下午 03:25:02	傳送郵件到Angel@jbjob.com.tw()	
2012/3/20 下午 03:35:03	傳送郵件到wilson@jbjob.com.tw()	
2012/3/20 下午 03:45:03	傳送郵件到Tina@jbjob.com.tw()	
2012/3/20 下午 05:35:04	傳送郵件到wilson@jbjob.com.tw()	
2012/3/20 下午 05:45:05	傳送郵件到Tina@jbjob.com.tw()	
2012/3/20 下午 06:15:05	傳送郵件到Angel@jbjob.com.tw()	
2012/3/20 下午 08:15:07	傳送郵件到Tiffany@jbjob.com.tw()	
2012/3/20 下午 08:15:08	傳送郵件到Angel@jbjob.com.tw()	
2012/3/20 下午 08:15:08	傳送郵件到wilson@jbjob.com.tw()	
2012/3/20 下午 08:25:08	傳送郵件到clinton@jbjob.com.tw()	
2012/3/20 下午 10:15:10	傳送郵件到Tiffany@jbjob.com.tw()	
2012/3/20 下午 10:15:11	傳送郵件到Angel@jbjob.com.tw()	
2012/3/20 下午 10:15:11	傳送郵件到wilson@jbjob.com.tw()	
2012/3/20 下午 10:25:11	傳送郵件到clinton@jbjob.com.tw()	
