2011/11/8 上午 12:04:51	傳送郵件到Angel@jbjob.com.tw()	
2011/11/8 上午 02:04:52	傳送郵件到Angel@jbjob.com.tw()	
2011/11/8 上午 04:04:53	傳送郵件到Angel@jbjob.com.tw()	
2011/11/8 上午 08:24:54	傳送郵件到Grace@jbjob.com.tw()	
2011/11/8 上午 08:34:54	傳送郵件到Tina@jbjob.com.tw()	
2011/11/8 上午 09:04:55	傳送郵件到rita@jbjob.com.tw()	
2011/11/8 上午 09:14:56	傳送郵件到cjs@jbjob.com.tw()	
2011/11/8 上午 10:04:57	傳送郵件到Angel@jbjob.com.tw()	
2011/11/8 上午 10:24:57	傳送郵件到Grace@jbjob.com.tw()	
2011/11/8 上午 10:24:57	傳送郵件到richard@jbjob.com.tw()	
2011/11/8 上午 10:34:58	傳送郵件到Tina@jbjob.com.tw()	
2011/11/8 上午 11:04:59	傳送郵件到rita@jbjob.com.tw()	
2011/11/8 上午 11:15:00	傳送郵件到cjs@jbjob.com.tw()	
2011/11/8 上午 11:35:00	傳送郵件到Jimmy@jbjob.com.tw()	
2011/11/8 下午 12:05:01	傳送郵件到Angel@jbjob.com.tw()	
2011/11/8 下午 12:15:01	傳送郵件到clinton@jbjob.com.tw()	
2011/11/8 下午 12:35:02	傳送郵件到Tina@jbjob.com.tw()	
2011/11/8 下午 01:05:02	傳送郵件到rita@jbjob.com.tw()	
2011/11/8 下午 01:15:03	傳送郵件到Tiffany@jbjob.com.tw()	
2011/11/8 下午 02:15:03	傳送郵件到clinton@jbjob.com.tw()	
2011/11/8 下午 02:45:04	傳送郵件到cjs@jbjob.com.tw()	
2011/11/8 下午 02:55:04	傳送郵件到richard@jbjob.com.tw()	
2011/11/8 下午 03:15:05	傳送郵件到Tiffany@jbjob.com.tw()	
2011/11/8 下午 03:35:06	傳送郵件到Angel@jbjob.com.tw()	
2011/11/8 下午 04:15:06	傳送郵件到clinton@jbjob.com.tw()	
2011/11/8 下午 05:15:07	傳送郵件到Tiffany@jbjob.com.tw()	
2011/11/8 下午 05:25:07	傳送郵件到richard@jbjob.com.tw()	
2011/11/8 下午 05:35:08	傳送郵件到Angel@jbjob.com.tw()	
2011/11/8 下午 06:15:08	傳送郵件到wilson@jbjob.com.tw()	
2011/11/8 下午 07:35:09	傳送郵件到Angel@jbjob.com.tw()	
2011/11/8 下午 07:45:10	傳送郵件到Tiffany@jbjob.com.tw()	
2011/11/8 下午 07:55:10	傳送郵件到richard@jbjob.com.tw()	
2011/11/8 下午 08:15:11	傳送郵件到wilson@jbjob.com.tw()	
2011/11/8 下午 09:45:12	傳送郵件到Tiffany@jbjob.com.tw()	
2011/11/8 下午 09:55:13	傳送郵件到richard@jbjob.com.tw()	
2011/11/8 下午 10:15:13	傳送郵件到wilson@jbjob.com.tw()	
2011/11/8 下午 11:45:14	傳送郵件到Tiffany@jbjob.com.tw()	
2011/11/8 下午 11:55:15	傳送郵件到richard@jbjob.com.tw()	
