2011/12/20 上午 12:34:11	傳送郵件到debbie@jbjob.com.tw()	
2011/12/20 上午 09:55:26	傳送郵件到Paul@jbjob.com.tw()	
2011/12/20 上午 09:55:27	傳送郵件到Tina@jbjob.com.tw()	
2011/12/20 上午 09:55:27	傳送郵件到richard@jbjob.com.tw()	
2011/12/20 上午 11:05:28	傳送郵件到rita@jbjob.com.tw()	
2011/12/20 上午 11:55:29	傳送郵件到Paul@jbjob.com.tw()	
2011/12/20 下午 12:05:29	傳送郵件到clinton@jbjob.com.tw()	
2011/12/20 下午 01:35:30	傳送郵件到richard@jbjob.com.tw()	
2011/12/20 下午 01:45:30	傳送郵件到Angel@jbjob.com.tw()	
2011/12/20 下午 02:05:31	傳送郵件到clinton@jbjob.com.tw()	
2011/12/20 下午 03:25:32	傳送郵件到rita@jbjob.com.tw()	
2011/12/20 下午 03:25:32	傳送郵件到kelly@jbjob.com.tw()	
2011/12/20 下午 03:45:32	傳送郵件到Angel@jbjob.com.tw()	
2011/12/20 下午 04:05:33	傳送郵件到clinton@jbjob.com.tw()	
2011/12/20 下午 06:05:34	傳送郵件到Angel@jbjob.com.tw()	
2011/12/20 下午 06:45:34	傳送郵件到debbie@jbjob.com.tw()	
2011/12/20 下午 08:05:35	傳送郵件到Angel@jbjob.com.tw()	
2011/12/20 下午 08:45:36	傳送郵件到debbie@jbjob.com.tw()	
2011/12/20 下午 10:05:37	傳送郵件到Angel@jbjob.com.tw()	
2011/12/20 下午 10:45:38	傳送郵件到debbie@jbjob.com.tw()	
