2011/4/25 下午 04:36:21	傳送郵件到clinton@jbjob.com.tw()	
2011/4/25 下午 04:36:21	傳送郵件到Tina@jbjob.com.tw()	
2011/4/25 下午 04:36:22	傳送郵件到rita@jbjob.com.tw()	
2011/4/25 下午 04:36:22	傳送郵件到cjs@jbjob.com.tw()	
2011/4/25 下午 04:36:23	傳送郵件到Amy@jbjob.com.tw()	
2011/4/25 下午 04:36:26	傳送郵件到Jimmy@jbjob.com.tw()	
2011/4/25 下午 04:36:27	傳送郵件到victor@jbjob.com.tw()	
2011/4/25 下午 04:36:28	傳送郵件到wilson@jbjob.com.tw()	
2011/4/25 下午 04:36:29	傳送郵件到daphne@jbjob.com.tw()	
2011/4/25 下午 04:36:29	傳送郵件到richard@jbjob.com.tw()	
2011/4/25 下午 04:56:30	傳送郵件到Alex@jbjob.com.tw()	
2011/4/25 下午 05:26:31	傳送郵件到Grace@jbjob.com.tw()	
2011/4/25 下午 06:06:32	傳送郵件到Erwinuy@jbjob.com.tw()	
2011/4/25 下午 06:36:33	傳送郵件到clinton@jbjob.com.tw()	
2011/4/25 下午 06:36:33	傳送郵件到Tina@jbjob.com.tw()	
2011/4/25 下午 06:36:34	傳送郵件到rita@jbjob.com.tw()	
2011/4/25 下午 06:36:34	傳送郵件到Amy@jbjob.com.tw()	
2011/4/25 下午 06:36:35	傳送郵件到Jimmy@jbjob.com.tw()	
2011/4/25 下午 06:36:35	傳送郵件到wilson@jbjob.com.tw()	
2011/4/25 下午 06:36:35	傳送郵件到daphne@jbjob.com.tw()	
2011/4/25 下午 07:26:36	傳送郵件到Grace@jbjob.com.tw()	
2011/4/25 下午 08:06:37	傳送郵件到Erwinuy@jbjob.com.tw()	
2011/4/25 下午 08:36:38	傳送郵件到clinton@jbjob.com.tw()	
2011/4/25 下午 08:36:38	傳送郵件到Tina@jbjob.com.tw()	
2011/4/25 下午 08:36:39	傳送郵件到rita@jbjob.com.tw()	
2011/4/25 下午 08:36:39	傳送郵件到Amy@jbjob.com.tw()	
2011/4/25 下午 08:36:40	傳送郵件到Jimmy@jbjob.com.tw()	
2011/4/25 下午 08:36:40	傳送郵件到wilson@jbjob.com.tw()	
2011/4/25 下午 08:36:41	傳送郵件到daphne@jbjob.com.tw()	
2011/4/25 下午 09:26:42	傳送郵件到Grace@jbjob.com.tw()	
2011/4/25 下午 10:06:44	傳送郵件到Erwinuy@jbjob.com.tw()	
