2012/3/28 上午 12:38:16	傳送郵件到Angel@jbjob.com.tw()	
2012/3/28 上午 02:38:17	傳送郵件到Angel@jbjob.com.tw()	
2012/3/28 上午 09:48:21	傳送郵件到cjs@jbjob.com.tw()	
2012/3/28 上午 09:48:21	傳送郵件到Jimmy@jbjob.com.tw()	
2012/3/28 上午 10:18:22	傳送郵件到richard@jbjob.com.tw()	
2012/3/28 上午 10:38:23	傳送郵件到Angel@jbjob.com.tw()	
2012/3/28 上午 11:38:24	傳送郵件到Tiffany@jbjob.com.tw()	
2012/3/28 下午 12:18:25	傳送郵件到cjs@jbjob.com.tw()	
2012/3/28 下午 12:48:25	傳送郵件到clinton@jbjob.com.tw()	
2012/3/28 下午 12:48:25	傳送郵件到richard@jbjob.com.tw()	
2012/3/28 下午 01:38:26	傳送郵件到Tiffany@jbjob.com.tw()	
2012/3/28 下午 03:15:51	傳送郵件到cjs@jbjob.com.tw()	
2012/3/28 下午 03:45:51	傳送郵件到Tiffany@jbjob.com.tw()	
2012/3/28 下午 04:05:52	傳送郵件到Angel@jbjob.com.tw()	
2012/3/28 下午 04:15:52	傳送郵件到richard@jbjob.com.tw()	
2012/3/28 下午 06:05:54	傳送郵件到Angel@jbjob.com.tw()	
2012/3/28 下午 06:15:54	傳送郵件到cjs@jbjob.com.tw()	
2012/3/28 下午 06:15:54	傳送郵件到Tiffany@jbjob.com.tw()	
2012/3/28 下午 08:05:55	傳送郵件到Angel@jbjob.com.tw()	
2012/3/28 下午 08:15:56	傳送郵件到cjs@jbjob.com.tw()	
2012/3/28 下午 08:15:56	傳送郵件到Tiffany@jbjob.com.tw()	
2012/3/28 下午 09:35:58	傳送郵件到richard@jbjob.com.tw()	
2012/3/28 下午 10:15:59	傳送郵件到Tiffany@jbjob.com.tw()	
2012/3/28 下午 11:36:00	傳送郵件到richard@jbjob.com.tw()	
