2011/10/18 上午 01:02:07	傳送郵件到clinton@jbjob.com.tw()	
2011/10/18 上午 01:32:08	傳送郵件到Tina@jbjob.com.tw()	
2011/10/18 上午 03:02:09	傳送郵件到clinton@jbjob.com.tw()	
2011/10/18 上午 03:32:09	傳送郵件到Tina@jbjob.com.tw()	
2011/10/18 上午 05:32:11	傳送郵件到Tina@jbjob.com.tw()	
2011/10/18 上午 08:42:12	傳送郵件到jju@jbjob.com.tw()	
2011/10/18 上午 10:22:13	傳送郵件到clinton@jbjob.com.tw()	
2011/10/18 上午 10:42:13	傳送郵件到jju@jbjob.com.tw()	
2011/10/18 下午 12:42:16	傳送郵件到jju@jbjob.com.tw()	
2011/10/18 下午 02:22:17	傳送郵件到cjs@jbjob.com.tw()	
2011/10/18 下午 02:32:18	傳送郵件到Angel@jbjob.com.tw()	
2011/10/18 下午 02:42:18	傳送郵件到Tiffany@jbjob.com.tw()	
2011/10/18 下午 04:12:19	傳送郵件到Tina@jbjob.com.tw()	
2011/10/18 下午 04:32:21	傳送郵件到Angel@jbjob.com.tw()	
2011/10/18 下午 05:22:23	傳送郵件到Paul@jbjob.com.tw()	
2011/10/18 下午 06:12:24	傳送郵件到Tina@jbjob.com.tw()	
2011/10/18 下午 06:32:24	傳送郵件到Angel@jbjob.com.tw()	
2011/10/18 下午 07:22:28	傳送郵件到Paul@jbjob.com.tw()	
2011/10/18 下午 08:12:29	傳送郵件到Tina@jbjob.com.tw()	
2011/10/18 下午 09:22:30	傳送郵件到Paul@jbjob.com.tw()	
