2012/11/2 上午 01:33:48	傳送郵件到wilson@jbjob.com.tw()	
2012/11/2 上午 03:03:49	傳送郵件到richard@jbjob.com.tw()	
2012/11/2 上午 07:03:50	傳送郵件到richard@jbjob.com.tw()	
2012/11/2 上午 09:18:52	傳送郵件到Lilian@jbjob.com.tw()	
2012/11/2 上午 09:18:52	傳送郵件到Tiffany@jbjob.com.tw()	
2012/11/2 上午 09:33:54	傳送郵件到andy@jbjob.com.tw()	
2012/11/2 上午 11:33:57	傳送郵件到Grace@jbjob.com.tw()	
2012/11/2 下午 01:18:58	傳送郵件到Lilian@jbjob.com.tw()	
2012/11/2 下午 01:33:58	傳送郵件到Tiffany@jbjob.com.tw()	
2012/11/2 下午 02:04:02	傳送郵件到clinton@jbjob.com.tw()	
2012/11/2 下午 03:34:03	傳送郵件到Grace@jbjob.com.tw()	
2012/11/2 下午 05:19:04	傳送郵件到Lilian@jbjob.com.tw()	
2012/11/2 下午 05:19:05	傳送郵件到Angel@jbjob.com.tw()	
2012/11/2 下午 06:04:06	傳送郵件到clinton@jbjob.com.tw()	
2012/11/2 下午 06:04:06	傳送郵件到Tina@jbjob.com.tw()	
2012/11/2 下午 06:04:06	傳送郵件到Tiffany@jbjob.com.tw()	
2012/11/2 下午 06:49:07	傳送郵件到wilson@jbjob.com.tw()	
2012/11/2 下午 07:34:08	傳送郵件到Grace@jbjob.com.tw()	
2012/11/2 下午 09:19:09	傳送郵件到Angel@jbjob.com.tw()	
2012/11/2 下午 10:04:09	傳送郵件到clinton@jbjob.com.tw()	
2012/11/2 下午 10:04:10	傳送郵件到Tiffany@jbjob.com.tw()	
2012/11/2 下午 10:49:10	傳送郵件到wilson@jbjob.com.tw()	
