2011/7/14 上午 09:03:11	傳送郵件到Grace@jbjob.com.tw()	
2011/7/14 上午 09:03:12	傳送郵件到Tiffany@jbjob.com.tw()	
2011/7/14 上午 09:03:13	傳送郵件到victor@jbjob.com.tw()	
2011/7/14 上午 09:03:14	傳送郵件到wilson@jbjob.com.tw()	
2011/7/14 上午 09:03:14	傳送郵件到daphne@jbjob.com.tw()	
2011/7/14 上午 09:03:15	傳送郵件到jju@jbjob.com.tw()	
2011/7/14 上午 09:03:15	傳送郵件到richard@jbjob.com.tw()	
2011/7/14 上午 09:23:16	傳送郵件到cjs@jbjob.com.tw()	
2011/7/14 上午 11:03:17	傳送郵件到Grace@jbjob.com.tw()	
2011/7/14 上午 11:03:22	傳送郵件到victor@jbjob.com.tw()	
2011/7/14 上午 11:03:27	傳送郵件到wilson@jbjob.com.tw()	
2011/7/14 上午 11:03:29	傳送郵件到daphne@jbjob.com.tw()	
2011/7/14 上午 11:03:35	傳送郵件到jju@jbjob.com.tw()	
2011/7/14 上午 11:03:36	傳送郵件到richard@jbjob.com.tw()	
2011/7/14 下午 01:03:37	傳送郵件到Grace@jbjob.com.tw()	
2011/7/14 下午 01:03:37	傳送郵件到victor@jbjob.com.tw()	
2011/7/14 下午 01:03:38	傳送郵件到wilson@jbjob.com.tw()	
2011/7/14 下午 01:03:38	傳送郵件到daphne@jbjob.com.tw()	
2011/7/14 下午 01:03:38	傳送郵件到jju@jbjob.com.tw()	
2011/7/14 下午 01:03:39	傳送郵件到richard@jbjob.com.tw()	
2011/7/14 下午 01:13:39	傳送郵件到Alex@jbjob.com.tw()	
