2010/9/24 上午 07:48:30	傳送郵件到Grace@jbjob.com.tw()	
2010/9/24 上午 08:53:32	傳送郵件到richard@jbjob.com.tw()	
2010/9/24 上午 09:33:33	傳送郵件到cjs@jbjob.com.tw()	
2010/9/24 上午 09:48:33	傳送郵件到Grace@jbjob.com.tw()	
2010/9/24 上午 10:53:56	傳送郵件到richard@jbjob.com.tw()	
2010/9/24 上午 11:33:57	傳送郵件到cjs@jbjob.com.tw()	
2010/9/24 上午 11:48:58	傳送郵件到Grace@jbjob.com.tw()	
2010/9/24 下午 03:06:07	傳送郵件到wilson@jbjob.com.tw()	
2010/9/24 下午 03:06:07	傳送郵件到richard@jbjob.com.tw()	
2010/9/24 下午 03:11:08	傳送郵件到Kenton@jbjob.com.tw()	
2010/9/24 下午 03:51:09	傳送郵件到Amy@jbjob.com.tw()	
2010/9/24 下午 04:06:10	傳送郵件到Grace@jbjob.com.tw()	
2010/9/24 下午 04:26:11	傳送郵件到Tina@jbjob.com.tw()	
2010/9/24 下午 04:31:12	傳送郵件到rita@jbjob.com.tw()	
2010/9/24 下午 05:06:13	傳送郵件到wilson@jbjob.com.tw()	
2010/9/24 下午 05:11:15	傳送郵件到Kenton@jbjob.com.tw()	
2010/9/24 下午 05:26:16	傳送郵件到richard@jbjob.com.tw()	
2010/9/24 下午 05:46:17	傳送郵件到rurujion@jbjob.com.tw()	
2010/9/24 下午 05:51:17	傳送郵件到Amy@jbjob.com.tw()	
2010/9/24 下午 06:06:18	傳送郵件到Grace@jbjob.com.tw()	
2010/9/24 下午 06:31:19	傳送郵件到Lee@jbjob.com.tw()	
2010/9/24 下午 07:06:20	傳送郵件到wilson@jbjob.com.tw()	
2010/9/24 下午 07:11:20	傳送郵件到Kenton@jbjob.com.tw()	
2010/9/24 下午 07:51:21	傳送郵件到Amy@jbjob.com.tw()	
2010/9/24 下午 08:06:22	傳送郵件到Grace@jbjob.com.tw()	
2010/9/24 下午 08:31:23	傳送郵件到Lee@jbjob.com.tw()	
2010/9/24 下午 10:01:24	傳送郵件到Tiffany@jbjob.com.tw()	
2010/9/24 下午 10:31:30	傳送郵件到Lee@jbjob.com.tw()	
