2010/9/8 上午 01:57:40	傳送郵件到rita@jbjob.com.tw(許名瑤)	
2010/9/8 上午 03:57:44	傳送郵件到rita@jbjob.com.tw(許名瑤)	
2010/9/8 上午 10:02:51	傳送郵件到richard@jbjob.com.tw(高景星)	
2010/9/8 上午 10:42:53	傳送郵件到Lee@jbjob.com.tw(李素英)	
2010/9/8 下午 12:02:56	傳送郵件到richard@jbjob.com.tw(高景星)	
2010/9/8 下午 12:42:57	傳送郵件到jju@jbjob.com.tw(朱嘉羚)	
2010/9/8 下午 01:24:56	傳送郵件到Tiffany@jbjob.com.tw(張鈴涓)	
2010/9/8 下午 02:03:38	傳送郵件到rita@jbjob.com.tw(許名瑤)	
2010/9/8 下午 02:43:40	傳送郵件到jju@jbjob.com.tw(朱嘉羚)	
2010/9/8 下午 03:24:58	傳送郵件到Tiffany@jbjob.com.tw(張鈴涓)	
2010/9/8 下午 03:43:42	傳送郵件到Lee@jbjob.com.tw(李素英)	
2010/9/8 下午 03:43:42	傳送郵件到richard@jbjob.com.tw(高景星)	
2010/9/8 下午 04:43:46	傳送郵件到jju@jbjob.com.tw(朱嘉羚)	
2010/9/8 下午 05:25:01	傳送郵件到Tiffany@jbjob.com.tw(張鈴涓)	
2010/9/8 下午 06:08:48	傳送郵件到richard@jbjob.com.tw(高景星)	
2010/9/8 下午 06:33:50	傳送郵件到Lee@jbjob.com.tw(李素英)	
2010/9/8 下午 06:38:51	傳送郵件到Amy@jbjob.com.tw(許月英)	
2010/9/8 下午 06:43:51	傳送郵件到cjs@jbjob.com.tw(程進昇)	
2010/9/8 下午 08:08:53	傳送郵件到richard@jbjob.com.tw(高景星)	
2010/9/8 下午 08:33:54	傳送郵件到Lee@jbjob.com.tw(李素英)	
2010/9/8 下午 08:38:55	傳送郵件到Amy@jbjob.com.tw(許月英)	
2010/9/8 下午 08:43:56	傳送郵件到cjs@jbjob.com.tw(程進昇)	
2010/9/8 下午 10:08:58	傳送郵件到richard@jbjob.com.tw(高景星)	
2010/9/8 下午 10:33:59	傳送郵件到Lee@jbjob.com.tw(李素英)	
2010/9/8 下午 10:39:00	傳送郵件到Amy@jbjob.com.tw(許月英)	
2010/9/8 下午 10:44:01	傳送郵件到cjs@jbjob.com.tw(程進昇)	
2010/9/8 下午 10:50:06	傳送郵件到daphne@jbjob.com.tw(黃靖懿)	
