2011/12/22 上午 12:05:58	傳送郵件到kelly@jbjob.com.tw()	
2011/12/22 上午 08:26:00	傳送郵件到Angel@jbjob.com.tw()	
2011/12/22 上午 09:56:02	傳送郵件到Paul@jbjob.com.tw()	
2011/12/22 上午 10:26:02	傳送郵件到richard@jbjob.com.tw()	
2011/12/22 上午 10:46:03	傳送郵件到Angel@jbjob.com.tw()	
2011/12/22 上午 10:56:03	傳送郵件到Grace@jbjob.com.tw()	
2011/12/22 上午 11:56:04	傳送郵件到Paul@jbjob.com.tw()	
2011/12/22 上午 11:56:04	傳送郵件到Tina@jbjob.com.tw()	
2011/12/22 下午 12:36:05	傳送郵件到kelly@jbjob.com.tw()	
2011/12/22 下午 12:56:05	傳送郵件到Grace@jbjob.com.tw()	
2011/12/22 下午 01:26:06	傳送郵件到richard@jbjob.com.tw()	
2011/12/22 下午 01:56:07	傳送郵件到Paul@jbjob.com.tw()	
2011/12/22 下午 01:56:07	傳送郵件到Tina@jbjob.com.tw()	
2011/12/22 下午 02:06:08	傳送郵件到Angel@jbjob.com.tw()	
2011/12/22 下午 02:36:08	傳送郵件到Jessica@jbjob.com.tw()	
2011/12/22 下午 02:56:09	傳送郵件到Grace@jbjob.com.tw()	
2011/12/22 下午 03:56:10	傳送郵件到Tina@jbjob.com.tw()	
2011/12/22 下午 04:06:10	傳送郵件到Angel@jbjob.com.tw()	
2011/12/22 下午 05:46:12	傳送郵件到rita@jbjob.com.tw()	
2011/12/22 下午 06:06:12	傳送郵件到Angel@jbjob.com.tw()	
2011/12/22 下午 07:06:13	傳送郵件到wilson@jbjob.com.tw()	
2011/12/22 下午 07:46:13	傳送郵件到rita@jbjob.com.tw()	
2011/12/22 下午 09:06:15	傳送郵件到wilson@jbjob.com.tw()	
2011/12/22 下午 09:46:18	傳送郵件到rita@jbjob.com.tw()	
2011/12/22 下午 11:06:19	傳送郵件到wilson@jbjob.com.tw()	
