2011/12/19 上午 08:22:17	傳送郵件到Angel@jbjob.com.tw()	
2011/12/19 上午 09:32:19	傳送郵件到Paul@jbjob.com.tw()	
2011/12/19 上午 09:32:19	傳送郵件到cjs@jbjob.com.tw()	
2011/12/19 上午 10:22:20	傳送郵件到richard@jbjob.com.tw()	
2011/12/19 上午 11:33:47	傳送郵件到Paul@jbjob.com.tw()	
2011/12/19 上午 11:33:49	傳送郵件到cjs@jbjob.com.tw()	
2011/12/19 上午 11:43:50	傳送郵件到Angel@jbjob.com.tw()	
2011/12/19 上午 11:53:50	傳送郵件到kelly@jbjob.com.tw()	
2011/12/19 下午 01:13:51	傳送郵件到rita@jbjob.com.tw()	
2011/12/19 下午 01:33:51	傳送郵件到cjs@jbjob.com.tw()	
2011/12/19 下午 01:53:52	傳送郵件到debbie@jbjob.com.tw()	
2011/12/19 下午 02:13:52	傳送郵件到clinton@jbjob.com.tw()	
2011/12/19 下午 02:43:53	傳送郵件到kelly@jbjob.com.tw()	
2011/12/19 下午 03:53:54	傳送郵件到debbie@jbjob.com.tw()	
2011/12/19 下午 04:13:54	傳送郵件到clinton@jbjob.com.tw()	
2011/12/19 下午 04:13:55	傳送郵件到Tina@jbjob.com.tw()	
2011/12/19 下午 04:33:55	傳送郵件到richard@jbjob.com.tw()	
2011/12/19 下午 04:53:56	傳送郵件到Angel@jbjob.com.tw()	
2011/12/19 下午 06:03:57	傳送郵件到cjs@jbjob.com.tw()	
2011/12/19 下午 06:13:57	傳送郵件到Tina@jbjob.com.tw()	
2011/12/19 下午 06:13:57	傳送郵件到rita@jbjob.com.tw()	
2011/12/19 下午 06:13:58	傳送郵件到debbie@jbjob.com.tw()	
2011/12/19 下午 07:03:58	傳送郵件到Angel@jbjob.com.tw()	
2011/12/19 下午 08:03:59	傳送郵件到cjs@jbjob.com.tw()	
2011/12/19 下午 08:14:00	傳送郵件到rita@jbjob.com.tw()	
2011/12/19 下午 08:34:01	傳送郵件到debbie@jbjob.com.tw()	
2011/12/19 下午 09:04:01	傳送郵件到Angel@jbjob.com.tw()	
2011/12/19 下午 10:04:02	傳送郵件到cjs@jbjob.com.tw()	
2011/12/19 下午 10:14:02	傳送郵件到rita@jbjob.com.tw()	
2011/12/19 下午 10:34:03	傳送郵件到debbie@jbjob.com.tw()	
2011/12/19 下午 11:04:10	傳送郵件到Angel@jbjob.com.tw()	
