2012/1/5 上午 08:47:27	傳送郵件到richard@jbjob.com.tw()	
2012/1/5 上午 08:57:27	傳送郵件到Angel@jbjob.com.tw()	
2012/1/5 上午 09:17:28	傳送郵件到Tina@jbjob.com.tw()	
2012/1/5 上午 09:37:28	傳送郵件到kelly@jbjob.com.tw()	
2012/1/5 上午 11:17:30	傳送郵件到Angel@jbjob.com.tw()	
2012/1/5 上午 11:27:30	傳送郵件到richard@jbjob.com.tw()	
2012/1/5 上午 11:37:31	傳送郵件到Tina@jbjob.com.tw()	
2012/1/5 下午 12:17:31	傳送郵件到clinton@jbjob.com.tw()	
2012/1/5 下午 01:17:32	傳送郵件到Angel@jbjob.com.tw()	
2012/1/5 下午 02:17:32	傳送郵件到clinton@jbjob.com.tw()	
2012/1/5 下午 03:57:33	傳送郵件到kelly@jbjob.com.tw()	
2012/1/5 下午 04:57:35	傳送郵件到Jimmy@jbjob.com.tw()	
2012/1/5 下午 05:57:36	傳送郵件到Paul@jbjob.com.tw()	
2012/1/5 下午 06:17:36	傳送郵件到kelly@jbjob.com.tw()	
2012/1/5 下午 06:57:37	傳送郵件到Jimmy@jbjob.com.tw()	
2012/1/5 下午 07:07:37	傳送郵件到debbie@jbjob.com.tw()	
2012/1/5 下午 07:57:40	傳送郵件到Paul@jbjob.com.tw()	
2012/1/5 下午 08:17:41	傳送郵件到kelly@jbjob.com.tw()	
2012/1/5 下午 08:27:41	傳送郵件到Tina@jbjob.com.tw()	
2012/1/5 下午 08:57:42	傳送郵件到Jimmy@jbjob.com.tw()	
2012/1/5 下午 09:07:42	傳送郵件到debbie@jbjob.com.tw()	
2012/1/5 下午 09:57:43	傳送郵件到Paul@jbjob.com.tw()	
2012/1/5 下午 10:17:43	傳送郵件到kelly@jbjob.com.tw()	
2012/1/5 下午 10:27:44	傳送郵件到Tina@jbjob.com.tw()	
2012/1/5 下午 11:07:44	傳送郵件到debbie@jbjob.com.tw()	
