2011/1/31 上午 08:34:29	傳送郵件到rurujion@jbjob.com.tw()	
2011/1/31 上午 10:34:31	傳送郵件到Lee@jbjob.com.tw()	
2011/1/31 上午 11:54:33	傳送郵件到Tiffany@jbjob.com.tw()	
2011/1/31 下午 12:34:34	傳送郵件到Lee@jbjob.com.tw()	
2011/1/31 下午 01:09:35	傳送郵件到rurujion@jbjob.com.tw()	
2011/1/31 下午 01:54:36	傳送郵件到Tiffany@jbjob.com.tw()	
2011/1/31 下午 03:49:38	傳送郵件到Grace@jbjob.com.tw()	
2011/1/31 下午 03:54:40	傳送郵件到Tiffany@jbjob.com.tw()	
2011/1/31 下午 05:34:42	傳送郵件到clinton@jbjob.com.tw()	
2011/1/31 下午 05:34:42	傳送郵件到Lee@jbjob.com.tw()	
2011/1/31 下午 05:49:43	傳送郵件到Grace@jbjob.com.tw()	
2011/1/31 下午 06:08:15	傳送郵件到Alex@jbjob.com.tw()	
2011/1/31 下午 06:08:16	傳送郵件到Grace@jbjob.com.tw()	
2011/1/31 下午 06:08:16	傳送郵件到clinton@jbjob.com.tw()	
2011/1/31 下午 06:08:16	傳送郵件到Lee@jbjob.com.tw()	
2011/1/31 下午 06:08:17	傳送郵件到Lilian@jbjob.com.tw()	
2011/1/31 下午 06:08:17	傳送郵件到Tiffany@jbjob.com.tw()	
2011/1/31 下午 06:08:18	傳送郵件到wilson@jbjob.com.tw()	
2011/1/31 下午 06:08:18	傳送郵件到jju@jbjob.com.tw()	
2011/1/31 下午 06:08:20	傳送郵件到Candy@jbjob.com.tw()	
2011/1/31 下午 06:13:20	傳送郵件到Tina@jbjob.com.tw()	
2011/1/31 下午 08:08:21	傳送郵件到Alex@jbjob.com.tw()	
2011/1/31 下午 08:08:22	傳送郵件到Grace@jbjob.com.tw()	
2011/1/31 下午 08:08:22	傳送郵件到clinton@jbjob.com.tw()	
2011/1/31 下午 08:08:23	傳送郵件到Lilian@jbjob.com.tw()	
2011/1/31 下午 08:08:23	傳送郵件到wilson@jbjob.com.tw()	
2011/1/31 下午 08:08:23	傳送郵件到jju@jbjob.com.tw()	
2011/1/31 下午 08:08:24	傳送郵件到Candy@jbjob.com.tw()	
2011/1/31 下午 08:13:24	傳送郵件到Tina@jbjob.com.tw()	
2011/1/31 下午 08:13:25	傳送郵件到Tiffany@jbjob.com.tw()	
2011/1/31 下午 10:08:28	傳送郵件到Alex@jbjob.com.tw()	
2011/1/31 下午 10:08:28	傳送郵件到Grace@jbjob.com.tw()	
2011/1/31 下午 10:08:28	傳送郵件到clinton@jbjob.com.tw()	
2011/1/31 下午 10:08:29	傳送郵件到Lilian@jbjob.com.tw()	
2011/1/31 下午 10:08:29	傳送郵件到wilson@jbjob.com.tw()	
2011/1/31 下午 10:08:29	傳送郵件到jju@jbjob.com.tw()	
2011/1/31 下午 10:08:30	傳送郵件到Candy@jbjob.com.tw()	
2011/1/31 下午 10:13:30	傳送郵件到Tina@jbjob.com.tw()	
2011/1/31 下午 10:13:31	傳送郵件到Tiffany@jbjob.com.tw()	
2011/1/31 下午 11:53:33	傳送郵件到Lee@jbjob.com.tw()	
