2011/1/17 上午 02:02:45	傳送郵件到Tina@jbjob.com.tw()	
2011/1/17 上午 04:02:48	傳送郵件到Tina@jbjob.com.tw()	
2011/1/17 上午 06:02:51	傳送郵件到Tina@jbjob.com.tw()	
2011/1/17 上午 08:12:55	傳送郵件到clinton@jbjob.com.tw()	
2011/1/17 上午 08:52:56	傳送郵件到victor@jbjob.com.tw()	
2011/1/17 上午 10:02:59	傳送郵件到Candy@jbjob.com.tw()	
2011/1/17 上午 10:33:00	傳送郵件到cjs@jbjob.com.tw()	
2011/1/17 上午 10:48:00	傳送郵件到Lee@jbjob.com.tw()	
2011/1/17 上午 10:53:01	傳送郵件到victor@jbjob.com.tw()	
2011/1/17 下午 12:03:03	傳送郵件到richard@jbjob.com.tw()	
2011/1/17 下午 12:03:04	傳送郵件到Candy@jbjob.com.tw()	
2011/1/17 下午 12:53:05	傳送郵件到victor@jbjob.com.tw()	
2011/1/17 下午 12:58:05	傳送郵件到cjs@jbjob.com.tw()	
2011/1/17 下午 01:23:06	傳送郵件到Paul@jbjob.com.tw()	
2011/1/17 下午 02:03:09	傳送郵件到richard@jbjob.com.tw()	
2011/1/17 下午 02:03:10	傳送郵件到Candy@jbjob.com.tw()	
2011/1/17 下午 02:58:11	傳送郵件到cjs@jbjob.com.tw()	
2011/1/17 下午 03:23:12	傳送郵件到Paul@jbjob.com.tw()	
2011/1/17 下午 04:03:14	傳送郵件到richard@jbjob.com.tw()	
2011/1/17 下午 04:23:14	傳送郵件到rurujion@jbjob.com.tw()	
2011/1/17 下午 04:33:15	傳送郵件到Tiffany@jbjob.com.tw()	
2011/1/17 下午 04:38:17	傳送郵件到Sandy@jbjob.com.tw()	
2011/1/17 下午 04:58:18	傳送郵件到cjs@jbjob.com.tw()	
2011/1/17 下午 05:23:19	傳送郵件到Paul@jbjob.com.tw()	
2011/1/17 下午 05:48:20	傳送郵件到rita@jbjob.com.tw()	
2011/1/17 下午 06:33:21	傳送郵件到Tiffany@jbjob.com.tw()	
2011/1/17 下午 06:38:21	傳送郵件到Sandy@jbjob.com.tw()	
2011/1/17 下午 07:13:22	傳送郵件到clinton@jbjob.com.tw()	
2011/1/17 下午 07:48:23	傳送郵件到rita@jbjob.com.tw()	
2011/1/17 下午 08:33:25	傳送郵件到Tiffany@jbjob.com.tw()	
2011/1/17 下午 08:38:25	傳送郵件到Sandy@jbjob.com.tw()	
2011/1/17 下午 09:13:26	傳送郵件到clinton@jbjob.com.tw()	
2011/1/17 下午 09:48:29	傳送郵件到rita@jbjob.com.tw()	
2011/1/17 下午 10:28:31	傳送郵件到Lee@jbjob.com.tw()	
