2010/12/30 下午 01:17:05	傳送郵件到Grace@jbjob.com.tw()	
2010/12/30 下午 01:42:05	傳送郵件到rita@jbjob.com.tw()	
2010/12/30 下午 01:52:08	傳送郵件到Lee@jbjob.com.tw()	
2010/12/30 下午 02:07:09	傳送郵件到Tina@jbjob.com.tw()	
2010/12/30 下午 03:17:11	傳送郵件到Grace@jbjob.com.tw()	
2010/12/30 下午 03:52:12	傳送郵件到Lee@jbjob.com.tw()	
2010/12/30 下午 04:07:13	傳送郵件到Tina@jbjob.com.tw()	
2010/12/30 下午 05:17:15	傳送郵件到Grace@jbjob.com.tw()	
2010/12/30 下午 05:37:16	傳送郵件到richard@jbjob.com.tw()	
2010/12/30 下午 05:42:16	傳送郵件到cjs@jbjob.com.tw()	
2010/12/30 下午 05:47:17	傳送郵件到Amy@jbjob.com.tw()	
2010/12/30 下午 07:22:19	傳送郵件到Lee@jbjob.com.tw()	
2010/12/30 下午 07:37:19	傳送郵件到wilson@jbjob.com.tw()	
2010/12/30 下午 07:37:19	傳送郵件到richard@jbjob.com.tw()	
2010/12/30 下午 07:42:20	傳送郵件到cjs@jbjob.com.tw()	
2010/12/30 下午 07:47:20	傳送郵件到Amy@jbjob.com.tw()	
2010/12/30 下午 09:22:22	傳送郵件到Lee@jbjob.com.tw()	
2010/12/30 下午 09:32:23	傳送郵件到clinton@jbjob.com.tw()	
2010/12/30 下午 09:37:23	傳送郵件到wilson@jbjob.com.tw()	
2010/12/30 下午 09:37:24	傳送郵件到richard@jbjob.com.tw()	
2010/12/30 下午 09:47:24	傳送郵件到Amy@jbjob.com.tw()	
2010/12/30 下午 11:22:25	傳送郵件到Lee@jbjob.com.tw()	
2010/12/30 下午 11:37:26	傳送郵件到wilson@jbjob.com.tw()	
