2011/6/24 上午 01:24:19	傳送郵件到Amy@jbjob.com.tw()	
2011/6/24 上午 01:34:20	傳送郵件到Tina@jbjob.com.tw()	
2011/6/24 上午 03:24:23	傳送郵件到Amy@jbjob.com.tw()	
2011/6/24 上午 03:34:23	傳送郵件到Tina@jbjob.com.tw()	
2011/6/24 上午 05:34:25	傳送郵件到Tina@jbjob.com.tw()	
2011/6/24 上午 10:44:28	傳送郵件到clinton@jbjob.com.tw()	
2011/6/24 上午 11:34:31	傳送郵件到Tiffany@jbjob.com.tw()	
2011/6/24 下午 12:44:32	傳送郵件到clinton@jbjob.com.tw()	
2011/6/24 下午 12:44:33	傳送郵件到wilson@jbjob.com.tw()	
2011/6/24 下午 01:34:34	傳送郵件到Tiffany@jbjob.com.tw()	
2011/6/24 下午 02:44:35	傳送郵件到wilson@jbjob.com.tw()	
2011/6/24 下午 03:34:37	傳送郵件到Tina@jbjob.com.tw()	
2011/6/24 下午 03:34:37	傳送郵件到Tiffany@jbjob.com.tw()	
2011/6/24 下午 04:14:39	傳送郵件到daphne@jbjob.com.tw()	
2011/6/24 下午 04:44:44	傳送郵件到wilson@jbjob.com.tw()	
2011/6/24 下午 06:34:46	傳送郵件到daphne@jbjob.com.tw()	
2011/6/24 下午 06:44:47	傳送郵件到Tina@jbjob.com.tw()	
2011/6/24 下午 08:34:48	傳送郵件到daphne@jbjob.com.tw()	
2011/6/24 下午 08:44:49	傳送郵件到Tina@jbjob.com.tw()	
2011/6/24 下午 10:34:53	傳送郵件到daphne@jbjob.com.tw()	
2011/6/24 下午 10:44:54	傳送郵件到Tina@jbjob.com.tw()	
