2012/9/11 上午 02:09:23	傳送郵件到Tina@jbjob.com.tw()	
2012/9/11 上午 04:54:25	傳送郵件到Tiffany@jbjob.com.tw()	
2012/9/11 上午 08:24:27	傳送郵件到Grace@jbjob.com.tw()	
2012/9/11 上午 08:24:28	傳送郵件到Angel@jbjob.com.tw()	
2012/9/11 上午 08:54:29	傳送郵件到Tiffany@jbjob.com.tw()	
2012/9/11 上午 09:24:32	傳送郵件到rita@jbjob.com.tw()	
2012/9/11 上午 09:39:33	傳送郵件到Jimmy@jbjob.com.tw()	
2012/9/11 上午 11:24:34	傳送郵件到Paul@jbjob.com.tw()	
2012/9/11 上午 11:39:34	傳送郵件到cjs@jbjob.com.tw()	
2012/9/11 上午 11:39:34	傳送郵件到Lilian@jbjob.com.tw()	
2012/9/11 下午 12:39:36	傳送郵件到Tina@jbjob.com.tw()	
2012/9/11 下午 12:54:36	傳送郵件到Tiffany@jbjob.com.tw()	
2012/9/11 下午 01:24:37	傳送郵件到leila@jbjob.com.tw()	
2012/9/11 下午 01:39:37	傳送郵件到rita@jbjob.com.tw()	
2012/9/11 下午 03:24:38	傳送郵件到Paul@jbjob.com.tw()	
2012/9/11 下午 03:24:39	傳送郵件到Amy@jbjob.com.tw()	
2012/9/11 下午 03:39:48	傳送郵件到Angel@jbjob.com.tw()	
2012/9/11 下午 04:39:49	傳送郵件到Tina@jbjob.com.tw()	
2012/9/11 下午 05:09:53	傳送郵件到kelly@jbjob.com.tw()	
2012/9/11 下午 05:24:53	傳送郵件到richard@jbjob.com.tw()	
2012/9/11 下午 05:24:54	傳送郵件到leila@jbjob.com.tw()	
2012/9/11 下午 05:39:54	傳送郵件到rita@jbjob.com.tw()	
2012/9/11 下午 07:24:55	傳送郵件到Paul@jbjob.com.tw()	
2012/9/11 下午 07:24:56	傳送郵件到Amy@jbjob.com.tw()	
2012/9/11 下午 08:39:56	傳送郵件到Tina@jbjob.com.tw()	
2012/9/11 下午 09:09:57	傳送郵件到kelly@jbjob.com.tw()	
2012/9/11 下午 09:24:58	傳送郵件到richard@jbjob.com.tw()	
2012/9/11 下午 09:24:58	傳送郵件到leila@jbjob.com.tw()	
2012/9/11 下午 09:39:59	傳送郵件到rita@jbjob.com.tw()	
2012/9/11 下午 11:25:00	傳送郵件到Amy@jbjob.com.tw()	
