2011/9/15 上午 12:02:40	傳送郵件到Amy@jbjob.com.tw()	
2011/9/15 上午 02:02:41	傳送郵件到Amy@jbjob.com.tw()	
2011/9/15 上午 04:02:42	傳送郵件到Amy@jbjob.com.tw()	
2011/9/15 上午 08:42:44	傳送郵件到Tina@jbjob.com.tw()	
2011/9/15 上午 09:02:45	傳送郵件到cjs@jbjob.com.tw()	
2011/9/15 上午 09:02:45	傳送郵件到Tiffany@jbjob.com.tw()	
2011/9/15 上午 09:02:46	傳送郵件到richard@jbjob.com.tw()	
2011/9/15 上午 10:42:46	傳送郵件到Tina@jbjob.com.tw()	
2011/9/15 上午 11:02:47	傳送郵件到cjs@jbjob.com.tw()	
2011/9/15 上午 11:02:47	傳送郵件到Tiffany@jbjob.com.tw()	
2011/9/15 上午 11:02:48	傳送郵件到richard@jbjob.com.tw()	
2011/9/15 下午 12:42:52	傳送郵件到Tina@jbjob.com.tw()	
2011/9/15 下午 01:02:53	傳送郵件到cjs@jbjob.com.tw()	
2011/9/15 下午 01:02:54	傳送郵件到Tiffany@jbjob.com.tw()	
2011/9/15 下午 03:12:56	傳送郵件到clinton@jbjob.com.tw()	
2011/9/15 下午 03:32:58	傳送郵件到cjs@jbjob.com.tw()	
2011/9/15 下午 05:12:59	傳送郵件到clinton@jbjob.com.tw()	
2011/9/15 下午 05:43:05	傳送郵件到richard@jbjob.com.tw()	
2011/9/15 下午 06:53:10	傳送郵件到Angel@jbjob.com.tw()	
2011/9/15 下午 07:13:14	傳送郵件到clinton@jbjob.com.tw()	
2011/9/15 下午 07:43:19	傳送郵件到richard@jbjob.com.tw()	
2011/9/15 下午 08:53:24	傳送郵件到Angel@jbjob.com.tw()	
2011/9/15 下午 09:33:27	傳送郵件到Amy@jbjob.com.tw()	
2011/9/15 下午 09:43:30	傳送郵件到richard@jbjob.com.tw()	
2011/9/15 下午 10:53:34	傳送郵件到Angel@jbjob.com.tw()	
2011/9/15 下午 11:33:38	傳送郵件到Amy@jbjob.com.tw()	
