2011/7/25 上午 09:13:27	傳送郵件到Alex@jbjob.com.tw()	
2011/7/25 上午 09:13:27	傳送郵件到richard@jbjob.com.tw()	
2011/7/25 上午 09:23:28	傳送郵件到rita@jbjob.com.tw()	
2011/7/25 上午 09:33:28	傳送郵件到victor@jbjob.com.tw()	
2011/7/25 上午 11:03:30	傳送郵件到daphne@jbjob.com.tw()	
2011/7/25 上午 11:13:32	傳送郵件到cjs@jbjob.com.tw()	
2011/7/25 上午 11:33:33	傳送郵件到rita@jbjob.com.tw()	
2011/7/25 上午 11:43:35	傳送郵件到Amy@jbjob.com.tw()	
2011/7/25 下午 01:03:36	傳送郵件到daphne@jbjob.com.tw()	
2011/7/25 下午 01:13:37	傳送郵件到cjs@jbjob.com.tw()	
2011/7/25 下午 01:33:37	傳送郵件到rita@jbjob.com.tw()	
2011/7/25 下午 01:43:40	傳送郵件到Alex@jbjob.com.tw()	
2011/7/25 下午 03:03:41	傳送郵件到daphne@jbjob.com.tw()	
2011/7/25 下午 03:13:42	傳送郵件到cjs@jbjob.com.tw()	
2011/7/25 下午 03:23:42	傳送郵件到clinton@jbjob.com.tw()	
2011/7/25 下午 03:43:43	傳送郵件到Alex@jbjob.com.tw()	
2011/7/25 下午 05:26:57	傳送郵件到clinton@jbjob.com.tw()	
2011/7/25 下午 05:46:58	傳送郵件到Alex@jbjob.com.tw()	
2011/7/25 下午 06:16:58	傳送郵件到Amy@jbjob.com.tw()	
2011/7/25 下午 08:16:59	傳送郵件到Amy@jbjob.com.tw()	
2011/7/25 下午 10:17:01	傳送郵件到Amy@jbjob.com.tw()	
