2011/11/23 上午 01:58:26	傳送郵件到rita@jbjob.com.tw()	
2011/11/23 上午 09:08:29	傳送郵件到jju@jbjob.com.tw()	
2011/11/23 上午 09:38:29	傳送郵件到Paul@jbjob.com.tw()	
2011/11/23 上午 09:39:31	傳送郵件到richard@jbjob.com.tw()	
2011/11/23 上午 10:28:30	傳送郵件到Angel@jbjob.com.tw()	
2011/11/23 上午 11:08:34	傳送郵件到Tina@jbjob.com.tw()	
2011/11/23 上午 11:08:35	傳送郵件到jju@jbjob.com.tw()	
2011/11/23 上午 11:58:36	傳送郵件到yunrong@jbjob.com.tw()	
2011/11/23 下午 12:08:36	傳送郵件到clinton@jbjob.com.tw()	
2011/11/23 下午 12:28:37	傳送郵件到Angel@jbjob.com.tw()	
2011/11/23 下午 12:49:32	傳送郵件到Paul@jbjob.com.tw()	
2011/11/23 下午 01:08:37	傳送郵件到Tina@jbjob.com.tw()	
2011/11/23 下午 01:58:38	傳送郵件到yunrong@jbjob.com.tw()	
2011/11/23 下午 02:28:39	傳送郵件到Angel@jbjob.com.tw()	
2011/11/23 下午 02:59:33	傳送郵件到richard@jbjob.com.tw()	
2011/11/23 下午 03:08:39	傳送郵件到clinton@jbjob.com.tw()	
2011/11/23 下午 03:28:41	傳送郵件到Paul@jbjob.com.tw()	
2011/11/23 下午 03:58:41	傳送郵件到yunrong@jbjob.com.tw()	
2011/11/23 下午 05:28:42	傳送郵件到Paul@jbjob.com.tw()	
2011/11/23 下午 06:48:43	傳送郵件到wilson@jbjob.com.tw()	
2011/11/23 下午 07:28:44	傳送郵件到Paul@jbjob.com.tw()	
2011/11/23 下午 08:48:45	傳送郵件到wilson@jbjob.com.tw()	
2011/11/23 下午 10:48:47	傳送郵件到wilson@jbjob.com.tw()	
2011/11/23 下午 10:58:47	傳送郵件到Tina@jbjob.com.tw()	
