2011/9/9 上午 01:32:54	傳送郵件到Amy@jbjob.com.tw()	
2011/9/9 上午 03:32:57	傳送郵件到Amy@jbjob.com.tw()	
2011/9/9 上午 09:13:02	傳送郵件到jju@jbjob.com.tw()	
2011/9/9 上午 10:43:03	傳送郵件到cjs@jbjob.com.tw()	
2011/9/9 上午 10:53:04	傳送郵件到Elva@jbjob.com.tw()	
2011/9/9 上午 10:53:04	傳送郵件到Tiffany@jbjob.com.tw()	
2011/9/9 上午 11:13:05	傳送郵件到jju@jbjob.com.tw()	
2011/9/9 下午 12:53:06	傳送郵件到Tiffany@jbjob.com.tw()	
2011/9/9 下午 02:13:09	傳送郵件到cjs@jbjob.com.tw()	
2011/9/9 下午 02:23:09	傳送郵件到Tina@jbjob.com.tw()	
2011/9/9 下午 03:13:10	傳送郵件到richard@jbjob.com.tw()	
2011/9/9 下午 04:03:11	傳送郵件到Angel@jbjob.com.tw()	
2011/9/9 下午 04:13:12	傳送郵件到cjs@jbjob.com.tw()	
2011/9/9 下午 04:23:12	傳送郵件到Tina@jbjob.com.tw()	
2011/9/9 下午 05:13:13	傳送郵件到richard@jbjob.com.tw()	
2011/9/9 下午 06:23:14	傳送郵件到Tina@jbjob.com.tw()	
2011/9/9 下午 06:43:14	傳送郵件到Angel@jbjob.com.tw()	
2011/9/9 下午 06:53:15	傳送郵件到luz@jbjob.com.tw()	
2011/9/9 下午 07:13:16	傳送郵件到Amy@jbjob.com.tw()	
2011/9/9 下午 07:13:16	傳送郵件到richard@jbjob.com.tw()	
2011/9/9 下午 08:53:17	傳送郵件到luz@jbjob.com.tw()	
2011/9/9 下午 08:53:18	傳送郵件到Tina@jbjob.com.tw()	
2011/9/9 下午 09:13:18	傳送郵件到Amy@jbjob.com.tw()	
2011/9/9 下午 10:53:19	傳送郵件到luz@jbjob.com.tw()	
2011/9/9 下午 10:53:20	傳送郵件到Tina@jbjob.com.tw()	
2011/9/9 下午 11:13:23	傳送郵件到Amy@jbjob.com.tw()	
