2012/10/19 上午 12:21:46	傳送郵件到Angel@jbjob.com.tw()	
2012/10/19 上午 01:21:47	傳送郵件到richard@jbjob.com.tw()	
2012/10/19 上午 03:21:48	傳送郵件到Tiffany@jbjob.com.tw()	
2012/10/19 上午 03:21:49	傳送郵件到wilson@jbjob.com.tw()	
2012/10/19 上午 04:21:49	傳送郵件到Angel@jbjob.com.tw()	
2012/10/19 上午 05:21:50	傳送郵件到richard@jbjob.com.tw()	
2012/10/19 上午 09:06:55	傳送郵件到clinton@jbjob.com.tw()	
2012/10/19 上午 09:21:56	傳送郵件到Tina@jbjob.com.tw()	
2012/10/19 上午 09:51:57	傳送郵件到Paul@jbjob.com.tw()	
2012/10/19 上午 09:51:57	傳送郵件到Lilian@jbjob.com.tw()	
2012/10/19 下午 01:34:50	傳送郵件到Tiffany@jbjob.com.tw()	
2012/10/19 下午 02:04:51	傳送郵件到Paul@jbjob.com.tw()	
2012/10/19 下午 02:04:52	傳送郵件到Lilian@jbjob.com.tw()	
2012/10/19 下午 02:19:52	傳送郵件到wilson@jbjob.com.tw()	
2012/10/19 下午 02:34:53	傳送郵件到Jessica@jbjob.com.tw()	
2012/10/19 下午 03:49:54	傳送郵件到richard@jbjob.com.tw()	
2012/10/19 下午 05:19:56	傳送郵件到Tina@jbjob.com.tw()	
2012/10/19 下午 05:49:56	傳送郵件到Tiffany@jbjob.com.tw()	
2012/10/19 下午 06:19:57	傳送郵件到wilson@jbjob.com.tw()	
2012/10/19 下午 08:34:58	傳送郵件到richard@jbjob.com.tw()	
2012/10/19 下午 09:19:59	傳送郵件到Tina@jbjob.com.tw()	
2012/10/19 下午 09:50:00	傳送郵件到Tiffany@jbjob.com.tw()	
2012/10/19 下午 10:20:01	傳送郵件到wilson@jbjob.com.tw()	
