2012/9/6 上午 03:10:22	傳送郵件到Paul@jbjob.com.tw()	
2012/9/6 上午 03:10:22	傳送郵件到richard@jbjob.com.tw()	
2012/9/6 上午 03:25:23	傳送郵件到Tiffany@jbjob.com.tw()	
2012/9/6 上午 09:10:24	傳送郵件到Lilian@jbjob.com.tw()	
2012/9/6 上午 09:32:51	傳送郵件到Angel@jbjob.com.tw()	
2012/9/6 上午 10:32:51	傳送郵件到Grace@jbjob.com.tw()	
2012/9/6 上午 11:17:52	傳送郵件到rita@jbjob.com.tw()	
2012/9/6 上午 11:17:52	傳送郵件到wilson@jbjob.com.tw()	
2012/9/6 下午 01:32:53	傳送郵件到Lilian@jbjob.com.tw()	
2012/9/6 下午 02:32:54	傳送郵件到Grace@jbjob.com.tw()	
2012/9/6 下午 02:32:54	傳送郵件到Tina@jbjob.com.tw()	
2012/9/6 下午 03:02:55	傳送郵件到Angel@jbjob.com.tw()	
2012/9/6 下午 03:17:56	傳送郵件到wilson@jbjob.com.tw()	
2012/9/6 下午 03:17:57	傳送郵件到richard@jbjob.com.tw()	
2012/9/6 下午 05:02:57	傳送郵件到Tiffany@jbjob.com.tw()	
2012/9/6 下午 06:32:58	傳送郵件到Grace@jbjob.com.tw()	
2012/9/6 下午 06:32:59	傳送郵件到Tina@jbjob.com.tw()	
2012/9/6 下午 07:03:03	傳送郵件到clinton@jbjob.com.tw()	
2012/9/6 下午 07:18:05	傳送郵件到wilson@jbjob.com.tw()	
2012/9/6 下午 07:48:05	傳送郵件到Lilian@jbjob.com.tw()	
2012/9/6 下午 09:03:06	傳送郵件到Tiffany@jbjob.com.tw()	
2012/9/6 下午 10:33:07	傳送郵件到Tina@jbjob.com.tw()	
2012/9/6 下午 11:03:08	傳送郵件到clinton@jbjob.com.tw()	
2012/9/6 下午 11:48:08	傳送郵件到Lilian@jbjob.com.tw()	
