2011/8/1 上午 10:23:13	傳送郵件到wilson@jbjob.com.tw()	
2011/8/1 上午 11:13:16	傳送郵件到Tiffany@jbjob.com.tw()	
2011/8/1 下午 12:23:18	傳送郵件到wilson@jbjob.com.tw()	
2011/8/1 下午 01:13:18	傳送郵件到Tiffany@jbjob.com.tw()	
2011/8/1 下午 01:23:21	傳送郵件到Alex@jbjob.com.tw()	
2011/8/1 下午 01:33:21	傳送郵件到clinton@jbjob.com.tw()	
2011/8/1 下午 01:43:22	傳送郵件到victor@jbjob.com.tw()	
2011/8/1 下午 01:43:22	傳送郵件到daphne@jbjob.com.tw()	
2011/8/1 下午 02:23:23	傳送郵件到wilson@jbjob.com.tw()	
2011/8/1 下午 03:22:33	傳送郵件到Tiffany@jbjob.com.tw()	
2011/8/1 下午 03:32:33	傳送郵件到richard@jbjob.com.tw()	
2011/8/1 下午 03:42:34	傳送郵件到clinton@jbjob.com.tw()	
2011/8/1 下午 05:02:35	傳送郵件到Grace@jbjob.com.tw()	
2011/8/1 下午 05:12:36	傳送郵件到Tina@jbjob.com.tw()	
2011/8/1 下午 05:32:36	傳送郵件到richard@jbjob.com.tw()	
2011/8/1 下午 05:42:37	傳送郵件到Alex@jbjob.com.tw()	
2011/8/1 下午 07:02:38	傳送郵件到Grace@jbjob.com.tw()	
2011/8/1 下午 07:12:38	傳送郵件到Tina@jbjob.com.tw()	
2011/8/1 下午 07:32:39	傳送郵件到richard@jbjob.com.tw()	
2011/8/1 下午 08:12:40	傳送郵件到Alex@jbjob.com.tw()	
2011/8/1 下午 09:02:41	傳送郵件到Grace@jbjob.com.tw()	
2011/8/1 下午 10:12:43	傳送郵件到Alex@jbjob.com.tw()	
