2012/4/16 上午 10:47:35	傳送郵件到Angel@jbjob.com.tw()	
2012/4/16 上午 11:37:40	傳送郵件到richard@jbjob.com.tw()	
2012/4/16 上午 11:47:41	傳送郵件到clinton@jbjob.com.tw()	
2012/4/16 上午 11:47:42	傳送郵件到kelly@jbjob.com.tw()	
2012/4/16 下午 01:27:45	傳送郵件到cjs@jbjob.com.tw()	
2012/4/16 下午 01:47:47	傳送郵件到clinton@jbjob.com.tw()	
2012/4/16 下午 01:47:50	傳送郵件到Angel@jbjob.com.tw()	
2012/4/16 下午 02:57:51	傳送郵件到richard@jbjob.com.tw()	
2012/4/16 下午 03:47:53	傳送郵件到clinton@jbjob.com.tw()	
2012/4/16 下午 03:47:53	傳送郵件到Angel@jbjob.com.tw()	
2012/4/16 下午 05:57:55	傳送郵件到Angel@jbjob.com.tw()	
2012/4/16 下午 07:07:56	傳送郵件到richard@jbjob.com.tw()	
2012/4/16 下午 07:47:57	傳送郵件到Tiffany@jbjob.com.tw()	
2012/4/16 下午 07:57:58	傳送郵件到Angel@jbjob.com.tw()	
2012/4/16 下午 09:08:00	傳送郵件到richard@jbjob.com.tw()	
2012/4/16 下午 09:48:01	傳送郵件到Tiffany@jbjob.com.tw()	
2012/4/16 下午 09:58:01	傳送郵件到Angel@jbjob.com.tw()	
2012/4/16 下午 11:08:03	傳送郵件到richard@jbjob.com.tw()	
2012/4/16 下午 11:48:04	傳送郵件到Tiffany@jbjob.com.tw()	
2012/4/16 下午 11:48:04	傳送郵件到wilson@jbjob.com.tw()	
