2012/3/19 上午 10:04:28	傳送郵件到clinton@jbjob.com.tw()	
2012/3/19 上午 10:04:28	傳送郵件到richard@jbjob.com.tw()	
2012/3/19 上午 10:34:29	傳送郵件到kelly@jbjob.com.tw()	
2012/3/19 上午 10:54:30	傳送郵件到Tina@jbjob.com.tw()	
2012/3/19 下午 12:04:31	傳送郵件到richard@jbjob.com.tw()	
2012/3/19 下午 12:24:32	傳送郵件到Angel@jbjob.com.tw()	
2012/3/19 下午 01:14:33	傳送郵件到Tina@jbjob.com.tw()	
2012/3/19 下午 02:24:34	傳送郵件到Angel@jbjob.com.tw()	
2012/3/19 下午 02:44:34	傳送郵件到cjs@jbjob.com.tw()	
2012/3/19 下午 03:14:35	傳送郵件到Tina@jbjob.com.tw()	
2012/3/19 下午 04:04:36	傳送郵件到richard@jbjob.com.tw()	
2012/3/19 下午 05:14:41	傳送郵件到Paul@jbjob.com.tw()	
2012/3/19 下午 05:14:41	傳送郵件到Tina@jbjob.com.tw()	
2012/3/19 下午 05:24:44	傳送郵件到Jimmy@jbjob.com.tw()	
2012/3/19 下午 06:24:45	傳送郵件到Angel@jbjob.com.tw()	
2012/3/19 下午 06:34:46	傳送郵件到Tiffany@jbjob.com.tw()	
2012/3/19 下午 07:14:46	傳送郵件到Paul@jbjob.com.tw()	
2012/3/19 下午 08:24:47	傳送郵件到Angel@jbjob.com.tw()	
2012/3/19 下午 08:34:48	傳送郵件到Tiffany@jbjob.com.tw()	
2012/3/19 下午 09:14:48	傳送郵件到Paul@jbjob.com.tw()	
2012/3/19 下午 10:24:49	傳送郵件到Angel@jbjob.com.tw()	
2012/3/19 下午 10:34:50	傳送郵件到Tiffany@jbjob.com.tw()	
2012/3/19 下午 11:04:50	傳送郵件到clinton@jbjob.com.tw()	
