2011/3/4 上午 08:52:59	傳送郵件到richard@jbjob.com.tw()	
2011/3/4 上午 09:18:00	傳送郵件到victor@jbjob.com.tw()	
2011/3/4 上午 09:48:01	傳送郵件到cjs@jbjob.com.tw()	
2011/3/4 上午 10:53:02	傳送郵件到richard@jbjob.com.tw()	
2011/3/4 上午 11:18:05	傳送郵件到victor@jbjob.com.tw()	
2011/3/4 上午 11:48:06	傳送郵件到cjs@jbjob.com.tw()	
2011/3/4 下午 12:03:06	傳送郵件到Amy@jbjob.com.tw()	
2011/3/4 下午 12:53:07	傳送郵件到richard@jbjob.com.tw()	
2011/3/4 下午 01:18:08	傳送郵件到victor@jbjob.com.tw()	
2011/3/4 下午 01:48:09	傳送郵件到Paul@jbjob.com.tw()	
2011/3/4 下午 02:03:09	傳送郵件到Amy@jbjob.com.tw()	
2011/3/4 下午 02:33:10	傳送郵件到clinton@jbjob.com.tw()	
2011/3/4 下午 03:08:11	傳送郵件到Alex@jbjob.com.tw()	
2011/3/4 下午 03:48:12	傳送郵件到Paul@jbjob.com.tw()	
2011/3/4 下午 04:03:13	傳送郵件到Amy@jbjob.com.tw()	
2011/3/4 下午 04:03:13	傳送郵件到wilson@jbjob.com.tw()	
2011/3/4 下午 04:33:14	傳送郵件到clinton@jbjob.com.tw()	
2011/3/4 下午 05:08:18	傳送郵件到Alex@jbjob.com.tw()	
2011/3/4 下午 06:33:19	傳送郵件到clinton@jbjob.com.tw()	
2011/3/4 下午 07:08:20	傳送郵件到Alex@jbjob.com.tw()	
2011/3/4 下午 07:53:21	傳送郵件到Tina@jbjob.com.tw()	
2011/3/4 下午 09:53:22	傳送郵件到Tina@jbjob.com.tw()	
2011/3/4 下午 11:53:24	傳送郵件到Tina@jbjob.com.tw()	
