2011/7/1 上午 09:20:24	傳送郵件到Tina@jbjob.com.tw()	
2011/7/1 上午 10:50:25	傳送郵件到Jimmy@jbjob.com.tw()	
2011/7/1 上午 11:00:26	傳送郵件到cjs@jbjob.com.tw()	
2011/7/1 上午 11:40:28	傳送郵件到Tiffany@jbjob.com.tw()	
2011/7/1 下午 12:10:29	傳送郵件到daphne@jbjob.com.tw()	
2011/7/1 下午 12:50:30	傳送郵件到Grace@jbjob.com.tw()	
2011/7/1 下午 12:50:31	傳送郵件到Jimmy@jbjob.com.tw()	
2011/7/1 下午 01:00:31	傳送郵件到cjs@jbjob.com.tw()	
2011/7/1 下午 01:30:32	傳送郵件到Alex@jbjob.com.tw()	
2011/7/1 下午 01:40:32	傳送郵件到Tiffany@jbjob.com.tw()	
2011/7/1 下午 02:10:33	傳送郵件到daphne@jbjob.com.tw()	
2011/7/1 下午 02:40:34	傳送郵件到Tina@jbjob.com.tw()	
2011/7/1 下午 03:40:35	傳送郵件到Alex@jbjob.com.tw()	
2011/7/1 下午 03:40:38	傳送郵件到Tiffany@jbjob.com.tw()	
2011/7/1 下午 04:40:39	傳送郵件到Tina@jbjob.com.tw()	
2011/7/1 下午 05:40:41	傳送郵件到rita@jbjob.com.tw()	
2011/7/1 下午 06:40:42	傳送郵件到Tina@jbjob.com.tw()	
2011/7/1 下午 07:20:43	傳送郵件到Alex@jbjob.com.tw()	
2011/7/1 下午 08:00:43	傳送郵件到Amy@jbjob.com.tw()	
2011/7/1 下午 08:10:44	傳送郵件到Grace@jbjob.com.tw()	
2011/7/1 下午 09:10:45	傳送郵件到Paul@jbjob.com.tw()	
2011/7/1 下午 09:20:45	傳送郵件到Alex@jbjob.com.tw()	
2011/7/1 下午 10:00:46	傳送郵件到Amy@jbjob.com.tw()	
2011/7/1 下午 10:10:47	傳送郵件到Grace@jbjob.com.tw()	
2011/7/1 下午 10:10:47	傳送郵件到Tiffany@jbjob.com.tw()	
2011/7/1 下午 11:10:48	傳送郵件到Paul@jbjob.com.tw()	
2011/7/1 下午 11:20:48	傳送郵件到Alex@jbjob.com.tw()	
