2011/8/25 上午 08:20:04	傳送郵件到Paul@jbjob.com.tw()	
2011/8/25 上午 08:30:05	傳送郵件到clinton@jbjob.com.tw()	
2011/8/25 上午 08:40:05	傳送郵件到rita@jbjob.com.tw()	
2011/8/25 上午 08:40:06	傳送郵件到jju@jbjob.com.tw()	
2011/8/25 上午 10:10:07	傳送郵件到wilson@jbjob.com.tw()	
2011/8/25 上午 10:20:07	傳送郵件到Paul@jbjob.com.tw()	
2011/8/25 上午 10:40:08	傳送郵件到jju@jbjob.com.tw()	
2011/8/25 上午 11:40:09	傳送郵件到richard@jbjob.com.tw()	
2011/8/25 下午 12:10:10	傳送郵件到wilson@jbjob.com.tw()	
2011/8/25 下午 12:20:10	傳送郵件到Paul@jbjob.com.tw()	
2011/8/25 下午 12:30:11	傳送郵件到Tiffany@jbjob.com.tw()	
2011/8/25 下午 12:40:11	傳送郵件到jju@jbjob.com.tw()	
2011/8/25 下午 01:40:12	傳送郵件到richard@jbjob.com.tw()	
2011/8/25 下午 02:10:12	傳送郵件到wilson@jbjob.com.tw()	
2011/8/25 下午 02:30:13	傳送郵件到Tiffany@jbjob.com.tw()	
2011/8/25 下午 02:30:13	傳送郵件到Tina@jbjob.com.tw()	
2011/8/25 下午 03:40:14	傳送郵件到richard@jbjob.com.tw()	
2011/8/25 下午 04:30:17	傳送郵件到Tiffany@jbjob.com.tw()	
2011/8/25 下午 04:30:21	傳送郵件到Tina@jbjob.com.tw()	
2011/8/25 下午 05:30:22	傳送郵件到Alex@jbjob.com.tw()	
2011/8/25 下午 05:40:23	傳送郵件到rita@jbjob.com.tw()	
2011/8/25 下午 05:50:23	傳送郵件到Amy@jbjob.com.tw()	
2011/8/25 下午 07:40:24	傳送郵件到rita@jbjob.com.tw()	
2011/8/25 下午 07:50:25	傳送郵件到Amy@jbjob.com.tw()	
2011/8/25 下午 09:40:26	傳送郵件到rita@jbjob.com.tw()	
2011/8/25 下午 09:50:26	傳送郵件到Amy@jbjob.com.tw()	
