2012/1/10 上午 12:16:32	傳送郵件到wilson@jbjob.com.tw()	
2012/1/10 上午 02:16:33	傳送郵件到wilson@jbjob.com.tw()	
2012/1/10 上午 04:16:34	傳送郵件到wilson@jbjob.com.tw()	
2012/1/10 上午 09:06:36	傳送郵件到Grace@jbjob.com.tw()	
2012/1/10 上午 09:06:37	傳送郵件到Paul@jbjob.com.tw()	
2012/1/10 上午 11:06:38	傳送郵件到Grace@jbjob.com.tw()	
2012/1/10 上午 11:06:38	傳送郵件到Tina@jbjob.com.tw()	
2012/1/10 上午 11:26:39	傳送郵件到Angel@jbjob.com.tw()	
2012/1/10 下午 12:16:41	傳送郵件到Paul@jbjob.com.tw()	
2012/1/10 下午 12:46:42	傳送郵件到clinton@jbjob.com.tw()	
2012/1/10 下午 01:46:43	傳送郵件到Tina@jbjob.com.tw()	
2012/1/10 下午 02:46:44	傳送郵件到Grace@jbjob.com.tw()	
2012/1/10 下午 03:36:45	傳送郵件到Paul@jbjob.com.tw()	
2012/1/10 下午 03:46:46	傳送郵件到Tina@jbjob.com.tw()	
2012/1/10 下午 04:46:46	傳送郵件到Grace@jbjob.com.tw()	
2012/1/10 下午 05:16:47	傳送郵件到richard@jbjob.com.tw()	
2012/1/10 下午 05:36:49	傳送郵件到Paul@jbjob.com.tw()	
2012/1/10 下午 05:46:50	傳送郵件到Tina@jbjob.com.tw()	
2012/1/10 下午 05:56:50	傳送郵件到debbie@jbjob.com.tw()	
2012/1/10 下午 06:16:51	傳送郵件到wilson@jbjob.com.tw()	
2012/1/10 下午 06:36:51	傳送郵件到clinton@jbjob.com.tw()	
2012/1/10 下午 07:16:52	傳送郵件到richard@jbjob.com.tw()	
2012/1/10 下午 07:36:52	傳送郵件到Paul@jbjob.com.tw()	
2012/1/10 下午 08:16:53	傳送郵件到wilson@jbjob.com.tw()	
2012/1/10 下午 08:26:54	傳送郵件到Grace@jbjob.com.tw()	
2012/1/10 下午 08:36:54	傳送郵件到clinton@jbjob.com.tw()	
2012/1/10 下午 09:16:55	傳送郵件到richard@jbjob.com.tw()	
2012/1/10 下午 10:16:56	傳送郵件到wilson@jbjob.com.tw()	
2012/1/10 下午 10:26:57	傳送郵件到Grace@jbjob.com.tw()	
