2011/5/13 上午 09:30:15	傳送郵件到wilson@jbjob.com.tw()	
2011/5/13 上午 10:00:15	傳送郵件到victor@jbjob.com.tw()	
2011/5/13 上午 10:40:19	傳送郵件到Alex@jbjob.com.tw()	
2011/5/13 上午 11:00:20	傳送郵件到Grace@jbjob.com.tw()	
2011/5/13 上午 11:30:20	傳送郵件到wilson@jbjob.com.tw()	
2011/5/13 下午 12:00:21	傳送郵件到Jimmy@jbjob.com.tw()	
2011/5/13 下午 12:00:21	傳送郵件到victor@jbjob.com.tw()	
2011/5/13 下午 12:40:22	傳送郵件到Alex@jbjob.com.tw()	
2011/5/13 下午 01:00:23	傳送郵件到Grace@jbjob.com.tw()	
2011/5/13 下午 01:30:24	傳送郵件到wilson@jbjob.com.tw()	
2011/5/13 下午 01:40:25	傳送郵件到Amy@jbjob.com.tw()	
2011/5/13 下午 02:00:25	傳送郵件到cjs@jbjob.com.tw()	
2011/5/13 下午 02:00:26	傳送郵件到victor@jbjob.com.tw()	
2011/5/13 下午 02:10:26	傳送郵件到Jimmy@jbjob.com.tw()	
2011/5/13 下午 03:00:28	傳送郵件到Grace@jbjob.com.tw()	
2011/5/13 下午 03:20:28	傳送郵件到Paul@jbjob.com.tw()	
2011/5/13 下午 03:20:29	傳送郵件到rita@jbjob.com.tw()	
2011/5/13 下午 03:40:30	傳送郵件到Amy@jbjob.com.tw()	
2011/5/13 下午 04:10:30	傳送郵件到Jimmy@jbjob.com.tw()	
2011/5/13 下午 05:20:32	傳送郵件到Paul@jbjob.com.tw()	
2011/5/13 下午 05:30:33	傳送郵件到cjs@jbjob.com.tw()	
2011/5/13 下午 05:40:36	傳送郵件到Amy@jbjob.com.tw()	
2011/5/13 下午 06:10:37	傳送郵件到Jimmy@jbjob.com.tw()	
2011/5/13 下午 06:50:37	傳送郵件到Tiffany@jbjob.com.tw()	
2011/5/13 下午 07:20:40	傳送郵件到Paul@jbjob.com.tw()	
2011/5/13 下午 07:30:44	傳送郵件到cjs@jbjob.com.tw()	
2011/5/13 下午 08:50:45	傳送郵件到Tiffany@jbjob.com.tw()	
2011/5/13 下午 09:30:46	傳送郵件到cjs@jbjob.com.tw()	
2011/5/13 下午 10:50:46	傳送郵件到Tiffany@jbjob.com.tw()	
