2012/8/29 上午 09:17:22	傳送郵件到Grace@jbjob.com.tw()	
2012/8/29 上午 09:17:23	傳送郵件到clinton@jbjob.com.tw()	
2012/8/29 上午 09:17:23	傳送郵件到Tina@jbjob.com.tw()	
2012/8/29 上午 09:17:23	傳送郵件到cjs@jbjob.com.tw()	
2012/8/29 上午 09:17:24	傳送郵件到Jimmy@jbjob.com.tw()	
2012/8/29 上午 09:17:24	傳送郵件到Tiffany@jbjob.com.tw()	
2012/8/29 上午 09:17:25	傳送郵件到wilson@jbjob.com.tw()	
2012/8/29 上午 09:17:25	傳送郵件到richard@jbjob.com.tw()	
2012/8/29 上午 10:02:26	傳送郵件到kelly@jbjob.com.tw()	
2012/8/29 上午 10:47:27	傳送郵件到Elva@jbjob.com.tw()	
2012/8/29 下午 12:47:28	傳送郵件到Angel@jbjob.com.tw()	
2012/8/29 下午 01:17:29	傳送郵件到clinton@jbjob.com.tw()	
2012/8/29 下午 01:17:30	傳送郵件到Tiffany@jbjob.com.tw()	
2012/8/29 下午 01:17:30	傳送郵件到wilson@jbjob.com.tw()	
2012/8/29 下午 01:47:31	傳送郵件到cjs@jbjob.com.tw()	
2012/8/29 下午 03:17:32	傳送郵件到Tina@jbjob.com.tw()	
2012/8/29 下午 03:32:34	傳送郵件到Elva@jbjob.com.tw()	
2012/8/29 下午 04:17:35	傳送郵件到richard@jbjob.com.tw()	
2012/8/29 下午 05:17:36	傳送郵件到clinton@jbjob.com.tw()	
2012/8/29 下午 05:17:38	傳送郵件到wilson@jbjob.com.tw()	
2012/8/29 下午 06:02:39	傳送郵件到Angel@jbjob.com.tw()	
2012/8/29 下午 07:17:40	傳送郵件到Tina@jbjob.com.tw()	
2012/8/29 下午 08:02:40	傳送郵件到Elva@jbjob.com.tw()	
2012/8/29 下午 09:47:41	傳送郵件到richard@jbjob.com.tw()	
2012/8/29 下午 10:02:42	傳送郵件到Angel@jbjob.com.tw()	
2012/8/29 下午 11:17:42	傳送郵件到Tina@jbjob.com.tw()	
