2011/9/7 上午 09:31:58	傳送郵件到Tiffany@jbjob.com.tw()	
2011/9/7 上午 11:23:34	傳送郵件到rita@jbjob.com.tw()	
2011/9/7 上午 11:32:00	傳送郵件到Tiffany@jbjob.com.tw()	
2011/9/7 上午 11:43:37	傳送郵件到Angel@jbjob.com.tw()	
2011/9/7 下午 12:03:39	傳送郵件到Paul@jbjob.com.tw()	
2011/9/7 下午 12:32:01	傳送郵件到Amy@jbjob.com.tw()	
2011/9/7 下午 12:43:42	傳送郵件到richard@jbjob.com.tw()	
2011/9/7 下午 01:52:02	傳送郵件到Angel@jbjob.com.tw()	
2011/9/7 下午 02:03:45	傳送郵件到Paul@jbjob.com.tw()	
2011/9/7 下午 02:32:03	傳送郵件到Amy@jbjob.com.tw()	
2011/9/7 下午 02:52:04	傳送郵件到richard@jbjob.com.tw()	
2011/9/7 下午 03:02:04	傳送郵件到jju@jbjob.com.tw()	
2011/9/7 下午 03:32:05	傳送郵件到Tiffany@jbjob.com.tw()	
2011/9/7 下午 03:52:06	傳送郵件到Tina@jbjob.com.tw()	
2011/9/7 下午 04:03:46	傳送郵件到Paul@jbjob.com.tw()	
2011/9/7 下午 04:12:12	傳送郵件到Angel@jbjob.com.tw()	
2011/9/7 下午 04:32:15	傳送郵件到Amy@jbjob.com.tw()	
2011/9/7 下午 05:32:16	傳送郵件到Tiffany@jbjob.com.tw()	
2011/9/7 下午 08:12:18	傳送郵件到wilson@jbjob.com.tw()	
2011/9/7 下午 10:12:19	傳送郵件到wilson@jbjob.com.tw()	
