2011/12/28 上午 08:36:30	傳送郵件到kelly@jbjob.com.tw()	
2011/12/28 上午 08:36:30	傳送郵件到richard@jbjob.com.tw()	
2011/12/28 上午 09:06:31	傳送郵件到clinton@jbjob.com.tw()	
2011/12/28 上午 10:36:32	傳送郵件到kelly@jbjob.com.tw()	
2011/12/28 上午 10:56:33	傳送郵件到richard@jbjob.com.tw()	
2011/12/28 上午 11:06:34	傳送郵件到clinton@jbjob.com.tw()	
2011/12/28 上午 11:56:36	傳送郵件到Angel@jbjob.com.tw()	
2011/12/28 下午 12:16:36	傳送郵件到Grace@jbjob.com.tw()	
2011/12/28 下午 12:36:37	傳送郵件到kelly@jbjob.com.tw()	
2011/12/28 下午 01:06:37	傳送郵件到clinton@jbjob.com.tw()	
2011/12/28 下午 01:16:38	傳送郵件到joan@jbjob.com.tw()	
2011/12/28 下午 01:36:39	傳送郵件到rita@jbjob.com.tw()	
2011/12/28 下午 01:36:39	傳送郵件到debbie@jbjob.com.tw()	
2011/12/28 下午 02:36:40	傳送郵件到Grace@jbjob.com.tw()	
2011/12/28 下午 03:16:42	傳送郵件到Tina@jbjob.com.tw()	
2011/12/28 下午 04:36:42	傳送郵件到Grace@jbjob.com.tw()	
2011/12/28 下午 05:06:33	傳送郵件到wilson@jbjob.com.tw()	
2011/12/28 下午 05:26:33	傳送郵件到Tina@jbjob.com.tw()	
2011/12/28 下午 05:26:34	傳送郵件到jju@jbjob.com.tw()	
2011/12/28 下午 05:46:34	傳送郵件到cjs@jbjob.com.tw()	
2011/12/28 下午 05:46:35	傳送郵件到Angel@jbjob.com.tw()	
2011/12/28 下午 06:36:35	傳送郵件到richard@jbjob.com.tw()	
2011/12/28 下午 06:46:36	傳送郵件到Grace@jbjob.com.tw()	
2011/12/28 下午 07:06:36	傳送郵件到debbie@jbjob.com.tw()	
2011/12/28 下午 07:26:37	傳送郵件到Tina@jbjob.com.tw()	
2011/12/28 下午 07:26:37	傳送郵件到jju@jbjob.com.tw()	
2011/12/28 下午 07:46:38	傳送郵件到Angel@jbjob.com.tw()	
2011/12/28 下午 08:16:39	傳送郵件到cjs@jbjob.com.tw()	
2011/12/28 下午 08:16:39	傳送郵件到kelly@jbjob.com.tw()	
2011/12/28 下午 08:36:40	傳送郵件到richard@jbjob.com.tw()	
2011/12/28 下午 09:06:41	傳送郵件到debbie@jbjob.com.tw()	
2011/12/28 下午 09:26:42	傳送郵件到jju@jbjob.com.tw()	
2011/12/28 下午 09:46:42	傳送郵件到Angel@jbjob.com.tw()	
2011/12/28 下午 10:16:43	傳送郵件到kelly@jbjob.com.tw()	
2011/12/28 下午 10:36:43	傳送郵件到richard@jbjob.com.tw()	
2011/12/28 下午 11:06:44	傳送郵件到debbie@jbjob.com.tw()	
