2011/7/11 上午 09:21:21	傳送郵件到clinton@jbjob.com.tw()	
2011/7/11 上午 09:21:22	傳送郵件到Amy@jbjob.com.tw()	
2011/7/11 上午 09:21:26	傳送郵件到Tiffany@jbjob.com.tw()	
2011/7/11 上午 09:21:27	傳送郵件到wilson@jbjob.com.tw()	
2011/7/11 上午 09:34:09	傳送郵件到clinton@jbjob.com.tw()	
2011/7/11 上午 09:34:15	傳送郵件到Amy@jbjob.com.tw()	
2011/7/11 上午 09:34:18	傳送郵件到Tiffany@jbjob.com.tw()	
2011/7/11 上午 09:34:19	傳送郵件到wilson@jbjob.com.tw()	
2011/7/11 上午 09:55:04	傳送郵件到Grace@jbjob.com.tw()	
2011/7/11 上午 09:55:07	傳送郵件到richard@jbjob.com.tw()	
2011/7/11 上午 11:35:10	傳送郵件到clinton@jbjob.com.tw()	
2011/7/11 上午 11:35:11	傳送郵件到Amy@jbjob.com.tw()	
2011/7/11 上午 11:35:12	傳送郵件到wilson@jbjob.com.tw()	
2011/7/11 上午 11:55:12	傳送郵件到Grace@jbjob.com.tw()	
2011/7/11 上午 11:55:13	傳送郵件到rita@jbjob.com.tw()	
2011/7/11 上午 11:55:13	傳送郵件到richard@jbjob.com.tw()	
2011/7/11 下午 01:25:15	傳送郵件到jju@jbjob.com.tw()	
2011/7/11 下午 01:35:15	傳送郵件到clinton@jbjob.com.tw()	
2011/7/11 下午 01:35:16	傳送郵件到Amy@jbjob.com.tw()	
2011/7/11 下午 01:35:16	傳送郵件到wilson@jbjob.com.tw()	
2011/7/11 下午 01:55:17	傳送郵件到Grace@jbjob.com.tw()	
2011/7/11 下午 02:05:17	傳送郵件到rita@jbjob.com.tw()	
2011/7/11 下午 02:25:18	傳送郵件到Alex@jbjob.com.tw()	
2011/7/11 下午 02:45:19	傳送郵件到Jimmy@jbjob.com.tw()	
2011/7/11 下午 03:25:20	傳送郵件到jju@jbjob.com.tw()	
2011/7/11 下午 04:45:44	傳送郵件到Jimmy@jbjob.com.tw()	
2011/7/11 下午 05:25:45	傳送郵件到rita@jbjob.com.tw()	
2011/7/11 下午 05:25:46	傳送郵件到jju@jbjob.com.tw()	
2011/7/11 下午 06:05:49	傳送郵件到Alex@jbjob.com.tw()	
2011/7/11 下午 06:25:49	傳送郵件到Tiffany@jbjob.com.tw()	
2011/7/11 下午 06:25:50	傳送郵件到daphne@jbjob.com.tw()	
2011/7/11 下午 06:45:50	傳送郵件到Jimmy@jbjob.com.tw()	
2011/7/11 下午 07:15:51	傳送郵件到Grace@jbjob.com.tw()	
