2012/3/30 上午 01:16:21	傳送郵件到richard@jbjob.com.tw()	
2012/3/30 上午 09:16:24	傳送郵件到kelly@jbjob.com.tw()	
2012/3/30 上午 10:56:25	傳送郵件到Angel@jbjob.com.tw()	
2012/3/30 上午 11:06:28	傳送郵件到jju@jbjob.com.tw()	
2012/3/30 下午 12:36:28	傳送郵件到wilson@jbjob.com.tw()	
2012/3/30 下午 01:06:29	傳送郵件到jju@jbjob.com.tw()	
2012/3/30 下午 01:16:32	傳送郵件到cjs@jbjob.com.tw()	
2012/3/30 下午 01:36:33	傳送郵件到kelly@jbjob.com.tw()	
2012/3/30 下午 01:36:33	傳送郵件到richard@jbjob.com.tw()	
2012/3/30 下午 01:56:38	傳送郵件到Grace@jbjob.com.tw()	
2012/3/30 下午 01:56:39	傳送郵件到Angel@jbjob.com.tw()	
2012/3/30 下午 02:36:42	傳送郵件到wilson@jbjob.com.tw()	
2012/3/30 下午 03:30:50	傳送郵件到jju@jbjob.com.tw()	
2012/3/30 下午 03:53:47	傳送郵件到richard@jbjob.com.tw()	
2012/3/30 下午 04:00:56	傳送郵件到Grace@jbjob.com.tw()	
2012/3/30 下午 04:20:57	傳送郵件到Angel@jbjob.com.tw()	
2012/3/30 下午 05:10:58	傳送郵件到cjs@jbjob.com.tw()	
2012/3/30 下午 05:50:58	傳送郵件到clinton@jbjob.com.tw()	
2012/3/30 下午 06:00:59	傳送郵件到Grace@jbjob.com.tw()	
2012/3/30 下午 06:23:48	傳送郵件到Angel@jbjob.com.tw()	
2012/3/30 下午 06:50:59	傳送郵件到wilson@jbjob.com.tw()	
2012/3/30 下午 07:51:00	傳送郵件到clinton@jbjob.com.tw()	
2012/3/30 下午 08:31:01	傳送郵件到richard@jbjob.com.tw()	
2012/3/30 下午 09:51:03	傳送郵件到clinton@jbjob.com.tw()	
2012/3/30 下午 10:31:03	傳送郵件到richard@jbjob.com.tw()	
