2010/11/25 上午 12:26:11	傳送郵件到Tiffany@jbjob.com.tw()	
2010/11/25 上午 02:26:14	傳送郵件到Tiffany@jbjob.com.tw()	
2010/11/25 上午 08:51:23	傳送郵件到Lee@jbjob.com.tw()	
2010/11/25 上午 08:56:24	傳送郵件到Leo@jbjob.com.tw()	
2010/11/25 上午 09:16:25	傳送郵件到Alex@jbjob.com.tw()	
2010/11/25 上午 10:36:27	傳送郵件到richard@jbjob.com.tw()	
2010/11/25 上午 10:56:28	傳送郵件到Leo@jbjob.com.tw()	
2010/11/25 上午 11:16:29	傳送郵件到Alex@jbjob.com.tw()	
2010/11/25 上午 11:16:29	傳送郵件到Lee@jbjob.com.tw()	
2010/11/25 下午 12:16:31	傳送郵件到clinton@jbjob.com.tw()	
2010/11/25 下午 01:16:33	傳送郵件到Alex@jbjob.com.tw()	
2010/11/25 下午 01:16:33	傳送郵件到Lee@jbjob.com.tw()	
2010/11/25 下午 01:56:35	傳送郵件到Jimmy@jbjob.com.tw()	
2010/11/25 下午 02:06:36	傳送郵件到Amy@jbjob.com.tw()	
2010/11/25 下午 02:16:37	傳送郵件到clinton@jbjob.com.tw()	
2010/11/25 下午 03:16:41	傳送郵件到Lee@jbjob.com.tw()	
2010/11/25 下午 03:56:43	傳送郵件到Jimmy@jbjob.com.tw()	
2010/11/25 下午 04:06:49	傳送郵件到Amy@jbjob.com.tw()	
2010/11/25 下午 04:16:50	傳送郵件到clinton@jbjob.com.tw()	
2010/11/25 下午 05:51:52	傳送郵件到wilson@jbjob.com.tw()	
2010/11/25 下午 05:56:53	傳送郵件到Jimmy@jbjob.com.tw()	
2010/11/25 下午 06:06:54	傳送郵件到Amy@jbjob.com.tw()	
