2011/11/16 上午 12:11:54	傳送郵件到Tina@jbjob.com.tw()	
2011/11/16 上午 02:11:55	傳送郵件到Tina@jbjob.com.tw()	
2011/11/16 上午 09:11:59	傳送郵件到richard@jbjob.com.tw()	
2011/11/16 上午 09:32:00	傳送郵件到Paul@jbjob.com.tw()	
2011/11/16 上午 10:22:01	傳送郵件到Tiffany@jbjob.com.tw()	
2011/11/16 上午 10:22:01	傳送郵件到jju@jbjob.com.tw()	
2011/11/16 上午 10:42:02	傳送郵件到cjs@jbjob.com.tw()	
2011/11/16 上午 11:12:02	傳送郵件到Jimmy@jbjob.com.tw()	
2011/11/16 上午 11:12:03	傳送郵件到Angel@jbjob.com.tw()	
2011/11/16 上午 11:32:04	傳送郵件到Paul@jbjob.com.tw()	
2011/11/16 下午 12:02:04	傳送郵件到richard@jbjob.com.tw()	
2011/11/16 下午 12:22:05	傳送郵件到Tiffany@jbjob.com.tw()	
2011/11/16 下午 12:22:05	傳送郵件到jju@jbjob.com.tw()	
2011/11/16 下午 01:12:06	傳送郵件到Angel@jbjob.com.tw()	
2011/11/16 下午 02:22:07	傳送郵件到Tiffany@jbjob.com.tw()	
2011/11/16 下午 02:22:10	傳送郵件到jju@jbjob.com.tw()	
2011/11/16 下午 03:12:11	傳送郵件到richard@jbjob.com.tw()	
2011/11/16 下午 03:52:11	傳送郵件到Angel@jbjob.com.tw()	
2011/11/16 下午 05:22:13	傳送郵件到cjs@jbjob.com.tw()	
2011/11/16 下午 07:02:14	傳送郵件到wilson@jbjob.com.tw()	
2011/11/16 下午 07:22:14	傳送郵件到cjs@jbjob.com.tw()	
2011/11/16 下午 09:02:15	傳送郵件到wilson@jbjob.com.tw()	
2011/11/16 下午 09:22:16	傳送郵件到cjs@jbjob.com.tw()	
2011/11/16 下午 11:02:18	傳送郵件到wilson@jbjob.com.tw()	
