2012/5/22 上午 01:14:18	傳送郵件到cjs@jbjob.com.tw()	
2012/5/22 上午 02:44:19	傳送郵件到Angel@jbjob.com.tw()	
2012/5/22 上午 05:14:20	傳送郵件到cjs@jbjob.com.tw()	
2012/5/22 上午 06:44:21	傳送郵件到Angel@jbjob.com.tw()	
2012/5/22 上午 08:14:21	傳送郵件到richard@jbjob.com.tw()	
2012/5/22 上午 08:44:22	傳送郵件到clinton@jbjob.com.tw()	
2012/5/22 上午 08:44:22	傳送郵件到kelly@jbjob.com.tw()	
2012/5/22 上午 09:14:23	傳送郵件到Paul@jbjob.com.tw()	
2012/5/22 上午 09:29:26	傳送郵件到Tina@jbjob.com.tw()	
2012/5/22 下午 12:29:27	傳送郵件到Tiffany@jbjob.com.tw()	
2012/5/22 下午 12:59:28	傳送郵件到Angel@jbjob.com.tw()	
2012/5/22 下午 01:14:29	傳送郵件到jju@jbjob.com.tw()	
2012/5/22 下午 01:29:34	傳送郵件到Tina@jbjob.com.tw()	
2012/5/22 下午 02:14:36	傳送郵件到clinton@jbjob.com.tw()	
2012/5/22 下午 04:01:54	傳送郵件到richard@jbjob.com.tw()	
2012/5/22 下午 04:29:37	傳送郵件到Tiffany@jbjob.com.tw()	
2012/5/22 下午 04:46:55	傳送郵件到cjs@jbjob.com.tw()	
2012/5/22 下午 06:44:38	傳送郵件到wilson@jbjob.com.tw()	
2012/5/22 下午 08:14:39	傳送郵件到richard@jbjob.com.tw()	
2012/5/22 下午 08:29:40	傳送郵件到Tiffany@jbjob.com.tw()	
2012/5/22 下午 10:44:41	傳送郵件到wilson@jbjob.com.tw()	
