2011/10/3 上午 01:29:20	傳送郵件到luz@jbjob.com.tw()	
2011/10/3 上午 01:29:20	傳送郵件到doris@jbjob.com.tw()	
2011/10/3 上午 08:29:23	傳送郵件到Tina@jbjob.com.tw()	
2011/10/3 上午 09:19:25	傳送郵件到richard@jbjob.com.tw()	
2011/10/3 上午 09:39:26	傳送郵件到Angel@jbjob.com.tw()	
2011/10/3 上午 10:19:27	傳送郵件到Amy@jbjob.com.tw()	
2011/10/3 上午 10:29:28	傳送郵件到Tina@jbjob.com.tw()	
2011/10/3 下午 12:19:29	傳送郵件到Amy@jbjob.com.tw()	
2011/10/3 下午 01:09:30	傳送郵件到Paul@jbjob.com.tw()	
2011/10/3 下午 01:59:31	傳送郵件到rita@jbjob.com.tw()	
2011/10/3 下午 02:09:32	傳送郵件到Angel@jbjob.com.tw()	
2011/10/3 下午 02:19:32	傳送郵件到Amy@jbjob.com.tw()	
2011/10/3 下午 02:19:32	傳送郵件到Tina@jbjob.com.tw()	
2011/10/3 下午 03:09:33	傳送郵件到Paul@jbjob.com.tw()	
2011/10/3 下午 03:49:34	傳送郵件到richard@jbjob.com.tw()	
2011/10/3 下午 04:09:34	傳送郵件到cjs@jbjob.com.tw()	
2011/10/3 下午 04:39:35	傳送郵件到Angel@jbjob.com.tw()	
2011/10/3 下午 05:49:36	傳送郵件到Tiffany@jbjob.com.tw()	
2011/10/3 下午 05:59:36	傳送郵件到wilson@jbjob.com.tw()	
2011/10/3 下午 06:39:37	傳送郵件到Angel@jbjob.com.tw()	
2011/10/3 下午 07:49:38	傳送郵件到Tiffany@jbjob.com.tw()	
2011/10/3 下午 07:59:39	傳送郵件到wilson@jbjob.com.tw()	
2011/10/3 下午 08:39:39	傳送郵件到Angel@jbjob.com.tw()	
2011/10/3 下午 09:49:40	傳送郵件到Tiffany@jbjob.com.tw()	
2011/10/3 下午 09:59:41	傳送郵件到wilson@jbjob.com.tw()	
