2011/3/3 上午 12:02:27	傳送郵件到Alex@jbjob.com.tw()	
2011/3/3 上午 08:17:31	傳送郵件到Tiffany@jbjob.com.tw()	
2011/3/3 上午 08:32:32	傳送郵件到rita@jbjob.com.tw()	
2011/3/3 上午 08:52:32	傳送郵件到clinton@jbjob.com.tw()	
2011/3/3 上午 10:17:34	傳送郵件到Tiffany@jbjob.com.tw()	
2011/3/3 上午 10:52:36	傳送郵件到clinton@jbjob.com.tw()	
2011/3/3 上午 11:32:36	傳送郵件到daphne@jbjob.com.tw()	
2011/3/3 上午 11:42:38	傳送郵件到Alex@jbjob.com.tw()	
2011/3/3 下午 12:17:39	傳送郵件到Tiffany@jbjob.com.tw()	
2011/3/3 下午 02:37:40	傳送郵件到Alex@jbjob.com.tw()	
2011/3/3 下午 04:37:41	傳送郵件到Alex@jbjob.com.tw()	
2011/3/3 下午 04:42:42	傳送郵件到Tina@jbjob.com.tw()	
2011/3/3 下午 04:42:43	傳送郵件到Tiffany@jbjob.com.tw()	
2011/3/3 下午 05:12:44	傳送郵件到richard@jbjob.com.tw()	
2011/3/3 下午 05:52:45	傳送郵件到cjs@jbjob.com.tw()	
2011/3/3 下午 05:57:45	傳送郵件到daphne@jbjob.com.tw()	
2011/3/3 下午 06:42:46	傳送郵件到Tina@jbjob.com.tw()	
2011/3/3 下午 06:42:47	傳送郵件到Tiffany@jbjob.com.tw()	
2011/3/3 下午 07:32:47	傳送郵件到Alex@jbjob.com.tw()	
2011/3/3 下午 07:52:48	傳送郵件到cjs@jbjob.com.tw()	
2011/3/3 下午 07:57:48	傳送郵件到daphne@jbjob.com.tw()	
2011/3/3 下午 08:42:49	傳送郵件到Tina@jbjob.com.tw()	
2011/3/3 下午 09:32:50	傳送郵件到Alex@jbjob.com.tw()	
2011/3/3 下午 09:57:51	傳送郵件到daphne@jbjob.com.tw()	
2011/3/3 下午 11:32:51	傳送郵件到Alex@jbjob.com.tw()	
