2010/11/1 上午 08:34:26	傳送郵件到cjs@jbjob.com.tw()	
2010/11/1 上午 09:19:28	傳送郵件到Lee@jbjob.com.tw()	
2010/11/1 上午 09:24:32	傳送郵件到daphne@jbjob.com.tw()	
2010/11/1 上午 09:59:34	傳送郵件到Amy@jbjob.com.tw()	
2010/11/1 上午 10:24:35	傳送郵件到Tiffany@jbjob.com.tw()	
2010/11/1 上午 10:29:33	傳送郵件到Grace@jbjob.com.tw()	
2010/11/1 上午 10:29:33	傳送郵件到clinton@jbjob.com.tw()	
2010/11/1 上午 10:29:34	傳送郵件到Paul@jbjob.com.tw()	
2010/11/1 上午 10:29:34	傳送郵件到Tina@jbjob.com.tw()	
2010/11/1 上午 10:29:35	傳送郵件到cjs@jbjob.com.tw()	
2010/11/1 上午 10:29:36	傳送郵件到Amy@jbjob.com.tw()	
2010/11/1 上午 10:29:36	傳送郵件到Lee@jbjob.com.tw()	
2010/11/1 上午 10:29:36	傳送郵件到Lilian@jbjob.com.tw()	
2010/11/1 上午 10:29:37	傳送郵件到Tiffany@jbjob.com.tw()	
2010/11/1 上午 10:29:37	傳送郵件到daphne@jbjob.com.tw()	
2010/11/1 上午 10:29:38	傳送郵件到jju@jbjob.com.tw()	
2010/11/1 上午 10:29:38	傳送郵件到richard@jbjob.com.tw()	
2010/11/1 上午 10:29:39	傳送郵件到Erwinuy@jbjob.com.tw()	
2010/11/1 上午 10:29:39	傳送郵件到Candy@jbjob.com.tw()	
2010/11/1 下午 12:29:41	傳送郵件到Grace@jbjob.com.tw()	
2010/11/1 下午 12:29:42	傳送郵件到clinton@jbjob.com.tw()	
2010/11/1 下午 12:29:43	傳送郵件到Paul@jbjob.com.tw()	
2010/11/1 下午 12:29:43	傳送郵件到Tina@jbjob.com.tw()	
2010/11/1 下午 12:29:44	傳送郵件到cjs@jbjob.com.tw()	
2010/11/1 下午 12:29:45	傳送郵件到Amy@jbjob.com.tw()	
2010/11/1 下午 12:29:45	傳送郵件到Lilian@jbjob.com.tw()	
2010/11/1 下午 12:29:46	傳送郵件到Tiffany@jbjob.com.tw()	
2010/11/1 下午 12:29:47	傳送郵件到jju@jbjob.com.tw()	
2010/11/1 下午 12:29:47	傳送郵件到richard@jbjob.com.tw()	
2010/11/1 下午 12:29:48	傳送郵件到Erwinuy@jbjob.com.tw()	
2010/11/1 下午 12:29:48	傳送郵件到Candy@jbjob.com.tw()	
2010/11/1 下午 01:19:50	傳送郵件到Lee@jbjob.com.tw()	
2010/11/1 下午 02:29:52	傳送郵件到Grace@jbjob.com.tw()	
2010/11/1 下午 02:29:53	傳送郵件到clinton@jbjob.com.tw()	
2010/11/1 下午 02:29:53	傳送郵件到Paul@jbjob.com.tw()	
2010/11/1 下午 02:29:54	傳送郵件到Tina@jbjob.com.tw()	
2010/11/1 下午 02:29:55	傳送郵件到cjs@jbjob.com.tw()	
2010/11/1 下午 02:29:56	傳送郵件到Lilian@jbjob.com.tw()	
2010/11/1 下午 02:29:57	傳送郵件到Tiffany@jbjob.com.tw()	
2010/11/1 下午 02:29:58	傳送郵件到jju@jbjob.com.tw()	
2010/11/1 下午 02:29:58	傳送郵件到Erwinuy@jbjob.com.tw()	
2010/11/1 下午 02:29:59	傳送郵件到Candy@jbjob.com.tw()	
2010/11/1 下午 03:40:04	傳送郵件到richard@jbjob.com.tw()	
2010/11/1 下午 04:25:05	傳送郵件到rita@jbjob.com.tw()	
2010/11/1 下午 05:40:07	傳送郵件到richard@jbjob.com.tw()	
2010/11/1 下午 06:25:08	傳送郵件到rita@jbjob.com.tw()	
2010/11/1 下午 07:40:10	傳送郵件到richard@jbjob.com.tw()	
2010/11/1 下午 07:45:10	傳送郵件到Tina@jbjob.com.tw()	
2010/11/1 下午 08:25:11	傳送郵件到rita@jbjob.com.tw()	
2010/11/1 下午 09:45:13	傳送郵件到Tina@jbjob.com.tw()	
2010/11/1 下午 11:45:15	傳送郵件到Tina@jbjob.com.tw()	
