2012/4/12 上午 01:56:00	傳送郵件到Angel@jbjob.com.tw()	
2012/4/12 上午 08:36:04	傳送郵件到clinton@jbjob.com.tw()	
2012/4/12 上午 08:46:05	傳送郵件到richard@jbjob.com.tw()	
2012/4/12 上午 09:06:11	傳送郵件到cjs@jbjob.com.tw()	
2012/4/12 上午 10:56:13	傳送郵件到Angel@jbjob.com.tw()	
2012/4/12 下午 12:16:14	傳送郵件到clinton@jbjob.com.tw()	
2012/4/12 下午 12:16:14	傳送郵件到Peony@jbjob.com.tw()	
2012/4/12 下午 12:36:15	傳送郵件到kelly@jbjob.com.tw()	
2012/4/12 下午 02:16:16	傳送郵件到clinton@jbjob.com.tw()	
2012/4/12 下午 02:16:16	傳送郵件到Peony@jbjob.com.tw()	
2012/4/12 下午 02:36:17	傳送郵件到richard@jbjob.com.tw()	
2012/4/12 下午 03:06:18	傳送郵件到Angel@jbjob.com.tw()	
2012/4/12 下午 03:46:19	傳送郵件到Grace@jbjob.com.tw()	
2012/4/12 下午 03:46:19	傳送郵件到jju@jbjob.com.tw()	
2012/4/12 下午 03:56:19	傳送郵件到Jessica@jbjob.com.tw()	
2012/4/12 下午 04:16:20	傳送郵件到clinton@jbjob.com.tw()	
2012/4/12 下午 04:16:21	傳送郵件到Peony@jbjob.com.tw()	
2012/4/12 下午 04:56:21	傳送郵件到Tiffany@jbjob.com.tw()	
2012/4/12 下午 05:06:22	傳送郵件到Angel@jbjob.com.tw()	
2012/4/12 下午 05:46:23	傳送郵件到Grace@jbjob.com.tw()	
2012/4/12 下午 05:46:23	傳送郵件到jju@jbjob.com.tw()	
2012/4/12 下午 05:56:24	傳送郵件到cjs@jbjob.com.tw()	
2012/4/12 下午 06:56:25	傳送郵件到Tiffany@jbjob.com.tw()	
2012/4/12 下午 07:06:25	傳送郵件到Angel@jbjob.com.tw()	
2012/4/12 下午 07:46:26	傳送郵件到Grace@jbjob.com.tw()	
2012/4/12 下午 07:46:27	傳送郵件到jju@jbjob.com.tw()	
2012/4/12 下午 09:36:28	傳送郵件到Tiffany@jbjob.com.tw()	
2012/4/12 下午 11:36:29	傳送郵件到Tiffany@jbjob.com.tw()	
2012/4/12 下午 11:36:30	傳送郵件到richard@jbjob.com.tw()	
