2012/9/5 上午 02:55:01	傳送郵件到Lilian@jbjob.com.tw()	
2012/9/5 上午 02:55:01	傳送郵件到richard@jbjob.com.tw()	
2012/9/5 上午 03:25:01	傳送郵件到Angel@jbjob.com.tw()	
2012/9/5 上午 07:25:03	傳送郵件到Angel@jbjob.com.tw()	
2012/9/5 上午 10:55:04	傳送郵件到kelly@jbjob.com.tw()	
2012/9/5 下午 01:55:05	傳送郵件到Angel@jbjob.com.tw()	
2012/9/5 下午 02:10:06	傳送郵件到clinton@jbjob.com.tw()	
2012/9/5 下午 02:25:06	傳送郵件到rita@jbjob.com.tw()	
2012/9/5 下午 02:40:10	傳送郵件到cjs@jbjob.com.tw()	
2012/9/5 下午 04:55:11	傳送郵件到Tina@jbjob.com.tw()	
2012/9/5 下午 05:55:12	傳送郵件到Angel@jbjob.com.tw()	
2012/9/5 下午 06:10:15	傳送郵件到clinton@jbjob.com.tw()	
2012/9/5 下午 07:10:16	傳送郵件到Paul@jbjob.com.tw()	
2012/9/5 下午 07:10:17	傳送郵件到cjs@jbjob.com.tw()	
2012/9/5 下午 07:10:17	傳送郵件到richard@jbjob.com.tw()	
2012/9/5 下午 07:25:18	傳送郵件到Tiffany@jbjob.com.tw()	
2012/9/5 下午 10:10:19	傳送郵件到clinton@jbjob.com.tw()	
2012/9/5 下午 11:10:20	傳送郵件到Paul@jbjob.com.tw()	
2012/9/5 下午 11:10:20	傳送郵件到richard@jbjob.com.tw()	
2012/9/5 下午 11:25:21	傳送郵件到Tiffany@jbjob.com.tw()	
