2011/12/13 上午 08:20:29	傳送郵件到clinton@jbjob.com.tw()	
2011/12/13 上午 09:20:30	傳送郵件到cjs@jbjob.com.tw()	
2011/12/13 上午 09:40:30	傳送郵件到Tina@jbjob.com.tw()	
2011/12/13 上午 10:00:31	傳送郵件到jju@jbjob.com.tw()	
2011/12/13 上午 10:10:31	傳送郵件到debbie@jbjob.com.tw()	
2011/12/13 上午 10:10:32	傳送郵件到Angel@jbjob.com.tw()	
2011/12/13 上午 11:20:33	傳送郵件到cjs@jbjob.com.tw()	
2011/12/13 上午 11:40:34	傳送郵件到Tina@jbjob.com.tw()	
2011/12/13 下午 12:00:35	傳送郵件到jju@jbjob.com.tw()	
2011/12/13 下午 12:10:35	傳送郵件到clinton@jbjob.com.tw()	
2011/12/13 下午 12:10:35	傳送郵件到debbie@jbjob.com.tw()	
2011/12/13 下午 12:10:36	傳送郵件到Angel@jbjob.com.tw()	
2011/12/13 下午 01:20:36	傳送郵件到richard@jbjob.com.tw()	
2011/12/13 下午 02:00:38	傳送郵件到jju@jbjob.com.tw()	
2011/12/13 下午 02:10:38	傳送郵件到clinton@jbjob.com.tw()	
2011/12/13 下午 02:10:39	傳送郵件到debbie@jbjob.com.tw()	
2011/12/13 下午 03:10:39	傳送郵件到Angel@jbjob.com.tw()	
2011/12/13 下午 03:40:40	傳送郵件到Jimmy@jbjob.com.tw()	
2011/12/13 下午 04:10:41	傳送郵件到clinton@jbjob.com.tw()	
2011/12/13 下午 05:10:41	傳送郵件到Angel@jbjob.com.tw()	
2011/12/13 下午 05:10:42	傳送郵件到richard@jbjob.com.tw()	
2011/12/13 下午 05:50:42	傳送郵件到Grace@jbjob.com.tw()	
2011/12/13 下午 05:50:43	傳送郵件到Tina@jbjob.com.tw()	
2011/12/13 下午 05:50:43	傳送郵件到wilson@jbjob.com.tw()	
2011/12/13 下午 07:10:44	傳送郵件到Angel@jbjob.com.tw()	
2011/12/13 下午 07:50:45	傳送郵件到wilson@jbjob.com.tw()	
2011/12/13 下午 09:30:46	傳送郵件到richard@jbjob.com.tw()	
2011/12/13 下午 09:50:47	傳送郵件到wilson@jbjob.com.tw()	
2011/12/13 下午 11:30:48	傳送郵件到richard@jbjob.com.tw()	
