2012/4/18 上午 07:44:56	傳送郵件到richard@jbjob.com.tw()	
2012/4/18 上午 09:19:31	傳送郵件到clinton@jbjob.com.tw()	
2012/4/18 上午 09:35:34	傳送郵件到clinton@jbjob.com.tw()	
2012/4/18 上午 09:35:36	傳送郵件到Tiffany@jbjob.com.tw()	
2012/4/18 上午 09:35:36	傳送郵件到Angel@jbjob.com.tw()	
2012/4/18 上午 09:35:37	傳送郵件到wilson@jbjob.com.tw()	
2012/4/18 上午 09:35:37	傳送郵件到maryann@jbjob.com.tw()	
2012/4/18 上午 09:35:51	傳送郵件到Akai@jbjob.com.tw()	
2012/4/18 上午 09:45:38	傳送郵件到jju@jbjob.com.tw()	
2012/4/18 上午 11:35:40	傳送郵件到Tina@jbjob.com.tw()	
2012/4/18 上午 11:35:41	傳送郵件到Tiffany@jbjob.com.tw()	
2012/4/18 上午 11:35:41	傳送郵件到maryann@jbjob.com.tw()	
2012/4/18 上午 11:45:42	傳送郵件到jju@jbjob.com.tw()	
2012/4/18 下午 12:55:42	傳送郵件到Angel@jbjob.com.tw()	
2012/4/18 下午 01:25:43	傳送郵件到cjs@jbjob.com.tw()	
2012/4/18 下午 01:25:44	傳送郵件到wilson@jbjob.com.tw()	
2012/4/18 下午 01:35:44	傳送郵件到Tina@jbjob.com.tw()	
2012/4/18 下午 01:35:45	傳送郵件到Tiffany@jbjob.com.tw()	
2012/4/18 下午 01:35:45	傳送郵件到maryann@jbjob.com.tw()	
2012/4/18 下午 01:45:46	傳送郵件到jju@jbjob.com.tw()	
2012/4/18 下午 01:55:46	傳送郵件到kelly@jbjob.com.tw()	
2012/4/18 下午 03:15:48	傳送郵件到Angel@jbjob.com.tw()	
2012/4/18 下午 03:25:49	傳送郵件到richard@jbjob.com.tw()	
2012/4/18 下午 03:35:49	傳送郵件到Tina@jbjob.com.tw()	
2012/4/18 下午 05:05:52	傳送郵件到kelly@jbjob.com.tw()	
2012/4/18 下午 05:45:53	傳送郵件到richard@jbjob.com.tw()	
2012/4/18 下午 05:55:53	傳送郵件到Angel@jbjob.com.tw()	
2012/4/18 下午 07:15:54	傳送郵件到kelly@jbjob.com.tw()	
2012/4/18 下午 07:45:55	傳送郵件到richard@jbjob.com.tw()	
2012/4/18 下午 07:55:56	傳送郵件到Tiffany@jbjob.com.tw()	
2012/4/18 下午 07:55:56	傳送郵件到Angel@jbjob.com.tw()	
2012/4/18 下午 09:15:57	傳送郵件到kelly@jbjob.com.tw()	
2012/4/18 下午 09:45:58	傳送郵件到richard@jbjob.com.tw()	
2012/4/18 下午 09:55:58	傳送郵件到Tiffany@jbjob.com.tw()	
2012/4/18 下午 09:55:58	傳送郵件到Angel@jbjob.com.tw()	
2012/4/18 下午 11:15:59	傳送郵件到Tina@jbjob.com.tw()	
2012/4/18 下午 11:16:00	傳送郵件到kelly@jbjob.com.tw()	
2012/4/18 下午 11:56:00	傳送郵件到Tiffany@jbjob.com.tw()	
