2011/11/4 上午 12:53:39	傳送郵件到rita@jbjob.com.tw()	
2011/11/4 上午 01:13:41	傳送郵件到Angel@jbjob.com.tw()	
2011/11/4 上午 02:53:42	傳送郵件到rita@jbjob.com.tw()	
2011/11/4 上午 03:13:43	傳送郵件到Angel@jbjob.com.tw()	
2011/11/4 上午 04:53:44	傳送郵件到rita@jbjob.com.tw()	
2011/11/4 上午 08:43:48	傳送郵件到richard@jbjob.com.tw()	
2011/11/4 上午 09:33:48	傳送郵件到Tina@jbjob.com.tw()	
2011/11/4 上午 10:03:49	傳送郵件到Paul@jbjob.com.tw()	
2011/11/4 上午 10:33:50	傳送郵件到cjs@jbjob.com.tw()	
2011/11/4 上午 10:53:50	傳送郵件到Angel@jbjob.com.tw()	
2011/11/4 上午 11:33:51	傳送郵件到jju@jbjob.com.tw()	
2011/11/4 下午 12:03:52	傳送郵件到richard@jbjob.com.tw()	
2011/11/4 下午 01:03:53	傳送郵件到Angel@jbjob.com.tw()	
2011/11/4 下午 01:33:53	傳送郵件到Tina@jbjob.com.tw()	
2011/11/4 下午 01:33:54	傳送郵件到jju@jbjob.com.tw()	
2011/11/4 下午 03:03:55	傳送郵件到Angel@jbjob.com.tw()	
2011/11/4 下午 03:03:55	傳送郵件到wilson@jbjob.com.tw()	
2011/11/4 下午 03:13:56	傳送郵件到cjs@jbjob.com.tw()	
2011/11/4 下午 03:33:58	傳送郵件到Tina@jbjob.com.tw()	
2011/11/4 下午 03:33:58	傳送郵件到jju@jbjob.com.tw()	
2011/11/4 下午 04:23:59	傳送郵件到richard@jbjob.com.tw()	
2011/11/4 下午 05:04:00	傳送郵件到wilson@jbjob.com.tw()	
2011/11/4 下午 05:34:00	傳送郵件到Tina@jbjob.com.tw()	
2011/11/4 下午 05:34:01	傳送郵件到Angel@jbjob.com.tw()	
2011/11/4 下午 05:44:02	傳送郵件到cjs@jbjob.com.tw()	
2011/11/4 下午 07:04:03	傳送郵件到wilson@jbjob.com.tw()	
2011/11/4 下午 08:24:04	傳送郵件到Grace@jbjob.com.tw()	
2011/11/4 下午 08:54:05	傳送郵件到Angel@jbjob.com.tw()	
2011/11/4 下午 09:14:05	傳送郵件到Tina@jbjob.com.tw()	
2011/11/4 下午 10:24:07	傳送郵件到Grace@jbjob.com.tw()	
2011/11/4 下午 10:54:08	傳送郵件到Angel@jbjob.com.tw()	
2011/11/4 下午 11:14:08	傳送郵件到Tina@jbjob.com.tw()	
