2011/12/27 上午 12:46:05	傳送郵件到Paul@jbjob.com.tw()	
2011/12/27 上午 01:46:06	傳送郵件到Tina@jbjob.com.tw()	
2011/12/27 上午 03:46:07	傳送郵件到Tina@jbjob.com.tw()	
2011/12/27 上午 05:46:09	傳送郵件到Tina@jbjob.com.tw()	
2011/12/27 上午 10:16:11	傳送郵件到Paul@jbjob.com.tw()	
2011/12/27 上午 10:16:11	傳送郵件到Tina@jbjob.com.tw()	
2011/12/27 上午 10:36:12	傳送郵件到clinton@jbjob.com.tw()	
2011/12/27 上午 11:36:15	傳送郵件到debbie@jbjob.com.tw()	
2011/12/27 下午 12:16:15	傳送郵件到Paul@jbjob.com.tw()	
2011/12/27 下午 12:16:16	傳送郵件到Tina@jbjob.com.tw()	
2011/12/27 下午 12:36:16	傳送郵件到clinton@jbjob.com.tw()	
2011/12/27 下午 01:36:17	傳送郵件到rita@jbjob.com.tw()	
2011/12/27 下午 02:16:18	傳送郵件到Paul@jbjob.com.tw()	
2011/12/27 下午 02:16:19	傳送郵件到Tina@jbjob.com.tw()	
2011/12/27 下午 02:36:19	傳送郵件到clinton@jbjob.com.tw()	
2011/12/27 下午 02:56:20	傳送郵件到jju@jbjob.com.tw()	
2011/12/27 下午 03:26:20	傳送郵件到Grace@jbjob.com.tw()	
2011/12/27 下午 03:36:21	傳送郵件到rita@jbjob.com.tw()	
2011/12/27 下午 04:16:21	傳送郵件到Angel@jbjob.com.tw()	
2011/12/27 下午 04:56:22	傳送郵件到jju@jbjob.com.tw()	
2011/12/27 下午 06:16:23	傳送郵件到Angel@jbjob.com.tw()	
2011/12/27 下午 06:56:24	傳送郵件到jju@jbjob.com.tw()	
2011/12/27 下午 07:06:24	傳送郵件到clinton@jbjob.com.tw()	
2011/12/27 下午 08:16:25	傳送郵件到Angel@jbjob.com.tw()	
2011/12/27 下午 09:06:26	傳送郵件到clinton@jbjob.com.tw()	
