2012/6/1 上午 01:31:28	傳送郵件到richard@jbjob.com.tw()	
2012/6/1 上午 02:01:28	傳送郵件到Angel@jbjob.com.tw()	
2012/6/1 上午 02:31:29	傳送郵件到Tina@jbjob.com.tw()	
2012/6/1 上午 03:31:30	傳送郵件到clinton@jbjob.com.tw()	
2012/6/1 上午 03:31:30	傳送郵件到Tiffany@jbjob.com.tw()	
2012/6/1 上午 05:31:32	傳送郵件到richard@jbjob.com.tw()	
2012/6/1 上午 06:01:33	傳送郵件到Angel@jbjob.com.tw()	
2012/6/1 上午 06:31:34	傳送郵件到Tina@jbjob.com.tw()	
2012/6/1 上午 09:16:36	傳送郵件到kelly@jbjob.com.tw()	
2012/6/1 上午 10:31:36	傳送郵件到Paul@jbjob.com.tw()	
2012/6/1 下午 12:01:37	傳送郵件到richard@jbjob.com.tw()	
2012/6/1 下午 12:31:38	傳送郵件到clinton@jbjob.com.tw()	
2012/6/1 下午 01:16:39	傳送郵件到Grace@jbjob.com.tw()	
2012/6/1 下午 01:16:39	傳送郵件到Angel@jbjob.com.tw()	
2012/6/1 下午 01:31:40	傳送郵件到Tina@jbjob.com.tw()	
2012/6/1 下午 02:01:42	傳送郵件到kelly@jbjob.com.tw()	
2012/6/1 下午 02:31:43	傳送郵件到Paul@jbjob.com.tw()	
2012/6/1 下午 04:31:44	傳送郵件到clinton@jbjob.com.tw()	
2012/6/1 下午 05:01:45	傳送郵件到jju@jbjob.com.tw()	
2012/6/1 下午 06:16:46	傳送郵件到Tina@jbjob.com.tw()	
2012/6/1 下午 06:31:47	傳送郵件到Paul@jbjob.com.tw()	
2012/6/1 下午 09:01:48	傳送郵件到jju@jbjob.com.tw()	
