2010/9/16 上午 09:01:49	傳送郵件到Tina@jbjob.com.tw()	
2010/9/16 上午 09:01:50	傳送郵件到Amy@jbjob.com.tw()	
2010/9/16 上午 09:01:51	傳送郵件到Tiffany@jbjob.com.tw()	
2010/9/16 上午 09:01:51	傳送郵件到wilson@jbjob.com.tw()	
2010/9/16 上午 10:55:07	傳送郵件到shingolin@gmail.com()	
2010/9/16 上午 11:04:22	傳送郵件到cjs@jbjob.com.tw()	
2010/9/16 上午 11:04:22	傳送郵件到Amy@jbjob.com.tw()	
2010/9/16 上午 11:04:23	傳送郵件到Tiffany@jbjob.com.tw()	
2010/9/16 上午 11:04:26	傳送郵件到wilson@jbjob.com.tw()	
2010/9/16 上午 11:14:29	傳送郵件到Grace@jbjob.com.tw()	
2010/9/16 上午 11:44:46	傳送郵件到Tina@jbjob.com.tw()	
2010/9/16 下午 01:04:50	傳送郵件到cjs@jbjob.com.tw()	
2010/9/16 下午 01:04:50	傳送郵件到Amy@jbjob.com.tw()	
2010/9/16 下午 01:04:51	傳送郵件到Lee@jbjob.com.tw()	
2010/9/16 下午 01:14:51	傳送郵件到Grace@jbjob.com.tw()	
2010/9/16 下午 01:44:53	傳送郵件到Tina@jbjob.com.tw()	
2010/9/16 下午 02:49:54	傳送郵件到Paul@jbjob.com.tw()	
2010/9/16 下午 03:19:55	傳送郵件到rita@jbjob.com.tw()	
2010/9/16 下午 03:19:56	傳送郵件到richard@jbjob.com.tw()	
2010/9/16 下午 03:44:57	傳送郵件到Tina@jbjob.com.tw()	
2010/9/16 下午 04:49:58	傳送郵件到Paul@jbjob.com.tw()	
2010/9/16 下午 05:19:59	傳送郵件到rita@jbjob.com.tw()	
2010/9/16 下午 05:20:00	傳送郵件到richard@jbjob.com.tw()	
2010/9/16 下午 05:25:00	傳送郵件到rurujion@jbjob.com.tw()	
2010/9/16 下午 05:40:02	傳送郵件到Lee@jbjob.com.tw()	
2010/9/16 下午 06:50:03	傳送郵件到Paul@jbjob.com.tw()	
2010/9/16 下午 07:20:04	傳送郵件到rita@jbjob.com.tw()	
2010/9/16 下午 07:20:05	傳送郵件到richard@jbjob.com.tw()	
2010/9/16 下午 07:20:05	傳送郵件到richard@jbjob.com.tw()	
2010/9/16 下午 07:40:06	傳送郵件到Lee@jbjob.com.tw()	
2010/9/16 下午 08:30:09	傳送郵件到jju@jbjob.com.tw()	
2010/9/16 下午 09:40:11	傳送郵件到Lee@jbjob.com.tw()	
2010/9/16 下午 10:30:12	傳送郵件到jju@jbjob.com.tw()	
