2011/6/10 上午 12:56:23	傳送郵件到Alex@jbjob.com.tw()	
2011/6/10 上午 02:56:24	傳送郵件到Alex@jbjob.com.tw()	
2011/6/10 上午 08:46:26	傳送郵件到clinton@jbjob.com.tw()	
2011/6/10 上午 09:06:26	傳送郵件到Tiffany@jbjob.com.tw()	
2011/6/10 上午 09:16:26	傳送郵件到Amy@jbjob.com.tw()	
2011/6/10 上午 09:26:27	傳送郵件到jju@jbjob.com.tw()	
2011/6/10 上午 10:16:27	傳送郵件到daphne@jbjob.com.tw()	
2011/6/10 上午 10:46:28	傳送郵件到clinton@jbjob.com.tw()	
2011/6/10 上午 11:16:29	傳送郵件到Amy@jbjob.com.tw()	
2011/6/10 上午 11:26:29	傳送郵件到jju@jbjob.com.tw()	
2011/6/10 下午 12:16:31	傳送郵件到daphne@jbjob.com.tw()	
2011/6/10 下午 12:28:52	傳送郵件到Tiffany@jbjob.com.tw()	
2011/6/10 下午 01:16:32	傳送郵件到Amy@jbjob.com.tw()	
2011/6/10 下午 01:26:32	傳送郵件到jju@jbjob.com.tw()	
2011/6/10 下午 01:56:33	傳送郵件到Tina@jbjob.com.tw()	
2011/6/10 下午 02:08:53	傳送郵件到Paul@jbjob.com.tw()	
2011/6/10 下午 02:56:34	傳送郵件到Alex@jbjob.com.tw()	
2011/6/10 下午 04:08:54	傳送郵件到Paul@jbjob.com.tw()	
2011/6/10 下午 06:06:36	傳送郵件到Tina@jbjob.com.tw()	
2011/6/10 下午 06:08:55	傳送郵件到Paul@jbjob.com.tw()	
2011/6/10 下午 07:08:55	傳送郵件到Tiffany@jbjob.com.tw()	
2011/6/10 下午 07:46:36	傳送郵件到wilson@jbjob.com.tw()	
2011/6/10 下午 08:06:37	傳送郵件到Tina@jbjob.com.tw()	
2011/6/10 下午 09:08:59	傳送郵件到Tiffany@jbjob.com.tw()	
2011/6/10 下午 09:46:38	傳送郵件到wilson@jbjob.com.tw()	
2011/6/10 下午 11:09:00	傳送郵件到Tiffany@jbjob.com.tw()	
2011/6/10 下午 11:46:40	傳送郵件到wilson@jbjob.com.tw()	
