2013/3/27 上午 12:00:00	對應不到加班部門代碼10202628;;	
2013/3/27 上午 12:00:00	對應不到班別代碼10202628;O;	
2013/3/27 上午 12:00:00	對應不到加班原因代碼10202628;09;	
2013/3/27 上午 12:00:00	對應不到加班部門代碼10202628;;	
2013/3/27 上午 12:00:00	對應不到加班原因代碼10202628;09;	
2013/3/27 上午 12:00:00	對應不到加班部門代碼10202628;;	
2013/3/27 上午 12:00:00	對應不到加班原因代碼10202628;09;	
2013/3/27 上午 12:00:00	對應不到加班部門代碼10202628;;	
2013/3/27 上午 12:00:00	對應不到班別代碼10202628;O;	
2013/3/27 上午 12:00:00	對應不到加班原因代碼10202628;09;	
2013/3/27 上午 12:00:00	對應不到加班部門代碼10202628;;	
2013/3/27 上午 12:00:00	對應不到加班原因代碼10202628;09;	
2013/3/27 上午 12:00:00	對應不到加班部門代碼10202628;;	
2013/3/27 上午 12:00:00	對應不到班別代碼10202628;O;	
2013/3/27 上午 12:00:00	對應不到加班原因代碼10202628;09;	
2013/3/27 上午 12:00:00	對應不到加班部門代碼10202628;;	
2013/3/27 上午 12:00:00	對應不到班別代碼10202630;H;	
2013/3/27 上午 12:00:00	對應不到加班原因代碼10202630;09;	
2013/3/27 上午 12:00:00	對應不到加班部門代碼10202630;;	
2013/3/27 上午 12:00:00	對應不到班別代碼10202630;H;	
2013/3/27 上午 12:00:00	對應不到加班原因代碼10202630;09;	
2013/3/27 上午 12:00:00	對應不到加班部門代碼10202630;;	
2013/3/27 上午 12:00:00	對應不到加班原因代碼10202630;09;	
2013/3/27 上午 12:00:00	對應不到加班部門代碼10202630;;	
2013/3/27 上午 12:00:00	對應不到班別代碼10202630;O;	
2013/3/27 上午 12:00:00	對應不到加班原因代碼10202630;09;	
2013/3/27 上午 12:00:00	對應不到加班部門代碼10202630;;	
2013/3/27 上午 12:00:00	對應不到班別代碼10202630;O;	
2013/3/27 上午 12:00:00	對應不到加班原因代碼10202630;09;	
2013/3/27 上午 12:00:01	對應不到加班部門代碼10202630;;	
2013/3/27 上午 12:00:01	對應不到加班原因代碼10202630;09;	
2013/3/27 上午 12:00:01	對應不到加班部門代碼10202630;;	
2013/3/27 上午 12:00:01	對應不到班別代碼10202630;O;	
2013/3/27 上午 12:00:01	對應不到加班原因代碼10202630;09;	
2013/3/27 上午 12:00:01	對應不到加班部門代碼10202630;;	
2013/3/27 上午 12:00:01	對應不到班別代碼10202630;O;	
2013/3/27 上午 12:00:01	對應不到加班原因代碼10202630;09;	
2013/3/27 上午 12:00:01	對應不到加班部門代碼10202630;;	
2013/3/27 上午 12:00:01	對應不到加班原因代碼10202631;09;	
2013/3/27 上午 12:00:01	對應不到加班部門代碼10202631;;	
2013/3/27 上午 12:00:01	對應不到班別代碼10202631;H;	
2013/3/27 上午 12:00:01	對應不到加班原因代碼10202631;09;	
2013/3/27 上午 12:00:01	對應不到加班部門代碼10202631;;	
2013/3/27 上午 12:00:01	對應不到班別代碼10202631;H;	
2013/3/27 上午 12:00:01	對應不到加班原因代碼10202631;09;	
2013/3/27 上午 12:00:01	對應不到加班部門代碼10202631;;	
2013/3/27 上午 12:00:01	對應不到班別代碼10202631;O;	
2013/3/27 上午 12:00:01	對應不到加班原因代碼10202631;09;	
2013/3/27 上午 12:00:01	對應不到加班部門代碼10202631;;	
2013/3/27 上午 12:00:01	對應不到加班原因代碼10202631;09;	
2013/3/27 上午 12:00:01	對應不到加班部門代碼10202631;;	
2013/3/27 上午 12:00:01	對應不到班別代碼10202631;O;	
2013/3/27 上午 12:00:01	對應不到加班原因代碼10202631;09;	
2013/3/27 上午 12:00:01	對應不到加班部門代碼10202631;;	
2013/3/27 上午 12:00:01	對應不到班別代碼10202637;H;	
2013/3/27 上午 12:00:01	對應不到加班原因代碼10202637;09;	
2013/3/27 上午 12:00:01	對應不到加班部門代碼10202637;;	
2013/3/27 上午 12:00:01	對應不到班別代碼10202637;O;	
2013/3/27 上午 12:00:01	對應不到加班原因代碼10202637;09;	
2013/3/27 上午 12:00:01	對應不到加班部門代碼10202637;;	
2013/3/27 上午 12:00:01	對應不到班別代碼10202637;O;	
2013/3/27 上午 12:00:02	對應不到加班原因代碼10202637;09;	
2013/3/27 上午 12:00:02	對應不到加班部門代碼10202637;;	
2013/3/27 上午 12:00:02	對應不到班別代碼10202637;O;	
2013/3/27 上午 12:00:02	對應不到加班原因代碼10202637;09;	
2013/3/27 上午 12:00:02	對應不到加班部門代碼10202637;;	
2013/3/27 上午 12:00:02	對應不到加班原因代碼10202639;09;	
2013/3/27 上午 12:00:02	對應不到加班部門代碼10202639;;	
2013/3/27 上午 12:00:02	對應不到加班原因代碼10202639;09;	
2013/3/27 上午 12:00:02	對應不到加班部門代碼10202639;;	
2013/3/27 上午 12:00:02	對應不到班別代碼10202642;O;	
2013/3/27 上午 12:00:02	對應不到加班原因代碼10202642;09;	
2013/3/27 上午 12:00:02	對應不到加班部門代碼10202642;;	
2013/3/27 上午 12:00:02	對應不到班別代碼10202650;H;	
2013/3/27 上午 12:00:02	對應不到加班原因代碼10202650;09;	
2013/3/27 上午 12:00:02	對應不到加班部門代碼10202650;;	
2013/3/27 上午 12:00:02	對應不到班別代碼10202650;O;	
2013/3/27 上午 12:00:02	對應不到加班原因代碼10202650;09;	
2013/3/27 上午 12:00:02	對應不到加班部門代碼10202650;;	
2013/3/27 上午 12:00:02	對應不到班別代碼10202650;O;	
2013/3/27 上午 12:00:02	對應不到加班原因代碼10202650;09;	
2013/3/27 上午 12:00:02	對應不到加班部門代碼10202650;;	
2013/3/27 上午 12:00:02	對應不到班別代碼10202650;O;	
2013/3/27 上午 12:00:02	對應不到加班原因代碼10202650;09;	
2013/3/27 上午 12:00:02	對應不到加班部門代碼10202650;;	
2013/3/27 上午 12:00:02	對應不到班別代碼10202655;H;	
2013/3/27 上午 12:00:02	對應不到加班原因代碼10202655;09;	
2013/3/27 上午 12:00:02	對應不到加班部門代碼10202655;;	
2013/3/27 上午 12:00:02	對應不到班別代碼10202655;O;	
2013/3/27 上午 12:00:02	對應不到加班原因代碼10202655;09;	
2013/3/27 上午 12:00:02	對應不到加班部門代碼10202655;;	
2013/3/27 上午 12:00:02	對應不到班別代碼10202655;O;	
2013/3/27 上午 12:00:03	對應不到加班原因代碼10202655;09;	
2013/3/27 上午 12:00:03	對應不到加班部門代碼10202655;;	
2013/3/27 上午 12:00:03	對應不到班別代碼10202662;H;	
2013/3/27 上午 12:00:03	對應不到加班原因代碼10202662;09;	
2013/3/27 上午 12:00:03	對應不到加班部門代碼10202662;;	
2013/3/27 上午 12:00:03	對應不到班別代碼10202662;O;	
2013/3/27 上午 12:00:03	對應不到加班原因代碼10202662;09;	
2013/3/27 上午 12:00:03	對應不到加班部門代碼10202662;;	
2013/3/27 上午 12:00:03	對應不到加班原因代碼10202663;09;	
2013/3/27 上午 12:00:03	對應不到加班部門代碼10202663;;	
2013/3/27 上午 12:00:03	對應不到班別代碼10202663;H;	
2013/3/27 上午 12:00:03	對應不到加班原因代碼10202663;09;	
2013/3/27 上午 12:00:03	對應不到加班部門代碼10202663;;	
2013/3/27 上午 12:00:03	對應不到加班原因代碼10202663;09;	
2013/3/27 上午 12:00:03	對應不到加班部門代碼10202663;;	
2013/3/27 上午 12:00:03	對應不到班別代碼10202663;O;	
2013/3/27 上午 12:00:03	對應不到加班原因代碼10202663;09;	
2013/3/27 上午 12:00:03	對應不到加班部門代碼10202663;;	
2013/3/27 上午 12:00:03	對應不到班別代碼10202663;O;	
2013/3/27 上午 12:00:03	對應不到加班原因代碼10202663;09;	
2013/3/27 上午 12:00:03	對應不到加班部門代碼10202663;;	
2013/3/27 上午 12:00:03	對應不到班別代碼10202663;O;	
2013/3/27 上午 12:00:03	對應不到加班原因代碼10202663;09;	
2013/3/27 上午 12:00:03	對應不到加班部門代碼10202663;;	
2013/3/27 上午 12:00:03	對應不到班別代碼10202664;H;	
2013/3/27 上午 12:00:03	對應不到加班原因代碼10202664;09;	
2013/3/27 上午 12:00:03	對應不到加班部門代碼10202664;;	
2013/3/27 上午 12:00:03	對應不到加班原因代碼10202664;09;	
2013/3/27 上午 12:00:03	對應不到加班部門代碼10202664;;	
2013/3/27 上午 12:00:03	對應不到加班原因代碼10202664;09;	
2013/3/27 上午 12:00:03	對應不到加班部門代碼10202664;;	
2013/3/27 上午 12:00:03	對應不到加班原因代碼10202664;09;	
2013/3/27 上午 12:00:04	對應不到加班部門代碼10202664;;	
2013/3/27 上午 12:00:04	對應不到加班原因代碼10202664;09;	
2013/3/27 上午 12:00:04	對應不到加班部門代碼10202664;;	
2013/3/27 上午 12:00:04	對應不到班別代碼10202664;O;	
2013/3/27 上午 12:00:04	對應不到加班原因代碼10202664;09;	
2013/3/27 上午 12:00:04	對應不到加班部門代碼10202664;;	
2013/3/27 上午 12:00:04	對應不到班別代碼10202664;O;	
2013/3/27 上午 12:00:04	對應不到加班原因代碼10202664;09;	
2013/3/27 上午 12:00:04	對應不到加班部門代碼10202664;;	
2013/3/27 上午 12:00:04	對應不到班別代碼10202664;O;	
2013/3/27 上午 12:00:04	對應不到加班原因代碼10202664;09;	
2013/3/27 上午 12:00:04	對應不到加班部門代碼10202664;;	
2013/3/27 上午 12:00:04	對應不到班別代碼10202665;H;	
2013/3/27 上午 12:00:04	對應不到加班原因代碼10202665;09;	
2013/3/27 上午 12:00:04	對應不到加班部門代碼10202665;;	
2013/3/27 上午 12:00:04	對應不到加班原因代碼10202665;09;	
2013/3/27 上午 12:00:04	對應不到加班部門代碼10202665;;	
2013/3/27 上午 12:00:04	對應不到加班原因代碼10202665;09;	
2013/3/27 上午 12:00:04	對應不到加班部門代碼10202665;;	
2013/3/27 上午 12:00:04	對應不到加班原因代碼10202665;09;	
2013/3/27 上午 12:00:04	對應不到加班部門代碼10202665;;	
2013/3/27 上午 12:00:04	對應不到班別代碼10202665;O;	
2013/3/27 上午 12:00:04	對應不到加班原因代碼10202665;09;	
2013/3/27 上午 12:00:04	對應不到加班部門代碼10202665;;	
2013/3/27 上午 12:00:04	對應不到班別代碼10202665;O;	
2013/3/27 上午 12:00:04	對應不到加班原因代碼10202665;09;	
2013/3/27 上午 12:00:04	對應不到加班部門代碼10202665;;	
2013/3/27 上午 12:00:04	對應不到班別代碼10202665;O;	
2013/3/27 上午 12:00:04	對應不到加班原因代碼10202665;09;	
2013/3/27 上午 12:00:04	對應不到加班部門代碼10202665;;	
2013/3/27 上午 12:00:04	對應不到班別代碼10202668;H;	
2013/3/27 上午 12:00:04	對應不到加班原因代碼10202668;09;	
2013/3/27 上午 12:00:04	對應不到加班部門代碼10202668;;	
2013/3/27 上午 12:00:05	對應不到班別代碼10202668;O;	
2013/3/27 上午 12:00:05	對應不到加班原因代碼10202668;09;	
2013/3/27 上午 12:00:05	對應不到加班部門代碼10202668;;	
2013/3/27 上午 12:00:05	對應不到班別代碼10202668;O;	
2013/3/27 上午 12:00:05	對應不到加班原因代碼10202668;09;	
2013/3/27 上午 12:00:05	對應不到加班部門代碼10202668;;	
2013/3/27 上午 12:00:05	對應不到班別代碼10202668;O;	
2013/3/27 上午 12:00:05	對應不到加班原因代碼10202668;09;	
2013/3/27 上午 12:00:05	對應不到加班部門代碼10202668;;	
2013/3/27 上午 12:00:05	對應不到班別代碼10202670;H;	
2013/3/27 上午 12:00:05	對應不到加班原因代碼10202670;09;	
2013/3/27 上午 12:00:05	對應不到加班部門代碼10202670;;	
2013/3/27 上午 12:00:05	對應不到班別代碼10202670;O;	
2013/3/27 上午 12:00:05	對應不到加班原因代碼10202670;09;	
2013/3/27 上午 12:00:05	對應不到加班部門代碼10202670;;	
2013/3/27 上午 12:00:05	對應不到班別代碼10202670;O;	
2013/3/27 上午 12:00:05	對應不到加班原因代碼10202670;09;	
2013/3/27 上午 12:00:05	對應不到加班部門代碼10202670;;	
2013/3/27 上午 12:00:05	對應不到班別代碼10202670;O;	
2013/3/27 上午 12:00:05	對應不到加班原因代碼10202670;09;	
2013/3/27 上午 12:00:05	對應不到加班部門代碼10202670;;	
2013/3/27 上午 12:00:05	對應不到加班原因代碼10202672;09;	
2013/3/27 上午 12:00:05	對應不到加班部門代碼10202672;;	
2013/3/27 上午 12:00:05	對應不到加班原因代碼10202672;09;	
2013/3/27 上午 12:00:05	對應不到加班部門代碼10202672;;	
2013/3/27 上午 12:00:05	對應不到加班原因代碼10202672;09;	
2013/3/27 上午 12:00:05	對應不到加班部門代碼10202672;;	
2013/3/27 上午 12:00:05	對應不到加班原因代碼10202672;09;	
2013/3/27 上午 12:00:05	對應不到加班部門代碼10202672;;	
2013/3/27 上午 12:00:05	對應不到班別代碼10202672;O;	
2013/3/27 上午 12:00:05	對應不到加班原因代碼10202672;09;	
2013/3/27 上午 12:00:05	對應不到加班部門代碼10202672;;	
2013/3/27 上午 12:00:06	對應不到班別代碼10202674;O;	
2013/3/27 上午 12:00:06	對應不到加班原因代碼10202674;09;	
2013/3/27 上午 12:00:06	對應不到加班部門代碼10202674;;	
2013/3/27 上午 12:00:06	對應不到加班原因代碼10202675;09;	
2013/3/27 上午 12:00:06	對應不到加班部門代碼10202675;;	
2013/3/27 上午 12:00:06	對應不到班別代碼10202675;H;	
2013/3/27 上午 12:00:06	對應不到加班原因代碼10202675;09;	
2013/3/27 上午 12:00:06	對應不到加班部門代碼10202675;;	
2013/3/27 上午 12:00:06	對應不到班別代碼10202675;H;	
2013/3/27 上午 12:00:06	對應不到加班原因代碼10202675;09;	
2013/3/27 上午 12:00:06	對應不到加班部門代碼10202675;;	
2013/3/27 上午 12:00:06	對應不到加班原因代碼10202675;09;	
2013/3/27 上午 12:00:06	對應不到加班部門代碼10202675;;	
2013/3/27 上午 12:00:06	對應不到加班原因代碼10202675;09;	
2013/3/27 上午 12:00:06	對應不到加班部門代碼10202675;;	
2013/3/27 上午 12:00:06	對應不到加班原因代碼10202675;09;	
2013/3/27 上午 12:00:06	對應不到加班部門代碼10202675;;	
2013/3/27 上午 12:00:06	對應不到班別代碼10202675;O;	
2013/3/27 上午 12:00:06	對應不到加班原因代碼10202675;09;	
2013/3/27 上午 12:00:06	對應不到加班部門代碼10202675;;	
2013/3/27 上午 12:00:06	對應不到班別代碼10202675;O;	
2013/3/27 上午 12:00:06	對應不到加班原因代碼10202675;09;	
2013/3/27 上午 12:00:06	對應不到加班部門代碼10202675;;	
2013/3/27 上午 12:00:06	對應不到班別代碼10202679;O;	
2013/3/27 上午 12:00:06	對應不到加班原因代碼10202679;09;	
2013/3/27 上午 12:00:06	對應不到加班部門代碼10202679;;	
2013/3/27 上午 12:00:06	對應不到加班原因代碼10202679;09;	
2013/3/27 上午 12:00:06	對應不到加班部門代碼10202679;;	
2013/3/27 上午 12:00:06	對應不到班別代碼10202679;O;	
2013/3/27 上午 12:00:06	對應不到加班原因代碼10202679;09;	
2013/3/27 上午 12:00:06	對應不到加班部門代碼10202679;;	
2013/3/27 上午 12:00:06	對應不到班別代碼10202679;O;	
2013/3/27 上午 12:00:06	對應不到加班原因代碼10202679;09;	
2013/3/27 上午 12:00:07	對應不到加班部門代碼10202679;;	
2013/3/27 上午 12:00:07	對應不到加班原因代碼10202682;09;	
2013/3/27 上午 12:00:07	對應不到加班部門代碼10202682;;	
2013/3/27 上午 12:00:07	對應不到加班原因代碼10202682;09;	
2013/3/27 上午 12:00:07	對應不到加班部門代碼10202682;;	
2013/3/27 上午 12:00:07	對應不到班別代碼10202682;H;	
2013/3/27 上午 12:00:07	對應不到加班原因代碼10202682;09;	
2013/3/27 上午 12:00:07	對應不到加班部門代碼10202682;;	
2013/3/27 上午 12:00:07	對應不到班別代碼10202682;O;	
2013/3/27 上午 12:00:07	對應不到加班原因代碼10202682;09;	
2013/3/27 上午 12:00:07	對應不到加班部門代碼10202682;;	
2013/3/27 上午 12:00:07	對應不到班別代碼10202682;O;	
2013/3/27 上午 12:00:07	對應不到加班原因代碼10202682;09;	
2013/3/27 上午 12:00:07	對應不到加班部門代碼10202682;;	
2013/3/27 上午 12:00:07	對應不到班別代碼10202683;O;	
2013/3/27 上午 12:00:07	對應不到加班原因代碼10202683;09;	
2013/3/27 上午 12:00:07	對應不到加班部門代碼10202683;;	
2013/3/27 上午 12:00:07	對應不到班別代碼10202683;O;	
2013/3/27 上午 12:00:07	對應不到加班原因代碼10202683;09;	
2013/3/27 上午 12:00:07	對應不到加班部門代碼10202683;;	
2013/3/27 上午 12:00:07	對應不到班別代碼10202690;H;	
2013/3/27 上午 12:00:07	對應不到加班原因代碼10202690;09;	
2013/3/27 上午 12:00:07	對應不到加班部門代碼10202690;;	
2013/3/27 上午 12:00:07	對應不到班別代碼10202690;O;	
2013/3/27 上午 12:00:07	對應不到加班原因代碼10202690;09;	
2013/3/27 上午 12:00:07	對應不到加班部門代碼10202690;;	
2013/3/27 上午 12:00:07	對應不到班別代碼10202690;O;	
2013/3/27 上午 12:00:07	對應不到加班原因代碼10202690;09;	
2013/3/27 上午 12:00:07	對應不到加班部門代碼10202690;;	
2013/3/27 上午 12:00:07	對應不到班別代碼10202690;O;	
2013/3/27 上午 12:00:07	對應不到加班原因代碼10202690;09;	
2013/3/27 上午 12:00:07	對應不到加班部門代碼10202690;;	
2013/3/27 上午 12:00:07	對應不到班別代碼10202690;O;	
2013/3/27 上午 12:00:08	對應不到加班原因代碼10202690;09;	
2013/3/27 上午 12:00:08	對應不到加班部門代碼10202690;;	
2013/3/27 上午 12:00:08	對應不到班別代碼10202691;H;	
2013/3/27 上午 12:00:08	對應不到加班原因代碼10202691;09;	
2013/3/27 上午 12:00:08	對應不到加班部門代碼10202691;;	
2013/3/27 上午 12:00:08	對應不到班別代碼10202691;O;	
2013/3/27 上午 12:00:08	對應不到加班原因代碼10202691;09;	
2013/3/27 上午 12:00:08	對應不到加班部門代碼10202691;;	
2013/3/27 上午 12:00:08	對應不到班別代碼10202691;O;	
2013/3/27 上午 12:00:08	對應不到加班原因代碼10202691;09;	
2013/3/27 上午 12:00:08	對應不到加班部門代碼10202691;;	
2013/3/27 上午 12:00:08	對應不到班別代碼10202691;O;	
2013/3/27 上午 12:00:08	對應不到加班原因代碼10202691;09;	
2013/3/27 上午 12:00:08	對應不到加班部門代碼10202691;;	
2013/3/27 上午 12:00:08	對應不到班別代碼10202692;H;	
2013/3/27 上午 12:00:08	對應不到加班原因代碼10202692;09;	
2013/3/27 上午 12:00:08	對應不到加班部門代碼10202692;;	
2013/3/27 上午 12:00:08	對應不到班別代碼10202692;O;	
2013/3/27 上午 12:00:08	對應不到加班原因代碼10202692;09;	
2013/3/27 上午 12:00:08	對應不到加班部門代碼10202692;;	
2013/3/27 上午 12:00:08	對應不到班別代碼10202692;O;	
2013/3/27 上午 12:00:08	對應不到加班原因代碼10202692;09;	
2013/3/27 上午 12:00:08	對應不到加班部門代碼10202692;;	
2013/3/27 上午 12:00:08	對應不到班別代碼10202693;O;	
2013/3/27 上午 12:00:08	對應不到加班原因代碼10202693;09;	
2013/3/27 上午 12:00:08	對應不到加班部門代碼10202693;;	
2013/3/27 上午 12:00:08	對應不到加班原因代碼10202693;09;	
2013/3/27 上午 12:00:08	對應不到加班部門代碼10202693;;	
2013/3/27 上午 12:00:08	對應不到班別代碼10202693;O;	
2013/3/27 上午 12:00:08	對應不到加班原因代碼10202693;09;	
2013/3/27 上午 12:00:08	對應不到加班部門代碼10202693;;	
2013/3/27 上午 12:00:08	對應不到班別代碼10202693;O;	
2013/3/27 上午 12:00:08	對應不到加班原因代碼10202693;09;	
2013/3/27 上午 12:00:09	對應不到加班部門代碼10202693;;	
2013/3/27 上午 12:00:09	對應不到加班原因代碼10202696;09;	
2013/3/27 上午 12:00:09	對應不到加班部門代碼10202696;;	
2013/3/27 上午 12:00:09	對應不到班別代碼10202696;O;	
2013/3/27 上午 12:00:09	對應不到加班原因代碼10202696;09;	
2013/3/27 上午 12:00:09	對應不到加班部門代碼10202696;;	
2013/3/27 上午 12:00:09	對應不到班別代碼10202700;H;	
2013/3/27 上午 12:00:09	對應不到加班原因代碼10202700;09;	
2013/3/27 上午 12:00:09	對應不到加班部門代碼10202700;;	
2013/3/27 上午 12:00:09	對應不到班別代碼10202700;O;	
2013/3/27 上午 12:00:09	對應不到加班原因代碼10202700;09;	
2013/3/27 上午 12:00:09	對應不到加班部門代碼10202700;;	
2013/3/27 上午 12:00:09	對應不到班別代碼10202700;O;	
2013/3/27 上午 12:00:09	對應不到加班原因代碼10202700;09;	
2013/3/27 上午 12:00:09	對應不到加班部門代碼10202700;;	
2013/3/27 上午 12:00:09	對應不到班別代碼10202700;O;	
2013/3/27 上午 12:00:09	對應不到加班原因代碼10202700;09;	
2013/3/27 上午 12:00:09	對應不到加班部門代碼10202700;;	
2013/3/27 上午 12:00:09	對應不到加班原因代碼10202712;09;	
2013/3/27 上午 12:00:09	對應不到加班部門代碼10202712;;	
2013/3/27 上午 12:00:09	對應不到班別代碼10202712;H;	
2013/3/27 上午 12:00:09	對應不到加班原因代碼10202712;09;	
2013/3/27 上午 12:00:09	對應不到加班部門代碼10202712;;	
2013/3/27 上午 12:00:09	對應不到加班原因代碼10202712;09;	
2013/3/27 上午 12:00:09	對應不到加班部門代碼10202712;;	
2013/3/27 上午 12:00:09	對應不到加班原因代碼10202712;09;	
2013/3/27 上午 12:00:09	對應不到加班部門代碼10202712;;	
2013/3/27 上午 12:00:09	對應不到加班原因代碼10202712;09;	
2013/3/27 上午 12:00:09	對應不到加班部門代碼10202712;;	
2013/3/27 上午 12:00:09	對應不到加班原因代碼10202712;09;	
2013/3/27 上午 12:00:09	對應不到加班部門代碼10202712;;	
2013/3/27 上午 12:00:09	對應不到加班原因代碼10202712;09;	
2013/3/27 上午 12:00:10	對應不到加班部門代碼10202712;;	
2013/3/27 上午 12:00:10	對應不到班別代碼10202716;H;	
2013/3/27 上午 12:00:10	對應不到加班原因代碼10202716;09;	
2013/3/27 上午 12:00:10	對應不到加班部門代碼10202716;;	
2013/3/27 上午 12:00:10	對應不到班別代碼10202716;O;	
2013/3/27 上午 12:00:10	對應不到加班原因代碼10202716;09;	
2013/3/27 上午 12:00:10	對應不到加班部門代碼10202716;;	
2013/3/27 上午 12:00:10	對應不到班別代碼10202716;O;	
2013/3/27 上午 12:00:10	對應不到加班原因代碼10202716;09;	
2013/3/27 上午 12:00:10	對應不到加班部門代碼10202716;;	
2013/3/27 上午 12:00:10	對應不到班別代碼10202717;H;	
2013/3/27 上午 12:00:10	對應不到加班原因代碼10202717;09;	
2013/3/27 上午 12:00:10	對應不到加班部門代碼10202717;;	
2013/3/27 上午 12:00:10	對應不到班別代碼10202717;O;	
2013/3/27 上午 12:00:10	對應不到加班原因代碼10202717;09;	
2013/3/27 上午 12:00:10	對應不到加班部門代碼10202717;;	
2013/3/27 上午 12:00:10	對應不到班別代碼10202717;O;	
2013/3/27 上午 12:00:10	對應不到加班原因代碼10202717;09;	
2013/3/27 上午 12:00:10	對應不到加班部門代碼10202717;;	
2013/3/27 上午 12:00:10	對應不到班別代碼10202717;O;	
2013/3/27 上午 12:00:10	對應不到加班原因代碼10202717;09;	
2013/3/27 上午 12:00:10	對應不到加班部門代碼10202717;;	
2013/3/27 上午 12:00:10	對應不到班別代碼10202720;H;	
2013/3/27 上午 12:00:10	對應不到加班原因代碼10202720;09;	
2013/3/27 上午 12:00:10	對應不到加班部門代碼10202720;;	
2013/3/27 上午 12:00:10	對應不到班別代碼10202720;O;	
2013/3/27 上午 12:00:10	對應不到加班原因代碼10202720;09;	
2013/3/27 上午 12:00:10	對應不到加班部門代碼10202720;;	
2013/3/27 上午 12:00:11	對應不到班別代碼10202720;O;	
2013/3/27 上午 12:00:11	對應不到加班原因代碼10202720;09;	
2013/3/27 上午 12:00:11	對應不到加班部門代碼10202720;;	
2013/3/27 上午 12:00:11	對應不到班別代碼10202720;O;	
2013/3/27 上午 12:00:11	對應不到加班原因代碼10202720;09;	
2013/3/27 上午 12:00:11	對應不到加班部門代碼10202720;;	
2013/3/27 上午 12:00:11	對應不到班別代碼10202724;H;	
2013/3/27 上午 12:00:11	對應不到加班原因代碼10202724;09;	
2013/3/27 上午 12:00:11	對應不到加班部門代碼10202724;;	
2013/3/27 上午 12:00:11	對應不到加班原因代碼10202725;09;	
2013/3/27 上午 12:00:11	對應不到加班部門代碼10202725;;	
2013/3/27 上午 12:00:11	對應不到班別代碼10202725;O;	
2013/3/27 上午 12:00:11	對應不到加班原因代碼10202725;09;	
2013/3/27 上午 12:00:11	對應不到加班部門代碼10202725;;	
2013/3/27 上午 12:00:11	對應不到加班原因代碼10202726;09;	
2013/3/27 上午 12:00:11	對應不到加班部門代碼10202726;;	
2013/3/27 上午 12:00:11	對應不到班別代碼10202726;O;	
2013/3/27 上午 12:00:11	對應不到加班原因代碼10202726;09;	
2013/3/27 上午 12:00:11	對應不到加班部門代碼10202726;;	
2013/3/27 上午 12:00:11	對應不到加班原因代碼10202726;09;	
2013/3/27 上午 12:00:11	對應不到加班部門代碼10202726;;	
2013/3/27 上午 12:00:11	對應不到班別代碼10202726;O;	
2013/3/27 上午 12:00:11	對應不到加班原因代碼10202726;09;	
2013/3/27 上午 12:00:11	對應不到加班部門代碼10202726;;	
2013/3/27 上午 12:00:11	對應不到加班原因代碼10202726;09;	
2013/3/27 上午 12:00:11	對應不到加班部門代碼10202726;;	
2013/3/27 上午 12:00:11	對應不到加班原因代碼10202729;09;	
2013/3/27 上午 12:00:11	對應不到加班部門代碼10202729;;	
2013/3/27 上午 12:00:11	對應不到加班原因代碼10202729;09;	
2013/3/27 上午 12:00:11	對應不到加班部門代碼10202729;;	
2013/3/27 上午 12:00:11	對應不到加班原因代碼10202729;09;	
2013/3/27 上午 12:00:12	對應不到加班部門代碼10202729;;	
2013/3/27 上午 12:00:12	對應不到班別代碼10202733;O;	
2013/3/27 上午 12:00:12	對應不到加班原因代碼10202733;09;	
2013/3/27 上午 12:00:12	對應不到加班部門代碼10202733;;	
2013/3/27 上午 12:00:12	對應不到班別代碼10202733;H;	
2013/3/27 上午 12:00:12	對應不到加班原因代碼10202733;09;	
2013/3/27 上午 12:00:12	對應不到加班部門代碼10202733;;	
2013/3/27 上午 12:00:12	對應不到班別代碼10202733;O;	
2013/3/27 上午 12:00:12	對應不到加班原因代碼10202733;09;	
2013/3/27 上午 12:00:12	對應不到加班部門代碼10202733;;	
2013/3/27 上午 12:00:12	對應不到班別代碼10202733;O;	
2013/3/27 上午 12:00:12	對應不到加班原因代碼10202733;09;	
2013/3/27 上午 12:00:12	對應不到加班部門代碼10202733;;	
2013/3/27 上午 12:00:12	對應不到班別代碼10202733;O;	
2013/3/27 上午 12:00:12	對應不到加班原因代碼10202733;09;	
2013/3/27 上午 12:00:12	對應不到加班部門代碼10202733;;	
2013/3/27 上午 12:00:12	對應不到班別代碼10202733;O;	
2013/3/27 上午 12:00:12	對應不到加班原因代碼10202733;09;	
2013/3/27 上午 12:00:12	對應不到加班部門代碼10202733;;	
2013/3/27 上午 12:00:12	對應不到班別代碼10202733;O;	
2013/3/27 上午 12:00:12	對應不到加班原因代碼10202733;09;	
2013/3/27 上午 12:00:12	對應不到加班部門代碼10202733;;	
2013/3/27 上午 12:00:12	對應不到班別代碼10202733;O;	
2013/3/27 上午 12:00:12	對應不到加班原因代碼10202733;09;	
2013/3/27 上午 12:00:12	對應不到加班部門代碼10202733;;	
2013/3/27 上午 12:00:12	對應不到班別代碼10202735;O;	
2013/3/27 上午 12:00:12	對應不到加班原因代碼10202735;09;	
2013/3/27 上午 12:00:12	對應不到加班部門代碼10202735;;	
2013/3/27 上午 12:00:12	對應不到班別代碼10202735;O;	
2013/3/27 上午 12:00:12	對應不到加班原因代碼10202735;09;	
2013/3/27 上午 12:00:13	對應不到加班部門代碼10202735;;	
2013/3/27 上午 12:00:13	對應不到班別代碼10202737;O;	
2013/3/27 上午 12:00:13	對應不到加班原因代碼10202737;09;	
2013/3/27 上午 12:00:13	對應不到加班部門代碼10202737;;	
2013/3/27 上午 12:00:13	對應不到班別代碼10202738;O;	
2013/3/27 上午 12:00:13	對應不到加班原因代碼10202738;09;	
2013/3/27 上午 12:00:13	對應不到加班部門代碼10202738;;	
2013/3/27 上午 12:00:13	對應不到班別代碼10202738;H;	
2013/3/27 上午 12:00:13	對應不到加班原因代碼10202738;09;	
2013/3/27 上午 12:00:13	對應不到加班部門代碼10202738;;	
2013/3/27 上午 12:00:13	對應不到班別代碼10202738;O;	
2013/3/27 上午 12:00:13	對應不到加班原因代碼10202738;09;	
2013/3/27 上午 12:00:13	對應不到加班部門代碼10202738;;	
2013/3/27 上午 12:00:13	對應不到班別代碼10202738;O;	
2013/3/27 上午 12:00:13	對應不到加班原因代碼10202738;09;	
2013/3/27 上午 12:00:13	對應不到加班部門代碼10202738;;	
2013/3/27 上午 12:00:13	對應不到班別代碼10202738;O;	
2013/3/27 上午 12:00:13	對應不到加班原因代碼10202738;09;	
2013/3/27 上午 12:00:13	對應不到加班部門代碼10202738;;	
2013/3/27 上午 12:00:13	對應不到班別代碼10202738;O;	
2013/3/27 上午 12:00:13	對應不到加班原因代碼10202738;09;	
2013/3/27 上午 12:00:13	對應不到加班部門代碼10202738;;	
2013/3/27 上午 12:00:13	對應不到班別代碼10202738;O;	
2013/3/27 上午 12:00:13	對應不到加班原因代碼10202738;09;	
2013/3/27 上午 12:00:13	對應不到加班部門代碼10202738;;	
2013/3/27 上午 12:00:13	對應不到班別代碼10202738;O;	
2013/3/27 上午 12:00:13	對應不到加班原因代碼10202738;09;	
2013/3/27 上午 12:00:13	對應不到加班部門代碼10202738;;	
2013/3/27 上午 12:00:13	對應不到班別代碼10202738;O;	
2013/3/27 上午 12:00:13	對應不到加班原因代碼10202738;09;	
2013/3/27 上午 12:00:14	對應不到加班部門代碼10202738;;	
2013/3/27 上午 12:00:14	對應不到加班原因代碼10202739;09;	
2013/3/27 上午 12:00:14	對應不到加班部門代碼10202739;;	
2013/3/27 上午 12:00:14	對應不到加班原因代碼10202739;09;	
2013/3/27 上午 12:00:14	對應不到加班部門代碼10202739;;	
2013/3/27 上午 12:00:14	對應不到班別代碼10202739;O;	
2013/3/27 上午 12:00:14	對應不到加班原因代碼10202739;09;	
2013/3/27 上午 12:00:14	對應不到加班部門代碼10202739;;	
2013/3/27 上午 12:00:14	對應不到加班原因代碼10202739;09;	
2013/3/27 上午 12:00:14	對應不到加班部門代碼10202739;;	
2013/3/27 上午 12:00:14	對應不到加班原因代碼10202739;09;	
2013/3/27 上午 12:00:14	對應不到加班部門代碼10202739;;	
2013/3/27 上午 12:00:14	對應不到加班原因代碼10202739;09;	
2013/3/27 上午 12:00:14	對應不到加班部門代碼10202739;;	
2013/3/27 上午 12:00:14	對應不到加班原因代碼10202742;09;	
2013/3/27 上午 12:00:14	對應不到加班部門代碼10202742;;	
2013/3/27 上午 12:00:14	對應不到加班原因代碼10202742;09;	
2013/3/27 上午 12:00:14	對應不到加班部門代碼10202742;;	
2013/3/27 上午 12:00:14	對應不到班別代碼10202742;H;	
2013/3/27 上午 12:00:14	對應不到加班原因代碼10202742;09;	
2013/3/27 上午 12:00:14	對應不到加班部門代碼10202742;;	
2013/3/27 上午 12:00:14	對應不到班別代碼10202742;O;	
2013/3/27 上午 12:00:14	對應不到加班原因代碼10202742;09;	
2013/3/27 上午 12:00:14	對應不到加班部門代碼10202742;;	
2013/3/27 上午 12:00:14	對應不到加班原因代碼10202742;09;	
2013/3/27 上午 12:00:14	對應不到加班部門代碼10202742;;	
2013/3/27 上午 12:00:14	對應不到加班原因代碼10202742;09;	
2013/3/27 上午 12:00:14	對應不到加班部門代碼10202742;;	
2013/3/27 上午 12:00:14	對應不到班別代碼10202742;O;	
2013/3/27 上午 12:00:14	對應不到加班原因代碼10202742;09;	
2013/3/27 上午 12:00:15	對應不到加班部門代碼10202742;;	
2013/3/27 上午 12:00:15	對應不到班別代碼10202743;H;	
2013/3/27 上午 12:00:15	對應不到加班原因代碼10202743;09;	
2013/3/27 上午 12:00:15	對應不到加班部門代碼10202743;;	
2013/3/27 上午 12:00:15	對應不到班別代碼10202743;O;	
2013/3/27 上午 12:00:15	對應不到加班原因代碼10202743;09;	
2013/3/27 上午 12:00:15	對應不到加班部門代碼10202743;;	
2013/3/27 上午 12:00:15	對應不到班別代碼10202743;O;	
2013/3/27 上午 12:00:15	對應不到加班原因代碼10202743;09;	
2013/3/27 上午 12:00:15	對應不到加班部門代碼10202743;;	
2013/3/27 上午 12:00:15	對應不到班別代碼10202743;O;	
2013/3/27 上午 12:00:15	對應不到加班原因代碼10202743;09;	
2013/3/27 上午 12:00:15	對應不到加班部門代碼10202743;;	
2013/3/27 上午 12:00:15	對應不到班別代碼10202746;O;	
2013/3/27 上午 12:00:15	對應不到加班原因代碼10202746;09;	
2013/3/27 上午 12:00:15	對應不到加班部門代碼10202746;;	
2013/3/27 上午 12:00:15	對應不到加班原因代碼10202753;09;	
2013/3/27 上午 12:00:15	對應不到加班部門代碼10202753;;	
2013/3/27 上午 12:00:15	對應不到加班原因代碼10202753;09;	
2013/3/27 上午 12:00:15	對應不到加班部門代碼10202753;;	
2013/3/27 上午 12:00:15	對應不到加班原因代碼10202753;09;	
2013/3/27 上午 12:00:15	對應不到加班部門代碼10202753;;	
2013/3/27 上午 12:00:15	對應不到加班原因代碼10202753;09;	
2013/3/27 上午 12:00:15	對應不到加班部門代碼10202753;;	
2013/3/27 上午 12:00:15	對應不到加班原因代碼10202753;09;	
2013/3/27 上午 12:00:15	對應不到加班部門代碼10202753;;	
2013/3/27 上午 12:00:15	對應不到班別代碼10202753;O;	
2013/3/27 上午 12:00:15	對應不到加班原因代碼10202753;09;	
2013/3/27 上午 12:00:15	對應不到加班部門代碼10202753;;	
2013/3/27 上午 12:00:15	對應不到加班原因代碼10202753;09;	
2013/3/27 上午 12:00:15	對應不到加班部門代碼10202753;;	
2013/3/27 上午 12:00:16	對應不到加班原因代碼10202753;09;	
2013/3/27 上午 12:00:16	對應不到加班部門代碼10202753;;	
2013/3/27 上午 12:00:16	對應不到班別代碼10202754;O;	
2013/3/27 上午 12:00:16	對應不到加班原因代碼10202754;09;	
2013/3/27 上午 12:00:16	對應不到加班部門代碼10202754;;	
2013/3/27 上午 12:00:16	對應不到班別代碼10202755;H;	
2013/3/27 上午 12:00:16	對應不到加班原因代碼10202755;09;	
2013/3/27 上午 12:00:16	對應不到加班部門代碼10202755;;	
2013/3/27 上午 12:00:16	對應不到班別代碼10202755;O;	
2013/3/27 上午 12:00:16	對應不到加班原因代碼10202755;09;	
2013/3/27 上午 12:00:16	對應不到加班部門代碼10202755;;	
2013/3/27 上午 12:00:16	對應不到班別代碼10202755;O;	
2013/3/27 上午 12:00:16	對應不到加班原因代碼10202755;09;	
2013/3/27 上午 12:00:16	對應不到加班部門代碼10202755;;	
2013/3/27 上午 12:00:16	對應不到班別代碼10202759;H;	
2013/3/27 上午 12:00:16	對應不到加班原因代碼10202759;09;	
2013/3/27 上午 12:00:16	對應不到加班部門代碼10202759;;	
2013/3/27 上午 12:00:16	對應不到班別代碼10202759;O;	
2013/3/27 上午 12:00:16	對應不到加班原因代碼10202759;09;	
2013/3/27 上午 12:00:16	對應不到加班部門代碼10202759;;	
2013/3/27 上午 12:00:16	對應不到班別代碼10202759;O;	
2013/3/27 上午 12:00:16	對應不到加班原因代碼10202759;09;	
2013/3/27 上午 12:00:16	對應不到加班部門代碼10202759;;	
2013/3/27 上午 12:00:16	對應不到班別代碼10202763;H;	
2013/3/27 上午 12:00:16	對應不到加班原因代碼10202763;09;	
2013/3/27 上午 12:00:16	對應不到加班部門代碼10202763;;	
2013/3/27 上午 12:00:16	對應不到班別代碼10202763;O;	
2013/3/27 上午 12:00:16	對應不到加班原因代碼10202763;09;	
2013/3/27 上午 12:00:16	對應不到加班部門代碼10202763;;	
2013/3/27 上午 12:00:16	對應不到加班原因代碼10202765;09;	
2013/3/27 上午 12:00:16	對應不到加班部門代碼10202765;;	
2013/3/27 上午 12:00:17	對應不到班別代碼10202766;H;	
2013/3/27 上午 12:00:17	對應不到加班原因代碼10202766;09;	
2013/3/27 上午 12:00:17	對應不到加班部門代碼10202766;;	
2013/3/27 上午 12:00:17	對應不到班別代碼10202766;O;	
2013/3/27 上午 12:00:17	對應不到加班原因代碼10202766;09;	
2013/3/27 上午 12:00:17	對應不到加班部門代碼10202766;;	
2013/3/27 上午 12:00:17	對應不到班別代碼10202766;O;	
2013/3/27 上午 12:00:17	對應不到加班原因代碼10202766;09;	
2013/3/27 上午 12:00:17	對應不到加班部門代碼10202766;;	
2013/3/27 上午 12:00:17	對應不到班別代碼10202768;H;	
2013/3/27 上午 12:00:17	對應不到加班原因代碼10202768;09;	
2013/3/27 上午 12:00:17	對應不到加班部門代碼10202768;;	
2013/3/27 上午 12:00:17	對應不到加班原因代碼10202768;09;	
2013/3/27 上午 12:00:17	對應不到加班部門代碼10202768;;	
2013/3/27 上午 12:00:17	對應不到班別代碼10202768;O;	
2013/3/27 上午 12:00:17	對應不到加班原因代碼10202768;09;	
2013/3/27 上午 12:00:17	對應不到加班部門代碼10202768;;	
2013/3/27 上午 12:00:17	對應不到班別代碼10202768;O;	
2013/3/27 上午 12:00:17	對應不到加班原因代碼10202768;09;	
2013/3/27 上午 12:00:17	對應不到加班部門代碼10202768;;	
2013/3/27 上午 12:00:17	對應不到班別代碼10202768;O;	
2013/3/27 上午 12:00:17	對應不到加班原因代碼10202768;09;	
2013/3/27 上午 12:00:17	對應不到加班部門代碼10202768;;	
2013/3/27 上午 12:00:17	對應不到班別代碼10202784;O;	
2013/3/27 上午 12:00:17	對應不到加班原因代碼10202784;09;	
2013/3/27 上午 12:00:17	對應不到加班部門代碼10202784;;	
2013/3/27 上午 12:00:17	對應不到班別代碼10202784;O;	
2013/3/27 上午 12:00:17	對應不到加班原因代碼10202784;09;	
2013/3/27 上午 12:00:17	對應不到加班部門代碼10202784;;	
2013/3/27 上午 12:00:17	對應不到班別代碼10202784;O;	
2013/3/27 上午 12:00:18	對應不到加班原因代碼10202784;09;	
2013/3/27 上午 12:00:18	對應不到加班部門代碼10202784;;	
2013/3/27 上午 12:00:18	對應不到班別代碼10202784;O;	
2013/3/27 上午 12:00:18	對應不到加班原因代碼10202784;09;	
2013/3/27 上午 12:00:18	對應不到加班部門代碼10202784;;	
2013/3/27 上午 12:00:18	對應不到班別代碼10202786;O;	
2013/3/27 上午 12:00:18	對應不到加班原因代碼10202786;09;	
2013/3/27 上午 12:00:18	對應不到加班部門代碼10202786;;	
2013/3/27 上午 12:00:18	對應不到班別代碼10202786;O;	
2013/3/27 上午 12:00:18	對應不到加班原因代碼10202786;09;	
2013/3/27 上午 12:00:18	對應不到加班部門代碼10202786;;	
2013/3/27 上午 12:00:18	對應不到加班原因代碼10202786;09;	
2013/3/27 上午 12:00:18	對應不到加班部門代碼10202786;;	
2013/3/27 上午 12:00:18	對應不到班別代碼10202788;O;	
2013/3/27 上午 12:00:18	對應不到加班原因代碼10202788;09;	
2013/3/27 上午 12:00:18	對應不到加班部門代碼10202788;;	
2013/3/27 上午 12:00:18	對應不到班別代碼10202788;H;	
2013/3/27 上午 12:00:18	對應不到加班原因代碼10202788;09;	
2013/3/27 上午 12:00:18	對應不到加班部門代碼10202788;;	
2013/3/27 上午 12:00:18	對應不到班別代碼10202788;O;	
2013/3/27 上午 12:00:18	對應不到加班原因代碼10202788;09;	
2013/3/27 上午 12:00:18	對應不到加班部門代碼10202788;;	
2013/3/27 上午 12:00:18	對應不到班別代碼10202788;O;	
2013/3/27 上午 12:00:18	對應不到加班原因代碼10202788;09;	
2013/3/27 上午 12:00:18	對應不到加班部門代碼10202788;;	
2013/3/27 上午 12:00:18	對應不到班別代碼10202788;O;	
2013/3/27 上午 12:00:18	對應不到加班原因代碼10202788;09;	
2013/3/27 上午 12:00:18	對應不到加班部門代碼10202788;;	
2013/3/27 上午 12:00:18	對應不到班別代碼10202788;O;	
2013/3/27 上午 12:00:18	對應不到加班原因代碼10202788;09;	
2013/3/27 上午 12:00:18	對應不到加班部門代碼10202788;;	
2013/3/27 上午 12:00:18	對應不到班別代碼10202788;O;	
2013/3/27 上午 12:00:19	對應不到加班原因代碼10202788;09;	
2013/3/27 上午 12:00:19	對應不到加班部門代碼10202788;;	
2013/3/27 上午 12:00:19	對應不到班別代碼10202788;O;	
2013/3/27 上午 12:00:19	對應不到加班原因代碼10202788;09;	
2013/3/27 上午 12:00:19	對應不到加班部門代碼10202788;;	
2013/3/27 上午 12:00:19	對應不到班別代碼10202788;O;	
2013/3/27 上午 12:00:19	對應不到加班原因代碼10202788;09;	
2013/3/27 上午 12:00:19	對應不到加班部門代碼10202788;;	
2013/3/27 上午 12:00:19	對應不到加班原因代碼10202793;09;	
2013/3/27 上午 12:00:19	對應不到加班部門代碼10202793;;	
2013/3/27 上午 12:00:19	對應不到加班原因代碼10202796;09;	
2013/3/27 上午 12:00:19	對應不到加班部門代碼10202796;;	
2013/3/27 上午 12:00:19	對應不到加班原因代碼10202796;09;	
2013/3/27 上午 12:00:19	對應不到加班部門代碼10202796;;	
2013/3/27 上午 12:00:19	對應不到班別代碼10202796;H;	
2013/3/27 上午 12:00:19	對應不到加班原因代碼10202796;09;	
2013/3/27 上午 12:00:19	對應不到加班部門代碼10202796;;	
2013/3/27 上午 12:00:19	對應不到加班原因代碼10202796;09;	
2013/3/27 上午 12:00:19	對應不到加班部門代碼10202796;;	
2013/3/27 上午 12:00:19	對應不到加班原因代碼10202796;09;	
2013/3/27 上午 12:00:19	對應不到加班部門代碼10202796;;	
2013/3/27 上午 12:00:19	對應不到班別代碼10202796;O;	
2013/3/27 上午 12:00:19	對應不到加班原因代碼10202796;09;	
2013/3/27 上午 12:00:19	對應不到加班部門代碼10202796;;	
2013/3/27 上午 12:00:19	對應不到班別代碼10202796;O;	
2013/3/27 上午 12:00:19	對應不到加班原因代碼10202796;09;	
2013/3/27 上午 12:00:19	對應不到加班部門代碼10202796;;	
2013/3/27 上午 12:00:19	對應不到加班原因代碼10202796;09;	
2013/3/27 上午 12:00:19	對應不到加班部門代碼10202796;;	
2013/3/27 上午 12:00:19	對應不到班別代碼10202796;O;	
2013/3/27 上午 12:00:20	對應不到加班原因代碼10202796;09;	
2013/3/27 上午 12:00:20	對應不到加班部門代碼10202796;;	
2013/3/27 上午 12:00:20	對應不到班別代碼10202797;H;	
2013/3/27 上午 12:00:20	對應不到加班原因代碼10202797;09;	
2013/3/27 上午 12:00:20	對應不到加班部門代碼10202797;;	
2013/3/27 上午 12:00:20	對應不到班別代碼10202797;O;	
2013/3/27 上午 12:00:20	對應不到加班原因代碼10202797;09;	
2013/3/27 上午 12:00:20	對應不到加班部門代碼10202797;;	
2013/3/27 上午 12:00:20	對應不到班別代碼10202797;O;	
2013/3/27 上午 12:00:20	對應不到加班原因代碼10202797;09;	
2013/3/27 上午 12:00:20	對應不到加班部門代碼10202797;;	
2013/3/27 上午 12:00:20	對應不到班別代碼10202797;O;	
2013/3/27 上午 12:00:20	對應不到加班原因代碼10202797;09;	
2013/3/27 上午 12:00:20	對應不到加班部門代碼10202797;;	
2013/3/27 上午 12:00:20	對應不到班別代碼10202801;H;	
2013/3/27 上午 12:00:20	對應不到加班原因代碼10202801;09;	
2013/3/27 上午 12:00:20	對應不到加班部門代碼10202801;;	
2013/3/27 上午 12:00:20	對應不到班別代碼10202802;O;	
2013/3/27 上午 12:00:20	對應不到加班原因代碼10202802;09;	
2013/3/27 上午 12:00:20	對應不到加班部門代碼10202802;;	
2013/3/27 上午 12:00:20	對應不到班別代碼10202802;O;	
2013/3/27 上午 12:00:20	對應不到加班原因代碼10202802;09;	
2013/3/27 上午 12:00:20	對應不到加班部門代碼10202802;;	
2013/3/27 上午 12:00:20	對應不到班別代碼10202805;H;	
2013/3/27 上午 12:00:20	對應不到加班原因代碼10202805;09;	
2013/3/27 上午 12:00:20	對應不到加班部門代碼10202805;;	
2013/3/27 上午 12:00:20	對應不到加班原因代碼10202805;09;	
2013/3/27 上午 12:00:20	對應不到加班部門代碼10202805;;	
2013/3/27 上午 12:00:20	對應不到班別代碼10202805;O;	
2013/3/27 上午 12:00:20	對應不到加班原因代碼10202805;09;	
2013/3/27 上午 12:00:20	對應不到加班部門代碼10202805;;	
2013/3/27 上午 12:00:21	對應不到班別代碼10202805;O;	
2013/3/27 上午 12:00:21	對應不到加班原因代碼10202805;09;	
2013/3/27 上午 12:00:21	對應不到加班部門代碼10202805;;	
2013/3/27 上午 12:00:21	對應不到班別代碼10202805;O;	
2013/3/27 上午 12:00:21	對應不到加班原因代碼10202805;09;	
2013/3/27 上午 12:00:21	對應不到加班部門代碼10202805;;	
2013/3/27 上午 12:00:21	對應不到班別代碼10202809;O;	
2013/3/27 上午 12:00:21	對應不到加班原因代碼10202809;09;	
2013/3/27 上午 12:00:21	對應不到加班部門代碼10202809;;	
2013/3/27 上午 12:00:21	對應不到加班原因代碼10202818;09;	
2013/3/27 上午 12:00:21	對應不到加班部門代碼10202818;;	
2013/3/27 上午 12:00:21	對應不到班別代碼10202818;H;	
2013/3/27 上午 12:00:21	對應不到加班原因代碼10202818;09;	
2013/3/27 上午 12:00:21	對應不到加班部門代碼10202818;;	
2013/3/27 上午 12:00:21	對應不到加班原因代碼10202818;09;	
2013/3/27 上午 12:00:21	對應不到加班部門代碼10202818;;	
2013/3/27 上午 12:00:21	對應不到加班原因代碼10202818;09;	
2013/3/27 上午 12:00:21	對應不到加班部門代碼10202818;;	
2013/3/27 上午 12:00:21	對應不到加班原因代碼10202818;09;	
2013/3/27 上午 12:00:21	對應不到加班部門代碼10202818;;	
2013/3/27 上午 12:00:21	對應不到加班原因代碼10202818;09;	
2013/3/27 上午 12:00:21	對應不到加班部門代碼10202818;;	
2013/3/27 上午 12:00:21	對應不到班別代碼10202819;O;	
2013/3/27 上午 12:00:21	對應不到加班原因代碼10202819;09;	
2013/3/27 上午 12:00:21	對應不到加班部門代碼10202819;;	
2013/3/27 上午 12:00:21	對應不到班別代碼10202819;O;	
2013/3/27 上午 12:00:21	對應不到加班原因代碼10202819;09;	
2013/3/27 上午 12:00:21	對應不到加班部門代碼10202819;;	
2013/3/27 上午 12:00:21	對應不到加班原因代碼10202825;09;	
2013/3/27 上午 12:00:21	對應不到加班部門代碼10202825;;	
2013/3/27 上午 12:00:22	對應不到班別代碼10202827;O;	
2013/3/27 上午 12:00:22	對應不到加班原因代碼10202827;09;	
2013/3/27 上午 12:00:22	對應不到加班部門代碼10202827;;	
2013/3/27 上午 12:00:22	對應不到班別代碼10202831;O;	
2013/3/27 上午 12:00:22	對應不到加班原因代碼10202831;09;	
2013/3/27 上午 12:00:22	對應不到加班部門代碼10202831;;	
2013/3/27 上午 12:00:22	對應不到班別代碼10202831;O;	
2013/3/27 上午 12:00:22	對應不到加班原因代碼10202831;09;	
2013/3/27 上午 12:00:22	對應不到加班部門代碼10202831;;	
2013/3/27 上午 12:00:22	對應不到班別代碼10202831;O;	
2013/3/27 上午 12:00:22	對應不到加班原因代碼10202831;09;	
2013/3/27 上午 12:00:22	對應不到加班部門代碼10202831;;	
2013/3/27 上午 12:00:22	對應不到加班原因代碼10202831;09;	
2013/3/27 上午 12:00:22	對應不到加班部門代碼10202831;;	
2013/3/27 上午 12:00:22	對應不到班別代碼10202834;H;	
2013/3/27 上午 12:00:22	對應不到加班原因代碼10202834;09;	
2013/3/27 上午 12:00:22	對應不到加班部門代碼10202834;;	
2013/3/27 上午 12:00:22	對應不到班別代碼10202836;O;	
2013/3/27 上午 12:00:22	對應不到加班原因代碼10202836;09;	
2013/3/27 上午 12:00:22	對應不到加班部門代碼10202836;;	
2013/3/27 上午 12:00:22	對應不到班別代碼10202840;O;	
2013/3/27 上午 12:00:22	對應不到加班原因代碼10202840;09;	
2013/3/27 上午 12:00:22	對應不到加班部門代碼10202840;;	
2013/3/27 上午 12:00:22	對應不到加班原因代碼10202844;09;	
2013/3/27 上午 12:00:22	對應不到加班部門代碼10202844;;	
2013/3/27 上午 12:00:22	對應不到班別代碼10202844;O;	
2013/3/27 上午 12:00:22	對應不到加班原因代碼10202844;09;	
2013/3/27 上午 12:00:22	對應不到加班部門代碼10202844;;	
2013/3/27 上午 12:00:22	對應不到加班原因代碼10202844;09;	
2013/3/27 上午 12:00:22	對應不到加班部門代碼10202844;;	
2013/3/27 上午 12:00:22	對應不到班別代碼10202844;O;	
2013/3/27 上午 12:00:22	對應不到加班原因代碼10202844;09;	
2013/3/27 上午 12:00:23	對應不到加班部門代碼10202844;;	
2013/3/27 上午 12:00:23	對應不到班別代碼10202846;O;	
2013/3/27 上午 12:00:23	對應不到加班原因代碼10202846;09;	
2013/3/27 上午 12:00:23	對應不到加班部門代碼10202846;;	
2013/3/27 上午 12:00:23	對應不到班別代碼10202846;O;	
2013/3/27 上午 12:00:23	對應不到加班原因代碼10202846;09;	
2013/3/27 上午 12:00:23	對應不到加班部門代碼10202846;;	
2013/3/27 上午 12:00:23	對應不到加班原因代碼10202846;09;	
2013/3/27 上午 12:00:23	對應不到加班部門代碼10202846;;	
2013/3/27 上午 12:00:23	對應不到加班原因代碼10202846;09;	
2013/3/27 上午 12:00:23	對應不到加班部門代碼10202846;;	
2013/3/27 上午 12:00:23	對應不到加班原因代碼10202846;09;	
2013/3/27 上午 12:00:23	對應不到加班部門代碼10202846;;	
2013/3/27 上午 12:00:23	對應不到加班原因代碼10202846;09;	
2013/3/27 上午 12:00:23	對應不到加班部門代碼10202846;;	
2013/3/27 上午 12:00:23	對應不到加班原因代碼10202846;09;	
2013/3/27 上午 12:00:23	對應不到加班部門代碼10202846;;	
2013/3/27 上午 12:00:23	對應不到班別代碼10202846;O;	
2013/3/27 上午 12:00:23	對應不到加班原因代碼10202846;09;	
2013/3/27 上午 12:00:23	對應不到加班部門代碼10202846;;	
2013/3/27 上午 12:00:23	對應不到班別代碼10202846;O;	
2013/3/27 上午 12:00:23	對應不到加班原因代碼10202846;09;	
2013/3/27 上午 12:00:23	對應不到加班部門代碼10202846;;	
2013/3/27 上午 12:00:23	對應不到加班原因代碼10202846;09;	
2013/3/27 上午 12:00:23	對應不到加班部門代碼10202846;;	
2013/3/27 上午 12:00:23	對應不到班別代碼10202853;O;	
2013/3/27 上午 12:00:23	對應不到加班原因代碼10202853;09;	
2013/3/27 上午 12:00:23	對應不到加班部門代碼10202853;;	
2013/3/27 上午 12:00:23	對應不到班別代碼10202853;O;	
2013/3/27 上午 12:00:23	對應不到加班原因代碼10202853;09;	
2013/3/27 上午 12:00:23	對應不到加班部門代碼10202853;;	
2013/3/27 上午 12:00:23	對應不到班別代碼10202853;O;	
2013/3/27 上午 12:00:24	對應不到加班原因代碼10202853;09;	
2013/3/27 上午 12:00:24	對應不到加班部門代碼10202853;;	
2013/3/27 上午 12:00:24	對應不到加班原因代碼10202854;09;	
2013/3/27 上午 12:00:24	對應不到加班部門代碼10202854;;	
2013/3/27 上午 12:00:24	對應不到加班原因代碼10202854;09;	
2013/3/27 上午 12:00:24	對應不到加班部門代碼10202854;;	
2013/3/27 上午 12:00:24	對應不到加班原因代碼10202854;09;	
2013/3/27 上午 12:00:24	對應不到加班部門代碼10202854;;	
2013/3/27 上午 12:00:24	對應不到加班原因代碼10260005;09;	
2013/3/27 上午 12:00:24	對應不到加班部門代碼10260005;;	
2013/3/27 上午 12:00:24	對應不到班別代碼10260005;H;	
2013/3/27 上午 12:00:24	對應不到加班原因代碼10260005;09;	
2013/3/27 上午 12:00:24	對應不到加班部門代碼10260005;;	
2013/3/27 上午 12:00:24	對應不到班別代碼10260005;H;	
2013/3/27 上午 12:00:24	對應不到加班原因代碼10260005;09;	
2013/3/27 上午 12:00:24	對應不到加班部門代碼10260005;;	
2013/3/27 上午 12:00:24	對應不到班別代碼10260013;H;	
2013/3/27 上午 12:00:24	對應不到加班原因代碼10260013;09;	
2013/3/27 上午 12:00:24	對應不到加班部門代碼10260013;;	
2013/3/27 上午 12:00:24	對應不到加班原因代碼10260013;09;	
2013/3/27 上午 12:00:24	對應不到加班部門代碼10260013;;	
2013/3/27 上午 12:00:24	對應不到班別代碼10260014;O;	
2013/3/27 上午 12:00:24	對應不到加班原因代碼10260014;09;	
2013/3/27 上午 12:00:24	對應不到加班部門代碼10260014;;	
2013/3/27 上午 12:00:24	對應不到加班原因代碼10260017;09;	
2013/3/27 上午 12:00:24	對應不到加班部門代碼10260017;;	
2013/3/27 上午 12:00:24	對應不到班別代碼10260020;H;	
2013/3/27 上午 12:00:24	對應不到加班原因代碼10260020;09;	
2013/3/27 上午 12:00:24	對應不到加班部門代碼10260020;;	
2013/3/27 上午 12:00:24	對應不到班別代碼10260020;O;	
2013/3/27 上午 12:00:24	對應不到加班原因代碼10260020;09;	
2013/3/27 上午 12:00:25	對應不到加班部門代碼10260020;;	
2013/3/27 上午 12:00:25	對應不到班別代碼10260020;O;	
2013/3/27 上午 12:00:25	對應不到加班原因代碼10260020;09;	
2013/3/27 上午 12:00:25	對應不到加班部門代碼10260020;;	
2013/3/27 上午 12:00:25	對應不到班別代碼10260020;O;	
2013/3/27 上午 12:00:25	對應不到加班原因代碼10260020;09;	
2013/3/27 上午 12:00:25	對應不到加班部門代碼10260020;;	
2013/3/27 上午 12:00:25	對應不到班別代碼10700028;H;	
2013/3/27 上午 12:00:25	對應不到加班原因代碼10700028;09;	
2013/3/27 上午 12:00:25	對應不到加班部門代碼10700028;;	
2013/3/27 上午 12:00:25	對應不到班別代碼10700028;O;	
2013/3/27 上午 12:00:25	對應不到加班原因代碼10700028;09;	
2013/3/27 上午 12:00:25	對應不到加班部門代碼10700028;;	
2013/3/27 上午 12:00:25	對應不到班別代碼10700052;O;	
2013/3/27 上午 12:00:25	對應不到加班原因代碼10700052;09;	
2013/3/27 上午 12:00:25	對應不到加班部門代碼10700052;;	
2013/3/27 下午 01:08:08	對應不到假別代碼10100111;KA01;	
