2013/1/25 下午 03:13:12	開始收卡	
2013/1/25 下午 03:13:13	開啟檔案：C:\SVN\Customer\HOLYSTONE\工具程式\JBHR_CardCollector\JBHR_CardCollector\bin\Debug\CARD201301240240.txt	
2013/1/25 下午 03:13:31	資料共有：182	
2013/1/25 下午 03:13:31	成功共有：0	
2013/1/25 下午 03:13:31	錯誤共有：0	
2013/1/25 下午 03:13:31	重複共有：182	
2013/1/25 下午 03:13:32	完成，共耗時0分18秒	
2013/1/25 下午 03:14:11	開始收卡	
2013/1/25 下午 03:14:11	開啟檔案：C:\SVN\Customer\HOLYSTONE\工具程式\JBHR_CardCollector\JBHR_CardCollector\bin\Debug\CARD201301240240.txt	
2013/1/25 下午 03:14:40	開始收卡	
2013/1/25 下午 03:14:41	開啟檔案：C:\SVN\Customer\HOLYSTONE\工具程式\JBHR_CardCollector\JBHR_CardCollector\bin\Debug\CARD201301240240.txt	
2013/1/25 下午 03:15:26	資料共有：182	
2013/1/25 下午 03:15:26	成功共有：164	
2013/1/25 下午 03:15:26	錯誤共有：0	
2013/1/25 下午 03:15:26	重複共有：18	
2013/1/25 下午 03:15:34	執行刷卡轉出勤：2013/01/24	
2013/1/25 下午 03:15:42	完成，共耗時1分0秒	
2013/1/25 下午 03:17:36	開始收卡	
2013/1/25 下午 03:17:37	開啟檔案：C:\SVN\Customer\HOLYSTONE\工具程式\JBHR_CardCollector\JBHR_CardCollector\bin\Debug\CARD201301240240.txt	
2013/1/25 下午 03:18:19	資料共有：182	
2013/1/25 下午 03:18:19	成功共有：164	
2013/1/25 下午 03:18:19	錯誤共有：0	
2013/1/25 下午 03:18:19	重複共有：18	
2013/1/25 下午 03:19:32	執行刷卡轉出勤：2013/01/24	
2013/1/25 下午 03:29:52	完成，共耗時12分14秒	
2013/1/25 下午 03:34:14	開始收卡	
2013/1/25 下午 03:34:21	完成，共耗時0分3秒	
