2013/01/29 10:49:20	Error:建立連接至 SQL Server 時，發生網路相關或執行個體特定的錯誤。找不到或無法存取伺服器。確認執行個名稱是否正確，以及 SQL Server 是否設定為允許遠端連線。 (provider: Named Pipes Provider, error: 40 - 無法開啟至 SQL Server 的連接)	   於 System.Data.SqlClient.SqlInternalConnection.OnError(SqlException exception, Boolean breakConnection)
   於 System.Data.SqlClient.TdsParser.ThrowExceptionAndWarning()
   於 System.Data.SqlClient.TdsParser.Connect(ServerInfo serverInfo, SqlInternalConnectionTds connHandler, Boolean ignoreSniOpenTimeout, Int64 timerExpire, Boolean encrypt, Boolean trustServerCert, Boolean integratedSecurity)
   於 System.Data.SqlClient.SqlInternalConnectionTds.AttemptOneLogin(ServerInfo serverInfo, String newPassword, Boolean ignoreSniOpenTimeout, TimeoutTimer timeout, SqlConnection owningObject)
   於 System.Data.SqlClient.SqlInternalConnectionTds.LoginNoFailover(ServerInfo serverInfo, String newPassword, Boolean redirectedUserInstance, SqlConnection owningObject, SqlConnectionString connectionOptions, TimeoutTimer timeout)
   於 System.Data.SqlClient.SqlInternalConnectionTds.OpenLoginEnlist(SqlConnection owningObject, TimeoutTimer timeout, SqlConnectionString connectionOptions, String newPassword, Boolean redirectedUserInstance)
   於 System.Data.SqlClient.SqlInternalConnectionTds..ctor(DbConnectionPoolIdentity identity, SqlConnectionString connectionOptions, Object providerInfo, String newPassword, SqlConnection owningObject, Boolean redirectedUserInstance)
   於 System.Data.SqlClient.SqlConnectionFactory.CreateConnection(DbConnectionOptions options, Object poolGroupProviderInfo, DbConnectionPool pool, DbConnection owningConnection)
   於 System.Data.ProviderBase.DbConnectionFactory.CreatePooledConnection(DbConnection owningConnection, DbConnectionPool pool, DbConnectionOptions options)
   於 System.Data.ProviderBase.DbConnectionPool.CreateObject(DbConnection owningObject)
   於 System.Data.ProviderBase.DbConnectionPool.UserCreateRequest(DbConnection owningObject)
   於 System.Data.ProviderBase.DbConnectionPool.GetConnection(DbConnection owningObject)
   於 System.Data.ProviderBase.DbConnectionFactory.GetConnection(DbConnection owningConnection)
   於 System.Data.ProviderBase.DbConnectionClosed.OpenConnection(DbConnection outerConnection, DbConnectionFactory connectionFactory)
   於 System.Data.SqlClient.SqlConnection.Open()
   於 System.Data.Common.DbDataAdapter.FillInternal(DataSet dataset, DataTable[] datatables, Int32 startRecord, Int32 maxRecords, String srcTable, IDbCommand command, CommandBehavior behavior)
   於 System.Data.Common.DbDataAdapter.Fill(DataTable[] dataTables, Int32 startRecord, Int32 maxRecords, IDbCommand command, CommandBehavior behavior)
   於 System.Data.Common.DbDataAdapter.Fill(DataTable dataTable)
   於 JBHR.Sys.SysDSTableAdapters.U_USERTableAdapter.FillByUSERID(U_USERDataTable dataTable, String USERID) 於 C:\SVN\Customer\HOLYSTONE\人事薪系統\禾伸堂人事薪資系統\Sys\SysDS.Designer.cs: 行 39333
   於 JBHR.U_LOGIN.button1_Click(Object sender, EventArgs e) 於 C:\SVN\Customer\HOLYSTONE\人事薪系統\禾伸堂人事薪資系統\U_LOGIN.cs: 行 92
   於 System.Windows.Forms.Button.PerformClick()
   於 System.Windows.Forms.Form.ProcessDialogKey(Keys keyData)
   於 System.Windows.Forms.Control.PreProcessMessage(Message& msg)
   於 System.Windows.Forms.Control.PreProcessControlMessageInternal(Control target, Message& msg)
   於 System.Windows.Forms.Application.ThreadContext.PreTranslateMessage(MSG& msg)	
2013/01/29 10:49:44	Error:建立連接至 SQL Server 時，發生網路相關或執行個體特定的錯誤。找不到或無法存取伺服器。確認執行個名稱是否正確，以及 SQL Server 是否設定為允許遠端連線。 (provider: Named Pipes Provider, error: 40 - 無法開啟至 SQL Server 的連接)	   於 System.Data.SqlClient.SqlInternalConnection.OnError(SqlException exception, Boolean breakConnection)
   於 System.Data.SqlClient.TdsParser.ThrowExceptionAndWarning()
   於 System.Data.SqlClient.TdsParser.Connect(ServerInfo serverInfo, SqlInternalConnectionTds connHandler, Boolean ignoreSniOpenTimeout, Int64 timerExpire, Boolean encrypt, Boolean trustServerCert, Boolean integratedSecurity)
   於 System.Data.SqlClient.SqlInternalConnectionTds.AttemptOneLogin(ServerInfo serverInfo, String newPassword, Boolean ignoreSniOpenTimeout, TimeoutTimer timeout, SqlConnection owningObject)
   於 System.Data.SqlClient.SqlInternalConnectionTds.LoginNoFailover(ServerInfo serverInfo, String newPassword, Boolean redirectedUserInstance, SqlConnection owningObject, SqlConnectionString connectionOptions, TimeoutTimer timeout)
   於 System.Data.SqlClient.SqlInternalConnectionTds.OpenLoginEnlist(SqlConnection owningObject, TimeoutTimer timeout, SqlConnectionString connectionOptions, String newPassword, Boolean redirectedUserInstance)
   於 System.Data.SqlClient.SqlInternalConnectionTds..ctor(DbConnectionPoolIdentity identity, SqlConnectionString connectionOptions, Object providerInfo, String newPassword, SqlConnection owningObject, Boolean redirectedUserInstance)
   於 System.Data.SqlClient.SqlConnectionFactory.CreateConnection(DbConnectionOptions options, Object poolGroupProviderInfo, DbConnectionPool pool, DbConnection owningConnection)
   於 System.Data.ProviderBase.DbConnectionFactory.CreatePooledConnection(DbConnection owningConnection, DbConnectionPool pool, DbConnectionOptions options)
   於 System.Data.ProviderBase.DbConnectionPool.CreateObject(DbConnection owningObject)
   於 System.Data.ProviderBase.DbConnectionPool.UserCreateRequest(DbConnection owningObject)
   於 System.Data.ProviderBase.DbConnectionPool.GetConnection(DbConnection owningObject)
   於 System.Data.ProviderBase.DbConnectionFactory.GetConnection(DbConnection owningConnection)
   於 System.Data.ProviderBase.DbConnectionClosed.OpenConnection(DbConnection outerConnection, DbConnectionFactory connectionFactory)
   於 System.Data.SqlClient.SqlConnection.Open()
   於 System.Data.Linq.DataContext.SubmitChanges(ConflictMode failureMode)
   於 JBModule.Message.DbLog.WriteToDB(String log, String note, String type, String source, Int32 pid, String key_man, String guid) 於 C:\SVN\Standard\JBMODULE.MESSAGE\DbLog.cs: 行 72	
2013/01/29 10:50:02	Error:建立連接至 SQL Server 時，發生網路相關或執行個體特定的錯誤。找不到或無法存取伺服器。確認執行個名稱是否正確，以及 SQL Server 是否設定為允許遠端連線。 (provider: Named Pipes Provider, error: 40 - 無法開啟至 SQL Server 的連接)	   於 System.Data.ProviderBase.DbConnectionPool.GetConnection(DbConnection owningObject)
   於 System.Data.ProviderBase.DbConnectionFactory.GetConnection(DbConnection owningConnection)
   於 System.Data.ProviderBase.DbConnectionClosed.OpenConnection(DbConnection outerConnection, DbConnectionFactory connectionFactory)
   於 System.Data.SqlClient.SqlConnection.Open()
   於 System.Data.Common.DbDataAdapter.FillInternal(DataSet dataset, DataTable[] datatables, Int32 startRecord, Int32 maxRecords, String srcTable, IDbCommand command, CommandBehavior behavior)
   於 System.Data.Common.DbDataAdapter.Fill(DataTable[] dataTables, Int32 startRecord, Int32 maxRecords, IDbCommand command, CommandBehavior behavior)
   於 System.Data.Common.DbDataAdapter.Fill(DataTable dataTable)
   於 JBHR.Sys.SysDSTableAdapters.U_USERTableAdapter.FillByUSERID(U_USERDataTable dataTable, String USERID) 於 C:\SVN\Customer\HOLYSTONE\人事薪系統\禾伸堂人事薪資系統\Sys\SysDS.Designer.cs: 行 39333
   於 JBHR.U_LOGIN.button1_Click(Object sender, EventArgs e) 於 C:\SVN\Customer\HOLYSTONE\人事薪系統\禾伸堂人事薪資系統\U_LOGIN.cs: 行 92
   於 System.Windows.Forms.Button.OnMouseUp(MouseEventArgs mevent)
   於 System.Windows.Forms.Control.WmMouseUp(Message& m, MouseButtons button, Int32 clicks)
   於 System.Windows.Forms.Control.WndProc(Message& m)
   於 System.Windows.Forms.ButtonBase.WndProc(Message& m)
   於 System.Windows.Forms.Button.WndProc(Message& m)
   於 System.Windows.Forms.NativeWindow.Callback(IntPtr hWnd, Int32 msg, IntPtr wparam, IntPtr lparam)	
