2012/11/15 14:31:58	Error:並未將物件參考設定為物件的執行個體。	   於 JBHR.MainForm.SetTitle() 於 C:\SVN\Customer\HOLYSTONE\人事薪系統\禾伸堂人事薪資系統\MainForm.cs: 行 768
   於 JBHR.MainForm.check_login(String userid) 於 C:\SVN\Customer\HOLYSTONE\人事薪系統\禾伸堂人事薪資系統\MainForm.cs: 行 359
   於 JBHR.MainForm.Form1_Load(Object sender, EventArgs e) 於 C:\SVN\Customer\HOLYSTONE\人事薪系統\禾伸堂人事薪資系統\MainForm.cs: 行 190
   於 System.Windows.Forms.Form.OnLoad(EventArgs e)
   於 System.Windows.Forms.Control.CreateControl(Boolean fIgnoreVisible)
   於 System.Windows.Forms.Control.CreateControl()
   於 System.Windows.Forms.Control.WmShowWindow(Message& m)
   於 System.Windows.Forms.Control.WndProc(Message& m)
   於 System.Windows.Forms.Form.WmShowWindow(Message& m)
   於 System.Windows.Forms.Form.WndProc(Message& m)
   於 System.Windows.Forms.NativeWindow.Callback(IntPtr hWnd, Int32 msg, IntPtr wparam, IntPtr lparam)	
2012/11/15 14:32:18	Error:無效的資料行名稱 'Comp'。
無效的資料行名稱 'Comp'。	   於 System.Data.SqlClient.SqlConnection.OnError(SqlException exception, Boolean breakConnection)
   於 System.Data.SqlClient.TdsParser.ThrowExceptionAndWarning()
   於 System.Data.SqlClient.TdsParser.Run(RunBehavior runBehavior, SqlCommand cmdHandler, SqlDataReader dataStream, BulkCopySimpleResultSet bulkCopyHandler, TdsParserStateObject stateObj)
   於 System.Data.SqlClient.SqlDataReader.ConsumeMetaData()
   於 System.Data.SqlClient.SqlDataReader.get_MetaData()
   於 System.Data.SqlClient.SqlCommand.FinishExecuteReader(SqlDataReader ds, RunBehavior runBehavior, String resetOptionsString)
   於 System.Data.SqlClient.SqlCommand.RunExecuteReaderTds(CommandBehavior cmdBehavior, RunBehavior runBehavior, Boolean returnStream, Boolean async)
   於 System.Data.SqlClient.SqlCommand.RunExecuteReader(CommandBehavior cmdBehavior, RunBehavior runBehavior, Boolean returnStream, String method, DbAsyncResult result)
   於 System.Data.SqlClient.SqlCommand.RunExecuteReader(CommandBehavior cmdBehavior, RunBehavior runBehavior, Boolean returnStream, String method)
   於 System.Data.SqlClient.SqlCommand.ExecuteReader(CommandBehavior behavior, String method)
   於 System.Data.SqlClient.SqlCommand.ExecuteDbDataReader(CommandBehavior behavior)
   於 System.Data.Common.DbCommand.System.Data.IDbCommand.ExecuteReader(CommandBehavior behavior)
   於 System.Data.Common.DbDataAdapter.FillInternal(DataSet dataset, DataTable[] datatables, Int32 startRecord, Int32 maxRecords, String srcTable, IDbCommand command, CommandBehavior behavior)
   於 System.Data.Common.DbDataAdapter.Fill(DataTable[] dataTables, Int32 startRecord, Int32 maxRecords, IDbCommand command, CommandBehavior behavior)
   於 System.Data.Common.DbDataAdapter.Fill(DataTable dataTable)
   於 JBHR.Sys.SysDSTableAdapters.U_SYS10TableAdapter.FillByComp(U_SYS10DataTable dataTable, String Comp) 於 C:\SVN\Customer\HOLYSTONE\人事薪系統\禾伸堂人事薪資系統\Sys\SysDS.Designer.cs: 行 50271
   於 JBHR.Sys.U_SYS.U_SYS_Load(Object sender, EventArgs e) 於 C:\SVN\Customer\HOLYSTONE\人事薪系統\禾伸堂人事薪資系統\Sys\U_SYS.cs: 行 21
   於 System.EventHandler.Invoke(Object sender, EventArgs e)
   於 System.Windows.Forms.Form.OnLoad(EventArgs e)
   於 JBControls.JBForm.OnLoad(EventArgs e) 於 C:\SVN\Standard\JBControls\JBControls\JBForm.cs: 行 112
   於 System.Windows.Forms.Control.CreateControl(Boolean fIgnoreVisible)
   於 System.Windows.Forms.Control.CreateControl()
   於 System.Windows.Forms.Control.WmShowWindow(Message& m)
   於 System.Windows.Forms.Control.WndProc(Message& m)
   於 System.Windows.Forms.Form.WmShowWindow(Message& m)
   於 System.Windows.Forms.Form.WndProc(Message& m)
   於 System.Windows.Forms.NativeWindow.Callback(IntPtr hWnd, Int32 msg, IntPtr wparam, IntPtr lparam)	
2012/11/15 下午 02:32:46	Error:無效的資料行名稱 'AUTO'。	   於 System.Data.SqlClient.SqlConnection.OnError(SqlException exception, Boolean breakConnection)
   於 System.Data.SqlClient.TdsParser.ThrowExceptionAndWarning()
   於 System.Data.SqlClient.TdsParser.Run(RunBehavior runBehavior, SqlCommand cmdHandler, SqlDataReader dataStream, BulkCopySimpleResultSet bulkCopyHandler, TdsParserStateObject stateObj)
   於 System.Data.SqlClient.SqlDataReader.ConsumeMetaData()
   於 System.Data.SqlClient.SqlDataReader.get_MetaData()
   於 System.Data.SqlClient.SqlCommand.FinishExecuteReader(SqlDataReader ds, RunBehavior runBehavior, String resetOptionsString)
   於 System.Data.SqlClient.SqlCommand.RunExecuteReaderTds(CommandBehavior cmdBehavior, RunBehavior runBehavior, Boolean returnStream, Boolean async)
   於 System.Data.SqlClient.SqlCommand.RunExecuteReader(CommandBehavior cmdBehavior, RunBehavior runBehavior, Boolean returnStream, String method, DbAsyncResult result)
   於 System.Data.SqlClient.SqlCommand.RunExecuteReader(CommandBehavior cmdBehavior, RunBehavior runBehavior, Boolean returnStream, String method)
   於 System.Data.SqlClient.SqlCommand.ExecuteReader(CommandBehavior behavior, String method)
   於 System.Data.SqlClient.SqlCommand.ExecuteDbDataReader(CommandBehavior behavior)
   於 System.Data.Linq.SqlClient.SqlProvider.Execute(Expression query, QueryInfo queryInfo, IObjectReaderFactory factory, Object[] parentArgs, Object[] userArgs, ICompiledSubQuery[] subQueries, Object lastResult)
   於 System.Data.Linq.SqlClient.SqlProvider.ExecuteAll(Expression query, QueryInfo[] queryInfos, IObjectReaderFactory factory, Object[] userArguments, ICompiledSubQuery[] subQueries)
   於 System.Data.Linq.SqlClient.SqlProvider.System.Data.Linq.Provider.IProvider.Execute(Expression query)
   於 System.Data.Linq.DataQuery`1.System.Linq.IQueryProvider.Execute[S](Expression expression)
   於 System.Linq.Queryable.FirstOrDefault[TSource](IQueryable`1 source)
   於 JBHR.Sal.Core.SysVar.get_CompanyVar() 於 C:\SVN\Customer\HOLYSTONE\人事薪系統\禾伸堂人事薪資系統\Sal\Core\SysVar.cs: 行 15
   於 JBHR.MainForm.Form1_Load(Object sender, EventArgs e) 於 C:\SVN\Customer\HOLYSTONE\人事薪系統\禾伸堂人事薪資系統\MainForm.cs: 行 171
   於 System.Windows.Forms.Form.OnLoad(EventArgs e)
   於 System.Windows.Forms.Control.CreateControl(Boolean fIgnoreVisible)
   於 System.Windows.Forms.Control.CreateControl()
   於 System.Windows.Forms.Control.WmShowWindow(Message& m)
   於 System.Windows.Forms.Control.WndProc(Message& m)
   於 System.Windows.Forms.Form.WmShowWindow(Message& m)
   於 System.Windows.Forms.Form.WndProc(Message& m)
   於 System.Windows.Forms.NativeWindow.Callback(IntPtr hWnd, Int32 msg, IntPtr wparam, IntPtr lparam)	
2012/11/15 下午 02:33:14	Error:無效的資料行名稱 'AUTO'。	   於 System.Data.SqlClient.SqlConnection.OnError(SqlException exception, Boolean breakConnection)
   於 System.Data.SqlClient.TdsParser.ThrowExceptionAndWarning()
   於 System.Data.SqlClient.TdsParser.Run(RunBehavior runBehavior, SqlCommand cmdHandler, SqlDataReader dataStream, BulkCopySimpleResultSet bulkCopyHandler, TdsParserStateObject stateObj)
   於 System.Data.SqlClient.SqlDataReader.ConsumeMetaData()
   於 System.Data.SqlClient.SqlDataReader.get_MetaData()
   於 System.Data.SqlClient.SqlCommand.FinishExecuteReader(SqlDataReader ds, RunBehavior runBehavior, String resetOptionsString)
   於 System.Data.SqlClient.SqlCommand.RunExecuteReaderTds(CommandBehavior cmdBehavior, RunBehavior runBehavior, Boolean returnStream, Boolean async)
   於 System.Data.SqlClient.SqlCommand.RunExecuteReader(CommandBehavior cmdBehavior, RunBehavior runBehavior, Boolean returnStream, String method, DbAsyncResult result)
   於 System.Data.SqlClient.SqlCommand.RunExecuteReader(CommandBehavior cmdBehavior, RunBehavior runBehavior, Boolean returnStream, String method)
   於 System.Data.SqlClient.SqlCommand.ExecuteReader(CommandBehavior behavior, String method)
   於 System.Data.SqlClient.SqlCommand.ExecuteDbDataReader(CommandBehavior behavior)
   於 System.Data.Linq.SqlClient.SqlProvider.Execute(Expression query, QueryInfo queryInfo, IObjectReaderFactory factory, Object[] parentArgs, Object[] userArgs, ICompiledSubQuery[] subQueries, Object lastResult)
   於 System.Data.Linq.SqlClient.SqlProvider.ExecuteAll(Expression query, QueryInfo[] queryInfos, IObjectReaderFactory factory, Object[] userArguments, ICompiledSubQuery[] subQueries)
   於 System.Data.Linq.SqlClient.SqlProvider.System.Data.Linq.Provider.IProvider.Execute(Expression query)
   於 System.Data.Linq.DataQuery`1.System.Linq.IQueryProvider.Execute[S](Expression expression)
   於 System.Linq.Queryable.FirstOrDefault[TSource](IQueryable`1 source)
   於 JBHR.Sal.Core.SysVar.get_CompanyVar() 於 C:\SVN\Customer\HOLYSTONE\人事薪系統\禾伸堂人事薪資系統\Sal\Core\SysVar.cs: 行 15
   於 JBHR.MainForm.Form1_Load(Object sender, EventArgs e) 於 C:\SVN\Customer\HOLYSTONE\人事薪系統\禾伸堂人事薪資系統\MainForm.cs: 行 171
   於 System.Windows.Forms.Form.OnLoad(EventArgs e)
   於 System.Windows.Forms.Control.CreateControl(Boolean fIgnoreVisible)
   於 System.Windows.Forms.Control.CreateControl()
   於 System.Windows.Forms.Control.WmShowWindow(Message& m)
   於 System.Windows.Forms.Control.WndProc(Message& m)
   於 System.Windows.Forms.Form.WmShowWindow(Message& m)
   於 System.Windows.Forms.Form.WndProc(Message& m)
   於 System.Windows.Forms.NativeWindow.Callback(IntPtr hWnd, Int32 msg, IntPtr wparam, IntPtr lparam)	
2012/11/15 14:35:10	Error:並未將物件參考設定為物件的執行個體。	   於 JBHR.MainForm.SetTitle() 於 C:\SVN\Customer\HOLYSTONE\人事薪系統\禾伸堂人事薪資系統\MainForm.cs: 行 768
   於 JBHR.MainForm.check_login(String userid) 於 C:\SVN\Customer\HOLYSTONE\人事薪系統\禾伸堂人事薪資系統\MainForm.cs: 行 359
   於 JBHR.MainForm.Form1_Load(Object sender, EventArgs e) 於 C:\SVN\Customer\HOLYSTONE\人事薪系統\禾伸堂人事薪資系統\MainForm.cs: 行 190
   於 System.Windows.Forms.Form.OnLoad(EventArgs e)
   於 System.Windows.Forms.Control.CreateControl(Boolean fIgnoreVisible)
   於 System.Windows.Forms.Control.CreateControl()
   於 System.Windows.Forms.Control.WmShowWindow(Message& m)
   於 System.Windows.Forms.Control.WndProc(Message& m)
   於 System.Windows.Forms.Form.WmShowWindow(Message& m)
   於 System.Windows.Forms.Form.WndProc(Message& m)
   於 System.Windows.Forms.NativeWindow.Callback(IntPtr hWnd, Int32 msg, IntPtr wparam, IntPtr lparam)	
2012/11/15 14:35:29	Error:無效的資料行名稱 'Decimals'。	   於 System.Data.SqlClient.SqlConnection.OnError(SqlException exception, Boolean breakConnection)
   於 System.Data.SqlClient.TdsParser.ThrowExceptionAndWarning()
   於 System.Data.SqlClient.TdsParser.Run(RunBehavior runBehavior, SqlCommand cmdHandler, SqlDataReader dataStream, BulkCopySimpleResultSet bulkCopyHandler, TdsParserStateObject stateObj)
   於 System.Data.SqlClient.SqlDataReader.ConsumeMetaData()
   於 System.Data.SqlClient.SqlDataReader.get_MetaData()
   於 System.Data.SqlClient.SqlCommand.FinishExecuteReader(SqlDataReader ds, RunBehavior runBehavior, String resetOptionsString)
   於 System.Data.SqlClient.SqlCommand.RunExecuteReaderTds(CommandBehavior cmdBehavior, RunBehavior runBehavior, Boolean returnStream, Boolean async)
   於 System.Data.SqlClient.SqlCommand.RunExecuteReader(CommandBehavior cmdBehavior, RunBehavior runBehavior, Boolean returnStream, String method, DbAsyncResult result)
   於 System.Data.SqlClient.SqlCommand.RunExecuteReader(CommandBehavior cmdBehavior, RunBehavior runBehavior, Boolean returnStream, String method)
   於 System.Data.SqlClient.SqlCommand.ExecuteReader(CommandBehavior behavior, String method)
   於 System.Data.SqlClient.SqlCommand.ExecuteDbDataReader(CommandBehavior behavior)
   於 System.Data.Common.DbCommand.System.Data.IDbCommand.ExecuteReader(CommandBehavior behavior)
   於 System.Data.Common.DbDataAdapter.FillInternal(DataSet dataset, DataTable[] datatables, Int32 startRecord, Int32 maxRecords, String srcTable, IDbCommand command, CommandBehavior behavior)
   於 System.Data.Common.DbDataAdapter.Fill(DataTable[] dataTables, Int32 startRecord, Int32 maxRecords, IDbCommand command, CommandBehavior behavior)
   於 System.Data.Common.DbDataAdapter.Fill(DataTable dataTable)
   於 JBHR.Sys.SysDSTableAdapters.U_SYS2TableAdapter.FillByComp(U_SYS2DataTable dataTable, String Comp) 於 C:\SVN\Customer\HOLYSTONE\人事薪系統\禾伸堂人事薪資系統\Sys\SysDS.Designer.cs: 行 41937
   於 JBHR.Sys.U_SYS.U_SYS_Load(Object sender, EventArgs e) 於 C:\SVN\Customer\HOLYSTONE\人事薪系統\禾伸堂人事薪資系統\Sys\U_SYS.cs: 行 28
   於 System.EventHandler.Invoke(Object sender, EventArgs e)
   於 System.Windows.Forms.Form.OnLoad(EventArgs e)
   於 JBControls.JBForm.OnLoad(EventArgs e) 於 C:\SVN\Standard\JBControls\JBControls\JBForm.cs: 行 112
   於 System.Windows.Forms.Control.CreateControl(Boolean fIgnoreVisible)
   於 System.Windows.Forms.Control.CreateControl()
   於 System.Windows.Forms.Control.WmShowWindow(Message& m)
   於 System.Windows.Forms.Control.WndProc(Message& m)
   於 System.Windows.Forms.Form.WmShowWindow(Message& m)
   於 System.Windows.Forms.Form.WndProc(Message& m)
   於 System.Windows.Forms.NativeWindow.Callback(IntPtr hWnd, Int32 msg, IntPtr wparam, IntPtr lparam)	
2012/11/15 14:36:59	Error:並未將物件參考設定為物件的執行個體。	   於 JBHR.MainForm.SetTitle() 於 C:\SVN\Customer\HOLYSTONE\人事薪系統\禾伸堂人事薪資系統\MainForm.cs: 行 768
   於 JBHR.MainForm.check_login(String userid) 於 C:\SVN\Customer\HOLYSTONE\人事薪系統\禾伸堂人事薪資系統\MainForm.cs: 行 359
   於 JBHR.MainForm.Form1_Load(Object sender, EventArgs e) 於 C:\SVN\Customer\HOLYSTONE\人事薪系統\禾伸堂人事薪資系統\MainForm.cs: 行 190
   於 System.Windows.Forms.Form.OnLoad(EventArgs e)
   於 System.Windows.Forms.Control.CreateControl(Boolean fIgnoreVisible)
   於 System.Windows.Forms.Control.CreateControl()
   於 System.Windows.Forms.Control.WmShowWindow(Message& m)
   於 System.Windows.Forms.Control.WndProc(Message& m)
   於 System.Windows.Forms.Form.WmShowWindow(Message& m)
   於 System.Windows.Forms.Form.WndProc(Message& m)
   於 System.Windows.Forms.NativeWindow.Callback(IntPtr hWnd, Int32 msg, IntPtr wparam, IntPtr lparam)	
2012/11/15 14:38:53	Error:並未將物件參考設定為物件的執行個體。	   於 JBHR.MainForm.SetTitle() 於 C:\SVN\Customer\HOLYSTONE\人事薪系統\禾伸堂人事薪資系統\MainForm.cs: 行 768
   於 JBHR.MainForm.check_login(String userid) 於 C:\SVN\Customer\HOLYSTONE\人事薪系統\禾伸堂人事薪資系統\MainForm.cs: 行 359
   於 JBHR.MainForm.Form1_Load(Object sender, EventArgs e) 於 C:\SVN\Customer\HOLYSTONE\人事薪系統\禾伸堂人事薪資系統\MainForm.cs: 行 190
   於 System.Windows.Forms.Form.OnLoad(EventArgs e)
   於 System.Windows.Forms.Control.CreateControl(Boolean fIgnoreVisible)
   於 System.Windows.Forms.Control.CreateControl()
   於 System.Windows.Forms.Control.WmShowWindow(Message& m)
   於 System.Windows.Forms.Control.WndProc(Message& m)
   於 System.Windows.Forms.Form.WmShowWindow(Message& m)
   於 System.Windows.Forms.Form.WndProc(Message& m)
   於 System.Windows.Forms.NativeWindow.Callback(IntPtr hWnd, Int32 msg, IntPtr wparam, IntPtr lparam)	
