2021/8/19 上午 09:03:03	Error:無效的物件名稱 'dbo.UserReadDataGroupList'。	   於 System.Data.SqlClient.SqlConnection.OnError(SqlException exception, Boolean breakConnection, Action`1 wrapCloseInAction)
   於 System.Data.SqlClient.SqlInternalConnection.OnError(SqlException exception, Boolean breakConnection, Action`1 wrapCloseInAction)
   於 System.Data.SqlClient.TdsParser.ThrowExceptionAndWarning(TdsParserStateObject stateObj, Boolean callerHasConnectionLock, Boolean asyncClose)
   於 System.Data.SqlClient.TdsParser.TryRun(RunBehavior runBehavior, SqlCommand cmdHandler, SqlDataReader dataStream, BulkCopySimpleResultSet bulkCopyHandler, TdsParserStateObject stateObj, Boolean& dataReady)
   於 System.Data.SqlClient.SqlDataReader.TryConsumeMetaData()
   於 System.Data.SqlClient.SqlDataReader.get_MetaData()
   於 System.Data.SqlClient.SqlCommand.FinishExecuteReader(SqlDataReader ds, RunBehavior runBehavior, String resetOptionsString, Boolean isInternal, Boolean forDescribeParameterEncryption, Boolean shouldCacheForAlwaysEncrypted)
   於 System.Data.SqlClient.SqlCommand.RunExecuteReaderTds(CommandBehavior cmdBehavior, RunBehavior runBehavior, Boolean returnStream, Boolean async, Int32 timeout, Task& task, Boolean asyncWrite, Boolean inRetry, SqlDataReader ds, Boolean describeParameterEncryptionRequest)
   於 System.Data.SqlClient.SqlCommand.RunExecuteReader(CommandBehavior cmdBehavior, RunBehavior runBehavior, Boolean returnStream, String method, TaskCompletionSource`1 completion, Int32 timeout, Task& task, Boolean& usedCache, Boolean asyncWrite, Boolean inRetry)
   於 System.Data.SqlClient.SqlCommand.RunExecuteReader(CommandBehavior cmdBehavior, RunBehavior runBehavior, Boolean returnStream, String method)
   於 System.Data.SqlClient.SqlCommand.ExecuteReader(CommandBehavior behavior, String method)
   於 System.Data.SqlClient.SqlCommand.ExecuteDbDataReader(CommandBehavior behavior)
   於 System.Data.Common.DbCommand.ExecuteReader()
   於 System.Data.Linq.SqlClient.SqlProvider.Execute(Expression query, QueryInfo queryInfo, IObjectReaderFactory factory, Object[] parentArgs, Object[] userArgs, ICompiledSubQuery[] subQueries, Object lastResult)
   於 System.Data.Linq.SqlClient.SqlProvider.ExecuteAll(Expression query, QueryInfo[] queryInfos, IObjectReaderFactory factory, Object[] userArguments, ICompiledSubQuery[] subQueries)
   於 System.Data.Linq.SqlClient.SqlProvider.System.Data.Linq.Provider.IProvider.Execute(Expression query)
   於 System.Data.Linq.DataQuery`1.System.Collections.Generic.IEnumerable<T>.GetEnumerator()
   於 System.Collections.Generic.List`1..ctor(IEnumerable`1 collection)
   於 System.Linq.Enumerable.ToList[TSource](IEnumerable`1 source)
   於 Dal.Dao.Att.TransCardDao.GetBaseByNobr(TransCardCondition Cond) 於 D:\SVN\customer\JBHR2\元件\Dal\Dao\Att\TransCardDao.cs: 行 55
   於 Dal.Dao.Att.TransCardDao.TransCardPool(TransCardCondition oCond) 於 D:\SVN\customer\JBHR2\元件\Dal\Dao\Att\TransCardDao.cs: 行 487
   於 Dal.Dao.Att.TransCardDao.TransCard(String sNobrB, String sNobrE, String sDeptB, String sDeptE, DateTime dDateB, DateTime dDateE, String sKeyMan, Boolean bAttCard, Boolean bAttEnd, Boolean bEzAttCard, String sUserID, String sComp, Boolean bAdmin, Int32 ThreadCount, Boolean PassOtRote) 於 D:\SVN\customer\JBHR2\元件\Dal\Dao\Att\TransCardDao.cs: 行 393
   於 JBHR_CardTextCollector.Program.Main(String[] args) 於 D:\SVN\customer\JBHR2\工具程式\JBHR_CardCollector\JBHR_CardCollector\Program.cs: 行 330	
