2020/2/6 下午 04:27:10	開始程式	
2020/2/6 下午 04:27:10	刷卡時間異常寄發信件到：主管信箱1100100-> tina_yu@globaltek.com.tw	
2020/2/6 下午 04:27:10	刷卡時間異常寄發信件到：主管信箱1200300-> allen_lin@globaltek.com.tw	
2020/2/6 下午 04:27:10	刷卡時間異常寄發信件到：主管信箱1200300-> alice_chen@globaltek.com.tw	
2020/2/6 下午 04:27:10	刷卡時間異常寄發信件到：主管信箱1200400-> FengChu_Hsu@globaltek.com.tw	
2020/2/6 下午 04:27:10	刷卡時間異常寄發信件到：主管信箱1200500-> eddie_chang@globaltek.com.tw	
2020/2/6 下午 04:27:10	刷卡時間異常寄發信件到：主管信箱1310000-> mike@globaltek.com.tw	
2020/2/6 下午 04:27:10	刷卡時間異常寄發信件到：主管信箱1310700-> jessie_cheng@globaltek.com.tw	
2020/2/6 下午 04:27:10	刷卡時間異常寄發信件到：主管信箱1310801-> rita_huang@globaltek.com.tw	
2020/2/6 下午 04:27:10	刷卡時間異常寄發信件到：主管信箱1310900-A-> anson_chen@globaltek.com.tw	
2020/2/6 下午 04:27:10	刷卡時間異常寄發信件到：主管信箱1311001-> ken_cho@globaltek.com.tw	
2020/2/6 下午 04:27:10	刷卡時間異常寄發信件到：主管信箱1311002-> solon_kuo@globaltek.com.tw	
2020/2/6 下午 04:27:10	刷卡時間異常寄發信件到：主管信箱1400700-A-> linda_kao@globaltek.com.tw	
2020/2/6 下午 04:27:11	刷卡時間異常寄發信件到：主管信箱1400801-D-> alan_chiu@globaltek.com.tw	
2020/2/6 下午 04:27:11	刷卡時間異常寄發信件到：主管信箱1400801-D-> arvin_yeh@globaltek.com.tw	
2020/2/6 下午 04:27:11	刷卡時間異常寄發信件到：主管信箱1400801-D-> Charlotte_Chen@globaltek.com.tw	
2020/2/6 下午 04:27:11	刷卡時間異常寄發信件到：主管信箱1400801-D-> kimi_wen@globaltek.com.tw	
2020/2/6 下午 04:27:11	刷卡時間異常寄發信件到：主管信箱1400801-D-> cathy_chen@globaltek.com.tw	
2020/2/6 下午 04:27:11	刷卡時間異常寄發信件到：主管信箱2100200-> Linda_Wang@globaltek.com.tw	
2020/2/6 下午 04:27:11	刷卡時間異常寄發信件到：主管信箱2200200-A-> lichun_chiu@globaltek.com.tw	
2020/2/6 下午 04:27:11	刷卡時間異常寄發信件到：主管信箱2200300-> allen_lin@globaltek.com.tw	
2020/2/6 下午 04:27:11	刷卡時間異常寄發信件到：主管信箱2200300-> alice_chen@globaltek.com.tw	
2020/2/6 下午 04:27:11	刷卡時間異常寄發信件到：主管信箱2200400-> FengChu_Hsu@globaltek.com.tw	
2020/2/6 下午 04:27:11	刷卡時間異常寄發信件到：主管信箱2200500-> eddie_chang@globaltek.com.tw	
2020/2/6 下午 04:27:11	刷卡時間異常寄發信件到：主管信箱2300801-> rita_huang@globaltek.com.tw	
2020/2/6 下午 04:27:11	刷卡時間異常寄發信件到：主管信箱2400802-> Sam_Shih@globaltek.com.tw	
2020/2/6 下午 04:27:11	刷卡時間異常寄發信件到：主管信箱2400802-> Charlotte_Chen@globaltek.com.tw	
2020/2/6 下午 04:27:11	刷卡時間異常寄發信件到：主管信箱2400802-> kimi_wen@globaltek.com.tw	
2020/2/6 下午 04:27:11	刷卡時間異常寄發信件到：主管信箱2400802-> cathy_chen@globaltek.com.tw	
2020/2/6 下午 04:27:11	刷卡時間異常寄發信件到：主管信箱2400805-> Alan_Chiu@globaltek.com.tw	
2020/2/6 下午 04:27:11	刷卡時間異常寄發信件到：主管信箱2400805-> arvin_yeh@globaltek.com.tw	
2020/2/6 下午 04:27:11	刷卡時間異常寄發信件到：主管信箱2400805-> Charlotte_Chen@globaltek.com.tw	
2020/2/6 下午 04:27:11	刷卡時間異常寄發信件到：主管信箱2400805-> kimi_wen@globaltek.com.tw	
2020/2/6 下午 04:27:11	刷卡時間異常寄發信件到：主管信箱2400805-> cathy_chen@globaltek.com.tw	
2020/2/6 下午 04:27:11	刷卡時間異常寄發信件到：主管信箱2400900-> Andrew_Lin@globaltek.com.tw	
2020/2/6 下午 04:27:11	刷卡時間異常寄發信件到：主管信箱2400901-> Andrew_Lin@globaltek.com.tw	
2020/2/6 下午 04:27:11	刷卡時間異常寄發信件到：主管信箱2421001-> Rita_Lin@globaltek.com.tw	
2020/2/6 下午 04:27:11	刷卡時間異常寄發信件到：主管信箱2421002-A-> Ivan_Jiu@globaltek.com.tw	
2020/2/6 下午 04:27:11	刷卡時間異常寄發信件到：主管信箱2421003-> Ari_Chang@globaltek.com.tw	
2020/2/6 下午 04:27:11	刷卡時間異常寄發信件到：主管信箱2421003-> jack_chen@globaltek.com.tw	
2020/2/6 下午 04:27:11	刷卡時間異常寄發信件到：主管信箱2430000-> david_chan@globaltek.com.tw	
2020/2/6 下午 04:27:11	刷卡時間異常寄發信件到：主管信箱2431001-A-> lawrence_yeh@globaltek.com.tw	
2020/2/6 下午 04:27:11	刷卡時間異常寄發信件到：主管信箱2431002-> martin_lin@globaltek.com.tw	
2020/2/6 下午 04:27:11	刷卡時間異常寄發信件到：主管信箱2431003-> David_Chan@globaltek.com.tw	
2020/2/6 下午 04:27:11	刷卡時間異常寄發信件到：主管信箱2431003-> sky_huang@globaltek.com.tw	
2020/2/6 下午 04:27:11	刷卡時間異常寄發信件到：主管信箱2431601-> Alan_Chiu@globaltek.com.tw	
2020/2/6 下午 04:27:11	刷卡時間異常寄發信件到：主管信箱1400806-> jeff_yeh@globaltek.com.tw	
2020/2/6 下午 04:27:11	刷卡時間異常寄發信件到：主管信箱2400804-B-> jeff_yeh@globaltek.com.tw	
2020/2/6 下午 04:27:11	刷卡時間異常寄發信件到：主管信箱2400902-B-> mini_lin@globaltek.com.tw	
2020/2/6 下午 04:27:11	刷卡時間異常寄發信件到：主管信箱2400902-B-> patty_chiu@globaltek.com.tw	
2020/2/6 下午 04:27:11	刷卡時間異常寄發信件到：主管信箱2400802-C-> Sam_Shih@globaltek.com.tw	
2020/2/6 下午 04:27:11	刷卡時間異常寄發信件到：主管信箱2400802-C-> Charlotte_Chen@globaltek.com.tw	
2020/2/6 下午 04:27:11	刷卡時間異常寄發信件到：主管信箱2400802-C-> tom_fu@globaltek.com.tw	
2020/2/6 下午 04:27:11	刷卡時間異常寄發信件到：主管信箱2400802-B-> Sam_Shih@globaltek.com.tw	
2020/2/6 下午 04:27:11	刷卡時間異常寄發信件到：主管信箱2400802-B-> Charlotte_Chen@globaltek.com.tw	
2020/2/6 下午 04:27:11	刷卡時間異常寄發信件到：主管信箱2400802-B-> kimi_wen@globaltek.com.tw	
2020/2/6 下午 04:27:11	刷卡時間異常寄發信件到：主管信箱2400802-B-> cathy_chen@globaltek.com.tw	
2020/2/6 下午 04:27:11	刷卡時間異常寄發信件到：主管信箱2400803-B-> Vic_Chang@globaltek.com.tw	
2020/2/6 下午 04:27:11	刷卡時間異常寄發信件到：主管信箱2400803-B-> Charlotte_Chen@globaltek.com.tw	
2020/2/6 下午 04:27:11	刷卡時間異常寄發信件到：主管信箱2400803-B-> kimi_wen@globaltek.com.tw	
2020/2/6 下午 04:27:11	刷卡時間異常寄發信件到：主管信箱2400803-B-> cathy_chen@globaltek.com.tw	
2020/2/6 下午 04:27:11	刷卡時間異常寄發信件到：主管信箱1400811-> hank_lian@globaltek.com.tw	
2020/2/6 下午 04:27:11	刷卡時間異常寄發信件到：主管信箱1400801-C-> sam_shih@globaltek.com.tw	
2020/2/6 下午 04:27:11	刷卡時間異常寄發信件到：主管信箱1400801-C-> Boa_Chiu@globaltek.com.tw	
2020/2/6 下午 04:27:11	刷卡時間異常寄發信件到：主管信箱1400801-C-> Charlotte_Chen@globaltek.com.tw	
2020/2/6 下午 04:27:11	刷卡時間異常寄發信件到：主管信箱2400802-A-> Sam_Shih@globaltek.com.tw	
2020/2/6 下午 04:27:11	刷卡時間異常寄發信件到：主管信箱2400802-A-> Charlotte_Chen@globaltek.com.tw	
2020/2/6 下午 04:27:11	刷卡時間異常寄發信件到：主管信箱2400802-A-> kimi_wen@globaltek.com.tw	
2020/2/6 下午 04:27:11	刷卡時間異常寄發信件到：主管信箱2400802-A-> cathy_chen@globaltek.com.tw	
2020/2/6 下午 04:27:12	刷卡時間異常寄發信件到：主管信箱2400802-D-> Sam_Shih@globaltek.com.tw	
2020/2/6 下午 04:27:12	刷卡時間異常寄發信件到：主管信箱2400802-D-> Charlotte_Chen@globaltek.com.tw	
2020/2/6 下午 04:27:12	刷卡時間異常寄發信件到：主管信箱2400802-D-> alec_chen@globaltek.com.tw	
2020/2/6 下午 04:27:12	刷卡時間異常寄發信件到：主管信箱2400902-A-> ching_chen@globaltek.com.tw	
2020/2/6 下午 04:27:12	刷卡時間異常寄發信件到：主管信箱2400902-A-> Jin_Chen@globaltek.com.tw	
2020/2/6 下午 04:27:12	刷卡時間異常寄發信件到：主管信箱2400902-A-> Tillie_Chung@globaltek.com.tw	
2020/2/6 下午 04:27:12	刷卡時間異常寄發信件到：主管信箱2400902-A-> MILEY_PENG@GLOBALTEK.COM.TW	
2020/2/6 下午 04:27:12	刷卡時間異常寄發信件到：主管信箱2400801-A-> James_Huang@globaltek.com.tw	
2020/2/6 下午 04:27:12	刷卡時間異常寄發信件到：主管信箱2400801-B-> matt_chuang@globaltek.com.tw	
2020/2/6 下午 04:27:12	刷卡時間異常寄發信件到：主管信箱2431001-B-> jeff_huang@globaltek.com.tw	
2020/2/6 下午 04:27:12	刷卡時間異常寄發信件到：主管信箱2421002-B-> vic_chiang@globaltek.com.tw	
2020/2/6 下午 04:27:12	刷卡時間異常寄發信件到：主管信箱1400801-G-> Charlotte_Chen@globaltek.com.tw	
2020/2/6 下午 04:27:12	刷卡時間異常寄發信件到：主管信箱1400801-G-> kimi_wen@globaltek.com.tw	
2020/2/6 下午 04:27:12	刷卡時間異常寄發信件到：主管信箱1400801-G-> cathy_chen@globaltek.com.tw	
2020/2/6 下午 04:27:12	刷卡時間異常寄發信件到：主管信箱1400801-G-> alec_chen@globaltek.com.tw	
2020/2/6 下午 04:27:12	刷卡時間異常寄發信件到：主管信箱2431002-A-> martin_lin@globaltek.com.tw	
2020/2/6 下午 04:27:12	刷卡時間異常寄發信件到：主管信箱2431002-A-> jeannie_lee@globaltek.com.tw	
2020/2/6 下午 04:27:12	刷卡時間異常寄發信件到：主管信箱1400801-B-> sam_shih@globaltek.com.tw	
2020/2/6 下午 04:27:12	刷卡時間異常寄發信件到：主管信箱1400801-B-> Charlotte_Chen@globaltek.com.tw	
2020/2/6 下午 04:27:12	刷卡時間異常寄發信件到：主管信箱1400801-B-> kimi_wen@globaltek.com.tw	
2020/2/6 下午 04:27:12	刷卡時間異常寄發信件到：主管信箱1400801-B-> cathy_chen@globaltek.com.tw	
2020/2/6 下午 04:27:12	刷卡時間異常寄發信件到：主管信箱2400802-G-> sam_shih@globaltek.com.tw	
2020/2/6 下午 04:27:12	刷卡時間異常寄發信件到：主管信箱2400802-G-> alec_chen@globaltek.com.tw	
2020/2/6 下午 04:27:12	刷卡時間異常寄發信件到：主管信箱2400802-G-> Charlotte_Chen@globaltek.com.tw	
2020/2/6 下午 04:27:12	刷卡時間異常寄發信件到：主管信箱2400802-G-> kimi_wen@globaltek.com.tw	
2020/2/6 下午 04:27:12	刷卡時間異常寄發信件到：主管信箱2400802-G-> cathy_chen@globaltek.com.tw	
2020/2/6 下午 04:27:12	刷卡時間異常寄發信件到：主管信箱1311003-> Patrick_Chao@globaltek.com.tw	
2020/2/6 下午 04:27:12	刷卡時間異常寄發信件到：主管信箱2400804-A-> jeff_yeh@globaltek.com.tw	
2020/2/6 下午 04:27:13	刷卡時間異常寄發信件到：主管信箱2400803-A-> Charlie_hsieh@globaltek.com.tw	
2020/2/6 下午 04:27:13	刷卡時間異常寄發信件到：主管信箱2400803-A-> Charlotte_Chen@globaltek.com.tw	
2020/2/6 下午 04:27:13	刷卡時間異常寄發信件到：主管信箱2400803-A-> kimi_wen@globaltek.com.tw	
2020/2/6 下午 04:27:13	刷卡時間異常寄發信件到：主管信箱2400803-A-> cathy_chen@globaltek.com.tw	
2020/2/6 下午 04:27:28	刷卡時間異常寄發信件到：HR人員say@jbjob.com.tw	
2020/2/6 下午 04:27:28	刷卡時間異常寄發信件到：HR人員say@jbjob.com.tw	
2020/2/6 下午 04:35:50	開始程式	
2020/2/6 下午 04:35:50	刷卡時間異常寄發信件到：主管信箱1100100-> tina_yu@globaltek.com.tw	
2020/2/6 下午 04:35:50	刷卡時間異常寄發信件到：主管信箱1200300-> allen_lin@globaltek.com.tw	
2020/2/6 下午 04:35:50	刷卡時間異常寄發信件到：主管信箱1200300-> alice_chen@globaltek.com.tw	
2020/2/6 下午 04:35:50	刷卡時間異常寄發信件到：主管信箱1200400-> FengChu_Hsu@globaltek.com.tw	
2020/2/6 下午 04:35:50	刷卡時間異常寄發信件到：主管信箱1200500-> eddie_chang@globaltek.com.tw	
2020/2/6 下午 04:35:50	刷卡時間異常寄發信件到：主管信箱1310000-> mike@globaltek.com.tw	
2020/2/6 下午 04:35:50	刷卡時間異常寄發信件到：主管信箱1310700-> jessie_cheng@globaltek.com.tw	
2020/2/6 下午 04:35:50	刷卡時間異常寄發信件到：主管信箱1310801-> rita_huang@globaltek.com.tw	
2020/2/6 下午 04:35:50	刷卡時間異常寄發信件到：主管信箱1310900-A-> anson_chen@globaltek.com.tw	
2020/2/6 下午 04:35:50	刷卡時間異常寄發信件到：主管信箱1311001-> ken_cho@globaltek.com.tw	
2020/2/6 下午 04:35:50	刷卡時間異常寄發信件到：主管信箱1311002-> solon_kuo@globaltek.com.tw	
2020/2/6 下午 04:35:50	刷卡時間異常寄發信件到：主管信箱1400700-A-> linda_kao@globaltek.com.tw	
2020/2/6 下午 04:35:50	刷卡時間異常寄發信件到：主管信箱1400801-D-> alan_chiu@globaltek.com.tw	
2020/2/6 下午 04:35:50	刷卡時間異常寄發信件到：主管信箱1400801-D-> arvin_yeh@globaltek.com.tw	
2020/2/6 下午 04:35:50	刷卡時間異常寄發信件到：主管信箱1400801-D-> Charlotte_Chen@globaltek.com.tw	
2020/2/6 下午 04:35:50	刷卡時間異常寄發信件到：主管信箱1400801-D-> kimi_wen@globaltek.com.tw	
2020/2/6 下午 04:35:50	刷卡時間異常寄發信件到：主管信箱1400801-D-> cathy_chen@globaltek.com.tw	
2020/2/6 下午 04:35:51	刷卡時間異常寄發信件到：主管信箱2100200-> Linda_Wang@globaltek.com.tw	
2020/2/6 下午 04:35:51	刷卡時間異常寄發信件到：主管信箱2200200-A-> lichun_chiu@globaltek.com.tw	
2020/2/6 下午 04:35:51	刷卡時間異常寄發信件到：主管信箱2200300-> allen_lin@globaltek.com.tw	
2020/2/6 下午 04:35:51	刷卡時間異常寄發信件到：主管信箱2200300-> alice_chen@globaltek.com.tw	
2020/2/6 下午 04:35:51	刷卡時間異常寄發信件到：主管信箱2200400-> FengChu_Hsu@globaltek.com.tw	
2020/2/6 下午 04:35:51	刷卡時間異常寄發信件到：主管信箱2200500-> eddie_chang@globaltek.com.tw	
2020/2/6 下午 04:35:51	刷卡時間異常寄發信件到：主管信箱2300801-> rita_huang@globaltek.com.tw	
2020/2/6 下午 04:35:51	刷卡時間異常寄發信件到：主管信箱2400802-> Sam_Shih@globaltek.com.tw	
2020/2/6 下午 04:35:51	刷卡時間異常寄發信件到：主管信箱2400802-> Charlotte_Chen@globaltek.com.tw	
2020/2/6 下午 04:35:51	刷卡時間異常寄發信件到：主管信箱2400802-> kimi_wen@globaltek.com.tw	
2020/2/6 下午 04:35:51	刷卡時間異常寄發信件到：主管信箱2400802-> cathy_chen@globaltek.com.tw	
2020/2/6 下午 04:35:51	刷卡時間異常寄發信件到：主管信箱2400805-> Alan_Chiu@globaltek.com.tw	
2020/2/6 下午 04:35:51	刷卡時間異常寄發信件到：主管信箱2400805-> arvin_yeh@globaltek.com.tw	
2020/2/6 下午 04:35:51	刷卡時間異常寄發信件到：主管信箱2400805-> Charlotte_Chen@globaltek.com.tw	
2020/2/6 下午 04:35:51	刷卡時間異常寄發信件到：主管信箱2400805-> kimi_wen@globaltek.com.tw	
2020/2/6 下午 04:35:51	刷卡時間異常寄發信件到：主管信箱2400805-> cathy_chen@globaltek.com.tw	
2020/2/6 下午 04:35:51	刷卡時間異常寄發信件到：主管信箱2400900-> Andrew_Lin@globaltek.com.tw	
2020/2/6 下午 04:35:51	刷卡時間異常寄發信件到：主管信箱2400901-> Andrew_Lin@globaltek.com.tw	
2020/2/6 下午 04:35:51	刷卡時間異常寄發信件到：主管信箱2421001-> Rita_Lin@globaltek.com.tw	
2020/2/6 下午 04:35:51	刷卡時間異常寄發信件到：主管信箱2421002-A-> Ivan_Jiu@globaltek.com.tw	
2020/2/6 下午 04:35:51	刷卡時間異常寄發信件到：主管信箱2421003-> Ari_Chang@globaltek.com.tw	
2020/2/6 下午 04:35:51	刷卡時間異常寄發信件到：主管信箱2421003-> jack_chen@globaltek.com.tw	
2020/2/6 下午 04:35:51	刷卡時間異常寄發信件到：主管信箱2430000-> david_chan@globaltek.com.tw	
2020/2/6 下午 04:35:51	刷卡時間異常寄發信件到：主管信箱2431001-A-> lawrence_yeh@globaltek.com.tw	
2020/2/6 下午 04:35:51	刷卡時間異常寄發信件到：主管信箱2431002-> martin_lin@globaltek.com.tw	
2020/2/6 下午 04:35:51	刷卡時間異常寄發信件到：主管信箱2431003-> David_Chan@globaltek.com.tw	
2020/2/6 下午 04:35:51	刷卡時間異常寄發信件到：主管信箱2431003-> sky_huang@globaltek.com.tw	
2020/2/6 下午 04:35:51	刷卡時間異常寄發信件到：主管信箱2431601-> Alan_Chiu@globaltek.com.tw	
2020/2/6 下午 04:35:51	刷卡時間異常寄發信件到：主管信箱1400806-> jeff_yeh@globaltek.com.tw	
2020/2/6 下午 04:35:51	刷卡時間異常寄發信件到：主管信箱2400804-B-> jeff_yeh@globaltek.com.tw	
2020/2/6 下午 04:35:51	刷卡時間異常寄發信件到：主管信箱2400902-B-> mini_lin@globaltek.com.tw	
2020/2/6 下午 04:35:51	刷卡時間異常寄發信件到：主管信箱2400902-B-> patty_chiu@globaltek.com.tw	
2020/2/6 下午 04:35:51	刷卡時間異常寄發信件到：主管信箱2400802-C-> Sam_Shih@globaltek.com.tw	
2020/2/6 下午 04:35:51	刷卡時間異常寄發信件到：主管信箱2400802-C-> Charlotte_Chen@globaltek.com.tw	
2020/2/6 下午 04:35:51	刷卡時間異常寄發信件到：主管信箱2400802-C-> tom_fu@globaltek.com.tw	
2020/2/6 下午 04:35:51	刷卡時間異常寄發信件到：主管信箱2400802-B-> Sam_Shih@globaltek.com.tw	
2020/2/6 下午 04:35:51	刷卡時間異常寄發信件到：主管信箱2400802-B-> Charlotte_Chen@globaltek.com.tw	
2020/2/6 下午 04:35:51	刷卡時間異常寄發信件到：主管信箱2400802-B-> kimi_wen@globaltek.com.tw	
2020/2/6 下午 04:35:51	刷卡時間異常寄發信件到：主管信箱2400802-B-> cathy_chen@globaltek.com.tw	
2020/2/6 下午 04:35:51	刷卡時間異常寄發信件到：主管信箱2400803-B-> Vic_Chang@globaltek.com.tw	
2020/2/6 下午 04:35:51	刷卡時間異常寄發信件到：主管信箱2400803-B-> Charlotte_Chen@globaltek.com.tw	
2020/2/6 下午 04:35:51	刷卡時間異常寄發信件到：主管信箱2400803-B-> kimi_wen@globaltek.com.tw	
2020/2/6 下午 04:35:51	刷卡時間異常寄發信件到：主管信箱2400803-B-> cathy_chen@globaltek.com.tw	
2020/2/6 下午 04:35:51	刷卡時間異常寄發信件到：主管信箱1400811-> hank_lian@globaltek.com.tw	
2020/2/6 下午 04:35:51	刷卡時間異常寄發信件到：主管信箱1400801-C-> sam_shih@globaltek.com.tw	
2020/2/6 下午 04:35:51	刷卡時間異常寄發信件到：主管信箱1400801-C-> Boa_Chiu@globaltek.com.tw	
2020/2/6 下午 04:35:51	刷卡時間異常寄發信件到：主管信箱1400801-C-> Charlotte_Chen@globaltek.com.tw	
2020/2/6 下午 04:35:51	刷卡時間異常寄發信件到：主管信箱2400802-A-> Sam_Shih@globaltek.com.tw	
2020/2/6 下午 04:35:51	刷卡時間異常寄發信件到：主管信箱2400802-A-> Charlotte_Chen@globaltek.com.tw	
2020/2/6 下午 04:35:51	刷卡時間異常寄發信件到：主管信箱2400802-A-> kimi_wen@globaltek.com.tw	
2020/2/6 下午 04:35:51	刷卡時間異常寄發信件到：主管信箱2400802-A-> cathy_chen@globaltek.com.tw	
2020/2/6 下午 04:35:51	刷卡時間異常寄發信件到：主管信箱2400802-D-> Sam_Shih@globaltek.com.tw	
2020/2/6 下午 04:35:51	刷卡時間異常寄發信件到：主管信箱2400802-D-> Charlotte_Chen@globaltek.com.tw	
2020/2/6 下午 04:35:51	刷卡時間異常寄發信件到：主管信箱2400802-D-> alec_chen@globaltek.com.tw	
2020/2/6 下午 04:35:52	刷卡時間異常寄發信件到：主管信箱2400902-A-> ching_chen@globaltek.com.tw	
2020/2/6 下午 04:35:52	刷卡時間異常寄發信件到：主管信箱2400902-A-> Jin_Chen@globaltek.com.tw	
2020/2/6 下午 04:35:52	刷卡時間異常寄發信件到：主管信箱2400902-A-> Tillie_Chung@globaltek.com.tw	
2020/2/6 下午 04:35:52	刷卡時間異常寄發信件到：主管信箱2400902-A-> MILEY_PENG@GLOBALTEK.COM.TW	
2020/2/6 下午 04:35:52	刷卡時間異常寄發信件到：主管信箱2400801-A-> James_Huang@globaltek.com.tw	
2020/2/6 下午 04:35:52	刷卡時間異常寄發信件到：主管信箱2400801-B-> matt_chuang@globaltek.com.tw	
2020/2/6 下午 04:35:52	刷卡時間異常寄發信件到：主管信箱2431001-B-> jeff_huang@globaltek.com.tw	
2020/2/6 下午 04:35:52	刷卡時間異常寄發信件到：主管信箱2421002-B-> vic_chiang@globaltek.com.tw	
2020/2/6 下午 04:35:52	刷卡時間異常寄發信件到：主管信箱1400801-G-> Charlotte_Chen@globaltek.com.tw	
2020/2/6 下午 04:35:52	刷卡時間異常寄發信件到：主管信箱1400801-G-> kimi_wen@globaltek.com.tw	
2020/2/6 下午 04:35:52	刷卡時間異常寄發信件到：主管信箱1400801-G-> cathy_chen@globaltek.com.tw	
2020/2/6 下午 04:35:52	刷卡時間異常寄發信件到：主管信箱1400801-G-> alec_chen@globaltek.com.tw	
2020/2/6 下午 04:35:52	刷卡時間異常寄發信件到：主管信箱2431002-A-> martin_lin@globaltek.com.tw	
2020/2/6 下午 04:35:52	刷卡時間異常寄發信件到：主管信箱2431002-A-> jeannie_lee@globaltek.com.tw	
2020/2/6 下午 04:35:52	刷卡時間異常寄發信件到：主管信箱1400801-B-> sam_shih@globaltek.com.tw	
2020/2/6 下午 04:35:52	刷卡時間異常寄發信件到：主管信箱1400801-B-> Charlotte_Chen@globaltek.com.tw	
2020/2/6 下午 04:35:52	刷卡時間異常寄發信件到：主管信箱1400801-B-> kimi_wen@globaltek.com.tw	
2020/2/6 下午 04:35:52	刷卡時間異常寄發信件到：主管信箱1400801-B-> cathy_chen@globaltek.com.tw	
2020/2/6 下午 04:35:52	刷卡時間異常寄發信件到：主管信箱2400802-G-> sam_shih@globaltek.com.tw	
2020/2/6 下午 04:35:52	刷卡時間異常寄發信件到：主管信箱2400802-G-> alec_chen@globaltek.com.tw	
2020/2/6 下午 04:35:52	刷卡時間異常寄發信件到：主管信箱2400802-G-> Charlotte_Chen@globaltek.com.tw	
2020/2/6 下午 04:35:52	刷卡時間異常寄發信件到：主管信箱2400802-G-> kimi_wen@globaltek.com.tw	
2020/2/6 下午 04:35:52	刷卡時間異常寄發信件到：主管信箱2400802-G-> cathy_chen@globaltek.com.tw	
2020/2/6 下午 04:35:52	刷卡時間異常寄發信件到：主管信箱1311003-> Patrick_Chao@globaltek.com.tw	
2020/2/6 下午 04:35:52	刷卡時間異常寄發信件到：主管信箱2400804-A-> jeff_yeh@globaltek.com.tw	
2020/2/6 下午 04:35:52	刷卡時間異常寄發信件到：主管信箱2400803-A-> Charlie_hsieh@globaltek.com.tw	
2020/2/6 下午 04:35:52	刷卡時間異常寄發信件到：主管信箱2400803-A-> Charlotte_Chen@globaltek.com.tw	
2020/2/6 下午 04:35:52	刷卡時間異常寄發信件到：主管信箱2400803-A-> kimi_wen@globaltek.com.tw	
2020/2/6 下午 04:35:52	刷卡時間異常寄發信件到：主管信箱2400803-A-> cathy_chen@globaltek.com.tw	
2020/2/6 下午 04:37:46	刷卡時間異常寄發信件到：HR人員say@jbjob.com.tw	
2020/2/6 下午 04:38:48	刷卡時間異常寄發信件到：HR人員say@jbjob.com.tw	
2020/2/6 下午 04:40:47	開始程式	
2020/2/6 下午 04:40:48	本日出勤早到晚走同仁共有：119	
