2013/5/24 下午 01:52:37	開始程式	
2013/5/24 下午 01:52:37	寄發信件到：主管信箱32cc243c-ee43-4742-a1b5-e16f072a710b	
2013/5/24 下午 01:53:04		資料行 'd_name' 不屬於資料表 。
   於 System.Data.DataRow.GetDataColumn(String columnName)
   於 System.Data.DataRow.get_Item(String columnName)
   於 sendAttendMail.SendAttend2.DoSend() 於 D:\SVNJBHRProject\Customer\SCHMID\工具程式\SchmidSendAttend\SendAttend2.cs: 行 324
2013/5/24 下午 01:54:11	結束程式	
2013/5/24 下午 01:56:33	開始程式	
2013/5/24 下午 01:56:33	寄發信件到：主管信箱32cc243c-ee43-4742-a1b5-e16f072a710b	
2013/5/24 下午 01:56:56	開始程式	
2013/5/24 下午 01:56:56	寄發信件到：主管信箱32cc243c-ee43-4742-a1b5-e16f072a710b	
2013/5/24 下午 01:57:32	開始程式	
2013/5/24 下午 01:57:32	寄發信件到：主管信箱32cc243c-ee43-4742-a1b5-e16f072a710b	
2013/5/24 下午 01:57:32		資料行 'd_name' 不屬於資料表 。
   於 System.Data.DataRow.GetDataColumn(String columnName)
   於 System.Data.DataRow.get_Item(String columnName)
   於 sendAttendMail.SendAttend2.DoSend() 於 D:\SVNJBHRProject\Customer\SCHMID\工具程式\SchmidSendAttend\SendAttend2.cs: 行 325
2013/5/24 下午 01:57:32	結束程式	
2013/5/24 下午 02:05:06	開始程式	
2013/5/24 下午 02:05:06		資料行 'dept.D_NO_DISP' 在選取清單中無效，因為它並未包含在彙總函式或 GROUP BY 子句中。
   於 System.Data.SqlClient.SqlConnection.OnError(SqlException exception, Boolean breakConnection)
   於 System.Data.SqlClient.SqlInternalConnection.OnError(SqlException exception, Boolean breakConnection)
   於 System.Data.SqlClient.TdsParser.ThrowExceptionAndWarning()
   於 System.Data.SqlClient.TdsParser.Run(RunBehavior runBehavior, SqlCommand cmdHandler, SqlDataReader dataStream, BulkCopySimpleResultSet bulkCopyHandler, TdsParserStateObject stateObj)
   於 System.Data.SqlClient.SqlDataReader.ConsumeMetaData()
   於 System.Data.SqlClient.SqlDataReader.get_MetaData()
   於 System.Data.SqlClient.SqlCommand.FinishExecuteReader(SqlDataReader ds, RunBehavior runBehavior, String resetOptionsString)
   於 System.Data.SqlClient.SqlCommand.RunExecuteReaderTds(CommandBehavior cmdBehavior, RunBehavior runBehavior, Boolean returnStream, Boolean async)
   於 System.Data.SqlClient.SqlCommand.RunExecuteReader(CommandBehavior cmdBehavior, RunBehavior runBehavior, Boolean returnStream, String method, DbAsyncResult result)
   於 System.Data.SqlClient.SqlCommand.RunExecuteReader(CommandBehavior cmdBehavior, RunBehavior runBehavior, Boolean returnStream, String method)
   於 System.Data.SqlClient.SqlCommand.ExecuteReader(CommandBehavior behavior, String method)
   於 System.Data.SqlClient.SqlCommand.ExecuteDbDataReader(CommandBehavior behavior)
   於 System.Data.Common.DbCommand.System.Data.IDbCommand.ExecuteReader(CommandBehavior behavior)
   於 System.Data.Common.DbDataAdapter.FillInternal(DataSet dataset, DataTable[] datatables, Int32 startRecord, Int32 maxRecords, String srcTable, IDbCommand command, CommandBehavior behavior)
   於 System.Data.Common.DbDataAdapter.Fill(DataTable[] dataTables, Int32 startRecord, Int32 maxRecords, IDbCommand command, CommandBehavior behavior)
   於 System.Data.Common.DbDataAdapter.Fill(DataTable dataTable)
   於 sendAttendMail.SendAttend2.DoSend() 於 D:\SVNJBHRProject\Customer\SCHMID\工具程式\SchmidSendAttend\SendAttend2.cs: 行 114
2013/5/24 下午 02:05:06	結束程式	
2013/5/24 下午 02:06:14	開始程式	
2013/5/24 下午 02:06:14	寄發信件到：主管信箱32cc243c-ee43-4742-a1b5-e16f072a710b	
2013/5/24 下午 02:06:35	寄發信件到：主管信箱Z004-> TSENG.CA;CHIU.LA;LIN.DV;LIN.FO	
2013/5/24 下午 02:06:35	寄發信件到：主管信箱Z004-> TSENG.CA;CHIU.LA;LIN.DV;LIN.FO	
2013/5/24 下午 02:06:35	寄發信件到：主管信箱Z004-> TSENG.CA;CHIU.LA;LIN.DV;LIN.FO	
2013/5/24 下午 02:06:36	寄發信件到：主管信箱Z004-> TSENG.CA;CHIU.LA;LIN.DV;LIN.FO	
2013/5/24 下午 02:06:36	寄發信件到：主管信箱8517b061-973a-40d8-bf4e-35eb892e0f9a	
2013/5/24 下午 02:06:36	寄發信件到：主管信箱A002-> LIU.DA;SUN.JI	
2013/5/24 下午 02:06:36	寄發信件到：主管信箱A002-> LIU.DA;SUN.JI	
2013/5/24 下午 02:06:36	寄發信件到：主管信箱A002	
2013/5/24 下午 02:06:37	寄發信件到：主管信箱F001-> LIN.FO;LIN.DV	
2013/5/24 下午 02:06:37	寄發信件到：主管信箱F001-> LIN.FO;LIN.DV	
2013/5/24 下午 02:06:37	寄發信件到：主管信箱F001	
2013/5/24 下午 02:06:37	寄發信件到：主管信箱F002-> YU.PE;HUANG.KE	
2013/5/24 下午 02:06:37	寄發信件到：主管信箱F002-> YU.PE;HUANG.KE	
2013/5/24 下午 02:06:37	寄發信件到：主管信箱F002	
2013/5/24 下午 02:06:38	寄發信件到：主管信箱F003-> WU.SA;HUANG.TO;TANG.EI	
2013/5/24 下午 02:06:38	寄發信件到：主管信箱F003-> WU.SA;HUANG.TO;TANG.EI	
2013/5/24 下午 02:06:38	寄發信件到：主管信箱F003-> WU.SA;HUANG.TO;TANG.EI	
2013/5/24 下午 02:06:38	寄發信件到：主管信箱F003	
2013/5/24 下午 02:06:39	寄發信件到：主管信箱F004-> YU.PE;CHEN.KW	
2013/5/24 下午 02:06:39	寄發信件到：主管信箱F004-> YU.PE;CHEN.KW	
2013/5/24 下午 02:06:39	寄發信件到：主管信箱F004	
2013/5/24 下午 02:06:39	寄發信件到：主管信箱F005-> TING.MI;LI.ER;HSU.NI	
2013/5/24 下午 02:06:40	寄發信件到：主管信箱F005-> TING.MI;LI.ER;HSU.NI	
2013/5/24 下午 02:06:40	寄發信件到：主管信箱F005-> TING.MI;LI.ER;HSU.NI	
2013/5/24 下午 02:06:40	寄發信件到：主管信箱F005	
2013/5/24 下午 02:06:40	寄發信件到：主管信箱F006-> YU.PE	
2013/5/24 下午 02:06:40	寄發信件到：主管信箱F006	
2013/5/24 下午 02:06:40	寄發信件到：主管信箱F007-> YU.PE	
2013/5/24 下午 02:06:40	寄發信件到：主管信箱F007	
2013/5/24 下午 02:06:41	寄發信件到：主管信箱M004-> TSENG.WI;KAO.RA	
2013/5/24 下午 02:06:41	寄發信件到：主管信箱M004-> TSENG.WI;KAO.RA	
2013/5/24 下午 02:06:41	寄發信件到：主管信箱M004	
2013/5/24 下午 02:06:41	寄發信件到：主管信箱M005-> TSENG.WI;LEE.BE;LIN.PE	
2013/5/24 下午 02:06:41	寄發信件到：主管信箱M005-> TSENG.WI;LEE.BE;LIN.PE	
2013/5/24 下午 02:06:42	寄發信件到：主管信箱M005-> TSENG.WI;LEE.BE;LIN.PE	
2013/5/24 下午 02:06:42	寄發信件到：主管信箱M005	
2013/5/24 下午 02:06:42	寄發信件到：主管信箱M006	
2013/5/24 下午 02:06:42	寄發信件到：主管信箱M007-> TSENG.WI;LIN.PE	
2013/5/24 下午 02:06:42	寄發信件到：主管信箱M007-> TSENG.WI;LIN.PE	
2013/5/24 下午 02:06:42	寄發信件到：主管信箱M007	
2013/5/24 下午 02:06:43	寄發信件到：主管信箱M008-> TSENG.WI;KAO.RA;LIN.PE	
2013/5/24 下午 02:06:43	寄發信件到：主管信箱M008-> TSENG.WI;KAO.RA;LIN.PE	
2013/5/24 下午 02:06:43	寄發信件到：主管信箱M008-> TSENG.WI;KAO.RA;LIN.PE	
2013/5/24 下午 02:06:43	寄發信件到：主管信箱M008	
2013/5/24 下午 02:06:43	寄發信件到：主管信箱M011-> LAI.YU;LI.LE;WANG.MI	
2013/5/24 下午 02:06:44	寄發信件到：主管信箱M011-> LAI.YU;LI.LE;WANG.MI	
2013/5/24 下午 02:06:44	寄發信件到：主管信箱M011-> LAI.YU;LI.LE;WANG.MI	
2013/5/24 下午 02:06:44	寄發信件到：主管信箱M011	
2013/5/24 下午 02:06:44	寄發信件到：主管信箱M012-> HSIEH.CH;LIU.DY;WANG.MI	
2013/5/24 下午 02:06:45	寄發信件到：主管信箱M012-> HSIEH.CH;LIU.DY;WANG.MI	
2013/5/24 下午 02:06:45	寄發信件到：主管信箱M012-> HSIEH.CH;LIU.DY;WANG.MI	
2013/5/24 下午 02:06:45	寄發信件到：主管信箱M012	
2013/5/24 下午 02:06:45	寄發信件到：主管信箱M013-> TSENG.WI;LAN.LA	
2013/5/24 下午 02:06:45	寄發信件到：主管信箱M013-> TSENG.WI;LAN.LA	
2013/5/24 下午 02:06:45	寄發信件到：主管信箱M013	
2013/5/24 下午 02:06:46	寄發信件到：主管信箱M015-> TSENG.CA;WANG.SE	
2013/5/24 下午 02:06:46	寄發信件到：主管信箱M015-> TSENG.CA;WANG.SE	
2013/5/24 下午 02:06:46	寄發信件到：主管信箱M015	
2013/5/24 下午 02:06:46	寄發信件到：主管信箱M016-> HUANG.AN;LIN.FO	
2013/5/24 下午 02:06:47	寄發信件到：主管信箱M016-> HUANG.AN;LIN.FO	
2013/5/24 下午 02:06:47	寄發信件到：主管信箱M016	
2013/5/24 下午 02:06:47	寄發信件到：主管信箱P002-> LU.MO;YANG.JA	
2013/5/24 下午 02:06:47	寄發信件到：主管信箱P002-> LU.MO;YANG.JA	
2013/5/24 下午 02:06:47	寄發信件到：主管信箱P002	
2013/5/24 下午 02:06:48	寄發信件到：主管信箱P003-> WU.CO;LIANG.ST	
2013/5/24 下午 02:06:48	寄發信件到：主管信箱P003-> WU.CO;LIANG.ST	
2013/5/24 下午 02:06:48	寄發信件到：主管信箱P003	
2013/5/24 下午 02:06:48	寄發信件到：主管信箱P004-> WU.JE;HUANG.JF;CHANG.NA	
2013/5/24 下午 02:06:48	寄發信件到：主管信箱P004-> WU.JE;HUANG.JF;CHANG.NA	
2013/5/24 下午 02:06:49	寄發信件到：主管信箱P004-> WU.JE;HUANG.JF;CHANG.NA	
2013/5/24 下午 02:06:49	寄發信件到：主管信箱P004	
2013/5/24 下午 02:06:49	寄發信件到：主管信箱P011-> TSENG.CA;CHIU.LA	
2013/5/24 下午 02:06:49	寄發信件到：主管信箱P011-> TSENG.CA;CHIU.LA	
2013/5/24 下午 02:06:49	寄發信件到：主管信箱P011	
2013/5/24 下午 02:06:50	寄發信件到：主管信箱P013-> TSENG.CA;YANG.TS	
2013/5/24 下午 02:06:50	寄發信件到：主管信箱P013-> TSENG.CA;YANG.TS	
2013/5/24 下午 02:06:50	寄發信件到：主管信箱P013	
2013/5/24 下午 02:06:50	寄發信件到：主管信箱PV002-> LIU.IV;YU.JO	
2013/5/24 下午 02:06:51	寄發信件到：主管信箱PV002-> LIU.IV;YU.JO	
2013/5/24 下午 02:06:51	寄發信件到：主管信箱PV002	
2013/5/24 下午 02:06:51	寄發信件到：主管信箱PV0025-> HSIEH.AP;CHOU.AL	
2013/5/24 下午 02:06:51	寄發信件到：主管信箱PV0025-> HSIEH.AP;CHOU.AL	
2013/5/24 下午 02:06:51	寄發信件到：主管信箱PV0025	
2013/5/24 下午 02:06:52	寄發信件到：主管信箱PV003-> HSU.AL;CHIANG.BO	
2013/5/24 下午 02:06:52	寄發信件到：主管信箱PV003-> HSU.AL;CHIANG.BO	
2013/5/24 下午 02:06:52	寄發信件到：主管信箱PV003	
2013/5/24 下午 02:06:52	寄發信件到：主管信箱PV004-> LIN.GR;CHU.JO;CHIANG.JO	
2013/5/24 下午 02:06:52	寄發信件到：主管信箱PV004-> LIN.GR;CHU.JO;CHIANG.JO	
2013/5/24 下午 02:06:53	寄發信件到：主管信箱PV004-> LIN.GR;CHU.JO;CHIANG.JO	
2013/5/24 下午 02:06:53	寄發信件到：主管信箱PV004	
2013/5/24 下午 02:06:53	寄發信件到：主管信箱PV005-> TSENG.CA;CHO.CH	
2013/5/24 下午 02:06:53	寄發信件到：主管信箱PV005-> TSENG.CA;CHO.CH	
2013/5/24 下午 02:06:53	寄發信件到：主管信箱PV005	
2013/5/24 下午 02:06:53	結束程式	
