2016/10/12 下午 02:16:33	服務開始執行...	
2016/10/12 下午 02:16:33	匯入版本：20150407v2	
2016/10/12 下午 02:16:33	人事資料庫：EMC_HR	
2016/10/12 下午 02:16:33	表單資料庫：ezFlow	
2016/10/12 下午 02:16:33	測試匯入：False	
2016/10/12 下午 02:16:33	測試信箱：ming@jbjob.com.tw	
2016/10/12 下午 02:16:33	完整匯入：True	
2016/10/12 下午 02:16:33	密碼同步：True	
2016/10/12 下午 02:16:33	帳號前置名稱：	
2016/10/12 下午 02:16:33	部門起始匯入代碼：	
2016/10/12 下午 02:16:33	角色上層空白：False	
2016/10/12 下午 02:16:33	匯入生效日：2016/10/12	
2016/10/12 下午 02:16:33	部門階層正向：False	
2016/10/12 下午 02:16:33	修正錯誤：True	
2016/10/12 下午 02:16:33	載入所需資料...	
2016/10/12 下午 02:16:33	目前資料情況	
2016/10/12 下午 02:16:33	===================	
2016/10/12 下午 02:16:33	表單員工總數：820	
2016/10/12 下午 02:16:33	表單部門總數：65	
2016/10/12 下午 02:16:34	表單職稱總數：65	
2016/10/12 下午 02:16:34	===================	
2016/10/12 下午 02:16:34	應轉員工總數：820	
2016/10/12 下午 02:16:34	應轉部門總數：65	
2016/10/12 下午 02:16:34	應轉職稱總數：65	
2016/10/12 下午 02:16:34	===================	
2016/10/12 下午 02:16:34	開始匯入...	
2016/10/12 下午 02:16:34	備份表單員工資料...	
2016/10/12 下午 02:16:34	系統關閉中...	
2016/10/12 下午 02:16:34	刪除表單基本資料...	
2016/10/12 下午 02:16:34	匯入員工及角色基本資料...	
2016/10/12 下午 02:16:34	匯入部門組織及部門階層...	
2016/10/12 下午 02:16:34	匯入職稱...	
2016/10/12 下午 02:16:34	建立部門從屬關係與產生部門路徑...	
2016/10/12 下午 02:16:34	匯入部門所設定的主管...	
2016/10/12 下午 02:16:34	建立角色從屬關係...	
2016/10/12 下午 02:16:34	資料儲存中(需要比較久的時間)...	
2016/10/12 下午 02:16:35	修正錯誤(需要比較久的時間)...	
2016/10/12 下午 02:16:35	系統開啟中...	
2016/10/12 下午 02:16:35	結束匯入...	
2016/10/12 下午 02:16:35	服務結束執行...共花1.4843843秒	
2016/10/12 下午 02:16:35		
