2021/3/3 上午 10:24:47	服務開始執行...	
2021/3/3 上午 10:24:47	匯入版本：20190726	
2021/3/3 上午 10:24:47	人事資料庫：HRM_API	
2021/3/3 上午 10:24:47	表單資料庫：ezFlow	
2021/3/3 上午 10:24:47	測試匯入：False	
2021/3/3 上午 10:24:47	測試信箱：joumingt@gmail.com	
2021/3/3 上午 10:24:47	完整匯入：True	
2021/3/3 上午 10:24:47	密碼同步：True	
2021/3/3 上午 10:24:47	帳號前置名稱：	
2021/3/3 上午 10:24:47	部門起始匯入代碼：	
2021/3/3 上午 10:24:47	角色上層空白：False	
2021/3/3 上午 10:24:47	匯入生效日：2021/3/3	
2021/3/3 上午 10:24:47	部門階層正向：False	
2021/3/3 上午 10:24:47	修正錯誤：True	
2021/3/3 上午 10:24:47	載入所需資料...	
2021/3/3 上午 10:24:49	目前資料情況	
2021/3/3 上午 10:24:49	===================	
2021/3/3 上午 10:24:49	表單員工總數：13057	
2021/3/3 上午 10:24:49	表單部門總數：729	
2021/3/3 上午 10:24:49	表單職稱總數：2087	
2021/3/3 上午 10:24:49	===================	
2021/3/3 上午 10:24:49	應轉員工總數：446	
2021/3/3 上午 10:24:49	應轉部門總數：104	
2021/3/3 上午 10:24:49	應轉職稱總數：35	
2021/3/3 上午 10:24:49	===================	
2021/3/3 上午 10:24:49	開始匯入...	
2021/3/3 上午 10:24:49	備份表單員工資料...	
2021/3/3 上午 10:24:51	系統關閉中...	
2021/3/3 上午 10:24:51	刪除表單基本資料...	
2021/3/3 上午 10:24:51	匯入員工及角色基本資料...	
2021/3/3 上午 10:24:52	匯入部門組織及部門階層...	
2021/3/3 上午 10:24:52	匯入職稱...	
2021/3/3 上午 10:24:52	建立部門從屬關係與產生部門路徑...	
2021/3/3 上午 10:24:52	匯入部門所設定的主管...	
2021/3/3 上午 10:24:52	建立角色從屬關係...	
2021/3/3 上午 10:24:52	資料儲存中(需要比較久的時間)...	
2021/3/3 上午 10:24:56	系統開啟中...	
2021/3/3 上午 10:24:56	結束匯入...	
2021/3/3 上午 10:24:56	服務結束執行...共花9.3071793秒	
2021/3/3 上午 10:24:56		
