2018/3/9 下午 01:44:35	服務開始執行...	
2018/3/9 下午 01:44:35	匯入版本：20180307v1	
2018/3/9 下午 01:44:37	人事資料庫：EMC_HR	
2018/3/9 下午 01:44:37	表單資料庫：ezFlow_EMC	
2018/3/9 下午 01:44:38	測試匯入：False	
2018/3/9 下午 01:44:39	測試信箱：wei@jbjob.com.tw	
2018/3/9 下午 01:44:39	完整匯入：True	
2018/3/9 下午 01:44:39	密碼同步：True	
2018/3/9 下午 01:44:39	帳號前置名稱：	
2018/3/9 下午 01:44:39	部門起始匯入代碼：	
2018/3/9 下午 01:44:40	角色上層空白：False	
2018/3/9 下午 01:44:40	匯入生效日：2018/3/9	
2018/3/9 下午 01:44:40	部門階層正向：False	
2018/3/9 下午 01:44:41	修正錯誤：True	
2018/3/9 下午 01:44:41	載入所需資料...	
2018/3/9 下午 01:44:41	目前資料情況	
2018/3/9 下午 01:44:41	===================	
2018/3/9 下午 01:44:42	表單員工總數：969	
2018/3/9 下午 01:44:42	表單部門總數：72	
2018/3/9 下午 01:44:42	表單職稱總數：72	
2018/3/9 下午 01:44:42	===================	
2018/3/9 下午 01:44:42	應轉員工總數：969	
2018/3/9 下午 01:44:42	應轉部門總數：72	
2018/3/9 下午 01:44:42	應轉職稱總數：72	
2018/3/9 下午 01:44:42	===================	
2018/3/9 下午 01:44:43	開始匯入...	
2018/3/9 下午 01:44:43	備份表單員工資料...	
2018/3/9 下午 01:44:43	系統關閉中...	
2018/3/9 下午 01:44:44	刪除表單基本資料...	
2018/3/9 下午 01:44:45	匯入員工及角色基本資料...	
2018/3/9 下午 01:44:45	匯入部門組織及部門階層...	
2018/3/9 下午 01:44:45	匯入職稱...	
2018/3/9 下午 01:44:45	建立部門從屬關係與產生部門路徑...	
2018/3/9 下午 01:44:45	匯入部門所設定的主管...	
2018/3/9 下午 01:44:45	建立角色從屬關係...	
2018/3/9 下午 01:44:46	資料儲存中(需要比較久的時間)...	
2018/3/9 下午 01:44:48	修正錯誤(需要比較久的時間)...	
2018/3/9 下午 01:44:49	系統開啟中...	
2018/3/9 下午 01:44:49	結束匯入...	
2018/3/9 下午 01:44:49	服務結束執行...共花14.5771802秒	
2018/3/9 下午 01:44:49		
2018/3/9 下午 01:46:20	服務開始執行...	
2018/3/9 下午 01:46:20	匯入版本：20180307v1	
2018/3/9 下午 01:46:20	人事資料庫：EMC_HR	
2018/3/9 下午 01:46:21	表單資料庫：ezFlow_EMC	
2018/3/9 下午 01:46:21	測試匯入：False	
2018/3/9 下午 01:46:22	測試信箱：wei@jbjob.com.tw	
2018/3/9 下午 01:46:22	完整匯入：True	
2018/3/9 下午 01:46:22	密碼同步：True	
2018/3/9 下午 01:46:22	帳號前置名稱：	
2018/3/9 下午 01:46:22	部門起始匯入代碼：	
2018/3/9 下午 01:46:23	角色上層空白：False	
2018/3/9 下午 01:46:23	匯入生效日：2018/3/9	
2018/3/9 下午 01:46:23	部門階層正向：False	
2018/3/9 下午 01:46:23	修正錯誤：True	
2018/3/9 下午 01:46:23	載入所需資料...	
2018/3/9 下午 01:46:23	目前資料情況	
2018/3/9 下午 01:46:24	===================	
2018/3/9 下午 01:46:24	表單員工總數：969	
2018/3/9 下午 01:46:24	表單部門總數：72	
2018/3/9 下午 01:46:24	表單職稱總數：72	
2018/3/9 下午 01:46:24	===================	
2018/3/9 下午 01:46:24	應轉員工總數：969	
2018/3/9 下午 01:46:24	應轉部門總數：72	
2018/3/9 下午 01:46:24	應轉職稱總數：72	
2018/3/9 下午 01:46:24	===================	
2018/3/9 下午 01:46:24	開始匯入...	
2018/3/9 下午 01:46:24	備份表單員工資料...	
2018/3/9 下午 01:46:25	系統關閉中...	
2018/3/9 下午 01:46:25	刪除表單基本資料...	
2018/3/9 下午 01:46:25	匯入員工及角色基本資料...	
2018/3/9 下午 01:46:25	匯入部門組織及部門階層...	
2018/3/9 下午 01:46:25	匯入職稱...	
2018/3/9 下午 01:46:25	建立部門從屬關係與產生部門路徑...	
2018/3/9 下午 01:46:25	匯入部門所設定的主管...	
2018/3/9 下午 01:46:25	建立角色從屬關係...	
2018/3/9 下午 01:46:26	資料儲存中(需要比較久的時間)...	
2018/3/9 下午 01:46:28	修正錯誤(需要比較久的時間)...	
2018/3/9 下午 01:46:28	系統開啟中...	
2018/3/9 下午 01:46:28	結束匯入...	
2018/3/9 下午 01:46:28	服務結束執行...共花8.951459秒	
2018/3/9 下午 01:46:28		
2018/3/9 下午 01:57:13	服務開始執行...	
2018/3/9 下午 01:57:13	匯入版本：20180307v1	
2018/3/9 下午 01:57:13	人事資料庫：EMC_HR	
2018/3/9 下午 01:57:13	表單資料庫：ezFlow_EMC	
2018/3/9 下午 01:57:13	測試匯入：False	
2018/3/9 下午 01:57:13	測試信箱：wei@jbjob.com.tw	
2018/3/9 下午 01:57:13	完整匯入：True	
2018/3/9 下午 01:57:13	密碼同步：True	
2018/3/9 下午 01:57:13	帳號前置名稱：	
2018/3/9 下午 01:57:13	部門起始匯入代碼：	
2018/3/9 下午 01:57:13	角色上層空白：False	
2018/3/9 下午 01:57:13	匯入生效日：2018/3/9	
2018/3/9 下午 01:57:13	部門階層正向：False	
2018/3/9 下午 01:57:13	修正錯誤：True	
2018/3/9 下午 01:57:13	載入所需資料...	
2018/3/9 下午 01:57:13	目前資料情況	
2018/3/9 下午 01:57:13	===================	
2018/3/9 下午 01:57:13	表單員工總數：969	
2018/3/9 下午 01:57:13	表單部門總數：72	
2018/3/9 下午 01:57:13	表單職稱總數：72	
2018/3/9 下午 01:57:13	===================	
2018/3/9 下午 01:57:13	應轉員工總數：969	
2018/3/9 下午 01:57:13	應轉部門總數：72	
2018/3/9 下午 01:57:13	應轉職稱總數：72	
2018/3/9 下午 01:57:13	===================	
2018/3/9 下午 01:57:13	開始匯入...	
2018/3/9 下午 01:57:13	備份表單員工資料...	
2018/3/9 下午 01:57:13	系統關閉中...	
2018/3/9 下午 01:57:13	刪除表單基本資料...	
2018/3/9 下午 01:57:13	匯入員工及角色基本資料...	
2018/3/9 下午 01:57:13	匯入部門組織及部門階層...	
2018/3/9 下午 01:57:13	匯入職稱...	
2018/3/9 下午 01:57:13	建立部門從屬關係與產生部門路徑...	
2018/3/9 下午 01:57:13	匯入部門所設定的主管...	
2018/3/9 下午 01:57:13	建立角色從屬關係...	
2018/3/9 下午 01:57:13	資料儲存中(需要比較久的時間)...	
2018/3/9 下午 01:57:15	修正錯誤(需要比較久的時間)...	
2018/3/9 下午 01:57:16	系統開啟中...	
2018/3/9 下午 01:57:16	結束匯入...	
2018/3/9 下午 01:57:16	服務結束執行...共花3.1670385秒	
2018/3/9 下午 01:57:16		
