2018/7/20 上午 10:17:24	服務開始執行...	
2018/7/20 上午 10:17:24	匯入版本：20180307v1	
2018/7/20 上午 10:17:24	人事資料庫：SIEHR	
2018/7/20 上午 10:17:24	表單資料庫：ezFlow	
2018/7/20 上午 10:17:24	測試匯入：False	
2018/7/20 上午 10:17:24	測試信箱：wei@jbjob.com.tw	
2018/7/20 上午 10:17:24	完整匯入：True	
2018/7/20 上午 10:17:24	密碼同步：True	
2018/7/20 上午 10:17:24	帳號前置名稱：	
2018/7/20 上午 10:17:24	部門起始匯入代碼：	
2018/7/20 上午 10:17:24	角色上層空白：False	
2018/7/20 上午 10:17:24	匯入生效日：2018/7/20	
2018/7/20 上午 10:17:24	部門階層正向：False	
2018/7/20 上午 10:17:24	修正錯誤：True	
2018/7/20 上午 10:17:24	載入所需資料...	
2018/7/20 上午 10:17:24	目前資料情況	
2018/7/20 上午 10:17:24	===================	
2018/7/20 上午 10:17:24	表單員工總數：247	
2018/7/20 上午 10:17:24	表單部門總數：18	
2018/7/20 上午 10:17:24	表單職稱總數：51	
2018/7/20 上午 10:17:24	===================	
2018/7/20 上午 10:17:24	應轉員工總數：247	
2018/7/20 上午 10:17:24	應轉部門總數：18	
2018/7/20 上午 10:17:24	應轉職稱總數：51	
2018/7/20 上午 10:17:24	===================	
2018/7/20 上午 10:17:24	開始匯入...	
2018/7/20 上午 10:17:24	備份表單員工資料...	
2018/7/20 上午 10:17:24	系統關閉中...	
2018/7/20 上午 10:17:24	刪除表單基本資料...	
2018/7/20 上午 10:17:24	匯入員工及角色基本資料...	
2018/7/20 上午 10:17:24	匯入部門組織及部門階層...	
2018/7/20 上午 10:17:24	匯入職稱...	
2018/7/20 上午 10:17:24	建立部門從屬關係與產生部門路徑...	
2018/7/20 上午 10:17:24	匯入部門所設定的主管...	
2018/7/20 上午 10:17:24	建立角色從屬關係...	
2018/7/20 上午 10:17:24	資料儲存中(需要比較久的時間)...	
2018/7/20 上午 10:17:25	修正錯誤(需要比較久的時間)...	
2018/7/20 上午 10:17:25	系統開啟中...	
2018/7/20 上午 10:17:25	結束匯入...	
2018/7/20 上午 10:17:25	服務結束執行...共花1.0880718秒	
2018/7/20 上午 10:17:25		
