2015/4/8 下午 03:12:56	服務開始執行...	
2015/4/8 下午 03:12:56	匯入版本：20150407v2	
2015/4/8 下午 03:12:56	人事資料庫：LEATECHR	
2015/4/8 下午 03:12:56	表單資料庫：ezFlow_LEATEC	
2015/4/8 下午 03:12:57	測試匯入：False	
2015/4/8 下午 03:12:57	測試信箱：tsh@cht-pt.com.tw	
2015/4/8 下午 03:12:57	完整匯入：True	
2015/4/8 下午 03:12:57	密碼同步：True	
2015/4/8 下午 03:12:57	帳號前置名稱：	
2015/4/8 下午 03:12:57	部門起始匯入代碼：	
2015/4/8 下午 03:12:57	角色上層空白：False	
2015/4/8 下午 03:12:57	匯入生效日：2015/4/8	
2015/4/8 下午 03:12:57	部門階層正向：False	
2015/4/8 下午 03:12:57	修正錯誤：True	
2015/4/8 下午 03:12:57	載入所需資料...	
2015/4/8 下午 03:12:57	目前資料情況	
2015/4/8 下午 03:12:57	===================	
2015/4/8 下午 03:12:57	表單員工總數：0	
2015/4/8 下午 03:12:57	表單部門總數：0	
2015/4/8 下午 03:12:57	表單職稱總數：0	
2015/4/8 下午 03:12:57	===================	
2015/4/8 下午 03:12:57	應轉員工總數：272	
2015/4/8 下午 03:12:57	應轉部門總數：34	
2015/4/8 下午 03:12:57	應轉職稱總數：34	
2015/4/8 下午 03:12:57	===================	
2015/4/8 下午 03:12:57	開始匯入...	
2015/4/8 下午 03:12:57	備份表單員工資料...	
2015/4/8 下午 03:12:58	系統關閉中...	
2015/4/8 下午 03:12:58	刪除表單基本資料...	
2015/4/8 下午 03:12:58	匯入員工及角色基本資料...	
2015/4/8 下午 03:12:58	匯入部門組織及部門階層...	
2015/4/8 下午 03:12:58	匯入職稱...	
2015/4/8 下午 03:12:58	建立部門從屬關係與產生部門路徑...	
2015/4/8 下午 03:12:58	匯入部門所設定的主管...	
2015/4/8 下午 03:12:58	建立角色從屬關係...	
2015/4/8 下午 03:12:58	資料儲存中(需要比較久的時間)...	
2015/4/8 下午 03:12:59	修正錯誤(需要比較久的時間)...	
2015/4/8 下午 03:13:06	系統開啟中...	
2015/4/8 下午 03:13:06	結束匯入...	
2015/4/8 下午 03:13:06	服務結束執行...共花9.840839秒	
2015/4/8 下午 03:13:06		
2015/4/8 下午 04:04:24	服務開始執行...	
2015/4/8 下午 04:04:24	匯入版本：20150407v2	
2015/4/8 下午 04:04:24	人事資料庫：LEATECHR	
2015/4/8 下午 04:04:24	表單資料庫：ezFlow_LEATEC	
2015/4/8 下午 04:04:24	測試匯入：False	
2015/4/8 下午 04:04:24	測試信箱：tsh@cht-pt.com.tw	
2015/4/8 下午 04:04:24	完整匯入：True	
2015/4/8 下午 04:04:24	密碼同步：True	
2015/4/8 下午 04:04:24	帳號前置名稱：	
2015/4/8 下午 04:04:24	部門起始匯入代碼：	
2015/4/8 下午 04:04:24	角色上層空白：False	
2015/4/8 下午 04:04:24	匯入生效日：2015/4/8	
2015/4/8 下午 04:04:24	部門階層正向：False	
2015/4/8 下午 04:04:24	修正錯誤：True	
2015/4/8 下午 04:04:24	載入所需資料...	
2015/4/8 下午 04:04:25	目前資料情況	
2015/4/8 下午 04:04:25	===================	
2015/4/8 下午 04:04:25	表單員工總數：272	
2015/4/8 下午 04:04:25	表單部門總數：34	
2015/4/8 下午 04:04:25	表單職稱總數：34	
2015/4/8 下午 04:04:25	===================	
2015/4/8 下午 04:04:25	應轉員工總數：272	
2015/4/8 下午 04:04:25	應轉部門總數：34	
2015/4/8 下午 04:04:25	應轉職稱總數：34	
2015/4/8 下午 04:04:25	===================	
2015/4/8 下午 04:04:25	開始匯入...	
2015/4/8 下午 04:04:25	備份表單員工資料...	
2015/4/8 下午 04:04:25	系統關閉中...	
2015/4/8 下午 04:04:25	刪除表單基本資料...	
2015/4/8 下午 04:04:25	匯入員工及角色基本資料...	
2015/4/8 下午 04:04:25	匯入部門組織及部門階層...	
2015/4/8 下午 04:04:25	匯入職稱...	
2015/4/8 下午 04:04:25	建立部門從屬關係與產生部門路徑...	
2015/4/8 下午 04:04:25	匯入部門所設定的主管...	
2015/4/8 下午 04:04:25	建立角色從屬關係...	
2015/4/8 下午 04:04:25	資料儲存中(需要比較久的時間)...	
2015/4/8 下午 04:04:26	修正錯誤(需要比較久的時間)...	
2015/4/8 下午 04:05:08	服務開始執行...	
2015/4/8 下午 04:05:08	匯入版本：20150407v2	
2015/4/8 下午 04:05:08	人事資料庫：LEATECHR	
2015/4/8 下午 04:05:08	表單資料庫：ezFlow_LEATEC	
2015/4/8 下午 04:05:08	測試匯入：False	
2015/4/8 下午 04:05:08	測試信箱：tsh@cht-pt.com.tw	
2015/4/8 下午 04:05:08	完整匯入：True	
2015/4/8 下午 04:05:08	密碼同步：True	
2015/4/8 下午 04:05:08	帳號前置名稱：	
2015/4/8 下午 04:05:08	部門起始匯入代碼：	
2015/4/8 下午 04:05:08	角色上層空白：False	
2015/4/8 下午 04:05:08	匯入生效日：2015/4/8	
2015/4/8 下午 04:05:08	部門階層正向：False	
2015/4/8 下午 04:05:08	修正錯誤：True	
2015/4/8 下午 04:05:08	載入所需資料...	
2015/4/8 下午 04:05:09	目前資料情況	
2015/4/8 下午 04:05:09	===================	
2015/4/8 下午 04:05:09	表單員工總數：272	
2015/4/8 下午 04:05:09	表單部門總數：34	
2015/4/8 下午 04:05:09	表單職稱總數：34	
2015/4/8 下午 04:05:09	===================	
2015/4/8 下午 04:05:09	應轉員工總數：272	
2015/4/8 下午 04:05:09	應轉部門總數：34	
2015/4/8 下午 04:05:09	應轉職稱總數：34	
2015/4/8 下午 04:05:09	===================	
2015/4/8 下午 04:05:09	開始匯入...	
2015/4/8 下午 04:05:09	備份表單員工資料...	
2015/4/8 下午 04:05:09	系統關閉中...	
2015/4/8 下午 04:05:09	刪除表單基本資料...	
2015/4/8 下午 04:05:09	匯入員工及角色基本資料...	
2015/4/8 下午 04:05:09	匯入部門組織及部門階層...	
2015/4/8 下午 04:05:09	匯入職稱...	
2015/4/8 下午 04:05:09	建立部門從屬關係與產生部門路徑...	
2015/4/8 下午 04:05:09	匯入部門所設定的主管...	
2015/4/8 下午 04:05:09	建立角色從屬關係...	
2015/4/8 下午 04:05:09	資料儲存中(需要比較久的時間)...	
2015/4/8 下午 04:05:10	修正錯誤(需要比較久的時間)...	
2015/4/8 下午 04:05:10	系統開啟中...	
2015/4/8 下午 04:05:10	結束匯入...	
2015/4/8 下午 04:05:10	服務結束執行...共花2.1500031秒	
2015/4/8 下午 04:05:10		
2015/4/8 下午 04:06:18	服務開始執行...	
2015/4/8 下午 04:06:18	匯入版本：20150407v2	
2015/4/8 下午 04:06:18	人事資料庫：LEATECHR	
2015/4/8 下午 04:06:18	表單資料庫：ezFlow_LEATEC	
2015/4/8 下午 04:06:18	測試匯入：False	
2015/4/8 下午 04:06:18	測試信箱：tsh@cht-pt.com.tw	
2015/4/8 下午 04:06:18	完整匯入：True	
2015/4/8 下午 04:06:18	密碼同步：True	
2015/4/8 下午 04:06:18	帳號前置名稱：	
2015/4/8 下午 04:06:18	部門起始匯入代碼：	
2015/4/8 下午 04:06:18	角色上層空白：False	
2015/4/8 下午 04:06:18	匯入生效日：2015/4/8	
2015/4/8 下午 04:06:18	部門階層正向：False	
2015/4/8 下午 04:06:18	修正錯誤：True	
2015/4/8 下午 04:06:18	載入所需資料...	
2015/4/8 下午 04:06:18	目前資料情況	
2015/4/8 下午 04:06:18	===================	
2015/4/8 下午 04:06:18	表單員工總數：272	
2015/4/8 下午 04:06:18	表單部門總數：34	
2015/4/8 下午 04:06:18	表單職稱總數：34	
2015/4/8 下午 04:06:18	===================	
2015/4/8 下午 04:06:18	應轉員工總數：272	
2015/4/8 下午 04:06:18	應轉部門總數：34	
2015/4/8 下午 04:06:18	應轉職稱總數：34	
2015/4/8 下午 04:06:18	===================	
2015/4/8 下午 04:06:18	開始匯入...	
2015/4/8 下午 04:06:18	備份表單員工資料...	
2015/4/8 下午 04:06:18	系統關閉中...	
2015/4/8 下午 04:06:18	刪除表單基本資料...	
2015/4/8 下午 04:06:18	匯入員工及角色基本資料...	
2015/4/8 下午 04:06:18	匯入部門組織及部門階層...	
2015/4/8 下午 04:06:18	匯入職稱...	
2015/4/8 下午 04:06:18	建立部門從屬關係與產生部門路徑...	
2015/4/8 下午 04:06:19	匯入部門所設定的主管...	
2015/4/8 下午 04:06:19	建立角色從屬關係...	
2015/4/8 下午 04:06:19	資料儲存中(需要比較久的時間)...	
2015/4/8 下午 04:06:20	修正錯誤(需要比較久的時間)...	
2015/4/8 下午 04:06:20	系統開啟中...	
2015/4/8 下午 04:06:20	結束匯入...	
2015/4/8 下午 04:06:20	服務結束執行...共花1.7100024秒	
2015/4/8 下午 04:06:20		
