2019/9/9 下午 04:11:37	服務開始執行...	
2019/9/9 下午 04:11:37	匯入版本：20190726	
2019/9/9 下午 04:11:37	人事資料庫：ABLECOMHR	
2019/9/9 下午 04:11:37	表單資料庫：ezFlow_ABLECOM	
2019/9/9 下午 04:11:37	測試匯入：False	
2019/9/9 下午 04:11:37	測試信箱：wei@jbjob.com.tw	
2019/9/9 下午 04:11:37	完整匯入：True	
2019/9/9 下午 04:11:37	密碼同步：True	
2019/9/9 下午 04:11:37	帳號前置名稱：	
2019/9/9 下午 04:11:37	部門起始匯入代碼：	
2019/9/9 下午 04:11:37	角色上層空白：False	
2019/9/9 下午 04:11:37	匯入生效日：2019/9/9	
2019/9/9 下午 04:11:37	部門階層正向：False	
2019/9/9 下午 04:11:37	修正錯誤：True	
2019/9/9 下午 04:11:37	載入所需資料...	
2019/9/9 下午 04:11:38	目前資料情況	
2019/9/9 下午 04:11:38	===================	
2019/9/9 下午 04:11:38	表單員工總數：509	
2019/9/9 下午 04:11:38	表單部門總數：78	
2019/9/9 下午 04:11:38	表單職稱總數：47	
2019/9/9 下午 04:11:38	===================	
2019/9/9 下午 04:11:38	應轉員工總數：509	
2019/9/9 下午 04:11:38	應轉部門總數：78	
2019/9/9 下午 04:11:38	應轉職稱總數：47	
2019/9/9 下午 04:11:38	===================	
2019/9/9 下午 04:11:38	開始匯入...	
2019/9/9 下午 04:11:38	備份表單員工資料...	
2019/9/9 下午 04:11:38	系統關閉中...	
2019/9/9 下午 04:11:38	刪除表單基本資料...	
2019/9/9 下午 04:11:38	匯入員工及角色基本資料...	
2019/9/9 下午 04:11:38	匯入部門組織及部門階層...	
2019/9/9 下午 04:11:38	匯入職稱...	
2019/9/9 下午 04:11:38	建立部門從屬關係與產生部門路徑...	
2019/9/9 下午 04:11:38	匯入部門所設定的主管...	
2019/9/9 下午 04:11:38	建立角色從屬關係...	
2019/9/9 下午 04:11:38	資料儲存中(需要比較久的時間)...	
2019/9/9 下午 04:11:39	系統開啟中...	
2019/9/9 下午 04:11:39	結束匯入...	
2019/9/9 下午 04:11:39	服務結束執行...共花2.4361507秒	
2019/9/9 下午 04:11:39		
