2017/7/18 下午 05:51:18	服務開始執行...	
2017/7/18 下午 05:51:18	匯入版本：20150407v2	
2017/7/18 下午 05:51:19	人事資料庫：EMC_HR	
2017/7/18 下午 05:51:19	表單資料庫：ezFlow_EMC	
2017/7/18 下午 05:51:19	測試匯入：False	
2017/7/18 下午 05:51:19	測試信箱：wei@jbjob.com.tw	
2017/7/18 下午 05:51:19	完整匯入：True	
2017/7/18 下午 05:51:19	密碼同步：True	
2017/7/18 下午 05:51:19	帳號前置名稱：	
2017/7/18 下午 05:51:19	部門起始匯入代碼：	
2017/7/18 下午 05:51:19	角色上層空白：False	
2017/7/18 下午 05:51:19	匯入生效日：2017/7/18	
2017/7/18 下午 05:51:19	部門階層正向：False	
2017/7/18 下午 05:51:19	修正錯誤：True	
2017/7/18 下午 05:51:19	載入所需資料...	
2017/7/18 下午 05:51:19	目前資料情況	
2017/7/18 下午 05:51:19	===================	
2017/7/18 下午 05:51:19	表單員工總數：920	
2017/7/18 下午 05:51:19	表單部門總數：67	
2017/7/18 下午 05:51:19	表單職稱總數：66	
2017/7/18 下午 05:51:19	===================	
2017/7/18 下午 05:51:19	應轉員工總數：931	
2017/7/18 下午 05:51:19	應轉部門總數：68	
2017/7/18 下午 05:51:19	應轉職稱總數：66	
2017/7/18 下午 05:51:19	===================	
2017/7/18 下午 05:51:19	開始匯入...	
2017/7/18 下午 05:51:19	備份表單員工資料...	
2017/7/18 下午 05:51:19	系統關閉中...	
2017/7/18 下午 05:51:19	刪除表單基本資料...	
2017/7/18 下午 05:51:19	匯入員工及角色基本資料...	
2017/7/18 下午 05:51:19	匯入部門組織及部門階層...	
2017/7/18 下午 05:51:19	匯入職稱...	
2017/7/18 下午 05:51:19	建立部門從屬關係與產生部門路徑...	
2017/7/18 下午 05:51:19	匯入部門所設定的主管...	
2017/7/18 下午 05:51:19	建立角色從屬關係...	
2017/7/18 下午 05:51:19	資料儲存中(需要比較久的時間)...	
2017/7/18 下午 05:51:22	修正錯誤(需要比較久的時間)...	
2017/7/18 下午 05:51:23	系統開啟中...	
2017/7/18 下午 05:51:23	結束匯入...	
2017/7/18 下午 05:51:23	服務結束執行...共花4.637529秒	
2017/7/18 下午 05:51:23		
