2019/11/27 下午 01:52:51	服務開始執行...	
2019/11/27 下午 01:52:51	匯入版本：20190726	
2019/11/27 下午 01:52:51	人事資料庫：ABLECOMHR	
2019/11/27 下午 01:52:51	表單資料庫：ezFlow_ABLECOM	
2019/11/27 下午 01:52:51	測試匯入：False	
2019/11/27 下午 01:52:51	測試信箱：wei@jbjob.com.tw	
2019/11/27 下午 01:52:51	完整匯入：True	
2019/11/27 下午 01:52:51	密碼同步：True	
2019/11/27 下午 01:52:52	帳號前置名稱：	
2019/11/27 下午 01:52:52	部門起始匯入代碼：	
2019/11/27 下午 01:52:52	角色上層空白：False	
2019/11/27 下午 01:52:52	匯入生效日：2019/11/27	
2019/11/27 下午 01:52:52	部門階層正向：False	
2019/11/27 下午 01:52:52	修正錯誤：True	
2019/11/27 下午 01:52:52	載入所需資料...	
2019/11/27 下午 01:52:52	目前資料情況	
2019/11/27 下午 01:52:52	===================	
2019/11/27 下午 01:52:52	表單員工總數：530	
2019/11/27 下午 01:52:52	表單部門總數：80	
2019/11/27 下午 01:52:52	表單職稱總數：47	
2019/11/27 下午 01:52:52	===================	
2019/11/27 下午 01:52:52	應轉員工總數：530	
2019/11/27 下午 01:52:52	應轉部門總數：80	
2019/11/27 下午 01:52:52	應轉職稱總數：47	
2019/11/27 下午 01:52:52	===================	
2019/11/27 下午 01:52:52	開始匯入...	
2019/11/27 下午 01:52:52	備份表單員工資料...	
2019/11/27 下午 01:52:52	系統關閉中...	
2019/11/27 下午 01:52:52	刪除表單基本資料...	
2019/11/27 下午 01:52:52	匯入員工及角色基本資料...	
2019/11/27 下午 01:52:52	匯入部門組織及部門階層...	
2019/11/27 下午 01:52:52	匯入職稱...	
2019/11/27 下午 01:52:52	建立部門從屬關係與產生部門路徑...	
2019/11/27 下午 01:52:52	匯入部門所設定的主管...	
2019/11/27 下午 01:52:52	建立角色從屬關係...	
2019/11/27 下午 01:52:52	資料儲存中(需要比較久的時間)...	
2019/11/27 下午 01:52:53	系統開啟中...	
2019/11/27 下午 01:52:53	結束匯入...	
2019/11/27 下午 01:52:53	服務結束執行...共花1.7320085秒	
2019/11/27 下午 01:52:53		
