2016/4/22 下午 04:32:17	服務開始執行...	
2016/4/22 下午 04:32:17	匯入版本：20150407v2	
2016/4/22 下午 04:32:17	人事資料庫：AZOTEKHR	
2016/4/22 下午 04:32:17	表單資料庫：ezFlow_AZOTEK	
2016/4/22 下午 04:32:18	測試匯入：False	
2016/4/22 下午 04:32:18	測試信箱：yuning_chuang@leatec.com.tw	
2016/4/22 下午 04:32:18	完整匯入：True	
2016/4/22 下午 04:32:18	密碼同步：True	
2016/4/22 下午 04:32:18	帳號前置名稱：	
2016/4/22 下午 04:32:18	部門起始匯入代碼：	
2016/4/22 下午 04:32:18	角色上層空白：False	
2016/4/22 下午 04:32:18	匯入生效日：2016/4/22	
2016/4/22 下午 04:32:18	部門階層正向：False	
2016/4/22 下午 04:32:18	修正錯誤：True	
2016/4/22 下午 04:32:18	載入所需資料...	
2016/4/22 下午 04:32:19	目前資料情況	
2016/4/22 下午 04:32:19	===================	
2016/4/22 下午 04:32:19	表單員工總數：260	
2016/4/22 下午 04:32:19	表單部門總數：47	
2016/4/22 下午 04:32:19	表單職稱總數：36	
2016/4/22 下午 04:32:19	===================	
2016/4/22 下午 04:32:19	應轉員工總數：169	
2016/4/22 下午 04:32:19	應轉部門總數：33	
2016/4/22 下午 04:32:19	應轉職稱總數：51	
2016/4/22 下午 04:32:19	===================	
2016/4/22 下午 04:32:19	開始匯入...	
2016/4/22 下午 04:32:19	備份表單員工資料...	
2016/4/22 下午 04:32:19	系統關閉中...	
2016/4/22 下午 04:32:19	刪除表單基本資料...	
2016/4/22 下午 04:32:19	匯入員工及角色基本資料...	
2016/4/22 下午 04:32:19	匯入部門組織及部門階層...	
2016/4/22 下午 04:35:54	服務開始執行...	
2016/4/22 下午 04:35:54	匯入版本：20150407v2	
2016/4/22 下午 04:35:54	人事資料庫：AZOTEKHR	
2016/4/22 下午 04:35:54	表單資料庫：ezFlow_AZOTEK	
2016/4/22 下午 04:35:55	測試匯入：False	
2016/4/22 下午 04:35:55	測試信箱：yuning_chuang@leatec.com.tw	
2016/4/22 下午 04:35:55	完整匯入：True	
2016/4/22 下午 04:35:55	密碼同步：True	
2016/4/22 下午 04:35:55	帳號前置名稱：	
2016/4/22 下午 04:35:55	部門起始匯入代碼：	
2016/4/22 下午 04:35:55	角色上層空白：False	
2016/4/22 下午 04:35:55	匯入生效日：2016/4/22	
2016/4/22 下午 04:35:55	部門階層正向：False	
2016/4/22 下午 04:35:55	修正錯誤：True	
2016/4/22 下午 04:35:55	載入所需資料...	
2016/4/22 下午 04:35:55	目前資料情況	
2016/4/22 下午 04:35:55	===================	
2016/4/22 下午 04:35:55	表單員工總數：0	
2016/4/22 下午 04:35:55	表單部門總數：0	
2016/4/22 下午 04:35:55	表單職稱總數：0	
2016/4/22 下午 04:35:55	===================	
2016/4/22 下午 04:35:55	應轉員工總數：169	
2016/4/22 下午 04:35:55	應轉部門總數：33	
2016/4/22 下午 04:35:55	應轉職稱總數：51	
2016/4/22 下午 04:35:55	===================	
2016/4/22 下午 04:35:55	開始匯入...	
2016/4/22 下午 04:35:55	備份表單員工資料...	
2016/4/22 下午 04:35:55	系統關閉中...	
2016/4/22 下午 04:35:55	刪除表單基本資料...	
2016/4/22 下午 04:35:55	匯入員工及角色基本資料...	
2016/4/22 下午 04:35:55	匯入部門組織及部門階層...	
2016/4/22 下午 04:35:55	匯入職稱...	
2016/4/22 下午 04:35:55	建立部門從屬關係與產生部門路徑...	
2016/4/22 下午 04:35:55	匯入部門所設定的主管...	
2016/4/22 下午 04:35:55	建立角色從屬關係...	
2016/4/22 下午 04:35:55	資料儲存中(需要比較久的時間)...	
2016/4/22 下午 04:35:55	修正錯誤(需要比較久的時間)...	
2016/4/22 下午 04:36:01	系統開啟中...	
2016/4/22 下午 04:36:01	結束匯入...	
2016/4/22 下午 04:36:01	服務結束執行...共花6.3603638秒	
2016/4/22 下午 04:36:01		
