2018/8/2 下午 03:42:11	服務開始執行...	
2018/8/2 下午 03:42:11	匯入版本：20180307v1	
2018/8/2 下午 03:42:11	人事資料庫：SIEHR	
2018/8/2 下午 03:42:11	表單資料庫：ezFlow	
2018/8/2 下午 03:42:11	測試匯入：False	
2018/8/2 下午 03:42:11	測試信箱：wei@jbjob.com.tw	
2018/8/2 下午 03:42:11	完整匯入：True	
2018/8/2 下午 03:42:11	密碼同步：True	
2018/8/2 下午 03:42:11	帳號前置名稱：	
2018/8/2 下午 03:42:11	部門起始匯入代碼：	
2018/8/2 下午 03:42:11	角色上層空白：False	
2018/8/2 下午 03:42:11	匯入生效日：2018/8/2	
2018/8/2 下午 03:42:11	部門階層正向：False	
2018/8/2 下午 03:42:11	修正錯誤：True	
2018/8/2 下午 03:42:11	載入所需資料...	
2018/8/2 下午 03:42:11	目前資料情況	
2018/8/2 下午 03:42:11	===================	
2018/8/2 下午 03:42:11	表單員工總數：247	
2018/8/2 下午 03:42:11	表單部門總數：18	
2018/8/2 下午 03:42:11	表單職稱總數：51	
2018/8/2 下午 03:42:11	===================	
2018/8/2 下午 03:42:11	應轉員工總數：247	
2018/8/2 下午 03:42:11	應轉部門總數：29	
2018/8/2 下午 03:42:11	應轉職稱總數：51	
2018/8/2 下午 03:42:11	===================	
2018/8/2 下午 03:42:11	開始匯入...	
2018/8/2 下午 03:42:11	備份表單員工資料...	
2018/8/2 下午 03:42:11	系統關閉中...	
2018/8/2 下午 03:42:11	刪除表單基本資料...	
2018/8/2 下午 03:42:11	匯入員工及角色基本資料...	
2018/8/2 下午 03:42:11	匯入部門組織及部門階層...	
2018/8/2 下午 03:42:11	匯入職稱...	
2018/8/2 下午 03:42:11	建立部門從屬關係與產生部門路徑...	
2018/8/2 下午 03:42:11	匯入部門所設定的主管...	
2018/8/2 下午 03:42:11	建立角色從屬關係...	
2018/8/2 下午 03:42:11	資料儲存中(需要比較久的時間)...	
2018/8/2 下午 03:42:11	修正錯誤(需要比較久的時間)...	
2018/8/2 下午 03:42:12	系統開啟中...	
2018/8/2 下午 03:42:12	結束匯入...	
2018/8/2 下午 03:42:12	服務結束執行...共花0.6921503秒	
2018/8/2 下午 03:42:12		
