2020/2/27 下午 03:58:34	服務開始執行...	
2020/2/27 下午 03:58:34	匯入版本：20190726	
2020/2/27 下午 03:58:34	人事資料庫：ABLECOMHR	
2020/2/27 下午 03:58:34	表單資料庫：ezFlow_ABLECOM	
2020/2/27 下午 03:58:35	測試匯入：False	
2020/2/27 下午 03:58:35	測試信箱：wei@jbjob.com.tw	
2020/2/27 下午 03:58:35	完整匯入：True	
2020/2/27 下午 03:58:35	密碼同步：True	
2020/2/27 下午 03:58:35	帳號前置名稱：	
2020/2/27 下午 03:58:35	部門起始匯入代碼：	
2020/2/27 下午 03:58:35	角色上層空白：False	
2020/2/27 下午 03:58:35	匯入生效日：2020/2/27	
2020/2/27 下午 03:58:35	部門階層正向：False	
2020/2/27 下午 03:58:35	修正錯誤：True	
2020/2/27 下午 03:58:35	載入所需資料...	
2020/2/27 下午 03:58:35	目前資料情況	
2020/2/27 下午 03:58:35	===================	
2020/2/27 下午 03:58:36	表單員工總數：565	
2020/2/27 下午 03:58:36	表單部門總數：82	
2020/2/27 下午 03:58:36	表單職稱總數：47	
2020/2/27 下午 03:58:36	===================	
2020/2/27 下午 03:58:36	應轉員工總數：592	
2020/2/27 下午 03:58:36	應轉部門總數：85	
2020/2/27 下午 03:58:36	應轉職稱總數：47	
2020/2/27 下午 03:58:36	===================	
2020/2/27 下午 03:58:36	開始匯入...	
2020/2/27 下午 03:58:36	備份表單員工資料...	
2020/2/27 下午 03:58:36	系統關閉中...	
2020/2/27 下午 03:58:36	刪除表單基本資料...	
2020/2/27 下午 03:58:36	匯入員工及角色基本資料...	
2020/2/27 下午 03:58:36	匯入部門組織及部門階層...	
2020/2/27 下午 03:58:36	匯入職稱...	
2020/2/27 下午 03:58:36	建立部門從屬關係與產生部門路徑...	
2020/2/27 下午 03:58:36	匯入部門所設定的主管...	
2020/2/27 下午 03:58:36	建立角色從屬關係...	
2020/2/27 下午 03:58:36	資料儲存中(需要比較久的時間)...	
2020/2/27 下午 03:58:37	系統開啟中...	
2020/2/27 下午 03:58:37	結束匯入...	
2020/2/27 下午 03:58:37	服務結束執行...共花2.8517925秒	
2020/2/27 下午 03:58:37		
