2019/8/22 上午 11:09:59	服務開始執行...	
2019/8/22 上午 11:09:59	匯入版本：20180307v1	
2019/8/22 上午 11:09:59	人事資料庫：ABLECOMHR	
2019/8/22 上午 11:09:59	表單資料庫：ezFlow_ABLECOM	
2019/8/22 上午 11:09:59	測試匯入：False	
2019/8/22 上午 11:09:59	測試信箱：wei@jbjob.com.tw	
2019/8/22 上午 11:09:59	完整匯入：True	
2019/8/22 上午 11:09:59	密碼同步：True	
2019/8/22 上午 11:09:59	帳號前置名稱：	
2019/8/22 上午 11:09:59	部門起始匯入代碼：	
2019/8/22 上午 11:09:59	角色上層空白：False	
2019/8/22 上午 11:09:59	匯入生效日：2019/8/22	
2019/8/22 上午 11:09:59	部門階層正向：False	
2019/8/22 上午 11:09:59	修正錯誤：True	
2019/8/22 上午 11:09:59	載入所需資料...	
2019/8/22 上午 11:09:59	目前資料情況	
2019/8/22 上午 11:09:59	===================	
2019/8/22 上午 11:09:59	表單員工總數：339	
2019/8/22 上午 11:10:00	表單部門總數：73	
2019/8/22 上午 11:10:00	表單職稱總數：48	
2019/8/22 上午 11:10:00	===================	
2019/8/22 上午 11:10:00	應轉員工總數：506	
2019/8/22 上午 11:10:00	應轉部門總數：73	
2019/8/22 上午 11:10:00	應轉職稱總數：47	
2019/8/22 上午 11:10:00	===================	
2019/8/22 上午 11:10:00	開始匯入...	
2019/8/22 上午 11:10:00	備份表單員工資料...	
2019/8/22 上午 11:10:00	系統關閉中...	
2019/8/22 上午 11:10:00	刪除表單基本資料...	
2019/8/22 上午 11:10:00	匯入員工及角色基本資料...	
2019/8/22 上午 11:10:00	匯入部門組織及部門階層...	
2019/8/22 上午 11:10:00	匯入職稱...	
2019/8/22 上午 11:10:00	建立部門從屬關係與產生部門路徑...	
2019/8/22 上午 11:10:00	匯入部門所設定的主管...	
2019/8/22 上午 11:10:00	建立角色從屬關係...	
2019/8/22 上午 11:10:00	資料儲存中(需要比較久的時間)...	
2019/8/22 上午 11:10:01	修正錯誤(需要比較久的時間)...	
2019/8/22 上午 11:10:01	系統開啟中...	
2019/8/22 上午 11:10:01	結束匯入...	
2019/8/22 上午 11:10:01	服務結束執行...共花2.4875789秒	
2019/8/22 上午 11:10:01		
2019/8/22 上午 11:12:25	服務開始執行...	
2019/8/22 上午 11:12:25	匯入版本：20180307v1	
2019/8/22 上午 11:12:25	人事資料庫：ABLECOMHR	
2019/8/22 上午 11:12:25	表單資料庫：ezFlow_ABLECOM	
2019/8/22 上午 11:12:25	測試匯入：False	
2019/8/22 上午 11:12:25	測試信箱：wei@jbjob.com.tw	
2019/8/22 上午 11:12:25	完整匯入：True	
2019/8/22 上午 11:12:25	密碼同步：True	
2019/8/22 上午 11:12:25	帳號前置名稱：	
2019/8/22 上午 11:12:25	部門起始匯入代碼：	
2019/8/22 上午 11:12:25	角色上層空白：False	
2019/8/22 上午 11:12:25	匯入生效日：2019/8/22	
2019/8/22 上午 11:12:25	部門階層正向：False	
2019/8/22 上午 11:12:25	修正錯誤：True	
2019/8/22 上午 11:12:25	載入所需資料...	
2019/8/22 上午 11:12:25	目前資料情況	
2019/8/22 上午 11:12:25	===================	
2019/8/22 上午 11:12:25	表單員工總數：506	
2019/8/22 上午 11:12:25	表單部門總數：73	
2019/8/22 上午 11:12:25	表單職稱總數：47	
2019/8/22 上午 11:12:25	===================	
2019/8/22 上午 11:12:25	應轉員工總數：506	
2019/8/22 上午 11:12:25	應轉部門總數：73	
2019/8/22 上午 11:12:25	應轉職稱總數：47	
2019/8/22 上午 11:12:25	===================	
2019/8/22 上午 11:12:25	開始匯入...	
2019/8/22 上午 11:12:26	備份表單員工資料...	
2019/8/22 上午 11:12:26	系統關閉中...	
2019/8/22 上午 11:12:26	刪除表單基本資料...	
2019/8/22 上午 11:12:26	匯入員工及角色基本資料...	
2019/8/22 上午 11:12:26	匯入部門組織及部門階層...	
2019/8/22 上午 11:12:26	匯入職稱...	
2019/8/22 上午 11:12:26	建立部門從屬關係與產生部門路徑...	
2019/8/22 上午 11:12:26	匯入部門所設定的主管...	
2019/8/22 上午 11:12:26	建立角色從屬關係...	
2019/8/22 上午 11:12:26	資料儲存中(需要比較久的時間)...	
2019/8/22 上午 11:12:27	修正錯誤(需要比較久的時間)...	
2019/8/22 上午 11:12:27	系統開啟中...	
2019/8/22 上午 11:12:27	結束匯入...	
2019/8/22 上午 11:12:27	服務結束執行...共花2.2367221秒	
2019/8/22 上午 11:12:27		
2019/8/22 上午 11:16:34	服務開始執行...	
2019/8/22 上午 11:16:34	匯入版本：20180307v1	
2019/8/22 上午 11:16:34	人事資料庫：ABLECOMHR	
2019/8/22 上午 11:16:34	表單資料庫：ezFlow_ABLECOM	
2019/8/22 上午 11:16:35	測試匯入：False	
2019/8/22 上午 11:16:35	測試信箱：wei@jbjob.com.tw	
2019/8/22 上午 11:16:35	完整匯入：True	
2019/8/22 上午 11:16:35	密碼同步：True	
2019/8/22 上午 11:16:35	帳號前置名稱：	
2019/8/22 上午 11:16:35	部門起始匯入代碼：	
2019/8/22 上午 11:16:35	角色上層空白：False	
2019/8/22 上午 11:16:35	匯入生效日：2019/8/22	
2019/8/22 上午 11:16:35	部門階層正向：False	
2019/8/22 上午 11:16:35	修正錯誤：True	
2019/8/22 上午 11:16:35	載入所需資料...	
2019/8/22 上午 11:16:35	目前資料情況	
2019/8/22 上午 11:16:35	===================	
2019/8/22 上午 11:16:35	表單員工總數：506	
2019/8/22 上午 11:16:35	表單部門總數：73	
2019/8/22 上午 11:16:35	表單職稱總數：47	
2019/8/22 上午 11:16:35	===================	
2019/8/22 上午 11:16:35	應轉員工總數：506	
2019/8/22 上午 11:16:35	應轉部門總數：73	
2019/8/22 上午 11:16:35	應轉職稱總數：47	
2019/8/22 上午 11:16:35	===================	
2019/8/22 上午 11:16:35	開始匯入...	
2019/8/22 上午 11:16:35	備份表單員工資料...	
2019/8/22 上午 11:16:35	系統關閉中...	
2019/8/22 上午 11:16:35	刪除表單基本資料...	
2019/8/22 上午 11:16:35	匯入員工及角色基本資料...	
2019/8/22 上午 11:16:35	匯入部門組織及部門階層...	
2019/8/22 上午 11:16:35	匯入職稱...	
2019/8/22 上午 11:16:35	建立部門從屬關係與產生部門路徑...	
2019/8/22 上午 11:16:35	匯入部門所設定的主管...	
2019/8/22 上午 11:16:35	建立角色從屬關係...	
2019/8/22 上午 11:16:35	資料儲存中(需要比較久的時間)...	
2019/8/22 上午 11:16:36	修正錯誤(需要比較久的時間)...	
2019/8/22 上午 11:16:37	系統開啟中...	
2019/8/22 上午 11:16:37	結束匯入...	
2019/8/22 上午 11:16:37	服務結束執行...共花2.2467166秒	
2019/8/22 上午 11:16:37		
2019/8/22 下午 02:00:18	服務開始執行...	
2019/8/22 下午 02:00:18	匯入版本：20180307v1	
2019/8/22 下午 02:00:18	人事資料庫：ABLECOMHR	
2019/8/22 下午 02:00:18	表單資料庫：ezFlow_ABLECOM	
2019/8/22 下午 02:00:19	測試匯入：False	
2019/8/22 下午 02:00:19	測試信箱：wei@jbjob.com.tw	
2019/8/22 下午 02:00:19	完整匯入：True	
2019/8/22 下午 02:00:19	密碼同步：True	
2019/8/22 下午 02:00:19	帳號前置名稱：	
2019/8/22 下午 02:00:19	部門起始匯入代碼：	
2019/8/22 下午 02:00:19	角色上層空白：False	
2019/8/22 下午 02:00:19	匯入生效日：2019/8/22	
2019/8/22 下午 02:00:19	部門階層正向：False	
2019/8/22 下午 02:00:19	修正錯誤：True	
2019/8/22 下午 02:00:19	載入所需資料...	
2019/8/22 下午 02:00:19	目前資料情況	
2019/8/22 下午 02:00:19	===================	
2019/8/22 下午 02:00:19	表單員工總數：506	
2019/8/22 下午 02:00:19	表單部門總數：73	
2019/8/22 下午 02:00:19	表單職稱總數：47	
2019/8/22 下午 02:00:19	===================	
2019/8/22 下午 02:00:19	應轉員工總數：506	
2019/8/22 下午 02:00:19	應轉部門總數：73	
2019/8/22 下午 02:00:19	應轉職稱總數：47	
2019/8/22 下午 02:00:19	===================	
2019/8/22 下午 02:00:19	開始匯入...	
2019/8/22 下午 02:00:19	備份表單員工資料...	
2019/8/22 下午 02:00:19	系統關閉中...	
2019/8/22 下午 02:00:19	刪除表單基本資料...	
2019/8/22 下午 02:00:19	匯入員工及角色基本資料...	
2019/8/22 下午 02:00:19	匯入部門組織及部門階層...	
2019/8/22 下午 02:00:19	匯入職稱...	
2019/8/22 下午 02:00:19	建立部門從屬關係與產生部門路徑...	
2019/8/22 下午 02:00:19	匯入部門所設定的主管...	
2019/8/22 下午 02:00:19	建立角色從屬關係...	
2019/8/22 下午 02:00:19	資料儲存中(需要比較久的時間)...	
2019/8/22 下午 02:00:20	修正錯誤(需要比較久的時間)...	
2019/8/22 下午 02:00:20	系統開啟中...	
2019/8/22 下午 02:00:20	結束匯入...	
2019/8/22 下午 02:00:20	服務結束執行...共花2.2727027秒	
2019/8/22 下午 02:00:20		
2019/8/22 下午 02:01:37	服務開始執行...	
2019/8/22 下午 02:01:37	匯入版本：20180307v1	
2019/8/22 下午 02:01:37	人事資料庫：ABLECOMHR	
2019/8/22 下午 02:01:37	表單資料庫：ezFlow_ABLECOM	
2019/8/22 下午 02:01:37	測試匯入：False	
2019/8/22 下午 02:01:37	測試信箱：wei@jbjob.com.tw	
2019/8/22 下午 02:01:37	完整匯入：True	
2019/8/22 下午 02:01:37	密碼同步：True	
2019/8/22 下午 02:01:37	帳號前置名稱：	
2019/8/22 下午 02:01:37	部門起始匯入代碼：	
2019/8/22 下午 02:01:37	角色上層空白：False	
2019/8/22 下午 02:01:37	匯入生效日：2019/8/22	
2019/8/22 下午 02:01:37	部門階層正向：False	
2019/8/22 下午 02:01:37	修正錯誤：True	
2019/8/22 下午 02:01:37	載入所需資料...	
2019/8/22 下午 02:01:38	目前資料情況	
2019/8/22 下午 02:01:38	===================	
2019/8/22 下午 02:01:38	表單員工總數：506	
2019/8/22 下午 02:01:38	表單部門總數：73	
2019/8/22 下午 02:01:38	表單職稱總數：47	
2019/8/22 下午 02:01:38	===================	
2019/8/22 下午 02:01:38	應轉員工總數：506	
2019/8/22 下午 02:01:38	應轉部門總數：73	
2019/8/22 下午 02:01:38	應轉職稱總數：47	
2019/8/22 下午 02:01:38	===================	
2019/8/22 下午 02:01:38	開始匯入...	
2019/8/22 下午 02:01:38	備份表單員工資料...	
2019/8/22 下午 02:01:38	系統關閉中...	
2019/8/22 下午 02:01:38	刪除表單基本資料...	
2019/8/22 下午 02:01:38	匯入員工及角色基本資料...	
2019/8/22 下午 02:01:38	匯入部門組織及部門階層...	
2019/8/22 下午 02:01:38	匯入職稱...	
2019/8/22 下午 02:01:38	建立部門從屬關係與產生部門路徑...	
2019/8/22 下午 02:01:38	匯入部門所設定的主管...	
2019/8/22 下午 02:01:38	建立角色從屬關係...	
2019/8/22 下午 02:01:38	資料儲存中(需要比較久的時間)...	
2019/8/22 下午 02:01:39	修正錯誤(需要比較久的時間)...	
2019/8/22 下午 02:01:39	系統開啟中...	
2019/8/22 下午 02:01:39	結束匯入...	
2019/8/22 下午 02:01:39	服務結束執行...共花2.6904637秒	
2019/8/22 下午 02:01:39		
2019/8/22 下午 02:02:34	服務開始執行...	
2019/8/22 下午 02:02:34	匯入版本：20180307v1	
2019/8/22 下午 02:02:34	人事資料庫：ABLECOMHR	
2019/8/22 下午 02:02:34	表單資料庫：ezFlow_ABLECOM	
2019/8/22 下午 02:02:34	測試匯入：False	
2019/8/22 下午 02:02:34	測試信箱：wei@jbjob.com.tw	
2019/8/22 下午 02:02:34	完整匯入：True	
2019/8/22 下午 02:02:34	密碼同步：True	
2019/8/22 下午 02:02:34	帳號前置名稱：	
2019/8/22 下午 02:02:34	部門起始匯入代碼：	
2019/8/22 下午 02:02:34	角色上層空白：False	
2019/8/22 下午 02:02:34	匯入生效日：2019/8/22	
2019/8/22 下午 02:02:34	部門階層正向：False	
2019/8/22 下午 02:02:34	修正錯誤：True	
2019/8/22 下午 02:02:34	載入所需資料...	
2019/8/22 下午 02:02:35	目前資料情況	
2019/8/22 下午 02:02:35	===================	
2019/8/22 下午 02:02:35	表單員工總數：506	
2019/8/22 下午 02:02:35	表單部門總數：73	
2019/8/22 下午 02:02:35	表單職稱總數：47	
2019/8/22 下午 02:02:35	===================	
2019/8/22 下午 02:02:35	應轉員工總數：506	
2019/8/22 下午 02:02:35	應轉部門總數：73	
2019/8/22 下午 02:02:35	應轉職稱總數：47	
2019/8/22 下午 02:02:35	===================	
2019/8/22 下午 02:02:35	開始匯入...	
2019/8/22 下午 02:02:35	備份表單員工資料...	
2019/8/22 下午 02:02:35	系統關閉中...	
2019/8/22 下午 02:02:35	刪除表單基本資料...	
2019/8/22 下午 02:02:35	匯入員工及角色基本資料...	
2019/8/22 下午 02:02:35	匯入部門組織及部門階層...	
2019/8/22 下午 02:02:35	匯入職稱...	
2019/8/22 下午 02:02:35	建立部門從屬關係與產生部門路徑...	
2019/8/22 下午 02:02:35	匯入部門所設定的主管...	
2019/8/22 下午 02:02:35	建立角色從屬關係...	
2019/8/22 下午 02:02:35	資料儲存中(需要比較久的時間)...	
2019/8/22 下午 02:02:36	修正錯誤(需要比較久的時間)...	
2019/8/22 下午 02:02:36	系統開啟中...	
2019/8/22 下午 02:02:36	結束匯入...	
2019/8/22 下午 02:02:36	服務結束執行...共花2.5565388秒	
2019/8/22 下午 02:02:36		
2019/8/22 下午 02:03:09	服務開始執行...	
2019/8/22 下午 02:03:09	匯入版本：20180307v1	
2019/8/22 下午 02:03:09	人事資料庫：ABLECOMHR	
2019/8/22 下午 02:03:09	表單資料庫：ezFlow_ABLECOM	
2019/8/22 下午 02:03:09	測試匯入：False	
2019/8/22 下午 02:03:09	測試信箱：wei@jbjob.com.tw	
2019/8/22 下午 02:03:09	完整匯入：True	
2019/8/22 下午 02:03:09	密碼同步：True	
2019/8/22 下午 02:03:09	帳號前置名稱：	
2019/8/22 下午 02:03:09	部門起始匯入代碼：	
2019/8/22 下午 02:03:09	角色上層空白：False	
2019/8/22 下午 02:03:09	匯入生效日：2019/8/22	
2019/8/22 下午 02:03:09	部門階層正向：False	
2019/8/22 下午 02:03:09	修正錯誤：True	
2019/8/22 下午 02:03:09	載入所需資料...	
2019/8/22 下午 02:03:09	目前資料情況	
2019/8/22 下午 02:03:09	===================	
2019/8/22 下午 02:03:09	表單員工總數：506	
2019/8/22 下午 02:03:09	表單部門總數：73	
2019/8/22 下午 02:03:09	表單職稱總數：47	
2019/8/22 下午 02:03:09	===================	
2019/8/22 下午 02:03:09	應轉員工總數：506	
2019/8/22 下午 02:03:09	應轉部門總數：73	
2019/8/22 下午 02:03:09	應轉職稱總數：47	
2019/8/22 下午 02:03:09	===================	
2019/8/22 下午 02:03:09	開始匯入...	
2019/8/22 下午 02:03:09	備份表單員工資料...	
2019/8/22 下午 02:03:09	系統關閉中...	
2019/8/22 下午 02:03:09	刪除表單基本資料...	
2019/8/22 下午 02:03:09	匯入員工及角色基本資料...	
2019/8/22 下午 02:03:10	匯入部門組織及部門階層...	
2019/8/22 下午 02:03:10	匯入職稱...	
2019/8/22 下午 02:03:10	建立部門從屬關係與產生部門路徑...	
2019/8/22 下午 02:03:10	匯入部門所設定的主管...	
2019/8/22 下午 02:03:10	建立角色從屬關係...	
2019/8/22 下午 02:03:10	資料儲存中(需要比較久的時間)...	
2019/8/22 下午 02:03:10	修正錯誤(需要比較久的時間)...	
2019/8/22 下午 02:03:11	系統開啟中...	
2019/8/22 下午 02:03:11	結束匯入...	
2019/8/22 下午 02:03:11	服務結束執行...共花2.1267864秒	
2019/8/22 下午 02:03:11		
2019/8/22 下午 02:04:04	服務開始執行...	
2019/8/22 下午 02:04:04	匯入版本：20180307v1	
2019/8/22 下午 02:04:04	人事資料庫：ABLECOMHR	
2019/8/22 下午 02:04:04	表單資料庫：ezFlow_ABLECOM	
2019/8/22 下午 02:04:04	測試匯入：False	
2019/8/22 下午 02:04:04	測試信箱：wei@jbjob.com.tw	
2019/8/22 下午 02:04:04	完整匯入：True	
2019/8/22 下午 02:04:04	密碼同步：True	
2019/8/22 下午 02:04:04	帳號前置名稱：	
2019/8/22 下午 02:04:04	部門起始匯入代碼：	
2019/8/22 下午 02:04:04	角色上層空白：False	
2019/8/22 下午 02:04:04	匯入生效日：2019/8/22	
2019/8/22 下午 02:04:04	部門階層正向：False	
2019/8/22 下午 02:04:04	修正錯誤：True	
2019/8/22 下午 02:04:04	載入所需資料...	
2019/8/22 下午 02:04:04	目前資料情況	
2019/8/22 下午 02:04:04	===================	
2019/8/22 下午 02:04:04	表單員工總數：506	
2019/8/22 下午 02:04:04	表單部門總數：73	
2019/8/22 下午 02:04:05	表單職稱總數：47	
2019/8/22 下午 02:04:05	===================	
2019/8/22 下午 02:04:05	應轉員工總數：506	
2019/8/22 下午 02:04:05	應轉部門總數：73	
2019/8/22 下午 02:04:05	應轉職稱總數：47	
2019/8/22 下午 02:04:05	===================	
2019/8/22 下午 02:04:05	開始匯入...	
2019/8/22 下午 02:04:05	備份表單員工資料...	
2019/8/22 下午 02:04:05	系統關閉中...	
2019/8/22 下午 02:04:05	刪除表單基本資料...	
2019/8/22 下午 02:04:05	匯入員工及角色基本資料...	
2019/8/22 下午 02:04:05	匯入部門組織及部門階層...	
2019/8/22 下午 02:04:05	匯入職稱...	
2019/8/22 下午 02:04:05	建立部門從屬關係與產生部門路徑...	
2019/8/22 下午 02:04:05	匯入部門所設定的主管...	
2019/8/22 下午 02:04:05	建立角色從屬關係...	
2019/8/22 下午 02:04:05	資料儲存中(需要比較久的時間)...	
2019/8/22 下午 02:04:06	修正錯誤(需要比較久的時間)...	
2019/8/22 下午 02:04:06	系統開啟中...	
2019/8/22 下午 02:04:06	結束匯入...	
2019/8/22 下午 02:04:06	服務結束執行...共花2.4625927秒	
2019/8/22 下午 02:04:06		
2019/8/22 下午 02:04:26	服務開始執行...	
2019/8/22 下午 02:04:26	匯入版本：20180307v1	
2019/8/22 下午 02:04:27	人事資料庫：ABLECOMHR	
2019/8/22 下午 02:04:27	表單資料庫：ezFlow_ABLECOM	
2019/8/22 下午 02:04:27	測試匯入：False	
2019/8/22 下午 02:04:27	測試信箱：wei@jbjob.com.tw	
2019/8/22 下午 02:04:27	完整匯入：True	
2019/8/22 下午 02:04:27	密碼同步：True	
2019/8/22 下午 02:04:27	帳號前置名稱：	
2019/8/22 下午 02:04:27	部門起始匯入代碼：	
2019/8/22 下午 02:04:27	角色上層空白：False	
2019/8/22 下午 02:04:27	匯入生效日：2019/8/22	
2019/8/22 下午 02:04:27	部門階層正向：False	
2019/8/22 下午 02:04:27	修正錯誤：True	
2019/8/22 下午 02:04:27	載入所需資料...	
2019/8/22 下午 02:04:27	目前資料情況	
2019/8/22 下午 02:04:27	===================	
2019/8/22 下午 02:04:27	表單員工總數：506	
2019/8/22 下午 02:04:27	表單部門總數：73	
2019/8/22 下午 02:04:27	表單職稱總數：47	
2019/8/22 下午 02:04:27	===================	
2019/8/22 下午 02:04:27	應轉員工總數：506	
2019/8/22 下午 02:04:27	應轉部門總數：73	
2019/8/22 下午 02:04:27	應轉職稱總數：47	
2019/8/22 下午 02:04:27	===================	
2019/8/22 下午 02:04:27	開始匯入...	
2019/8/22 下午 02:04:27	備份表單員工資料...	
2019/8/22 下午 02:04:27	系統關閉中...	
2019/8/22 下午 02:04:27	刪除表單基本資料...	
2019/8/22 下午 02:04:27	匯入員工及角色基本資料...	
2019/8/22 下午 02:04:28	匯入部門組織及部門階層...	
2019/8/22 下午 02:04:28	匯入職稱...	
2019/8/22 下午 02:04:28	建立部門從屬關係與產生部門路徑...	
2019/8/22 下午 02:04:28	匯入部門所設定的主管...	
2019/8/22 下午 02:04:28	建立角色從屬關係...	
2019/8/22 下午 02:04:28	資料儲存中(需要比較久的時間)...	
2019/8/22 下午 02:04:29	修正錯誤(需要比較久的時間)...	
2019/8/22 下午 02:04:29	系統開啟中...	
2019/8/22 下午 02:04:29	結束匯入...	
2019/8/22 下午 02:04:29	服務結束執行...共花2.4890892秒	
2019/8/22 下午 02:04:29		
2019/8/22 下午 02:08:27	服務開始執行...	
2019/8/22 下午 02:08:27	匯入版本：20180307v1	
2019/8/22 下午 02:08:27	人事資料庫：ABLECOMHR	
2019/8/22 下午 02:08:27	表單資料庫：ezFlow_ABLECOM	
2019/8/22 下午 02:08:27	測試匯入：False	
2019/8/22 下午 02:08:27	測試信箱：wei@jbjob.com.tw	
2019/8/22 下午 02:08:27	完整匯入：True	
2019/8/22 下午 02:08:27	密碼同步：True	
2019/8/22 下午 02:08:27	帳號前置名稱：	
2019/8/22 下午 02:08:27	部門起始匯入代碼：	
2019/8/22 下午 02:08:27	角色上層空白：False	
2019/8/22 下午 02:08:27	匯入生效日：2019/8/22	
2019/8/22 下午 02:08:27	部門階層正向：False	
2019/8/22 下午 02:08:27	修正錯誤：True	
2019/8/22 下午 02:08:27	載入所需資料...	
2019/8/22 下午 02:08:28	目前資料情況	
2019/8/22 下午 02:08:28	===================	
2019/8/22 下午 02:08:28	表單員工總數：506	
2019/8/22 下午 02:08:28	表單部門總數：73	
2019/8/22 下午 02:08:28	表單職稱總數：47	
2019/8/22 下午 02:08:28	===================	
2019/8/22 下午 02:08:28	應轉員工總數：506	
2019/8/22 下午 02:08:28	應轉部門總數：73	
2019/8/22 下午 02:08:28	應轉職稱總數：47	
2019/8/22 下午 02:08:28	===================	
2019/8/22 下午 02:08:28	開始匯入...	
2019/8/22 下午 02:08:28	備份表單員工資料...	
2019/8/22 下午 02:08:28	系統關閉中...	
2019/8/22 下午 02:08:28	刪除表單基本資料...	
2019/8/22 下午 02:08:28	匯入員工及角色基本資料...	
2019/8/22 下午 02:08:28	匯入部門組織及部門階層...	
2019/8/22 下午 02:08:28	匯入職稱...	
2019/8/22 下午 02:08:28	建立部門從屬關係與產生部門路徑...	
2019/8/22 下午 02:08:28	匯入部門所設定的主管...	
2019/8/22 下午 02:08:28	建立角色從屬關係...	
2019/8/22 下午 02:08:28	資料儲存中(需要比較久的時間)...	
2019/8/22 下午 02:08:29	修正錯誤(需要比較久的時間)...	
2019/8/22 下午 02:08:29	系統開啟中...	
2019/8/22 下午 02:08:29	結束匯入...	
2019/8/22 下午 02:08:29	服務結束執行...共花2.2447179秒	
2019/8/22 下午 02:08:29		
2019/8/22 下午 04:45:33	服務開始執行...	
2019/8/22 下午 04:45:33	匯入版本：20180307v1	
2019/8/22 下午 04:45:33	人事資料庫：ABLECOMHR	
2019/8/22 下午 04:45:33	表單資料庫：ezFlow_ABLECOM	
2019/8/22 下午 04:45:33	測試匯入：False	
2019/8/22 下午 04:45:33	測試信箱：wei@jbjob.com.tw	
2019/8/22 下午 04:45:33	完整匯入：True	
2019/8/22 下午 04:45:33	密碼同步：True	
2019/8/22 下午 04:45:33	帳號前置名稱：	
2019/8/22 下午 04:45:33	部門起始匯入代碼：	
2019/8/22 下午 04:45:33	角色上層空白：False	
2019/8/22 下午 04:45:33	匯入生效日：2019/8/22	
2019/8/22 下午 04:45:33	部門階層正向：False	
2019/8/22 下午 04:45:33	修正錯誤：True	
2019/8/22 下午 04:45:33	載入所需資料...	
2019/8/22 下午 04:45:34	目前資料情況	
2019/8/22 下午 04:45:34	===================	
2019/8/22 下午 04:45:34	表單員工總數：506	
2019/8/22 下午 04:45:34	表單部門總數：73	
2019/8/22 下午 04:45:34	表單職稱總數：47	
2019/8/22 下午 04:45:34	===================	
2019/8/22 下午 04:45:34	應轉員工總數：506	
2019/8/22 下午 04:45:34	應轉部門總數：73	
2019/8/22 下午 04:45:35	應轉職稱總數：47	
2019/8/22 下午 04:45:35	===================	
2019/8/22 下午 04:45:35	開始匯入...	
2019/8/22 下午 04:45:35	備份表單員工資料...	
2019/8/22 下午 04:45:35	系統關閉中...	
2019/8/22 下午 04:45:35	刪除表單基本資料...	
2019/8/22 下午 04:45:35	匯入員工及角色基本資料...	
2019/8/22 下午 04:45:35	匯入部門組織及部門階層...	
2019/8/22 下午 04:45:35	匯入職稱...	
2019/8/22 下午 04:45:35	建立部門從屬關係與產生部門路徑...	
2019/8/22 下午 04:45:35	匯入部門所設定的主管...	
2019/8/22 下午 04:45:35	建立角色從屬關係...	
2019/8/22 下午 04:45:35	資料儲存中(需要比較久的時間)...	
2019/8/22 下午 04:45:36	修正錯誤(需要比較久的時間)...	
2019/8/22 下午 04:45:36	系統開啟中...	
2019/8/22 下午 04:45:36	結束匯入...	
2019/8/22 下午 04:45:36	服務結束執行...共花3.4250447秒	
2019/8/22 下午 04:45:36		
2019/8/22 下午 04:46:15	服務開始執行...	
2019/8/22 下午 04:46:15	匯入版本：20180307v1	
2019/8/22 下午 04:46:15	人事資料庫：ABLECOMHR	
2019/8/22 下午 04:46:15	表單資料庫：ezFlow_ABLECOM	
2019/8/22 下午 04:46:15	測試匯入：False	
2019/8/22 下午 04:46:15	測試信箱：wei@jbjob.com.tw	
2019/8/22 下午 04:46:15	完整匯入：True	
2019/8/22 下午 04:46:15	密碼同步：True	
2019/8/22 下午 04:46:15	帳號前置名稱：	
2019/8/22 下午 04:46:15	部門起始匯入代碼：	
2019/8/22 下午 04:46:15	角色上層空白：False	
2019/8/22 下午 04:46:15	匯入生效日：2019/8/22	
2019/8/22 下午 04:46:15	部門階層正向：False	
2019/8/22 下午 04:46:15	修正錯誤：True	
2019/8/22 下午 04:46:15	載入所需資料...	
2019/8/22 下午 04:46:15	目前資料情況	
2019/8/22 下午 04:46:15	===================	
2019/8/22 下午 04:46:15	表單員工總數：506	
2019/8/22 下午 04:46:15	表單部門總數：73	
2019/8/22 下午 04:46:16	表單職稱總數：47	
2019/8/22 下午 04:46:16	===================	
2019/8/22 下午 04:46:16	應轉員工總數：506	
2019/8/22 下午 04:46:16	應轉部門總數：73	
2019/8/22 下午 04:46:16	應轉職稱總數：47	
2019/8/22 下午 04:46:16	===================	
2019/8/22 下午 04:46:16	開始匯入...	
2019/8/22 下午 04:46:16	備份表單員工資料...	
2019/8/22 下午 04:46:16	系統關閉中...	
2019/8/22 下午 04:46:16	刪除表單基本資料...	
2019/8/22 下午 04:46:16	匯入員工及角色基本資料...	
2019/8/22 下午 04:46:16	匯入部門組織及部門階層...	
2019/8/22 下午 04:46:16	匯入職稱...	
2019/8/22 下午 04:46:16	建立部門從屬關係與產生部門路徑...	
2019/8/22 下午 04:46:16	匯入部門所設定的主管...	
2019/8/22 下午 04:46:16	建立角色從屬關係...	
2019/8/22 下午 04:46:16	資料儲存中(需要比較久的時間)...	
2019/8/22 下午 04:46:17	修正錯誤(需要比較久的時間)...	
2019/8/22 下午 04:46:17	系統開啟中...	
2019/8/22 下午 04:46:17	結束匯入...	
2019/8/22 下午 04:46:17	服務結束執行...共花2.7034559秒	
2019/8/22 下午 04:46:17		
2019/8/22 下午 04:46:52	服務開始執行...	
2019/8/22 下午 04:46:52	匯入版本：20180307v1	
2019/8/22 下午 04:46:52	人事資料庫：ABLECOMHR	
2019/8/22 下午 04:46:52	表單資料庫：ezFlow_ABLECOM	
2019/8/22 下午 04:46:52	測試匯入：False	
2019/8/22 下午 04:46:52	測試信箱：wei@jbjob.com.tw	
2019/8/22 下午 04:46:52	完整匯入：True	
2019/8/22 下午 04:46:52	密碼同步：True	
2019/8/22 下午 04:46:52	帳號前置名稱：	
2019/8/22 下午 04:46:52	部門起始匯入代碼：	
2019/8/22 下午 04:46:52	角色上層空白：False	
2019/8/22 下午 04:46:52	匯入生效日：2019/8/22	
2019/8/22 下午 04:46:52	部門階層正向：False	
2019/8/22 下午 04:46:52	修正錯誤：True	
2019/8/22 下午 04:46:52	載入所需資料...	
2019/8/22 下午 04:46:52	目前資料情況	
2019/8/22 下午 04:46:52	===================	
2019/8/22 下午 04:46:52	表單員工總數：506	
2019/8/22 下午 04:46:52	表單部門總數：73	
2019/8/22 下午 04:46:52	表單職稱總數：47	
2019/8/22 下午 04:46:52	===================	
2019/8/22 下午 04:46:52	應轉員工總數：506	
2019/8/22 下午 04:46:52	應轉部門總數：73	
2019/8/22 下午 04:46:52	應轉職稱總數：47	
2019/8/22 下午 04:46:52	===================	
2019/8/22 下午 04:46:52	開始匯入...	
2019/8/22 下午 04:46:52	備份表單員工資料...	
2019/8/22 下午 04:46:52	系統關閉中...	
2019/8/22 下午 04:46:53	刪除表單基本資料...	
2019/8/22 下午 04:46:53	匯入員工及角色基本資料...	
2019/8/22 下午 04:46:53	匯入部門組織及部門階層...	
2019/8/22 下午 04:46:53	匯入職稱...	
2019/8/22 下午 04:46:53	建立部門從屬關係與產生部門路徑...	
2019/8/22 下午 04:46:53	匯入部門所設定的主管...	
2019/8/22 下午 04:46:53	建立角色從屬關係...	
2019/8/22 下午 04:46:53	資料儲存中(需要比較久的時間)...	
2019/8/22 下午 04:46:54	修正錯誤(需要比較久的時間)...	
2019/8/22 下午 04:46:54	系統開啟中...	
2019/8/22 下午 04:46:54	結束匯入...	
2019/8/22 下午 04:46:54	服務結束執行...共花2.353689秒	
2019/8/22 下午 04:46:54		
