2016/10/14 上午 09:26:12	服務開始執行...	
2016/10/14 上午 09:26:12	匯入版本：20150407v2	
2016/10/14 上午 09:26:12	人事資料庫：EMC_HR	
2016/10/14 上午 09:26:12	表單資料庫：ezFlow	
2016/10/14 上午 09:26:12	測試匯入：False	
2016/10/14 上午 09:26:12	測試信箱：ming@jbjob.com.tw	
2016/10/14 上午 09:26:12	完整匯入：True	
2016/10/14 上午 09:26:12	密碼同步：True	
2016/10/14 上午 09:26:12	帳號前置名稱：	
2016/10/14 上午 09:26:12	部門起始匯入代碼：	
2016/10/14 上午 09:26:12	角色上層空白：False	
2016/10/14 上午 09:26:12	匯入生效日：2016/10/14	
2016/10/14 上午 09:26:12	部門階層正向：False	
2016/10/14 上午 09:26:12	修正錯誤：True	
2016/10/14 上午 09:26:12	載入所需資料...	
2016/10/14 上午 09:26:13	目前資料情況	
2016/10/14 上午 09:26:13	===================	
2016/10/14 上午 09:26:13	表單員工總數：820	
2016/10/14 上午 09:26:13	表單部門總數：65	
2016/10/14 上午 09:26:13	表單職稱總數：65	
2016/10/14 上午 09:26:13	===================	
2016/10/14 上午 09:26:13	應轉員工總數：820	
2016/10/14 上午 09:26:13	應轉部門總數：65	
2016/10/14 上午 09:26:13	應轉職稱總數：65	
2016/10/14 上午 09:26:13	===================	
2016/10/14 上午 09:26:13	開始匯入...	
2016/10/14 上午 09:26:13	備份表單員工資料...	
2016/10/14 上午 09:26:13	系統關閉中...	
2016/10/14 上午 09:26:13	刪除表單基本資料...	
2016/10/14 上午 09:26:13	匯入員工及角色基本資料...	
2016/10/14 上午 09:26:13	匯入部門組織及部門階層...	
2016/10/14 上午 09:26:13	匯入職稱...	
2016/10/14 上午 09:26:13	建立部門從屬關係與產生部門路徑...	
2016/10/14 上午 09:26:13	匯入部門所設定的主管...	
2016/10/14 上午 09:26:13	建立角色從屬關係...	
2016/10/14 上午 09:26:13	資料儲存中(需要比較久的時間)...	
2016/10/14 上午 09:26:13	修正錯誤(需要比較久的時間)...	
2016/10/14 上午 09:26:13	系統開啟中...	
2016/10/14 上午 09:26:13	結束匯入...	
2016/10/14 上午 09:26:13	服務結束執行...共花0.937501秒	
2016/10/14 上午 09:26:13		
