2019/7/17 上午 10:00:07	服務開始執行...	
2019/7/17 上午 10:00:07	匯入版本：20180307v1	
2019/7/17 上午 10:00:07	人事資料庫：ABLECOMHR	
2019/7/17 上午 10:00:07	表單資料庫：ezFlow_ABLECOM	
2019/7/17 上午 10:00:07	測試匯入：False	
2019/7/17 上午 10:00:07	測試信箱：wei@jbjob.com.tw	
2019/7/17 上午 10:00:07	完整匯入：True	
2019/7/17 上午 10:00:07	密碼同步：True	
2019/7/17 上午 10:00:07	帳號前置名稱：	
2019/7/17 上午 10:00:07	部門起始匯入代碼：	
2019/7/17 上午 10:00:07	角色上層空白：False	
2019/7/17 上午 10:00:07	匯入生效日：2019/7/17	
2019/7/17 上午 10:00:07	部門階層正向：False	
2019/7/17 上午 10:00:07	修正錯誤：True	
2019/7/17 上午 10:00:07	載入所需資料...	
2019/7/17 上午 10:00:07	目前資料情況	
2019/7/17 上午 10:00:07	===================	
2019/7/17 上午 10:00:07	表單員工總數：531	
2019/7/17 上午 10:00:07	表單部門總數：62	
2019/7/17 上午 10:00:07	表單職稱總數：66	
2019/7/17 上午 10:00:07	===================	
2019/7/17 上午 10:00:07	應轉員工總數：531	
2019/7/17 上午 10:00:07	應轉部門總數：62	
2019/7/17 上午 10:00:07	應轉職稱總數：66	
2019/7/17 上午 10:00:07	===================	
2019/7/17 上午 10:00:07	開始匯入...	
2019/7/17 上午 10:00:07	備份表單員工資料...	
2019/7/17 上午 10:00:07	系統關閉中...	
2019/7/17 上午 10:00:07	刪除表單基本資料...	
2019/7/17 上午 10:00:07	匯入員工及角色基本資料...	
2019/7/17 上午 10:00:07	匯入部門組織及部門階層...	
2019/7/17 上午 10:00:07	匯入職稱...	
2019/7/17 上午 10:00:07	建立部門從屬關係與產生部門路徑...	
2019/7/17 上午 10:00:07	匯入部門所設定的主管...	
2019/7/17 上午 10:00:07	建立角色從屬關係...	
2019/7/17 上午 10:00:07	資料儲存中(需要比較久的時間)...	
2019/7/17 上午 10:00:08	修正錯誤(需要比較久的時間)...	
2019/7/17 上午 10:00:08	系統開啟中...	
2019/7/17 上午 10:00:08	結束匯入...	
2019/7/17 上午 10:00:08	服務結束執行...共花1.7639951秒	
2019/7/17 上午 10:00:08		
2019/7/17 上午 11:52:28	服務開始執行...	
2019/7/17 上午 11:52:28	匯入版本：20180307v1	
2019/7/17 上午 11:52:28	人事資料庫：ABLECOMHR	
2019/7/17 上午 11:52:28	表單資料庫：ezFlow_ABLECOM	
2019/7/17 上午 11:52:28	測試匯入：False	
2019/7/17 上午 11:52:28	測試信箱：wei@jbjob.com.tw	
2019/7/17 上午 11:52:28	完整匯入：True	
2019/7/17 上午 11:52:28	密碼同步：True	
2019/7/17 上午 11:52:28	帳號前置名稱：	
2019/7/17 上午 11:52:28	部門起始匯入代碼：	
2019/7/17 上午 11:52:28	角色上層空白：False	
2019/7/17 上午 11:52:28	匯入生效日：2019/7/17	
2019/7/17 上午 11:52:28	部門階層正向：False	
2019/7/17 上午 11:52:28	修正錯誤：True	
2019/7/17 上午 11:52:28	載入所需資料...	
2019/7/17 上午 11:52:28	目前資料情況	
2019/7/17 上午 11:52:28	===================	
2019/7/17 上午 11:52:28	表單員工總數：531	
2019/7/17 上午 11:52:28	表單部門總數：62	
2019/7/17 上午 11:52:28	表單職稱總數：66	
2019/7/17 上午 11:52:28	===================	
2019/7/17 上午 11:52:28	應轉員工總數：531	
2019/7/17 上午 11:52:28	應轉部門總數：62	
2019/7/17 上午 11:52:29	應轉職稱總數：66	
2019/7/17 上午 11:52:29	===================	
2019/7/17 上午 11:52:29	開始匯入...	
2019/7/17 上午 11:52:29	備份表單員工資料...	
2019/7/17 上午 11:52:29	系統關閉中...	
2019/7/17 上午 11:52:29	刪除表單基本資料...	
2019/7/17 上午 11:52:29	匯入員工及角色基本資料...	
2019/7/17 上午 11:52:29	匯入部門組織及部門階層...	
2019/7/17 上午 11:52:29	匯入職稱...	
2019/7/17 上午 11:52:29	建立部門從屬關係與產生部門路徑...	
2019/7/17 上午 11:52:29	匯入部門所設定的主管...	
2019/7/17 上午 11:52:29	建立角色從屬關係...	
2019/7/17 上午 11:52:29	資料儲存中(需要比較久的時間)...	
2019/7/17 上午 11:52:30	修正錯誤(需要比較久的時間)...	
2019/7/17 上午 11:52:30	系統開啟中...	
2019/7/17 上午 11:52:30	結束匯入...	
2019/7/17 上午 11:52:30	服務結束執行...共花2.0918018秒	
2019/7/17 上午 11:52:30		
