2015/4/7 下午 02:38:05	服務開始執行...	
2015/4/7 下午 02:38:05	匯入版本：20130826	
2015/4/7 下午 02:38:05	人事資料庫：LEATECHR	
2015/4/7 下午 02:38:05	表單資料庫：ezFlow_LEATEC	
2015/4/7 下午 02:38:05	測試匯入：False	
2015/4/7 下午 02:38:05	測試信箱：hr@highwealth.com.tw	
2015/4/7 下午 02:38:05	完整匯入：True	
2015/4/7 下午 02:38:05	密碼同步：True	
2015/4/7 下午 02:38:05	帳號前置名稱：	
2015/4/7 下午 02:38:05	部門起始匯入代碼：	
2015/4/7 下午 02:38:05	角色上層空白：False	
2015/4/7 下午 02:38:05	匯入生效日：2015/4/7	
2015/4/7 下午 02:38:05	部門階層正向：False	
2015/4/7 下午 02:38:05	修正錯誤：True	
2015/4/7 下午 02:38:05	載入所需資料...	
2015/4/7 下午 02:38:05	目前資料情況	
2015/4/7 下午 02:38:05	===================	
2015/4/7 下午 02:38:05	表單員工總數：0	
2015/4/7 下午 02:38:05	表單部門總數：0	
2015/4/7 下午 02:38:05	表單職稱總數：0	
2015/4/7 下午 02:38:06	===================	
2015/4/7 下午 02:38:06	應轉員工總數：272	
2015/4/7 下午 02:38:06	應轉部門總數：34	
2015/4/7 下午 02:38:06	應轉職稱總數：34	
2015/4/7 下午 02:38:06	===================	
2015/4/7 下午 02:38:06	開始匯入...	
2015/4/7 下午 02:38:06	備份表單員工資料...	
2015/4/7 下午 02:38:06	系統關閉中...	
2015/4/7 下午 02:38:06	刪除表單基本資料...	
2015/4/7 下午 02:38:06	匯入員工及角色基本資料...	
2015/4/7 下午 02:38:06	匯入部門組織及部門階層...	
2015/4/7 下午 02:38:06	匯入職稱...	
2015/4/7 下午 02:38:06	建立部門從屬關係與產生部門路徑...	
2015/4/7 下午 02:38:06	匯入部門所設定的主管...	
2015/4/7 下午 02:38:54	服務開始執行...	
2015/4/7 下午 02:38:54	匯入版本：20130826	
2015/4/7 下午 02:38:54	人事資料庫：LEATECHR	
2015/4/7 下午 02:38:54	表單資料庫：ezFlow_LEATEC	
2015/4/7 下午 02:38:54	測試匯入：False	
2015/4/7 下午 02:38:54	測試信箱：hr@highwealth.com.tw	
2015/4/7 下午 02:38:54	完整匯入：True	
2015/4/7 下午 02:38:54	密碼同步：True	
2015/4/7 下午 02:38:54	帳號前置名稱：	
2015/4/7 下午 02:38:54	部門起始匯入代碼：	
2015/4/7 下午 02:38:54	角色上層空白：False	
2015/4/7 下午 02:38:54	匯入生效日：2015/4/7	
2015/4/7 下午 02:38:54	部門階層正向：False	
2015/4/7 下午 02:38:54	修正錯誤：True	
2015/4/7 下午 02:38:54	載入所需資料...	
2015/4/7 下午 02:38:54	目前資料情況	
2015/4/7 下午 02:38:54	===================	
2015/4/7 下午 02:38:54	表單員工總數：0	
2015/4/7 下午 02:38:54	表單部門總數：0	
2015/4/7 下午 02:38:54	表單職稱總數：0	
2015/4/7 下午 02:38:54	===================	
2015/4/7 下午 02:38:54	應轉員工總數：272	
2015/4/7 下午 02:38:55	應轉部門總數：34	
2015/4/7 下午 02:38:55	應轉職稱總數：34	
2015/4/7 下午 02:38:55	===================	
2015/4/7 下午 02:38:55	開始匯入...	
2015/4/7 下午 02:38:55	備份表單員工資料...	
2015/4/7 下午 02:38:55	系統關閉中...	
2015/4/7 下午 02:38:55	刪除表單基本資料...	
2015/4/7 下午 02:38:55	匯入員工及角色基本資料...	
2015/4/7 下午 02:38:55	匯入部門組織及部門階層...	
2015/4/7 下午 02:38:55	匯入職稱...	
2015/4/7 下午 02:38:55	建立部門從屬關係與產生部門路徑...	
2015/4/7 下午 02:38:55	匯入部門所設定的主管...	
2015/4/7 下午 02:38:55	建立角色從屬關係...	
2015/4/7 下午 02:38:55	資料儲存中(需要比較久的時間)...	
2015/4/7 下午 02:38:56	修正錯誤(需要比較久的時間)...	
2015/4/7 下午 02:38:58	系統開啟中...	
2015/4/7 下午 02:38:58	結束匯入...	
2015/4/7 下午 02:38:58	服務結束執行...共花4.5700064秒	
2015/4/7 下午 02:38:58		
2015/4/7 下午 02:39:33	服務開始執行...	
2015/4/7 下午 02:39:33	匯入版本：20150407v2	
2015/4/7 下午 02:39:33	人事資料庫：LEATECHR	
2015/4/7 下午 02:39:33	表單資料庫：ezFlow_LEATEC	
2015/4/7 下午 02:39:33	測試匯入：False	
2015/4/7 下午 02:39:33	測試信箱：hr@highwealth.com.tw	
2015/4/7 下午 02:39:33	完整匯入：True	
2015/4/7 下午 02:39:33	密碼同步：True	
2015/4/7 下午 02:39:33	帳號前置名稱：	
2015/4/7 下午 02:39:33	部門起始匯入代碼：	
2015/4/7 下午 02:39:33	角色上層空白：False	
2015/4/7 下午 02:39:33	匯入生效日：2015/4/7	
2015/4/7 下午 02:39:33	部門階層正向：False	
2015/4/7 下午 02:39:33	修正錯誤：True	
2015/4/7 下午 02:39:33	載入所需資料...	
2015/4/7 下午 02:39:33	目前資料情況	
2015/4/7 下午 02:39:33	===================	
2015/4/7 下午 02:39:33	表單員工總數：272	
2015/4/7 下午 02:39:33	表單部門總數：34	
2015/4/7 下午 02:39:33	表單職稱總數：34	
2015/4/7 下午 02:39:33	===================	
2015/4/7 下午 02:39:33	應轉員工總數：272	
2015/4/7 下午 02:39:33	應轉部門總數：34	
2015/4/7 下午 02:39:33	應轉職稱總數：34	
2015/4/7 下午 02:39:33	===================	
2015/4/7 下午 02:39:33	開始匯入...	
2015/4/7 下午 02:39:33	備份表單員工資料...	
2015/4/7 下午 02:39:33	系統關閉中...	
2015/4/7 下午 02:39:34	刪除表單基本資料...	
2015/4/7 下午 02:39:34	匯入員工及角色基本資料...	
2015/4/7 下午 02:39:34	匯入部門組織及部門階層...	
2015/4/7 下午 02:39:34	匯入職稱...	
2015/4/7 下午 02:39:34	建立部門從屬關係與產生部門路徑...	
2015/4/7 下午 02:39:34	匯入部門所設定的主管...	
2015/4/7 下午 02:39:34	建立角色從屬關係...	
2015/4/7 下午 02:39:34	資料儲存中(需要比較久的時間)...	
2015/4/7 下午 02:39:35	修正錯誤(需要比較久的時間)...	
2015/4/7 下午 02:39:35	系統開啟中...	
2015/4/7 下午 02:39:35	結束匯入...	
2015/4/7 下午 02:39:35	服務結束執行...共花2.7300039秒	
2015/4/7 下午 02:39:35		
2015/4/7 下午 02:43:34	服務開始執行...	
2015/4/7 下午 02:43:34	匯入版本：20150407v2	
2015/4/7 下午 02:43:34	人事資料庫：LEATECHR	
2015/4/7 下午 02:43:34	表單資料庫：ezFlow_LEATEC	
2015/4/7 下午 02:43:34	測試匯入：False	
2015/4/7 下午 02:43:34	測試信箱：hr@highwealth.com.tw	
2015/4/7 下午 02:43:34	完整匯入：True	
2015/4/7 下午 02:43:34	密碼同步：True	
2015/4/7 下午 02:43:34	帳號前置名稱：	
2015/4/7 下午 02:43:34	部門起始匯入代碼：	
2015/4/7 下午 02:43:35	角色上層空白：False	
2015/4/7 下午 02:43:35	匯入生效日：2015/4/7	
2015/4/7 下午 02:43:35	部門階層正向：False	
2015/4/7 下午 02:43:35	修正錯誤：True	
2015/4/7 下午 02:43:35	載入所需資料...	
2015/4/7 下午 02:43:35	目前資料情況	
2015/4/7 下午 02:43:35	===================	
2015/4/7 下午 02:43:35	表單員工總數：0	
2015/4/7 下午 02:43:35	表單部門總數：0	
2015/4/7 下午 02:43:35	表單職稱總數：0	
2015/4/7 下午 02:43:35	===================	
2015/4/7 下午 02:43:35	應轉員工總數：272	
2015/4/7 下午 02:43:35	應轉部門總數：34	
2015/4/7 下午 02:43:35	應轉職稱總數：34	
2015/4/7 下午 02:43:35	===================	
2015/4/7 下午 02:43:35	開始匯入...	
2015/4/7 下午 02:43:35	備份表單員工資料...	
2015/4/7 下午 02:43:35	系統關閉中...	
2015/4/7 下午 02:43:35	刪除表單基本資料...	
2015/4/7 下午 02:43:35	匯入員工及角色基本資料...	
2015/4/7 下午 02:43:35	匯入部門組織及部門階層...	
2015/4/7 下午 02:43:35	匯入職稱...	
2015/4/7 下午 02:43:35	建立部門從屬關係與產生部門路徑...	
2015/4/7 下午 02:43:35	匯入部門所設定的主管...	
2015/4/7 下午 02:43:35	建立角色從屬關係...	
2015/4/7 下午 02:43:35	資料儲存中(需要比較久的時間)...	
2015/4/7 下午 02:43:36	修正錯誤(需要比較久的時間)...	
2015/4/7 下午 02:43:36	系統開啟中...	
2015/4/7 下午 02:43:36	結束匯入...	
2015/4/7 下午 02:43:36	服務結束執行...共花2.140003秒	
2015/4/7 下午 02:43:36		
