2019/7/15 下午 04:58:23	服務開始執行...	
2019/7/15 下午 04:58:23	匯入版本：20180307v1	
2019/7/15 下午 04:58:23	人事資料庫：ABLECOMHR	
2019/7/15 下午 04:58:23	表單資料庫：ezFlow_ABLECOM	
2019/7/15 下午 04:58:23	測試匯入：False	
2019/7/15 下午 04:58:23	測試信箱：wei@jbjob.com.tw	
2019/7/15 下午 04:58:23	完整匯入：True	
2019/7/15 下午 04:58:23	密碼同步：True	
2019/7/15 下午 04:58:23	帳號前置名稱：	
2019/7/15 下午 04:58:23	部門起始匯入代碼：	
2019/7/15 下午 04:58:23	角色上層空白：False	
2019/7/15 下午 04:58:23	匯入生效日：2019/7/15	
2019/7/15 下午 04:58:23	部門階層正向：False	
2019/7/15 下午 04:58:23	修正錯誤：True	
2019/7/15 下午 04:58:23	載入所需資料...	
2019/7/15 下午 04:58:23	目前資料情況	
2019/7/15 下午 04:58:23	===================	
2019/7/15 下午 04:58:23	表單員工總數：527	
2019/7/15 下午 04:58:23	表單部門總數：62	
2019/7/15 下午 04:58:23	表單職稱總數：66	
2019/7/15 下午 04:58:23	===================	
2019/7/15 下午 04:58:23	應轉員工總數：531	
2019/7/15 下午 04:58:23	應轉部門總數：62	
2019/7/15 下午 04:58:23	應轉職稱總數：66	
2019/7/15 下午 04:58:23	===================	
2019/7/15 下午 04:58:23	開始匯入...	
2019/7/15 下午 04:58:23	備份表單員工資料...	
2019/7/15 下午 04:58:23	系統關閉中...	
2019/7/15 下午 04:58:24	刪除表單基本資料...	
2019/7/15 下午 04:58:24	匯入員工及角色基本資料...	
2019/7/15 下午 04:58:24	匯入部門組織及部門階層...	
2019/7/15 下午 04:58:24	匯入職稱...	
2019/7/15 下午 04:58:24	建立部門從屬關係與產生部門路徑...	
2019/7/15 下午 04:58:24	匯入部門所設定的主管...	
2019/7/15 下午 04:58:24	建立角色從屬關係...	
2019/7/15 下午 04:58:24	資料儲存中(需要比較久的時間)...	
2019/7/15 下午 04:58:24	修正錯誤(需要比較久的時間)...	
2019/7/15 下午 04:58:24	系統開啟中...	
2019/7/15 下午 04:58:24	結束匯入...	
2019/7/15 下午 04:58:24	服務結束執行...共花1.6180775秒	
2019/7/15 下午 04:58:24		
