2016/11/1 下午 01:20:45	服務開始執行...	
2016/11/1 下午 01:20:45	匯入版本：20150407v2	
2016/11/1 下午 01:20:45	人事資料庫：EMC_HR	
2016/11/1 下午 01:20:45	表單資料庫：ezFlow	
2016/11/1 下午 01:20:45	測試匯入：False	
2016/11/1 下午 01:20:45	測試信箱：ming@jbjob.com.tw	
2016/11/1 下午 01:20:45	完整匯入：True	
2016/11/1 下午 01:20:45	密碼同步：True	
2016/11/1 下午 01:20:45	帳號前置名稱：	
2016/11/1 下午 01:20:45	部門起始匯入代碼：	
2016/11/1 下午 01:20:45	角色上層空白：False	
2016/11/1 下午 01:20:45	匯入生效日：2016/11/1	
2016/11/1 下午 01:20:45	部門階層正向：False	
2016/11/1 下午 01:20:45	修正錯誤：True	
2016/11/1 下午 01:20:45	載入所需資料...	
2016/11/1 下午 01:20:46	目前資料情況	
2016/11/1 下午 01:20:46	===================	
2016/11/1 下午 01:20:46	表單員工總數：820	
2016/11/1 下午 01:20:46	表單部門總數：65	
2016/11/1 下午 01:20:46	表單職稱總數：65	
2016/11/1 下午 01:20:46	===================	
2016/11/1 下午 01:20:46	應轉員工總數：685	
2016/11/1 下午 01:20:46	應轉部門總數：65	
2016/11/1 下午 01:20:46	應轉職稱總數：65	
2016/11/1 下午 01:20:46	===================	
2016/11/1 下午 01:20:46	開始匯入...	
2016/11/1 下午 01:20:46	備份表單員工資料...	
2016/11/1 下午 01:20:46	系統關閉中...	
2016/11/1 下午 01:20:46	刪除表單基本資料...	
2016/11/1 下午 01:20:46	匯入員工及角色基本資料...	
2016/11/1 下午 01:20:46	匯入部門組織及部門階層...	
2016/11/1 下午 01:20:46	匯入職稱...	
2016/11/1 下午 01:20:46	建立部門從屬關係與產生部門路徑...	
2016/11/1 下午 01:20:46	匯入部門所設定的主管...	
2016/11/1 下午 01:20:46	建立角色從屬關係...	
2016/11/1 下午 01:20:46	資料儲存中(需要比較久的時間)...	
2016/11/1 下午 01:20:46	修正錯誤(需要比較久的時間)...	
2016/11/1 下午 01:20:46	系統開啟中...	
2016/11/1 下午 01:20:46	結束匯入...	
2016/11/1 下午 01:20:46	服務結束執行...共花1.0156313秒	
2016/11/1 下午 01:20:46		
