2018/3/8 下午 02:27:33	服務開始執行...	
2018/3/8 下午 02:27:33	匯入版本：20150407v2	
2018/3/8 下午 02:27:33	人事資料庫：EMC_HR	
2018/3/8 下午 02:27:33	表單資料庫：ezFlow_EMC	
2018/3/8 下午 02:27:34	測試匯入：False	
2018/3/8 下午 02:27:34	測試信箱：wei@jbjob.com.tw	
2018/3/8 下午 02:27:34	完整匯入：True	
2018/3/8 下午 02:27:34	密碼同步：True	
2018/3/8 下午 02:27:34	帳號前置名稱：	
2018/3/8 下午 02:27:34	部門起始匯入代碼：	
2018/3/8 下午 02:27:34	角色上層空白：False	
2018/3/8 下午 02:27:34	匯入生效日：2018/3/8	
2018/3/8 下午 02:27:34	部門階層正向：False	
2018/3/8 下午 02:27:34	修正錯誤：True	
2018/3/8 下午 02:27:34	載入所需資料...	
2018/3/8 下午 02:27:34	目前資料情況	
2018/3/8 下午 02:27:34	===================	
2018/3/8 下午 02:27:34	表單員工總數：982	
2018/3/8 下午 02:27:34	表單部門總數：72	
2018/3/8 下午 02:27:34	表單職稱總數：72	
2018/3/8 下午 02:27:34	===================	
2018/3/8 下午 02:27:34	應轉員工總數：969	
2018/3/8 下午 02:27:34	應轉部門總數：72	
2018/3/8 下午 02:27:34	應轉職稱總數：72	
2018/3/8 下午 02:27:34	===================	
2018/3/8 下午 02:27:34	開始匯入...	
2018/3/8 下午 02:27:34	備份表單員工資料...	
2018/3/8 下午 02:27:34	系統關閉中...	
2018/3/8 下午 02:27:34	刪除表單基本資料...	
2018/3/8 下午 02:27:34	匯入員工及角色基本資料...	
2018/3/8 下午 02:27:34	匯入部門組織及部門階層...	
2018/3/8 下午 02:27:34	匯入職稱...	
2018/3/8 下午 02:27:34	建立部門從屬關係與產生部門路徑...	
2018/3/8 下午 02:27:34	匯入部門所設定的主管...	
2018/3/8 下午 02:27:34	建立角色從屬關係...	
2018/3/8 下午 02:27:34	資料儲存中(需要比較久的時間)...	
2018/3/8 下午 02:27:35	修正錯誤(需要比較久的時間)...	
2018/3/8 下午 02:27:36	系統開啟中...	
2018/3/8 下午 02:27:36	結束匯入...	
2018/3/8 下午 02:27:36	服務結束執行...共花3.1053418秒	
2018/3/8 下午 02:27:36		
2018/3/8 下午 02:27:38	服務開始執行...	
2018/3/8 下午 02:27:38	匯入版本：20150407v2	
2018/3/8 下午 02:27:38	人事資料庫：EMC_HR	
2018/3/8 下午 02:27:38	表單資料庫：ezFlow_EMC	
2018/3/8 下午 02:27:38	測試匯入：False	
2018/3/8 下午 02:27:38	測試信箱：wei@jbjob.com.tw	
2018/3/8 下午 02:27:38	完整匯入：True	
2018/3/8 下午 02:27:38	密碼同步：True	
2018/3/8 下午 02:27:38	帳號前置名稱：	
2018/3/8 下午 02:27:38	部門起始匯入代碼：	
2018/3/8 下午 02:27:38	角色上層空白：False	
2018/3/8 下午 02:27:38	匯入生效日：2018/3/8	
2018/3/8 下午 02:27:38	部門階層正向：False	
2018/3/8 下午 02:27:38	修正錯誤：True	
2018/3/8 下午 02:27:38	載入所需資料...	
2018/3/8 下午 02:27:39	目前資料情況	
2018/3/8 下午 02:27:39	===================	
2018/3/8 下午 02:27:39	表單員工總數：969	
2018/3/8 下午 02:27:39	表單部門總數：72	
2018/3/8 下午 02:27:39	表單職稱總數：72	
2018/3/8 下午 02:27:39	===================	
2018/3/8 下午 02:27:39	應轉員工總數：969	
2018/3/8 下午 02:27:39	應轉部門總數：72	
2018/3/8 下午 02:27:39	應轉職稱總數：72	
2018/3/8 下午 02:27:39	===================	
2018/3/8 下午 02:27:39	開始匯入...	
2018/3/8 下午 02:27:39	備份表單員工資料...	
2018/3/8 下午 02:27:39	系統關閉中...	
2018/3/8 下午 02:27:39	刪除表單基本資料...	
2018/3/8 下午 02:27:39	匯入員工及角色基本資料...	
2018/3/8 下午 02:27:39	匯入部門組織及部門階層...	
2018/3/8 下午 02:27:39	匯入職稱...	
2018/3/8 下午 02:27:39	建立部門從屬關係與產生部門路徑...	
2018/3/8 下午 02:27:39	匯入部門所設定的主管...	
2018/3/8 下午 02:27:39	建立角色從屬關係...	
2018/3/8 下午 02:27:39	資料儲存中(需要比較久的時間)...	
2018/3/8 下午 02:27:40	修正錯誤(需要比較久的時間)...	
2018/3/8 下午 02:27:40	系統開啟中...	
2018/3/8 下午 02:27:40	結束匯入...	
2018/3/8 下午 02:27:40	服務結束執行...共花1.9878055秒	
2018/3/8 下午 02:27:40		
