2019/8/5 下午 01:14:50	服務開始執行...	
2019/8/5 下午 01:14:50	匯入版本：20180307v1	
2019/8/5 下午 01:14:50	人事資料庫：ABLECOMHR	
2019/8/5 下午 01:14:50	表單資料庫：ezFlow_ABLECOM	
2019/8/5 下午 01:14:50	測試匯入：False	
2019/8/5 下午 01:14:50	測試信箱：wei@jbjob.com.tw	
2019/8/5 下午 01:14:50	完整匯入：True	
2019/8/5 下午 01:14:51	密碼同步：True	
2019/8/5 下午 01:14:51	帳號前置名稱：	
2019/8/5 下午 01:14:51	部門起始匯入代碼：	
2019/8/5 下午 01:14:51	角色上層空白：False	
2019/8/5 下午 01:14:51	匯入生效日：2019/8/5	
2019/8/5 下午 01:14:51	部門階層正向：False	
2019/8/5 下午 01:14:51	修正錯誤：True	
2019/8/5 下午 01:14:51	載入所需資料...	
2019/8/5 下午 01:14:51	目前資料情況	
2019/8/5 下午 01:14:51	===================	
2019/8/5 下午 01:14:51	表單員工總數：0	
2019/8/5 下午 01:14:51	表單部門總數：0	
2019/8/5 下午 01:14:51	表單職稱總數：0	
2019/8/5 下午 01:14:51	===================	
2019/8/5 下午 01:14:51	應轉員工總數：331	
2019/8/5 下午 01:14:51	應轉部門總數：73	
2019/8/5 下午 01:14:51	應轉職稱總數：48	
2019/8/5 下午 01:14:51	===================	
2019/8/5 下午 01:14:51	開始匯入...	
2019/8/5 下午 01:14:51	備份表單員工資料...	
2019/8/5 下午 01:14:51	系統關閉中...	
2019/8/5 下午 01:14:51	刪除表單基本資料...	
2019/8/5 下午 01:14:51	匯入員工及角色基本資料...	
2019/8/5 下午 01:14:51	匯入部門組織及部門階層...	
2019/8/5 下午 01:14:51	匯入職稱...	
2019/8/5 下午 01:14:51	建立部門從屬關係與產生部門路徑...	
2019/8/5 下午 01:14:51	匯入部門所設定的主管...	
2019/8/5 下午 01:14:51	建立角色從屬關係...	
2019/8/5 下午 01:14:51	資料儲存中(需要比較久的時間)...	
2019/8/5 下午 01:14:52	修正錯誤(需要比較久的時間)...	
2019/8/5 下午 01:14:52	系統開啟中...	
2019/8/5 下午 01:14:52	結束匯入...	
2019/8/5 下午 01:14:52	服務結束執行...共花1.8289573秒	
2019/8/5 下午 01:14:52		
2019/8/5 下午 01:28:16	服務開始執行...	
2019/8/5 下午 01:28:16	匯入版本：20180307v1	
2019/8/5 下午 01:28:16	人事資料庫：ABLECOMHR	
2019/8/5 下午 01:28:16	表單資料庫：ezFlow_ABLECOM	
2019/8/5 下午 01:28:16	測試匯入：False	
2019/8/5 下午 01:28:16	測試信箱：wei@jbjob.com.tw	
2019/8/5 下午 01:28:16	完整匯入：True	
2019/8/5 下午 01:28:16	密碼同步：True	
2019/8/5 下午 01:28:16	帳號前置名稱：	
2019/8/5 下午 01:28:16	部門起始匯入代碼：	
2019/8/5 下午 01:28:16	角色上層空白：False	
2019/8/5 下午 01:28:16	匯入生效日：2019/8/5	
2019/8/5 下午 01:28:16	部門階層正向：False	
2019/8/5 下午 01:28:16	修正錯誤：True	
2019/8/5 下午 01:28:16	載入所需資料...	
2019/8/5 下午 01:28:17	目前資料情況	
2019/8/5 下午 01:28:17	===================	
2019/8/5 下午 01:28:17	表單員工總數：331	
2019/8/5 下午 01:28:17	表單部門總數：73	
2019/8/5 下午 01:28:17	表單職稱總數：48	
2019/8/5 下午 01:28:17	===================	
2019/8/5 下午 01:28:17	應轉員工總數：332	
2019/8/5 下午 01:28:17	應轉部門總數：73	
2019/8/5 下午 01:28:17	應轉職稱總數：48	
2019/8/5 下午 01:28:17	===================	
2019/8/5 下午 01:28:17	開始匯入...	
2019/8/5 下午 01:28:17	備份表單員工資料...	
2019/8/5 下午 01:28:17	系統關閉中...	
2019/8/5 下午 01:28:17	刪除表單基本資料...	
2019/8/5 下午 01:28:17	匯入員工及角色基本資料...	
2019/8/5 下午 01:28:17	匯入部門組織及部門階層...	
2019/8/5 下午 01:28:17	匯入職稱...	
2019/8/5 下午 01:28:17	建立部門從屬關係與產生部門路徑...	
2019/8/5 下午 01:28:17	匯入部門所設定的主管...	
2019/8/5 下午 01:28:17	建立角色從屬關係...	
2019/8/5 下午 01:28:17	資料儲存中(需要比較久的時間)...	
2019/8/5 下午 01:28:18	修正錯誤(需要比較久的時間)...	
2019/8/5 下午 01:28:18	系統開啟中...	
2019/8/5 下午 01:28:18	結束匯入...	
2019/8/5 下午 01:28:18	服務結束執行...共花1.8529401秒	
2019/8/5 下午 01:28:18		
