2019/8/29 下午 02:01:39	服務開始執行...	
2019/8/29 下午 02:01:39	匯入版本：20180307v1	
2019/8/29 下午 02:01:39	人事資料庫：ABLECOMHR	
2019/8/29 下午 02:01:39	表單資料庫：ezFlow_ABLECOM	
2019/8/29 下午 02:01:39	測試匯入：False	
2019/8/29 下午 02:01:39	測試信箱：wei@jbjob.com.tw	
2019/8/29 下午 02:01:39	完整匯入：True	
2019/8/29 下午 02:01:39	密碼同步：True	
2019/8/29 下午 02:01:39	帳號前置名稱：	
2019/8/29 下午 02:01:39	部門起始匯入代碼：	
2019/8/29 下午 02:01:39	角色上層空白：False	
2019/8/29 下午 02:01:39	匯入生效日：2019/8/29	
2019/8/29 下午 02:01:39	部門階層正向：False	
2019/8/29 下午 02:01:39	修正錯誤：True	
2019/8/29 下午 02:01:39	載入所需資料...	
2019/8/29 下午 02:01:40	目前資料情況	
2019/8/29 下午 02:01:40	===================	
2019/8/29 下午 02:01:40	表單員工總數：507	
2019/8/29 下午 02:01:40	表單部門總數：78	
2019/8/29 下午 02:01:40	表單職稱總數：47	
2019/8/29 下午 02:01:40	===================	
2019/8/29 下午 02:01:40	應轉員工總數：507	
2019/8/29 下午 02:01:40	應轉部門總數：78	
2019/8/29 下午 02:01:40	應轉職稱總數：47	
2019/8/29 下午 02:01:40	===================	
2019/8/29 下午 02:01:40	開始匯入...	
2019/8/29 下午 02:01:40	備份表單員工資料...	
2019/8/29 下午 02:01:40	系統關閉中...	
2019/8/29 下午 02:01:40	刪除表單基本資料...	
2019/8/29 下午 02:01:40	匯入員工及角色基本資料...	
2019/8/29 下午 02:01:40	匯入部門組織及部門階層...	
2019/8/29 下午 02:01:40	匯入職稱...	
2019/8/29 下午 02:01:40	建立部門從屬關係與產生部門路徑...	
2019/8/29 下午 02:01:40	匯入部門所設定的主管...	
2019/8/29 下午 02:01:40	建立角色從屬關係...	
2019/8/29 下午 02:01:40	資料儲存中(需要比較久的時間)...	
2019/8/29 下午 02:01:41	修正錯誤(需要比較久的時間)...	
2019/8/29 下午 02:01:42	系統開啟中...	
2019/8/29 下午 02:01:42	結束匯入...	
2019/8/29 下午 02:01:42	服務結束執行...共花2.8523706秒	
2019/8/29 下午 02:01:42		
