2016/11/16 下午 04:50:14	服務開始執行...	
2016/11/16 下午 04:50:14	匯入版本：20150407v2	
2016/11/16 下午 04:50:14	人事資料庫：EMC_HR	
2016/11/16 下午 04:50:14	表單資料庫：ezFlow_EMC	
2016/11/16 下午 04:50:14	測試匯入：False	
2016/11/16 下午 04:50:14	測試信箱：wei@jbjob.com.tw	
2016/11/16 下午 04:50:14	完整匯入：True	
2016/11/16 下午 04:50:14	密碼同步：True	
2016/11/16 下午 04:50:14	帳號前置名稱：	
2016/11/16 下午 04:50:14	部門起始匯入代碼：	
2016/11/16 下午 04:50:14	角色上層空白：False	
2016/11/16 下午 04:50:14	匯入生效日：2016/11/16	
2016/11/16 下午 04:50:14	部門階層正向：False	
2016/11/16 下午 04:50:14	修正錯誤：True	
2016/11/16 下午 04:50:14	載入所需資料...	
2016/11/16 下午 04:50:15	目前資料情況	
2016/11/16 下午 04:50:15	===================	
2016/11/16 下午 04:50:15	表單員工總數：685	
2016/11/16 下午 04:50:15	表單部門總數：65	
2016/11/16 下午 04:50:15	表單職稱總數：65	
2016/11/16 下午 04:50:15	===================	
2016/11/16 下午 04:50:15	應轉員工總數：679	
2016/11/16 下午 04:50:15	應轉部門總數：65	
2016/11/16 下午 04:50:15	應轉職稱總數：65	
2016/11/16 下午 04:50:15	===================	
2016/11/16 下午 04:50:15	開始匯入...	
2016/11/16 下午 04:50:15	備份表單員工資料...	
2016/11/16 下午 04:50:15	系統關閉中...	
2016/11/16 下午 04:50:16	刪除表單基本資料...	
2016/11/16 下午 04:50:16	匯入員工及角色基本資料...	
2016/11/16 下午 04:50:16	匯入部門組織及部門階層...	
2016/11/16 下午 04:50:16	匯入職稱...	
2016/11/16 下午 04:50:16	建立部門從屬關係與產生部門路徑...	
2016/11/16 下午 04:50:16	匯入部門所設定的主管...	
2016/11/16 下午 04:50:16	建立角色從屬關係...	
2016/11/16 下午 04:50:16	資料儲存中(需要比較久的時間)...	
2016/11/16 下午 04:50:18	修正錯誤(需要比較久的時間)...	
2016/11/16 下午 04:50:18	系統開啟中...	
2016/11/16 下午 04:50:18	結束匯入...	
2016/11/16 下午 04:50:18	服務結束執行...共花3.6726247秒	
2016/11/16 下午 04:50:18		
