2019/6/19 下午 02:18:06	服務開始執行...	
2019/6/19 下午 02:18:06	匯入版本：20180307v1	
2019/6/19 下午 02:18:06	人事資料庫：SIEHR	
2019/6/19 下午 02:18:06	表單資料庫：ezFlow_SCI	
2019/6/19 下午 02:18:06	測試匯入：False	
2019/6/19 下午 02:18:06	測試信箱：	
2019/6/19 下午 02:18:06	完整匯入：True	
2019/6/19 下午 02:18:06	密碼同步：True	
2019/6/19 下午 02:18:06	帳號前置名稱：	
2019/6/19 下午 02:18:06	部門起始匯入代碼：	
2019/6/19 下午 02:18:06	角色上層空白：False	
2019/6/19 下午 02:18:06	匯入生效日：2019/6/19	
2019/6/19 下午 02:18:06	部門階層正向：False	
2019/6/19 下午 02:18:06	修正錯誤：True	
2019/6/19 下午 02:18:06	載入所需資料...	
2019/6/19 下午 02:18:07	目前資料情況	
2019/6/19 下午 02:18:07	===================	
2019/6/19 下午 02:18:07	表單員工總數：262	
2019/6/19 下午 02:18:07	表單部門總數：46	
2019/6/19 下午 02:18:07	表單職稱總數：51	
2019/6/19 下午 02:18:07	===================	
2019/6/19 下午 02:18:07	應轉員工總數：261	
2019/6/19 下午 02:18:07	應轉部門總數：46	
2019/6/19 下午 02:18:07	應轉職稱總數：51	
2019/6/19 下午 02:18:07	===================	
2019/6/19 下午 02:18:07	開始匯入...	
2019/6/19 下午 02:18:07	備份表單員工資料...	
2019/6/19 下午 02:18:07	系統關閉中...	
2019/6/19 下午 02:18:07	刪除表單基本資料...	
2019/6/19 下午 02:18:07	匯入員工及角色基本資料...	
2019/6/19 下午 02:18:07	匯入部門組織及部門階層...	
2019/6/19 下午 02:18:07	匯入職稱...	
2019/6/19 下午 02:18:07	建立部門從屬關係與產生部門路徑...	
2019/6/19 下午 02:18:07	匯入部門所設定的主管...	
2019/6/19 下午 02:18:07	建立角色從屬關係...	
2019/6/19 下午 02:18:07	資料儲存中(需要比較久的時間)...	
2019/6/19 下午 02:18:07	修正錯誤(需要比較久的時間)...	
2019/6/19 下午 02:18:07	系統開啟中...	
2019/6/19 下午 02:18:07	結束匯入...	
2019/6/19 下午 02:18:07	服務結束執行...共花1.4621815秒	
2019/6/19 下午 02:18:07		
