2019/8/27 下午 02:57:26	服務開始執行...	
2019/8/27 下午 02:57:26	匯入版本：20180307v1	
2019/8/27 下午 02:57:26	人事資料庫：ABLECOMHR	
2019/8/27 下午 02:57:26	表單資料庫：ezFlow_ABLECOM	
2019/8/27 下午 02:57:26	測試匯入：False	
2019/8/27 下午 02:57:26	測試信箱：wei@jbjob.com.tw	
2019/8/27 下午 02:57:26	完整匯入：True	
2019/8/27 下午 02:57:26	密碼同步：True	
2019/8/27 下午 02:57:26	帳號前置名稱：	
2019/8/27 下午 02:57:26	部門起始匯入代碼：	
2019/8/27 下午 02:57:26	角色上層空白：False	
2019/8/27 下午 02:57:26	匯入生效日：2019/8/27	
2019/8/27 下午 02:57:26	部門階層正向：False	
2019/8/27 下午 02:57:26	修正錯誤：True	
2019/8/27 下午 02:57:26	載入所需資料...	
2019/8/27 下午 02:57:26	目前資料情況	
2019/8/27 下午 02:57:26	===================	
2019/8/27 下午 02:57:26	表單員工總數：506	
2019/8/27 下午 02:57:26	表單部門總數：73	
2019/8/27 下午 02:57:26	表單職稱總數：47	
2019/8/27 下午 02:57:26	===================	
2019/8/27 下午 02:57:26	應轉員工總數：507	
2019/8/27 下午 02:57:26	應轉部門總數：78	
2019/8/27 下午 02:57:26	應轉職稱總數：47	
2019/8/27 下午 02:57:26	===================	
2019/8/27 下午 02:57:26	開始匯入...	
2019/8/27 下午 02:57:26	備份表單員工資料...	
2019/8/27 下午 02:57:26	系統關閉中...	
2019/8/27 下午 02:57:26	刪除表單基本資料...	
2019/8/27 下午 02:57:26	匯入員工及角色基本資料...	
2019/8/27 下午 02:57:26	匯入部門組織及部門階層...	
2019/8/27 下午 02:57:26	匯入職稱...	
2019/8/27 下午 02:57:26	建立部門從屬關係與產生部門路徑...	
2019/8/27 下午 02:57:26	匯入部門所設定的主管...	
2019/8/27 下午 02:57:26	建立角色從屬關係...	
2019/8/27 下午 02:57:26	資料儲存中(需要比較久的時間)...	
2019/8/27 下午 02:57:27	修正錯誤(需要比較久的時間)...	
2019/8/27 下午 02:57:27	系統開啟中...	
2019/8/27 下午 02:57:27	結束匯入...	
2019/8/27 下午 02:57:27	服務結束執行...共花1.7989732秒	
2019/8/27 下午 02:57:27		
2019/8/27 下午 06:32:47	服務開始執行...	
2019/8/27 下午 06:32:47	匯入版本：20180307v1	
2019/8/27 下午 06:32:47	人事資料庫：ABLECOMHR	
2019/8/27 下午 06:32:47	表單資料庫：ezFlow_ABLECOM	
2019/8/27 下午 06:32:47	測試匯入：False	
2019/8/27 下午 06:32:47	測試信箱：wei@jbjob.com.tw	
2019/8/27 下午 06:32:47	完整匯入：True	
2019/8/27 下午 06:32:47	密碼同步：True	
2019/8/27 下午 06:32:47	帳號前置名稱：	
2019/8/27 下午 06:32:47	部門起始匯入代碼：	
2019/8/27 下午 06:32:47	角色上層空白：False	
2019/8/27 下午 06:32:47	匯入生效日：2019/8/27	
2019/8/27 下午 06:32:47	部門階層正向：False	
2019/8/27 下午 06:32:47	修正錯誤：True	
2019/8/27 下午 06:32:47	載入所需資料...	
2019/8/27 下午 06:32:47	目前資料情況	
2019/8/27 下午 06:32:47	===================	
2019/8/27 下午 06:32:47	表單員工總數：507	
2019/8/27 下午 06:32:47	表單部門總數：78	
2019/8/27 下午 06:32:47	表單職稱總數：47	
2019/8/27 下午 06:32:48	===================	
2019/8/27 下午 06:32:48	應轉員工總數：507	
2019/8/27 下午 06:32:48	應轉部門總數：78	
2019/8/27 下午 06:32:48	應轉職稱總數：47	
2019/8/27 下午 06:32:48	===================	
2019/8/27 下午 06:32:48	開始匯入...	
2019/8/27 下午 06:32:48	備份表單員工資料...	
2019/8/27 下午 06:32:48	系統關閉中...	
2019/8/27 下午 06:32:48	刪除表單基本資料...	
2019/8/27 下午 06:32:48	匯入員工及角色基本資料...	
2019/8/27 下午 06:32:48	匯入部門組織及部門階層...	
2019/8/27 下午 06:32:48	匯入職稱...	
2019/8/27 下午 06:32:48	建立部門從屬關係與產生部門路徑...	
2019/8/27 下午 06:32:48	匯入部門所設定的主管...	
2019/8/27 下午 06:32:48	建立角色從屬關係...	
2019/8/27 下午 06:32:48	資料儲存中(需要比較久的時間)...	
2019/8/27 下午 06:32:49	修正錯誤(需要比較久的時間)...	
2019/8/27 下午 06:32:49	系統開啟中...	
2019/8/27 下午 06:32:49	結束匯入...	
2019/8/27 下午 06:32:49	服務結束執行...共花1.9458899秒	
2019/8/27 下午 06:32:49		
