2019/9/3 下午 03:12:56	服務開始執行...	
2019/9/3 下午 03:12:56	匯入版本：20180307v1	
2019/9/3 下午 03:12:56	人事資料庫：ABLECOMHR	
2019/9/3 下午 03:12:56	表單資料庫：ezFlow_ABLECOM	
2019/9/3 下午 03:12:56	測試匯入：False	
2019/9/3 下午 03:12:56	測試信箱：wei@jbjob.com.tw	
2019/9/3 下午 03:12:56	完整匯入：True	
2019/9/3 下午 03:12:56	密碼同步：True	
2019/9/3 下午 03:12:56	帳號前置名稱：	
2019/9/3 下午 03:12:56	部門起始匯入代碼：	
2019/9/3 下午 03:12:56	角色上層空白：False	
2019/9/3 下午 03:12:56	匯入生效日：2019/9/3	
2019/9/3 下午 03:12:56	部門階層正向：False	
2019/9/3 下午 03:12:56	修正錯誤：True	
2019/9/3 下午 03:12:56	載入所需資料...	
2019/9/3 下午 03:12:57	目前資料情況	
2019/9/3 下午 03:12:57	===================	
2019/9/3 下午 03:12:57	表單員工總數：507	
2019/9/3 下午 03:12:57	表單部門總數：78	
2019/9/3 下午 03:12:57	表單職稱總數：47	
2019/9/3 下午 03:12:57	===================	
2019/9/3 下午 03:12:57	應轉員工總數：510	
2019/9/3 下午 03:12:57	應轉部門總數：78	
2019/9/3 下午 03:12:57	應轉職稱總數：47	
2019/9/3 下午 03:12:57	===================	
2019/9/3 下午 03:12:57	開始匯入...	
2019/9/3 下午 03:12:57	備份表單員工資料...	
2019/9/3 下午 03:12:57	系統關閉中...	
2019/9/3 下午 03:12:57	刪除表單基本資料...	
2019/9/3 下午 03:12:57	匯入員工及角色基本資料...	
2019/9/3 下午 03:12:57	匯入部門組織及部門階層...	
2019/9/3 下午 03:12:57	匯入職稱...	
2019/9/3 下午 03:12:57	建立部門從屬關係與產生部門路徑...	
2019/9/3 下午 03:12:57	匯入部門所設定的主管...	
2019/9/3 下午 03:12:57	建立角色從屬關係...	
2019/9/3 下午 03:12:57	資料儲存中(需要比較久的時間)...	
2019/9/3 下午 03:12:58	修正錯誤(需要比較久的時間)...	
2019/9/3 下午 03:12:58	系統開啟中...	
2019/9/3 下午 03:12:58	結束匯入...	
2019/9/3 下午 03:12:58	服務結束執行...共花2.0568261秒	
2019/9/3 下午 03:12:58		
