2013/2/4 上午 10:20:56	服務開始執行...	
2013/2/4 上午 10:20:56	匯入版本：20130201	
2013/2/4 上午 10:20:56	人事資料庫：HOLYHRDB	
2013/2/4 上午 10:20:56	表單資料庫：ezFlow	
2013/2/4 上午 10:20:57	測試匯入：False	
2013/2/4 上午 10:20:57	測試信箱：joumingt@gmail.com	
2013/2/4 上午 10:20:57	完整匯入：True	
2013/2/4 上午 10:20:57	密碼同步：True	
2013/2/4 上午 10:20:57	帳號前置名稱：	
2013/2/4 上午 10:20:57	部門起始匯入代碼：	
2013/2/4 上午 10:20:57	角色上層空白：False	
2013/2/4 上午 10:20:57	匯入生效日：2013/2/4	
2013/2/4 上午 10:20:57	部門階層正向：False	
2013/2/4 上午 10:20:57	修正錯誤：True	
2013/2/4 上午 10:20:57	載入所需資料...	
2013/2/4 上午 10:21:00	目前資料情況	
2013/2/4 上午 10:21:00	===================	
2013/2/4 上午 10:21:00	表單員工總數：909	
2013/2/4 上午 10:21:00	表單部門總數：294	
2013/2/4 上午 10:21:00	表單職稱總數：182	
2013/2/4 上午 10:21:00	===================	
2013/2/4 上午 10:21:00	應轉員工總數：909	
2013/2/4 上午 10:21:00	應轉部門總數：294	
2013/2/4 上午 10:21:01	應轉職稱總數：182	
2013/2/4 上午 10:21:01	===================	
2013/2/4 上午 10:21:01	開始匯入...	
2013/2/4 上午 10:21:01	備份表單員工資料...	
2013/2/4 上午 10:21:01	系統關閉中...	
2013/2/4 上午 10:21:36	刪除表單基本資料...	
2013/2/4 上午 10:21:36	匯入員工及角色基本資料...	
2013/2/4 上午 10:21:36	匯入部門組織及部門階層...	
2013/2/4 上午 10:21:36	匯入職稱...	
2013/2/4 上午 10:21:36	建立部門從屬關係與產生部門路徑...	
2013/2/4 上午 10:21:36	匯入部門所設定的主管...	
2013/2/4 上午 10:21:37	建立角色從屬關係...	
2013/2/4 上午 10:21:37	資料儲存中(需要比較久的時間)...	
2013/2/4 上午 10:23:06	修正錯誤(需要比較久的時間)...	
2013/2/4 上午 10:23:07	系統開啟中...	
2013/2/4 上午 10:23:07	結束匯入...	
2013/2/4 上午 10:23:07	服務結束執行...共花130.4724626秒	
2013/2/4 上午 10:23:07		
2013/2/4 上午 10:26:31	服務開始執行...	
2013/2/4 上午 10:26:31	匯入版本：20130201	
2013/2/4 上午 10:26:31	人事資料庫：HOLYHRDB	
2013/2/4 上午 10:26:31	表單資料庫：ezFlow	
2013/2/4 上午 10:26:32	測試匯入：False	
2013/2/4 上午 10:26:32	測試信箱：joumingt@gmail.com	
2013/2/4 上午 10:26:32	完整匯入：True	
2013/2/4 上午 10:26:32	密碼同步：True	
2013/2/4 上午 10:26:32	帳號前置名稱：	
2013/2/4 上午 10:26:32	部門起始匯入代碼：	
2013/2/4 上午 10:26:32	角色上層空白：False	
2013/2/4 上午 10:26:32	匯入生效日：2013/2/4	
2013/2/4 上午 10:26:32	部門階層正向：False	
2013/2/4 上午 10:26:32	修正錯誤：True	
2013/2/4 上午 10:26:32	載入所需資料...	
2013/2/4 上午 10:26:33	目前資料情況	
2013/2/4 上午 10:26:33	===================	
2013/2/4 上午 10:26:33	表單員工總數：0	
2013/2/4 上午 10:26:34	表單部門總數：0	
2013/2/4 上午 10:26:34	表單職稱總數：0	
2013/2/4 上午 10:26:34	===================	
2013/2/4 上午 10:26:34	應轉員工總數：909	
2013/2/4 上午 10:26:34	應轉部門總數：294	
2013/2/4 上午 10:26:34	應轉職稱總數：182	
2013/2/4 上午 10:26:34	===================	
2013/2/4 上午 10:26:34	開始匯入...	
2013/2/4 上午 10:26:34	備份表單員工資料...	
2013/2/4 上午 10:26:34	系統關閉中...	
2013/2/4 上午 10:26:34	刪除表單基本資料...	
2013/2/4 上午 10:26:34	匯入員工及角色基本資料...	
2013/2/4 上午 10:26:34	匯入部門組織及部門階層...	
2013/2/4 上午 10:26:34	匯入職稱...	
2013/2/4 上午 10:26:34	建立部門從屬關係與產生部門路徑...	
2013/2/4 上午 10:26:34	匯入部門所設定的主管...	
2013/2/4 上午 10:26:34	建立角色從屬關係...	
2013/2/4 上午 10:26:34	資料儲存中(需要比較久的時間)...	
2013/2/4 上午 10:28:00	修正錯誤(需要比較久的時間)...	
2013/2/4 上午 10:28:01	系統開啟中...	
2013/2/4 上午 10:28:01	結束匯入...	
2013/2/4 上午 10:28:01	服務結束執行...共花89.4091139秒	
2013/2/4 上午 10:28:01		
