2017/6/13 下午 03:07:30	服務開始執行...	
2017/6/13 下午 03:07:30	匯入版本：20150407v2	
2017/6/13 下午 03:07:30	人事資料庫：EMC_HR	
2017/6/13 下午 03:07:30	表單資料庫：ezFlow_EMC	
2017/6/13 下午 03:07:30	測試匯入：False	
2017/6/13 下午 03:07:30	測試信箱：wei@jbjob.com.tw	
2017/6/13 下午 03:07:30	完整匯入：True	
2017/6/13 下午 03:07:30	密碼同步：True	
2017/6/13 下午 03:07:30	帳號前置名稱：	
2017/6/13 下午 03:07:30	部門起始匯入代碼：	
2017/6/13 下午 03:07:30	角色上層空白：False	
2017/6/13 下午 03:07:30	匯入生效日：2017/6/13	
2017/6/13 下午 03:07:30	部門階層正向：False	
2017/6/13 下午 03:07:30	修正錯誤：True	
2017/6/13 下午 03:07:30	載入所需資料...	
2017/6/13 下午 03:07:30	目前資料情況	
2017/6/13 下午 03:07:30	===================	
2017/6/13 下午 03:07:30	表單員工總數：922	
2017/6/13 下午 03:07:30	表單部門總數：67	
2017/6/13 下午 03:07:30	表單職稱總數：66	
2017/6/13 下午 03:07:30	===================	
2017/6/13 下午 03:07:30	應轉員工總數：922	
2017/6/13 下午 03:07:30	應轉部門總數：67	
2017/6/13 下午 03:07:30	應轉職稱總數：66	
2017/6/13 下午 03:07:30	===================	
2017/6/13 下午 03:07:30	開始匯入...	
2017/6/13 下午 03:07:30	備份表單員工資料...	
2017/6/13 下午 03:07:30	系統關閉中...	
2017/6/13 下午 03:07:31	刪除表單基本資料...	
2017/6/13 下午 03:07:31	匯入員工及角色基本資料...	
2017/6/13 下午 03:07:31	匯入部門組織及部門階層...	
2017/6/13 下午 03:07:31	匯入職稱...	
2017/6/13 下午 03:07:31	建立部門從屬關係與產生部門路徑...	
2017/6/13 下午 03:07:31	匯入部門所設定的主管...	
2017/6/13 下午 03:07:31	建立角色從屬關係...	
2017/6/13 下午 03:07:31	資料儲存中(需要比較久的時間)...	
2017/6/13 下午 03:07:33	修正錯誤(需要比較久的時間)...	
2017/6/13 下午 03:07:33	系統開啟中...	
2017/6/13 下午 03:07:33	結束匯入...	
2017/6/13 下午 03:07:33	服務結束執行...共花3.7520188秒	
2017/6/13 下午 03:07:33		
