2016/4/26 下午 03:00:58	服務開始執行...	
2016/4/26 下午 03:00:58	匯入版本：20150407v2	
2016/4/26 下午 03:00:58	人事資料庫：AZOTEKHR	
2016/4/26 下午 03:00:58	表單資料庫：ezFlow_AZOTEK	
2016/4/26 下午 03:00:58	測試匯入：False	
2016/4/26 下午 03:00:58	測試信箱：yuning_chuang@leatec.com.tw	
2016/4/26 下午 03:00:58	完整匯入：True	
2016/4/26 下午 03:00:58	密碼同步：True	
2016/4/26 下午 03:00:58	帳號前置名稱：	
2016/4/26 下午 03:00:58	部門起始匯入代碼：	
2016/4/26 下午 03:00:58	角色上層空白：False	
2016/4/26 下午 03:00:58	匯入生效日：2016/4/26	
2016/4/26 下午 03:00:58	部門階層正向：False	
2016/4/26 下午 03:00:58	修正錯誤：True	
2016/4/26 下午 03:00:58	載入所需資料...	
2016/4/26 下午 03:01:00	目前資料情況	
2016/4/26 下午 03:01:00	===================	
2016/4/26 下午 03:01:00	表單員工總數：169	
2016/4/26 下午 03:01:00	表單部門總數：33	
2016/4/26 下午 03:01:00	表單職稱總數：51	
2016/4/26 下午 03:01:00	===================	
2016/4/26 下午 03:01:00	應轉員工總數：164	
2016/4/26 下午 03:01:00	應轉部門總數：33	
2016/4/26 下午 03:01:00	應轉職稱總數：51	
2016/4/26 下午 03:01:00	===================	
2016/4/26 下午 03:01:00	開始匯入...	
2016/4/26 下午 03:01:00	備份表單員工資料...	
2016/4/26 下午 03:01:00	系統關閉中...	
2016/4/26 下午 03:01:00	刪除表單基本資料...	
2016/4/26 下午 03:01:00	匯入員工及角色基本資料...	
2016/4/26 下午 03:01:00	匯入部門組織及部門階層...	
2016/4/26 下午 03:01:09	服務開始執行...	
2016/4/26 下午 03:01:09	匯入版本：20150407v2	
2016/4/26 下午 03:01:09	人事資料庫：AZOTEKHR	
2016/4/26 下午 03:01:09	表單資料庫：ezFlow_AZOTEK	
2016/4/26 下午 03:01:09	測試匯入：False	
2016/4/26 下午 03:01:09	測試信箱：yuning_chuang@leatec.com.tw	
2016/4/26 下午 03:01:09	完整匯入：True	
2016/4/26 下午 03:01:09	密碼同步：True	
2016/4/26 下午 03:01:09	帳號前置名稱：	
2016/4/26 下午 03:01:09	部門起始匯入代碼：	
2016/4/26 下午 03:01:09	角色上層空白：False	
2016/4/26 下午 03:01:09	匯入生效日：2016/4/26	
2016/4/26 下午 03:01:09	部門階層正向：False	
2016/4/26 下午 03:01:09	修正錯誤：True	
2016/4/26 下午 03:01:09	載入所需資料...	
2016/4/26 下午 03:01:09	目前資料情況	
2016/4/26 下午 03:01:09	===================	
2016/4/26 下午 03:01:09	表單員工總數：0	
2016/4/26 下午 03:01:09	表單部門總數：0	
2016/4/26 下午 03:01:09	表單職稱總數：0	
2016/4/26 下午 03:01:09	===================	
2016/4/26 下午 03:01:09	應轉員工總數：164	
2016/4/26 下午 03:01:09	應轉部門總數：33	
2016/4/26 下午 03:01:09	應轉職稱總數：51	
2016/4/26 下午 03:01:09	===================	
2016/4/26 下午 03:01:09	開始匯入...	
2016/4/26 下午 03:01:09	備份表單員工資料...	
2016/4/26 下午 03:01:09	系統關閉中...	
2016/4/26 下午 03:01:09	刪除表單基本資料...	
2016/4/26 下午 03:01:09	匯入員工及角色基本資料...	
2016/4/26 下午 03:01:09	匯入部門組織及部門階層...	
2016/4/26 下午 03:04:00	服務開始執行...	
2016/4/26 下午 03:04:00	匯入版本：20150407v2	
2016/4/26 下午 03:04:00	人事資料庫：AZOTEKHR	
2016/4/26 下午 03:04:00	表單資料庫：ezFlow_AZOTEK	
2016/4/26 下午 03:04:00	測試匯入：False	
2016/4/26 下午 03:04:00	測試信箱：yuning_chuang@leatec.com.tw	
2016/4/26 下午 03:04:00	完整匯入：True	
2016/4/26 下午 03:04:00	密碼同步：True	
2016/4/26 下午 03:04:00	帳號前置名稱：	
2016/4/26 下午 03:04:00	部門起始匯入代碼：	
2016/4/26 下午 03:04:00	角色上層空白：False	
2016/4/26 下午 03:04:00	匯入生效日：2016/4/26	
2016/4/26 下午 03:04:00	部門階層正向：False	
2016/4/26 下午 03:04:00	修正錯誤：True	
2016/4/26 下午 03:04:00	載入所需資料...	
2016/4/26 下午 03:04:01	目前資料情況	
2016/4/26 下午 03:04:01	===================	
2016/4/26 下午 03:04:01	表單員工總數：0	
2016/4/26 下午 03:04:01	表單部門總數：0	
2016/4/26 下午 03:04:01	表單職稱總數：0	
2016/4/26 下午 03:04:01	===================	
2016/4/26 下午 03:04:01	應轉員工總數：164	
2016/4/26 下午 03:04:01	應轉部門總數：33	
2016/4/26 下午 03:04:01	應轉職稱總數：51	
2016/4/26 下午 03:04:01	===================	
2016/4/26 下午 03:04:01	開始匯入...	
2016/4/26 下午 03:04:01	備份表單員工資料...	
2016/4/26 下午 03:04:01	系統關閉中...	
2016/4/26 下午 03:04:01	刪除表單基本資料...	
2016/4/26 下午 03:04:01	匯入員工及角色基本資料...	
2016/4/26 下午 03:04:01	匯入部門組織及部門階層...	
2016/4/26 下午 03:04:01	匯入職稱...	
2016/4/26 下午 03:04:01	建立部門從屬關係與產生部門路徑...	
2016/4/26 下午 03:04:01	匯入部門所設定的主管...	
2016/4/26 下午 03:04:01	建立角色從屬關係...	
2016/4/26 下午 03:04:01	資料儲存中(需要比較久的時間)...	
2016/4/26 下午 03:04:01	修正錯誤(需要比較久的時間)...	
2016/4/26 下午 03:04:05	系統開啟中...	
2016/4/26 下午 03:04:05	結束匯入...	
2016/4/26 下午 03:04:05	服務結束執行...共花5.1132925秒	
2016/4/26 下午 03:04:05		
