2013/11/21 下午 04:07:42	服務開始執行...	
2013/11/21 下午 04:07:42	匯入版本：20130826	
2013/11/21 下午 04:07:42	人事資料庫：CHPTHR	
2013/11/21 下午 04:07:42	表單資料庫：ezFlow_CHPT	
2013/11/21 下午 04:07:42	測試匯入：False	
2013/11/21 下午 04:07:42	測試信箱：joumingt@gmail.com	
2013/11/21 下午 04:07:42	完整匯入：True	
2013/11/21 下午 04:07:42	密碼同步：True	
2013/11/21 下午 04:07:42	帳號前置名稱：	
2013/11/21 下午 04:07:42	部門起始匯入代碼：	
2013/11/21 下午 04:07:42	角色上層空白：False	
2013/11/21 下午 04:07:42	匯入生效日：2013/11/21	
2013/11/21 下午 04:07:42	部門階層正向：False	
2013/11/21 下午 04:07:42	修正錯誤：True	
2013/11/21 下午 04:07:42	載入所需資料...	
2013/11/21 下午 04:07:43	目前資料情況	
2013/11/21 下午 04:07:43	===================	
2013/11/21 下午 04:07:43	表單員工總數：0	
2013/11/21 下午 04:07:43	表單部門總數：0	
2013/11/21 下午 04:07:43	表單職稱總數：0	
2013/11/21 下午 04:07:43	===================	
2013/11/21 下午 04:07:43	應轉員工總數：326	
2013/11/21 下午 04:07:43	應轉部門總數：99	
2013/11/21 下午 04:07:43	應轉職稱總數：50	
2013/11/21 下午 04:07:43	===================	
2013/11/21 下午 04:07:43	開始匯入...	
2013/11/21 下午 04:07:43	備份表單員工資料...	
2013/11/21 下午 04:07:43	系統關閉中...	
2013/11/21 下午 04:07:43	刪除表單基本資料...	
2013/11/21 下午 04:07:43	匯入員工及角色基本資料...	
2013/11/21 下午 04:07:43	匯入部門組織及部門階層...	
2013/11/21 下午 04:07:43	匯入職稱...	
2013/11/21 下午 04:07:43	建立部門從屬關係與產生部門路徑...	
2013/11/21 下午 04:07:43	匯入部門所設定的主管...	
2013/11/21 下午 04:07:43	建立角色從屬關係...	
2013/11/21 下午 04:07:43	資料儲存中(需要比較久的時間)...	
2013/11/21 下午 04:07:45	修正錯誤(需要比較久的時間)...	
2013/11/21 下午 04:07:45	系統開啟中...	
2013/11/21 下午 04:07:45	結束匯入...	
2013/11/21 下午 04:07:45	服務結束執行...共花2.9821706秒	
2013/11/21 下午 04:07:45		
