2018/7/19 下午 04:58:43	服務開始執行...	
2018/7/19 下午 04:58:43	匯入版本：20180307v1	
2018/7/19 下午 04:58:43	人事資料庫：SIEHR	
2018/7/19 下午 04:58:44	表單資料庫：ezFlow	
2018/7/19 下午 04:58:44	測試匯入：False	
2018/7/19 下午 04:58:44	測試信箱：wei@jbjob.com.tw	
2018/7/19 下午 04:58:44	完整匯入：True	
2018/7/19 下午 04:58:44	密碼同步：True	
2018/7/19 下午 04:58:44	帳號前置名稱：	
2018/7/19 下午 04:58:44	部門起始匯入代碼：	
2018/7/19 下午 04:58:44	角色上層空白：False	
2018/7/19 下午 04:58:44	匯入生效日：2018/7/19	
2018/7/19 下午 04:58:44	部門階層正向：False	
2018/7/19 下午 04:58:44	修正錯誤：True	
2018/7/19 下午 04:58:44	載入所需資料...	
2018/7/19 下午 04:58:44	目前資料情況	
2018/7/19 下午 04:58:44	===================	
2018/7/19 下午 04:58:44	表單員工總數：0	
2018/7/19 下午 04:58:44	表單部門總數：0	
2018/7/19 下午 04:58:44	表單職稱總數：0	
2018/7/19 下午 04:58:44	===================	
2018/7/19 下午 04:58:44	應轉員工總數：247	
2018/7/19 下午 04:58:44	應轉部門總數：18	
2018/7/19 下午 04:58:44	應轉職稱總數：51	
2018/7/19 下午 04:58:44	===================	
2018/7/19 下午 04:58:44	開始匯入...	
2018/7/19 下午 04:58:44	備份表單員工資料...	
2018/7/19 下午 04:58:44	系統關閉中...	
2018/7/19 下午 04:58:44	刪除表單基本資料...	
2018/7/19 下午 04:58:44	匯入員工及角色基本資料...	
2018/7/19 下午 04:58:44	匯入部門組織及部門階層...	
2018/7/19 下午 04:58:44	匯入職稱...	
2018/7/19 下午 04:58:44	建立部門從屬關係與產生部門路徑...	
2018/7/19 下午 04:58:44	匯入部門所設定的主管...	
2018/7/19 下午 04:58:44	建立角色從屬關係...	
2018/7/19 下午 04:58:44	資料儲存中(需要比較久的時間)...	
2018/7/19 下午 04:58:44	修正錯誤(需要比較久的時間)...	
2018/7/19 下午 04:58:44	系統開啟中...	
2018/7/19 下午 04:58:44	結束匯入...	
2018/7/19 下午 04:58:44	服務結束執行...共花0.9470648秒	
2018/7/19 下午 04:58:44		
