2019/9/4 上午 11:15:03	服務開始執行...	
2019/9/4 上午 11:15:03	服務開始執行...	
2019/9/4 上午 11:15:03	匯入版本：20190726	
2019/9/4 上午 11:15:03	人事資料庫：ABLECOMHR	
2019/9/4 上午 11:15:03	表單資料庫：ezFlow_ABLECOM	
2019/9/4 上午 11:15:03	測試匯入：False	
2019/9/4 上午 11:15:04	測試信箱：wei@jbjob.com.tw	
2019/9/4 上午 11:15:04	完整匯入：True	
2019/9/4 上午 11:15:04	密碼同步：True	
2019/9/4 上午 11:15:04	帳號前置名稱：	
2019/9/4 上午 11:15:04	部門起始匯入代碼：	
2019/9/4 上午 11:15:04	角色上層空白：False	
2019/9/4 上午 11:15:04	匯入生效日：2019/9/4	
2019/9/4 上午 11:15:04	部門階層正向：False	
2019/9/4 上午 11:15:04	修正錯誤：True	
2019/9/4 上午 11:15:04	載入所需資料...	
2019/9/4 上午 11:15:04	目前資料情況	
2019/9/4 上午 11:15:04	===================	
2019/9/4 上午 11:15:04	表單職稱總數：47	
2019/9/4 上午 11:15:04	===================	
2019/9/4 上午 11:15:04	應轉員工總數：510	
2019/9/4 上午 11:15:04	應轉部門總數：78	
2019/9/4 上午 11:15:04	應轉職稱總數：47	
2019/9/4 上午 11:15:04	===================	
2019/9/4 上午 11:15:04	開始匯入...	
2019/9/4 上午 11:15:04	備份表單員工資料...	
2019/9/4 上午 11:15:04	系統關閉中...	
2019/9/4 上午 11:15:04	刪除表單基本資料...	
2019/9/4 上午 11:15:04	匯入員工及角色基本資料...	
2019/9/4 上午 11:15:04	匯入部門組織及部門階層...	
2019/9/4 上午 11:15:04	匯入職稱...	
2019/9/4 上午 11:15:04	建立部門從屬關係與產生部門路徑...	
2019/9/4 上午 11:15:04	匯入部門所設定的主管...	
2019/9/4 上午 11:15:04	建立角色從屬關係...	
2019/9/4 上午 11:15:04	資料儲存中(需要比較久的時間)...	
2019/9/4 上午 11:15:05	系統開啟中...	
2019/9/4 上午 11:15:05	結束匯入...	
2019/9/4 上午 11:15:05	服務結束執行...共花2.5675339秒	
2019/9/4 上午 11:15:05		
2019/9/4 上午 11:15:11	服務開始執行...	
2019/9/4 上午 11:15:11	匯入版本：20190726	
2019/9/4 上午 11:15:11	人事資料庫：ABLECOMHR	
2019/9/4 上午 11:15:11	表單資料庫：ezFlow_ABLECOM	
2019/9/4 上午 11:15:11	測試匯入：False	
2019/9/4 上午 11:15:11	測試信箱：wei@jbjob.com.tw	
2019/9/4 上午 11:15:11	完整匯入：True	
2019/9/4 上午 11:15:11	密碼同步：True	
2019/9/4 上午 11:15:11	帳號前置名稱：	
2019/9/4 上午 11:15:11	部門起始匯入代碼：	
2019/9/4 上午 11:15:11	角色上層空白：False	
2019/9/4 上午 11:15:11	匯入生效日：2019/9/4	
2019/9/4 上午 11:15:11	部門階層正向：False	
2019/9/4 上午 11:15:11	修正錯誤：True	
2019/9/4 上午 11:15:11	載入所需資料...	
2019/9/4 上午 11:15:12	目前資料情況	
2019/9/4 上午 11:15:12	===================	
2019/9/4 上午 11:15:12	表單員工總數：510	
2019/9/4 上午 11:15:12	表單部門總數：78	
2019/9/4 上午 11:15:12	表單職稱總數：47	
2019/9/4 上午 11:15:12	===================	
2019/9/4 上午 11:15:12	應轉員工總數：510	
2019/9/4 上午 11:15:12	應轉部門總數：78	
2019/9/4 上午 11:15:12	應轉職稱總數：47	
2019/9/4 上午 11:15:12	===================	
2019/9/4 上午 11:15:12	開始匯入...	
2019/9/4 上午 11:15:12	備份表單員工資料...	
2019/9/4 上午 11:15:12	系統關閉中...	
2019/9/4 上午 11:15:13	刪除表單基本資料...	
2019/9/4 上午 11:15:13	匯入員工及角色基本資料...	
2019/9/4 上午 11:15:13	匯入部門組織及部門階層...	
2019/9/4 上午 11:15:13	匯入職稱...	
2019/9/4 上午 11:15:13	建立部門從屬關係與產生部門路徑...	
2019/9/4 上午 11:15:13	匯入部門所設定的主管...	
2019/9/4 上午 11:15:13	建立角色從屬關係...	
2019/9/4 上午 11:15:13	資料儲存中(需要比較久的時間)...	
2019/9/4 上午 11:15:14	系統開啟中...	
2019/9/4 上午 11:15:14	結束匯入...	
2019/9/4 上午 11:15:14	服務結束執行...共花2.8763588秒	
2019/9/4 上午 11:15:14		
2019/9/4 上午 11:20:20	服務開始執行...	
2019/9/4 上午 11:20:20	匯入版本：20190726	
2019/9/4 上午 11:20:20	人事資料庫：ABLECOMHR	
2019/9/4 上午 11:20:20	表單資料庫：ezFlow_ABLECOM	
2019/9/4 上午 11:20:21	測試匯入：False	
2019/9/4 上午 11:20:21	測試信箱：wei@jbjob.com.tw	
2019/9/4 上午 11:20:21	完整匯入：True	
2019/9/4 上午 11:20:21	密碼同步：True	
2019/9/4 上午 11:20:21	帳號前置名稱：	
2019/9/4 上午 11:20:21	部門起始匯入代碼：	
2019/9/4 上午 11:20:21	角色上層空白：False	
2019/9/4 上午 11:20:21	匯入生效日：2019/9/4	
2019/9/4 上午 11:20:21	部門階層正向：False	
2019/9/4 上午 11:20:21	修正錯誤：True	
2019/9/4 上午 11:20:21	載入所需資料...	
2019/9/4 上午 11:20:21	目前資料情況	
2019/9/4 上午 11:20:21	===================	
2019/9/4 上午 11:20:21	表單員工總數：510	
2019/9/4 上午 11:20:21	表單部門總數：78	
2019/9/4 上午 11:20:21	表單職稱總數：47	
2019/9/4 上午 11:20:21	===================	
2019/9/4 上午 11:20:21	應轉員工總數：510	
2019/9/4 上午 11:20:21	應轉部門總數：78	
2019/9/4 上午 11:20:21	應轉職稱總數：47	
2019/9/4 上午 11:20:21	===================	
2019/9/4 上午 11:20:21	開始匯入...	
2019/9/4 上午 11:20:21	備份表單員工資料...	
2019/9/4 上午 11:20:21	系統關閉中...	
2019/9/4 上午 11:20:21	刪除表單基本資料...	
2019/9/4 上午 11:20:21	匯入員工及角色基本資料...	
2019/9/4 上午 11:20:21	匯入部門組織及部門階層...	
2019/9/4 上午 11:20:21	匯入職稱...	
2019/9/4 上午 11:20:21	建立部門從屬關係與產生部門路徑...	
2019/9/4 上午 11:20:21	匯入部門所設定的主管...	
2019/9/4 上午 11:20:21	建立角色從屬關係...	
2019/9/4 上午 11:20:21	資料儲存中(需要比較久的時間)...	
2019/9/4 上午 11:20:22	系統開啟中...	
2019/9/4 上午 11:20:22	結束匯入...	
2019/9/4 上午 11:20:22	服務結束執行...共花1.8379672秒	
2019/9/4 上午 11:20:22		
