2020/7/1 下午 03:48:31	服務開始執行...	
2020/7/1 下午 03:48:31	匯入版本：20190726	
2020/7/1 下午 03:48:31	人事資料庫：ABLECOMHR	
2020/7/1 下午 03:48:31	表單資料庫：ezFlow_ABLECOM	
2020/7/1 下午 03:48:32	測試匯入：False	
2020/7/1 下午 03:48:32	測試信箱：wei@jbjob.com.tw	
2020/7/1 下午 03:48:32	完整匯入：True	
2020/7/1 下午 03:48:32	密碼同步：True	
2020/7/1 下午 03:48:32	帳號前置名稱：	
2020/7/1 下午 03:48:32	部門起始匯入代碼：	
2020/7/1 下午 03:48:32	角色上層空白：False	
2020/7/1 下午 03:48:32	匯入生效日：2020/7/1	
2020/7/1 下午 03:48:32	部門階層正向：False	
2020/7/1 下午 03:48:32	修正錯誤：True	
2020/7/1 下午 03:48:32	載入所需資料...	
2020/7/1 下午 03:48:32	目前資料情況	
2020/7/1 下午 03:48:32	===================	
2020/7/1 下午 03:48:32	表單員工總數：655	
2020/7/1 下午 03:48:32	表單部門總數：93	
2020/7/1 下午 03:48:32	表單職稱總數：47	
2020/7/1 下午 03:48:32	===================	
2020/7/1 下午 03:48:32	應轉員工總數：654	
2020/7/1 下午 03:48:32	應轉部門總數：93	
2020/7/1 下午 03:48:32	應轉職稱總數：48	
2020/7/1 下午 03:48:32	===================	
2020/7/1 下午 03:48:32	開始匯入...	
2020/7/1 下午 03:48:32	備份表單員工資料...	
2020/7/1 下午 03:48:32	系統關閉中...	
2020/7/1 下午 03:48:32	刪除表單基本資料...	
2020/7/1 下午 03:48:32	匯入員工及角色基本資料...	
2020/7/1 下午 03:48:32	匯入部門組織及部門階層...	
2020/7/1 下午 03:48:32	匯入職稱...	
2020/7/1 下午 03:48:32	建立部門從屬關係與產生部門路徑...	
2020/7/1 下午 03:48:32	匯入部門所設定的主管...	
2020/7/1 下午 03:48:32	建立角色從屬關係...	
2020/7/1 下午 03:48:32	資料儲存中(需要比較久的時間)...	
2020/7/1 下午 03:48:34	系統開啟中...	
2020/7/1 下午 03:48:34	結束匯入...	
2020/7/1 下午 03:48:34	服務結束執行...共花2.4715117秒	
2020/7/1 下午 03:48:34		
