2019/9/25 下午 01:11:16	服務開始執行...	
2019/9/25 下午 01:11:16	匯入版本：20190726	
2019/9/25 下午 01:11:16	人事資料庫：ABLECOMHR	
2019/9/25 下午 01:11:16	表單資料庫：ezFlow_ABLECOM	
2019/9/25 下午 01:11:16	測試匯入：False	
2019/9/25 下午 01:11:16	測試信箱：wei@jbjob.com.tw	
2019/9/25 下午 01:11:16	完整匯入：True	
2019/9/25 下午 01:11:16	密碼同步：True	
2019/9/25 下午 01:11:16	帳號前置名稱：	
2019/9/25 下午 01:11:16	部門起始匯入代碼：	
2019/9/25 下午 01:11:16	角色上層空白：False	
2019/9/25 下午 01:11:16	匯入生效日：2019/9/25	
2019/9/25 下午 01:11:16	部門階層正向：False	
2019/9/25 下午 01:11:16	修正錯誤：True	
2019/9/25 下午 01:11:16	載入所需資料...	
2019/9/25 下午 01:11:17	目前資料情況	
2019/9/25 下午 01:11:17	===================	
2019/9/25 下午 01:11:17	表單員工總數：505	
2019/9/25 下午 01:11:17	表單部門總數：78	
2019/9/25 下午 01:11:17	表單職稱總數：47	
2019/9/25 下午 01:11:17	===================	
2019/9/25 下午 01:11:17	應轉員工總數：505	
2019/9/25 下午 01:11:17	應轉部門總數：78	
2019/9/25 下午 01:11:17	應轉職稱總數：47	
2019/9/25 下午 01:11:17	===================	
2019/9/25 下午 01:11:17	開始匯入...	
2019/9/25 下午 01:11:17	備份表單員工資料...	
2019/9/25 下午 01:11:17	系統關閉中...	
2019/9/25 下午 01:11:17	刪除表單基本資料...	
2019/9/25 下午 01:11:17	匯入員工及角色基本資料...	
2019/9/25 下午 01:11:17	匯入部門組織及部門階層...	
2019/9/25 下午 01:11:17	匯入職稱...	
2019/9/25 下午 01:11:17	建立部門從屬關係與產生部門路徑...	
2019/9/25 下午 01:11:17	匯入部門所設定的主管...	
2019/9/25 下午 01:11:17	建立角色從屬關係...	
2019/9/25 下午 01:11:17	資料儲存中(需要比較久的時間)...	
2019/9/25 下午 01:11:18	系統開啟中...	
2019/9/25 下午 01:11:18	結束匯入...	
2019/9/25 下午 01:11:18	服務結束執行...共花2.2457129秒	
2019/9/25 下午 01:11:18		
2019/9/25 下午 02:05:15	服務開始執行...	
2019/9/25 下午 02:05:15	匯入版本：20190726	
2019/9/25 下午 02:05:16	人事資料庫：ABLECOMHR	
2019/9/25 下午 02:05:16	表單資料庫：ezFlow_ABLECOM	
2019/9/25 下午 02:05:16	測試匯入：False	
2019/9/25 下午 02:05:16	測試信箱：wei@jbjob.com.tw	
2019/9/25 下午 02:05:16	完整匯入：True	
2019/9/25 下午 02:05:16	密碼同步：True	
2019/9/25 下午 02:05:16	帳號前置名稱：	
2019/9/25 下午 02:05:16	部門起始匯入代碼：	
2019/9/25 下午 02:05:16	角色上層空白：False	
2019/9/25 下午 02:05:16	匯入生效日：2019/9/25	
2019/9/25 下午 02:05:16	部門階層正向：False	
2019/9/25 下午 02:05:16	修正錯誤：True	
2019/9/25 下午 02:05:16	載入所需資料...	
2019/9/25 下午 02:05:16	目前資料情況	
2019/9/25 下午 02:05:16	===================	
2019/9/25 下午 02:05:16	表單員工總數：505	
2019/9/25 下午 02:05:16	表單部門總數：78	
2019/9/25 下午 02:05:16	表單職稱總數：47	
2019/9/25 下午 02:05:16	===================	
2019/9/25 下午 02:05:16	應轉員工總數：505	
2019/9/25 下午 02:05:16	應轉部門總數：78	
2019/9/25 下午 02:05:16	應轉職稱總數：47	
2019/9/25 下午 02:05:16	===================	
2019/9/25 下午 02:05:16	開始匯入...	
2019/9/25 下午 02:05:16	備份表單員工資料...	
2019/9/25 下午 02:05:16	系統關閉中...	
2019/9/25 下午 02:05:16	刪除表單基本資料...	
2019/9/25 下午 02:05:16	匯入員工及角色基本資料...	
2019/9/25 下午 02:05:16	匯入部門組織及部門階層...	
2019/9/25 下午 02:05:16	匯入職稱...	
2019/9/25 下午 02:05:16	建立部門從屬關係與產生部門路徑...	
2019/9/25 下午 02:05:16	匯入部門所設定的主管...	
2019/9/25 下午 02:05:16	建立角色從屬關係...	
2019/9/25 下午 02:05:16	資料儲存中(需要比較久的時間)...	
2019/9/25 下午 02:05:17	系統開啟中...	
2019/9/25 下午 02:05:17	結束匯入...	
2019/9/25 下午 02:05:17	服務結束執行...共花1.9159007秒	
2019/9/25 下午 02:05:17		
2019/9/25 下午 02:06:25	服務開始執行...	
2019/9/25 下午 02:06:25	匯入版本：20190726	
2019/9/25 下午 02:06:25	人事資料庫：ABLECOMHR	
2019/9/25 下午 02:06:25	表單資料庫：ezFlow_ABLECOM	
2019/9/25 下午 02:06:25	測試匯入：False	
2019/9/25 下午 02:06:25	測試信箱：wei@jbjob.com.tw	
2019/9/25 下午 02:06:25	完整匯入：True	
2019/9/25 下午 02:06:25	密碼同步：True	
2019/9/25 下午 02:06:25	帳號前置名稱：	
2019/9/25 下午 02:06:25	部門起始匯入代碼：	
2019/9/25 下午 02:06:25	角色上層空白：False	
2019/9/25 下午 02:06:25	匯入生效日：2019/9/25	
2019/9/25 下午 02:06:25	部門階層正向：False	
2019/9/25 下午 02:06:25	修正錯誤：True	
2019/9/25 下午 02:06:25	載入所需資料...	
2019/9/25 下午 02:06:26	目前資料情況	
2019/9/25 下午 02:06:26	===================	
2019/9/25 下午 02:06:26	表單員工總數：505	
2019/9/25 下午 02:06:26	表單部門總數：78	
2019/9/25 下午 02:06:26	表單職稱總數：47	
2019/9/25 下午 02:06:26	===================	
2019/9/25 下午 02:06:26	應轉員工總數：505	
2019/9/25 下午 02:06:26	應轉部門總數：78	
2019/9/25 下午 02:06:26	應轉職稱總數：47	
2019/9/25 下午 02:06:26	===================	
2019/9/25 下午 02:06:26	開始匯入...	
2019/9/25 下午 02:06:26	備份表單員工資料...	
2019/9/25 下午 02:06:26	系統關閉中...	
2019/9/25 下午 02:06:26	刪除表單基本資料...	
2019/9/25 下午 02:06:26	匯入員工及角色基本資料...	
2019/9/25 下午 02:06:26	匯入部門組織及部門階層...	
2019/9/25 下午 02:06:26	匯入職稱...	
2019/9/25 下午 02:06:26	建立部門從屬關係與產生部門路徑...	
2019/9/25 下午 02:06:26	匯入部門所設定的主管...	
2019/9/25 下午 02:06:26	建立角色從屬關係...	
2019/9/25 下午 02:06:26	資料儲存中(需要比較久的時間)...	
2019/9/25 下午 02:06:27	系統開啟中...	
2019/9/25 下午 02:06:27	結束匯入...	
2019/9/25 下午 02:06:27	服務結束執行...共花1.4861471秒	
2019/9/25 下午 02:06:27		
