2018/6/21 下午 04:28:44	服務開始執行...	
2018/6/21 下午 04:28:44	匯入版本：20180307v1	
2018/6/21 下午 04:28:45	人事資料庫：AROMATEHRIS	
2018/6/21 下午 04:28:45	表單資料庫：ezFlow	
2018/6/21 下午 04:28:49	測試匯入：False	
2018/6/21 下午 04:28:49	測試信箱：wei@jbjob.com.tw	
2018/6/21 下午 04:28:49	完整匯入：True	
2018/6/21 下午 04:28:49	密碼同步：True	
2018/6/21 下午 04:28:49	帳號前置名稱：	
2018/6/21 下午 04:28:49	部門起始匯入代碼：	
2018/6/21 下午 04:28:49	角色上層空白：False	
2018/6/21 下午 04:28:49	匯入生效日：2018/6/21	
2018/6/21 下午 04:28:49	部門階層正向：False	
2018/6/21 下午 04:28:49	修正錯誤：True	
2018/6/21 下午 04:28:49	載入所需資料...	
2018/6/21 下午 04:28:50	目前資料情況	
2018/6/21 下午 04:28:50	===================	
2018/6/21 下午 04:28:50	表單員工總數：0	
2018/6/21 下午 04:28:50	表單部門總數：0	
2018/6/21 下午 04:28:50	表單職稱總數：0	
2018/6/21 下午 04:28:50	===================	
2018/6/21 下午 04:28:50	應轉員工總數：174	
2018/6/21 下午 04:28:50	應轉部門總數：39	
2018/6/21 下午 04:28:50	應轉職稱總數：19	
2018/6/21 下午 04:28:50	===================	
2018/6/21 下午 04:28:50	開始匯入...	
2018/6/21 下午 04:28:50	備份表單員工資料...	
2018/6/21 下午 04:28:50	系統關閉中...	
2018/6/21 下午 04:28:50	刪除表單基本資料...	
2018/6/21 下午 04:28:50	匯入員工及角色基本資料...	
2018/6/21 下午 04:28:50	匯入部門組織及部門階層...	
2018/6/21 下午 04:28:50	匯入職稱...	
2018/6/21 下午 04:28:50	建立部門從屬關係與產生部門路徑...	
2018/6/21 下午 04:28:50	匯入部門所設定的主管...	
2018/6/21 下午 04:28:50	建立角色從屬關係...	
2018/6/21 下午 04:28:51	資料儲存中(需要比較久的時間)...	
2018/6/21 下午 04:28:51	修正錯誤(需要比較久的時間)...	
2018/6/21 下午 04:28:52	系統開啟中...	
2018/6/21 下午 04:28:52	結束匯入...	
2018/6/21 下午 04:28:52	服務結束執行...共花9.6319631秒	
2018/6/21 下午 04:28:52		
